Model:   Modelica.Electrical.Machines.Examples.DCMachines.DCSE_Start
Time:    0.514 s
Success: false

--- Error ---
Could not evaluate value of parameter var"loadInertia.stateSelect". Missing values for variables in expression var"loadInertia.stateSelect".
Stacktrace:
  [1] error(s::LazyString)
    @ Base ./error.jl:44
  [2] ModelingToolkitBase.MTKParameters(sys::ModelingToolkitBase.System, op::ModelingToolkitBase.AtomicArrayDict{SymbolicUtils.BasicSymbolicImpl.var"typeof(BasicSymbolicImpl)"{SymbolicUtils.SymReal}, Dict{SymbolicUtils.BasicSymbolicImpl.var"typeof(BasicSymbolicImpl)"{SymbolicUtils.SymReal}, SymbolicUtils.BasicSymbolicImpl.var"typeof(BasicSymbolicImpl)"{SymbolicUtils.SymReal}}}; tofloat::Bool, t0::Nothing, substitution_limit::Int64, floatT::Type, p_constructor::Function, fast_path::Bool)
    @ ModelingToolkitBase ~/.julia/packages/ModelingToolkitBase/uIKoY/src/systems/parameter_buffer.jl:187
  [3] process_SciMLProblem(constructor::Type, sys::ModelingToolkitBase.System, op::ModelingToolkitBase.AtomicArrayDict{SymbolicUtils.BasicSymbolicImpl.var"typeof(BasicSymbolicImpl)"{SymbolicUtils.SymReal}, Dict{SymbolicUtils.BasicSymbolicImpl.var"typeof(BasicSymbolicImpl)"{SymbolicUtils.SymReal}, SymbolicUtils.BasicSymbolicImpl.var"typeof(BasicSymbolicImpl)"{SymbolicUtils.SymReal}}}; build_initializeprob::Bool, implicit_dae::Bool, t::Nothing, guesses::Dict{Any, Any}, warn_initialize_determined::Bool, initialization_eqs::Vector{Any}, eval_expression::Bool, eval_module::Module, fully_determined::Nothing, check_initialization_units::Bool, u0_eltype::Nothing, tofloat::Bool, u0_constructor::typeof(identity), p_constructor::typeof(identity), check_length::Bool, symbolic_u0::Bool, warn_cyclic_dependency::Bool, circular_dependency_max_cycle_length::Int64, circular_dependency_max_cycles::Int64, initsys_mtkcompile_kwargs::@NamedTuple{}, substitution_limit::Int64, use_scc::Bool, time_dependent_init::Bool, algebraic_only::Bool, missing_guess_value::ModelingToolkitBase.MissingGuessValue.var"typeof(MissingGuessValue)", allow_incomplete::Bool, is_initializeprob::Bool, is_steadystateprob::Bool, return_operating_point::Bool, kwargs::@Kwargs{expression::DataType, sparse::Bool, reltol::Float64, saveat::Float64})
    @ ModelingToolkitBase ~/.julia/packages/ModelingToolkitBase/uIKoY/src/systems/problem_utils.jl:1641
  [4] (SciMLBase.LinearProblem{true})(sys::ModelingToolkitBase.System, op::ModelingToolkitBase.AtomicArrayDict{SymbolicUtils.BasicSymbolicImpl.var"typeof(BasicSymbolicImpl)"{SymbolicUtils.SymReal}, Dict{SymbolicUtils.BasicSymbolicImpl.var"typeof(BasicSymbolicImpl)"{SymbolicUtils.SymReal}, SymbolicUtils.BasicSymbolicImpl.var"typeof(BasicSymbolicImpl)"{SymbolicUtils.SymReal}}}; check_length::Bool, expression::Type, check_compatibility::Bool, sparse::Bool, eval_expression::Bool, eval_module::Module, u0_constructor::Function, u0_eltype::Nothing, kwargs::@Kwargs{use_scc::Bool, p_constructor::typeof(identity), missing_guess_value::ModelingToolkitBase.MissingGuessValue.var"typeof(MissingGuessValue)", warn_cyclic_dependency::Bool, circular_dependency_max_cycle_length::Int64, circular_dependency_max_cycles::Int64, reltol::Float64, saveat::Float64, build_initializeprob::Bool, is_initializeprob::Bool})
    @ ModelingToolkitBase ~/.julia/packages/ModelingToolkitBase/uIKoY/src/problems/linearproblem.jl:89
  [5] LinearProblem
    @ ~/.julia/packages/ModelingToolkitBase/uIKoY/src/problems/linearproblem.jl:79 [inlined]
  [6] ModelingToolkitBase.LinearInitializationProblem{true}(sys::ModelingToolkitBase.System, op::ModelingToolkitBase.AtomicArrayDict{SymbolicUtils.BasicSymbolicImpl.var"typeof(BasicSymbolicImpl)"{SymbolicUtils.SymReal}, Dict{SymbolicUtils.BasicSymbolicImpl.var"typeof(BasicSymbolicImpl)"{SymbolicUtils.SymReal}, SymbolicUtils.BasicSymbolicImpl.var"typeof(BasicSymbolicImpl)"{SymbolicUtils.SymReal}}}; u0_constructor::typeof(identity), kwargs::@Kwargs{use_scc::Bool, p_constructor::typeof(identity), eval_expression::Bool, eval_module::Module, missing_guess_value::ModelingToolkitBase.MissingGuessValue.var"typeof(MissingGuessValue)", warn_cyclic_dependency::Bool, circular_dependency_max_cycle_length::Int64, circular_dependency_max_cycles::Int64, check_compatibility::Bool, reltol::Float64, saveat::Float64, build_initializeprob::Bool, is_initializeprob::Bool})
    @ ModelingToolkitBase ~/.julia/packages/ModelingToolkitBase/uIKoY/src/problems/initializationproblem.jl:206
  [7] ModelingToolkitBase.InitializationProblem{true, SciMLBase.AutoSpecialize}(sys::ModelingToolkitBase.System, t::Float64, op::ModelingToolkitBase.AtomicArrayDict{SymbolicUtils.BasicSymbolicImpl.var"typeof(BasicSymbolicImpl)"{SymbolicUtils.SymReal}, Dict{SymbolicUtils.BasicSymbolicImpl.var"typeof(BasicSymbolicImpl)"{SymbolicUtils.SymReal}, SymbolicUtils.BasicSymbolicImpl.var"typeof(BasicSymbolicImpl)"{SymbolicUtils.SymReal}}}; fast_path::Bool, guesses::Dict{Any, Any}, check_length::Bool, warn_initialize_determined::Bool, initialization_eqs::Vector{Any}, fully_determined::Nothing, check_units::Bool, allow_incomplete::Bool, algebraic_only::Bool, time_dependent_init::Bool, initsys_mtkcompile_kwargs::@NamedTuple{}, is_steadystateprob::Bool, kwargs::@Kwargs{use_scc::Bool, u0_constructor::typeof(identity), p_constructor::typeof(identity), eval_expression::Bool, eval_module::Module, missing_guess_value::ModelingToolkitBase.MissingGuessValue.var"typeof(MissingGuessValue)", warn_cyclic_dependency::Bool, circular_dependency_max_cycle_length::Int64, circular_dependency_max_cycles::Int64, check_compatibility::Bool, reltol::Float64, saveat::Float64})
    @ ModelingToolkitBase ~/.julia/packages/ModelingToolkitBase/uIKoY/src/problems/initializationproblem.jl:125
  [8] InitializationProblem
    @ ~/.julia/packages/ModelingToolkitBase/uIKoY/src/problems/initializationproblem.jl:22 [inlined]
  [9] #_#927
    @ ./none:-1 [inlined]
 [10] maybe_build_initialization_problem(sys::ModelingToolkitBase.System, iip::Bool, op::ModelingToolkitBase.AtomicArrayDict{SymbolicUtils.BasicSymbolicImpl.var"typeof(BasicSymbolicImpl)"{SymbolicUtils.SymReal}, Dict{SymbolicUtils.BasicSymbolicImpl.var"typeof(BasicSymbolicImpl)"{SymbolicUtils.SymReal}, SymbolicUtils.BasicSymbolicImpl.var"typeof(BasicSymbolicImpl)"{SymbolicUtils.SymReal}}}, t::Float64, guesses::Dict{Any, Any}; time_dependent_init::Bool, u0_constructor::Function, p_constructor::Function, floatT::Type, initialization_eqs::Vector{Any}, use_scc::Bool, eval_expression::Bool, eval_module::Module, missing_guess_value::ModelingToolkitBase.MissingGuessValue.var"typeof(MissingGuessValue)", implicit_dae::Bool, is_steadystateprob::Bool, expression::Type, kwargs::@Kwargs{initsys_mtkcompile_kwargs::@NamedTuple{}, warn_initialize_determined::Bool, fully_determined::Nothing, warn_cyclic_dependency::Bool, check_units::Bool, circular_dependency_max_cycle_length::Int64, circular_dependency_max_cycles::Int64, algebraic_only::Bool, allow_incomplete::Bool, check_compatibility::Bool, reltol::Float64, saveat::Float64})
    @ ModelingToolkitBase ~/.julia/packages/ModelingToolkitBase/uIKoY/src/systems/problem_utils.jl:1186
 [11] process_SciMLProblem(constructor::Type, sys::ModelingToolkitBase.System, op::Vector{Any}; build_initializeprob::Bool, implicit_dae::Bool, t::Float64, guesses::Dict{Any, Any}, warn_initialize_determined::Bool, initialization_eqs::Vector{Any}, eval_expression::Bool, eval_module::Module, fully_determined::Nothing, check_initialization_units::Bool, u0_eltype::Nothing, tofloat::Bool, u0_constructor::typeof(identity), p_constructor::typeof(identity), check_length::Bool, symbolic_u0::Bool, warn_cyclic_dependency::Bool, circular_dependency_max_cycle_length::Int64, circular_dependency_max_cycles::Int64, initsys_mtkcompile_kwargs::@NamedTuple{}, substitution_limit::Int64, use_scc::Bool, time_dependent_init::Bool, algebraic_only::Bool, missing_guess_value::ModelingToolkitBase.MissingGuessValue.var"typeof(MissingGuessValue)", allow_incomplete::Bool, is_initializeprob::Bool, is_steadystateprob::Bool, return_operating_point::Bool, kwargs::@Kwargs{expression::DataType, check_compatibility::Bool, reltol::Float64, saveat::Float64})
    @ ModelingToolkitBase ~/.julia/packages/ModelingToolkitBase/uIKoY/src/systems/problem_utils.jl:1555
 [12] (SciMLBase.ODEProblem{true, SciMLBase.AutoSpecialize})(sys::ModelingToolkitBase.System, op::Any, tspan::Tuple{Float64, Float64}; callback::Any, check_length::Bool, eval_expression::Bool, expression::Type, eval_module::Module, check_compatibility::Bool, _skip_events::Bool, kwargs::@Kwargs{missing_guess_value::ModelingToolkitBase.MissingGuessValue.var"typeof(MissingGuessValue)", reltol::Float64, saveat::Float64})
    @ ModelingToolkitBase ~/.julia/packages/ModelingToolkitBase/uIKoY/src/problems/odeproblem.jl:110
 [13] ODEProblem
    @ ~/.julia/packages/ModelingToolkitBase/uIKoY/src/problems/odeproblem.jl:101 [inlined]
 [14] ODEProblem
    @ ./none:-1 [inlined]
 [15] #ODEProblem#814
    @ ./none:-1 [inlined]
 [16] create_odeproblem(filename::String; parser::Symbol, u0::Vector{Any}, kwargs::@Kwargs{})
    @ BaseModelica ~/.julia/packages/BaseModelica/G7VqY/src/BaseModelica.jl:195
 [17] create_odeproblem
    @ ~/.julia/packages/BaseModelica/G7VqY/src/BaseModelica.jl:149 [inlined]
 [18] #run_parse##4
    @ ~/work/BaseModelicaLibraryTesting.jl/BaseModelicaLibraryTesting.jl/src/parse_bm.jl:34 [inlined]
 [19] with_logstate(f::BaseModelicaLibraryTesting.var"#run_parse##4#run_parse##5"{String}, logstate::Base.CoreLogging.LogState)
    @ Base.CoreLogging ./logging/logging.jl:542
 [20] (::Base.RedirectStdStream)(thunk::BaseModelicaLibraryTesting.var"#run_parse##2#run_parse##3"{String, Base.CoreLogging.SimpleLogger}, stream::Pipe)
    @ Base ./stream.jl:1457
 [21] #run_parse##0
    @ ~/work/BaseModelicaLibraryTesting.jl/BaseModelicaLibraryTesting.jl/src/parse_bm.jl:32 [inlined]
 [22] (::Base.RedirectStdStream)(thunk::BaseModelicaLibraryTesting.var"#run_parse##0#run_parse##1"{String, Base.CoreLogging.SimpleLogger, Pipe}, stream::Pipe)
    @ Base ./stream.jl:1464
 [23] run_parse(bm_path::String, model_dir::String, model::String)
    @ BaseModelicaLibraryTesting ~/work/BaseModelicaLibraryTesting.jl/BaseModelicaLibraryTesting.jl/src/parse_bm.jl:31
 [24] test_model(omc::OMJulia.OMCSession, model::String, results_root::String, ref_root::String; csv_max_size_mb::Int64)
    @ BaseModelicaLibraryTesting ~/work/BaseModelicaLibraryTesting.jl/BaseModelicaLibraryTesting.jl/src/pipeline.jl:75
 [25] test_model
    @ ~/work/BaseModelicaLibraryTesting.jl/BaseModelicaLibraryTesting.jl/src/pipeline.jl:60 [inlined]
 [26] main(; library::String, version::String, filter::String, omc_exe::String, results_root::String, ref_root::String, bm_options::String, csv_max_size_mb::Int64)
    @ BaseModelicaLibraryTesting ~/work/BaseModelicaLibraryTesting.jl/BaseModelicaLibraryTesting.jl/src/pipeline.jl:203
 [27] top-level scope
    @ none:4
 [28] eval(m::Module, e::Any)
    @ Core ./boot.jl:489
 [29] exec_options(opts::Base.JLOptions)
    @ Base ./client.jl:283
 [30] _start()
    @ Base ./client.jl:550
