Model:   Modelica.Thermal.HeatTransfer.Examples.ControlledTemperature
Time:    2.782 s
Success: false

--- Error ---
ArgumentError: Pre(var"onOffController.y"(t)) is present in the system but Pre(var"onOffController.y"(t)) is not an unknown.
Stacktrace:
  [1] ModelingToolkitTearing.TearingState(sys::ModelingToolkitBase.System, source_info::ModelingToolkitBase.EquationSourceInformation; check::Bool, sort_eqs::Bool)
    @ ModelingToolkitTearing ~/.julia/packages/ModelingToolkitTearing/j3t3p/src/tearingstate.jl:213
  [2] TearingState
    @ ~/.julia/packages/ModelingToolkitTearing/j3t3p/src/tearingstate.jl:104 [inlined]
  [3] __mtkcompile(sys::ModelingToolkitBase.System; inputs::OrderedCollections.OrderedSet{SymbolicUtils.BasicSymbolicImpl.var"typeof(BasicSymbolicImpl)"{SymbolicUtils.SymReal}}, outputs::OrderedCollections.OrderedSet{SymbolicUtils.BasicSymbolicImpl.var"typeof(BasicSymbolicImpl)"{SymbolicUtils.SymReal}}, disturbance_inputs::OrderedCollections.OrderedSet{SymbolicUtils.BasicSymbolicImpl.var"typeof(BasicSymbolicImpl)"{SymbolicUtils.SymReal}}, sort_eqs::Bool, kwargs::@Kwargs{additional_passes::Tuple{}})
    @ ModelingToolkit ~/.julia/packages/ModelingToolkit/4uiLn/src/systems/systems.jl:33
  [4] _mtkcompile(sys::ModelingToolkitBase.System; kwargs::@Kwargs{inputs::OrderedCollections.OrderedSet{SymbolicUtils.BasicSymbolicImpl.var"typeof(BasicSymbolicImpl)"{SymbolicUtils.SymReal}}, outputs::OrderedCollections.OrderedSet{SymbolicUtils.BasicSymbolicImpl.var"typeof(BasicSymbolicImpl)"{SymbolicUtils.SymReal}}, disturbance_inputs::OrderedCollections.OrderedSet{SymbolicUtils.BasicSymbolicImpl.var"typeof(BasicSymbolicImpl)"{SymbolicUtils.SymReal}}, additional_passes::Tuple{}})
    @ ModelingToolkitBase ~/.julia/packages/ModelingToolkitBase/cUk4Z/src/systems/systems.jl:0
  [5] _mtkcompile
    @ ~/.julia/packages/ModelingToolkitBase/cUk4Z/src/systems/systems.jl:122 [inlined]
  [6] mtkcompile(sys::ModelingToolkitBase.System; additional_passes::Tuple{}, inputs::Vector{SymbolicUtils.BasicSymbolicImpl.var"typeof(BasicSymbolicImpl)"{SymbolicUtils.SymReal}}, outputs::Vector{SymbolicUtils.BasicSymbolicImpl.var"typeof(BasicSymbolicImpl)"{SymbolicUtils.SymReal}}, disturbance_inputs::Vector{SymbolicUtils.BasicSymbolicImpl.var"typeof(BasicSymbolicImpl)"{SymbolicUtils.SymReal}}, split::Bool, kwargs::@Kwargs{})
    @ ModelingToolkitBase ~/.julia/packages/ModelingToolkitBase/cUk4Z/src/systems/systems.jl:95
  [7] mtkcompile
    @ ~/.julia/packages/ModelingToolkitBase/cUk4Z/src/systems/systems.jl:84 [inlined]
  [8] eval_AST(model::BaseModelica.BaseModelicaModel)
    @ BaseModelica ~/.julia/packages/BaseModelica/waq8E/src/evaluator.jl:602
  [9] eval_AST(package::BaseModelica.BaseModelicaPackage)
    @ BaseModelica ~/.julia/packages/BaseModelica/waq8E/src/evaluator.jl:607
 [10] baseModelica_to_ModelingToolkit
    @ ~/.julia/packages/BaseModelica/waq8E/src/evaluator.jl:648 [inlined]
 [11] create_odeproblem(filename::String; parser::Symbol, u0::Vector{Any}, kwargs::@Kwargs{})
    @ BaseModelica ~/.julia/packages/BaseModelica/waq8E/src/BaseModelica.jl:160
 [12] create_odeproblem
    @ ~/.julia/packages/BaseModelica/waq8E/src/BaseModelica.jl:149 [inlined]
 [13] run_parse(bm_path::String, model_dir::String, model::String)
    @ BaseModelicaLibraryTesting ~/work/BaseModelicaLibraryTesting.jl/BaseModelicaLibraryTesting.jl/src/parse_bm.jl:24
 [14] test_model(omc::OMJulia.OMCSession, model::String, results_root::String, ref_root::String)
    @ BaseModelicaLibraryTesting ~/work/BaseModelicaLibraryTesting.jl/BaseModelicaLibraryTesting.jl/src/pipeline.jl:76
 [15] main(; library::String, version::String, filter::Nothing, omc_exe::String, results_root::String, ref_root::String, bm_options::String)
    @ BaseModelicaLibraryTesting ~/work/BaseModelicaLibraryTesting.jl/BaseModelicaLibraryTesting.jl/src/pipeline.jl:189
 [16] top-level scope
    @ none:3
 [17] eval(m::Module, e::Any)
    @ Core ./boot.jl:489
 [18] exec_options(opts::Base.JLOptions)
    @ Base ./client.jl:283
 [19] _start()
    @ Base ./client.jl:550
