Model:   Modelica.Mechanics.MultiBody.Examples.Systems.RobotR3.FullRobot
Time:    9.951 s
Success: false

--- Error ---
Python: AttributeError: 'ErrorNodeImpl' object has no attribute 'ifEquation'
Python stacktrace: none
Stacktrace:
  [1] pythrow()
    @ PythonCall.Core ~/.julia/packages/PythonCall/83z4q/src/Core/err.jl:77
  [2] errcheck
    @ ~/.julia/packages/PythonCall/83z4q/src/Core/err.jl:10 [inlined]
  [3] pygetattr(x::PythonCall.Py, k::String)
    @ PythonCall.Core ~/.julia/packages/PythonCall/83z4q/src/Core/builtins.jl:58
  [4] getproperty
    @ ~/.julia/packages/PythonCall/83z4q/src/Core/Py.jl:275 [inlined]
  [5] visit_equation(visitor::BaseModelica.ASTBuilderVisitor, ctx::PythonCall.Py)
    @ BaseModelica ~/.julia/packages/BaseModelica/iBUGv/src/antlr_parser.jl:569
  [6] visit_ifEquation(visitor::BaseModelica.ASTBuilderVisitor, ctx::PythonCall.Py)
    @ BaseModelica ~/.julia/packages/BaseModelica/iBUGv/src/antlr_parser.jl:652
  [7] visit_equation(visitor::BaseModelica.ASTBuilderVisitor, ctx::PythonCall.Py)
    @ BaseModelica ~/.julia/packages/BaseModelica/iBUGv/src/antlr_parser.jl:570
  [8] visit_composition(visitor::BaseModelica.ASTBuilderVisitor, ctx::PythonCall.Py)
    @ BaseModelica ~/.julia/packages/BaseModelica/iBUGv/src/antlr_parser.jl:303
  [9] visit_longClassSpecifier(visitor::BaseModelica.ASTBuilderVisitor, ctx::PythonCall.Py)
    @ BaseModelica ~/.julia/packages/BaseModelica/iBUGv/src/antlr_parser.jl:243
 [10] visit_baseModelica(visitor::BaseModelica.ASTBuilderVisitor, ctx::PythonCall.Py)
    @ BaseModelica ~/.julia/packages/BaseModelica/iBUGv/src/antlr_parser.jl:215
 [11] antlr_tree_to_ast
    @ ~/.julia/packages/BaseModelica/iBUGv/src/antlr_parser.jl:159 [inlined]
 [12] parse_file_antlr(file_path::String)
    @ BaseModelica ~/.julia/packages/BaseModelica/iBUGv/src/antlr_parser.jl:1230
 [13] create_odeproblem(filename::String; parser::Symbol, u0::Vector{Any}, kwargs::@Kwargs{})
    @ BaseModelica ~/.julia/packages/BaseModelica/iBUGv/src/BaseModelica.jl:152
 [14] create_odeproblem
    @ ~/.julia/packages/BaseModelica/iBUGv/src/BaseModelica.jl:149 [inlined]
 [15] run_parse(bm_path::String, model_dir::String, model::String)
    @ BaseModelicaLibraryTesting ~/work/BaseModelicaLibraryTesting.jl/BaseModelicaLibraryTesting.jl/src/parse_bm.jl:24
 [16] test_model(omc::OMJulia.OMCSession, model::String, results_root::String, ref_root::String)
    @ BaseModelicaLibraryTesting ~/work/BaseModelicaLibraryTesting.jl/BaseModelicaLibraryTesting.jl/src/pipeline.jl:23
 [17] main(; library::String, version::String, filter::Nothing, omc_exe::String, results_root::String, ref_root::String)
    @ BaseModelicaLibraryTesting ~/work/BaseModelicaLibraryTesting.jl/BaseModelicaLibraryTesting.jl/src/pipeline.jl:125
 [18] top-level scope
    @ none:3
 [19] eval(m::Module, e::Any)
    @ Core ./boot.jl:489
 [20] exec_options(opts::Base.JLOptions)
    @ Base ./client.jl:283
 [21] _start()
    @ Base ./client.jl:550
