Model:   Modelica.Thermal.FluidHeatFlow.Examples.ParallelPumpDropOut
┌ Warning: Verbosity toggle: blas_errors 
│  BLAS/LAPACK dgetrf: Matrix is singular
│   Details: U(2,2) is exactly zero. The factorization has been completed, but U is singular and division by U will produce infinity.
│   Return code (info): 2
│   Matrix size: (11, 11)
│   Matrix type: Matrix{Float64}
│   Element type: Float64
│   Memory usage: 0.0 MB
│   RHS length: 11
│   RHS type: Vector{Float64}
└ @ LinearSolve /home/runner/.julia/packages/LinearSolve/T1iPD/src/mkl.jl:344
┌ Warning: Verbosity toggle: blas_errors 
│  BLAS/LAPACK dgetrf: Matrix is singular
│   Details: U(2,2) is exactly zero. The factorization has been completed, but U is singular and division by U will produce infinity.
│   Return code (info): 2
│   Matrix size: (11, 11)
│   Matrix type: Matrix{Float64}
│   Element type: Float64
│   Memory usage: 0.0 MB
│   RHS length: 11
│   RHS type: Vector{Float64}
└ @ LinearSolve /home/runner/.julia/packages/LinearSolve/T1iPD/src/mkl.jl:344
┌ Warning: Verbosity toggle: blas_errors 
│  BLAS/LAPACK dgetrf: Matrix is singular
│   Details: U(2,2) is exactly zero. The factorization has been completed, but U is singular and division by U will produce infinity.
│   Return code (info): 2
│   Matrix size: (11, 11)
│   Matrix type: Matrix{Float64}
│   Element type: Float64
│   Memory usage: 0.0 MB
│   RHS length: 11
│   RHS type: Vector{Float64}
└ @ LinearSolve /home/runner/.julia/packages/LinearSolve/T1iPD/src/mkl.jl:344
┌ Warning: Verbosity toggle: blas_errors 
│  BLAS/LAPACK dgetrf: Matrix is singular
│   Details: U(2,2) is exactly zero. The factorization has been completed, but U is singular and division by U will produce infinity.
│   Return code (info): 2
│   Matrix size: (11, 11)
│   Matrix type: Matrix{Float64}
│   Element type: Float64
│   Memory usage: 0.0 MB
│   RHS length: 11
│   RHS type: Vector{Float64}
└ @ LinearSolve /home/runner/.julia/packages/LinearSolve/T1iPD/src/mkl.jl:344
┌ Warning: Verbosity toggle: blas_errors 
│  BLAS/LAPACK dgetrf: Matrix is singular
│   Details: U(2,2) is exactly zero. The factorization has been completed, but U is singular and division by U will produce infinity.
│   Return code (info): 2
│   Matrix size: (11, 11)
│   Matrix type: Matrix{Float64}
│   Element type: Float64
│   Memory usage: 0.0 MB
│   RHS length: 11
│   RHS type: Vector{Float64}
└ @ LinearSolve /home/runner/.julia/packages/LinearSolve/T1iPD/src/mkl.jl:344
┌ Warning: Verbosity toggle: blas_errors 
│  BLAS/LAPACK dgetrf: Matrix is singular
│   Details: U(2,2) is exactly zero. The factorization has been completed, but U is singular and division by U will produce infinity.
│   Return code (info): 2
│   Matrix size: (11, 11)
│   Matrix type: Matrix{Float64}
│   Element type: Float64
│   Memory usage: 0.0 MB
│   RHS length: 11
│   RHS type: Vector{Float64}
└ @ LinearSolve /home/runner/.julia/packages/LinearSolve/T1iPD/src/mkl.jl:344
┌ Warning: Verbosity toggle: blas_errors 
│  BLAS/LAPACK dgetrf: Matrix is singular
│   Details: U(2,2) is exactly zero. The factorization has been completed, but U is singular and division by U will produce infinity.
│   Return code (info): 2
│   Matrix size: (11, 11)
│   Matrix type: Matrix{Float64}
│   Element type: Float64
│   Memory usage: 0.0 MB
│   RHS length: 11
│   RHS type: Vector{Float64}
└ @ LinearSolve /home/runner/.julia/packages/LinearSolve/T1iPD/src/mkl.jl:344
┌ Warning: Verbosity toggle: blas_errors 
│  BLAS/LAPACK dgetrf: Matrix is singular
│   Details: U(2,2) is exactly zero. The factorization has been completed, but U is singular and division by U will produce infinity.
│   Return code (info): 2
│   Matrix size: (11, 11)
│   Matrix type: Matrix{Float64}
│   Element type: Float64
│   Memory usage: 0.0 MB
│   RHS length: 11
│   RHS type: Vector{Float64}
└ @ LinearSolve /home/runner/.julia/packages/LinearSolve/T1iPD/src/mkl.jl:344
┌ Warning: Verbosity toggle: blas_errors 
│  BLAS/LAPACK dgetrf: Matrix is singular
│   Details: U(2,2) is exactly zero. The factorization has been completed, but U is singular and division by U will produce infinity.
│   Return code (info): 2
│   Matrix size: (11, 11)
│   Matrix type: Matrix{Float64}
│   Element type: Float64
│   Memory usage: 0.0 MB
│   RHS length: 11
│   RHS type: Vector{Float64}
└ @ LinearSolve /home/runner/.julia/packages/LinearSolve/T1iPD/src/mkl.jl:344
┌ Warning: Verbosity toggle: blas_errors 
│  BLAS/LAPACK dgetrf: Matrix is singular
│   Details: U(2,2) is exactly zero. The factorization has been completed, but U is singular and division by U will produce infinity.
│   Return code (info): 2
│   Matrix size: (11, 11)
│   Matrix type: Matrix{Float64}
│   Element type: Float64
│   Memory usage: 0.0 MB
│   RHS length: 11
│   RHS type: Vector{Float64}
└ @ LinearSolve /home/runner/.julia/packages/LinearSolve/T1iPD/src/mkl.jl:344
┌ Warning: Verbosity toggle: blas_errors 
│  BLAS/LAPACK dgetrf: Matrix is singular
│   Details: U(2,2) is exactly zero. The factorization has been completed, but U is singular and division by U will produce infinity.
│   Return code (info): 2
│   Matrix size: (11, 11)
│   Matrix type: Matrix{Float64}
│   Element type: Float64
│   Memory usage: 0.0 MB
│   RHS length: 11
│   RHS type: Vector{Float64}
└ @ LinearSolve /home/runner/.julia/packages/LinearSolve/T1iPD/src/mkl.jl:344
┌ Warning: Verbosity toggle: blas_errors 
│  BLAS/LAPACK dgetrf: Matrix is singular
│   Details: U(2,2) is exactly zero. The factorization has been completed, but U is singular and division by U will produce infinity.
│   Return code (info): 2
│   Matrix size: (11, 11)
│   Matrix type: Matrix{Float64}
│   Element type: Float64
│   Memory usage: 0.0 MB
│   RHS length: 11
│   RHS type: Vector{Float64}
└ @ LinearSolve /home/runner/.julia/packages/LinearSolve/T1iPD/src/mkl.jl:344
┌ Warning: Verbosity toggle: blas_errors 
│  BLAS/LAPACK dgetrf: Matrix is singular
│   Details: U(2,2) is exactly zero. The factorization has been completed, but U is singular and division by U will produce infinity.
│   Return code (info): 2
│   Matrix size: (11, 11)
│   Matrix type: Matrix{Float64}
│   Element type: Float64
│   Memory usage: 0.0 MB
│   RHS length: 11
│   RHS type: Vector{Float64}
└ @ LinearSolve /home/runner/.julia/packages/LinearSolve/T1iPD/src/mkl.jl:344
┌ Warning: Verbosity toggle: blas_errors 
│  BLAS/LAPACK dgetrf: Matrix is singular
│   Details: U(2,2) is exactly zero. The factorization has been completed, but U is singular and division by U will produce infinity.
│   Return code (info): 2
│   Matrix size: (11, 11)
│   Matrix type: Matrix{Float64}
│   Element type: Float64
│   Memory usage: 0.0 MB
│   RHS length: 11
│   RHS type: Vector{Float64}
└ @ LinearSolve /home/runner/.julia/packages/LinearSolve/T1iPD/src/mkl.jl:344
┌ Warning: Verbosity toggle: blas_errors 
│  BLAS/LAPACK dgetrf: Matrix is singular
│   Details: U(2,2) is exactly zero. The factorization has been completed, but U is singular and division by U will produce infinity.
│   Return code (info): 2
│   Matrix size: (11, 11)
│   Matrix type: Matrix{Float64}
│   Element type: Float64
│   Memory usage: 0.0 MB
│   RHS length: 11
│   RHS type: Vector{Float64}
└ @ LinearSolve /home/runner/.julia/packages/LinearSolve/T1iPD/src/mkl.jl:344
┌ Warning: Verbosity toggle: blas_errors 
│  BLAS/LAPACK dgetrf: Matrix is singular
│   Details: U(2,2) is exactly zero. The factorization has been completed, but U is singular and division by U will produce infinity.
│   Return code (info): 2
│   Matrix size: (11, 11)
│   Matrix type: Matrix{Float64}
│   Element type: Float64
│   Memory usage: 0.0 MB
│   RHS length: 11
│   RHS type: Vector{Float64}
└ @ LinearSolve /home/runner/.julia/packages/LinearSolve/T1iPD/src/mkl.jl:344
┌ Warning: Verbosity toggle: blas_errors 
│  BLAS/LAPACK dgetrf: Matrix is singular
│   Details: U(2,2) is exactly zero. The factorization has been completed, but U is singular and division by U will produce infinity.
│   Return code (info): 2
│   Matrix size: (11, 11)
│   Matrix type: Matrix{Float64}
│   Element type: Float64
│   Memory usage: 0.0 MB
│   RHS length: 11
│   RHS type: Vector{Float64}
└ @ LinearSolve /home/runner/.julia/packages/LinearSolve/T1iPD/src/mkl.jl:344
┌ Warning: Verbosity toggle: blas_errors 
│  BLAS/LAPACK dgetrf: Matrix is singular
│   Details: U(2,2) is exactly zero. The factorization has been completed, but U is singular and division by U will produce infinity.
│   Return code (info): 2
│   Matrix size: (11, 11)
│   Matrix type: Matrix{Float64}
│   Element type: Float64
│   Memory usage: 0.0 MB
│   RHS length: 11
│   RHS type: Vector{Float64}
└ @ LinearSolve /home/runner/.julia/packages/LinearSolve/T1iPD/src/mkl.jl:344
┌ Warning: Verbosity toggle: blas_errors 
│  BLAS/LAPACK dgetrf: Matrix is singular
│   Details: U(2,2) is exactly zero. The factorization has been completed, but U is singular and division by U will produce infinity.
│   Return code (info): 2
│   Matrix size: (11, 11)
│   Matrix type: Matrix{Float64}
│   Element type: Float64
│   Memory usage: 0.0 MB
│   RHS length: 11
│   RHS type: Vector{Float64}
└ @ LinearSolve /home/runner/.julia/packages/LinearSolve/T1iPD/src/mkl.jl:344
┌ Warning: Verbosity toggle: blas_errors 
│  BLAS/LAPACK dgetrf: Matrix is singular
│   Details: U(2,2) is exactly zero. The factorization has been completed, but U is singular and division by U will produce infinity.
│   Return code (info): 2
│   Matrix size: (11, 11)
│   Matrix type: Matrix{Float64}
│   Element type: Float64
│   Memory usage: 0.0 MB
│   RHS length: 11
│   RHS type: Vector{Float64}
└ @ LinearSolve /home/runner/.julia/packages/LinearSolve/T1iPD/src/mkl.jl:344
┌ Warning: Verbosity toggle: blas_errors 
│  BLAS/LAPACK dgetrf: Matrix is singular
│   Details: U(2,2) is exactly zero. The factorization has been completed, but U is singular and division by U will produce infinity.
│   Return code (info): 2
│   Matrix size: (11, 11)
│   Matrix type: Matrix{Float64}
│   Element type: Float64
│   Memory usage: 0.0 MB
│   RHS length: 11
│   RHS type: Vector{Float64}
└ @ LinearSolve /home/runner/.julia/packages/LinearSolve/T1iPD/src/mkl.jl:344
┌ Warning: Verbosity toggle: blas_errors 
│  BLAS/LAPACK dgetrf: Matrix is singular
│   Details: U(2,2) is exactly zero. The factorization has been completed, but U is singular and division by U will produce infinity.
│   Return code (info): 2
│   Matrix size: (11, 11)
│   Matrix type: Matrix{Float64}
│   Element type: Float64
│   Memory usage: 0.0 MB
│   RHS length: 11
│   RHS type: Vector{Float64}
└ @ LinearSolve /home/runner/.julia/packages/LinearSolve/T1iPD/src/mkl.jl:344
┌ Warning: Verbosity toggle: blas_errors 
│  BLAS/LAPACK dgetrf: Matrix is singular
│   Details: U(2,2) is exactly zero. The factorization has been completed, but U is singular and division by U will produce infinity.
│   Return code (info): 2
│   Matrix size: (11, 11)
│   Matrix type: Matrix{Float64}
│   Element type: Float64
│   Memory usage: 0.0 MB
│   RHS length: 11
│   RHS type: Vector{Float64}
└ @ LinearSolve /home/runner/.julia/packages/LinearSolve/T1iPD/src/mkl.jl:344
┌ Warning: Verbosity toggle: blas_errors 
│  BLAS/LAPACK dgetrf: Matrix is singular
│   Details: U(2,2) is exactly zero. The factorization has been completed, but U is singular and division by U will produce infinity.
│   Return code (info): 2
│   Matrix size: (11, 11)
│   Matrix type: Matrix{Float64}
│   Element type: Float64
│   Memory usage: 0.0 MB
│   RHS length: 11
│   RHS type: Vector{Float64}
└ @ LinearSolve /home/runner/.julia/packages/LinearSolve/T1iPD/src/mkl.jl:344
┌ Warning: Verbosity toggle: blas_errors 
│  BLAS/LAPACK dgetrf: Matrix is singular
│   Details: U(2,2) is exactly zero. The factorization has been completed, but U is singular and division by U will produce infinity.
│   Return code (info): 2
│   Matrix size: (11, 11)
│   Matrix type: Matrix{Float64}
│   Element type: Float64
│   Memory usage: 0.0 MB
│   RHS length: 11
│   RHS type: Vector{Float64}
└ @ LinearSolve /home/runner/.julia/packages/LinearSolve/T1iPD/src/mkl.jl:344
┌ Warning: Verbosity toggle: blas_errors 
│  BLAS/LAPACK dgetrf: Matrix is singular
│   Details: U(2,2) is exactly zero. The factorization has been completed, but U is singular and division by U will produce infinity.
│   Return code (info): 2
│   Matrix size: (11, 11)
│   Matrix type: Matrix{Float64}
│   Element type: Float64
│   Memory usage: 0.0 MB
│   RHS length: 11
│   RHS type: Vector{Float64}
└ @ LinearSolve /home/runner/.julia/packages/LinearSolve/T1iPD/src/mkl.jl:344
┌ Warning: Verbosity toggle: blas_errors 
│  BLAS/LAPACK dgetrf: Matrix is singular
│   Details: U(2,2) is exactly zero. The factorization has been completed, but U is singular and division by U will produce infinity.
│   Return code (info): 2
│   Matrix size: (11, 11)
│   Matrix type: Matrix{Float64}
│   Element type: Float64
│   Memory usage: 0.0 MB
│   RHS length: 11
│   RHS type: Vector{Float64}
└ @ LinearSolve /home/runner/.julia/packages/LinearSolve/T1iPD/src/mkl.jl:344
┌ Warning: Verbosity toggle: blas_errors 
│  BLAS/LAPACK dgetrf: Matrix is singular
│   Details: U(2,2) is exactly zero. The factorization has been completed, but U is singular and division by U will produce infinity.
│   Return code (info): 2
│   Matrix size: (11, 11)
│   Matrix type: Matrix{Float64}
│   Element type: Float64
│   Memory usage: 0.0 MB
│   RHS length: 11
│   RHS type: Vector{Float64}
└ @ LinearSolve /home/runner/.julia/packages/LinearSolve/T1iPD/src/mkl.jl:344
┌ Warning: Verbosity toggle: blas_errors 
│  BLAS/LAPACK dgetrf: Matrix is singular
│   Details: U(2,2) is exactly zero. The factorization has been completed, but U is singular and division by U will produce infinity.
│   Return code (info): 2
│   Matrix size: (11, 11)
│   Matrix type: Matrix{Float64}
│   Element type: Float64
│   Memory usage: 0.0 MB
│   RHS length: 11
│   RHS type: Vector{Float64}
└ @ LinearSolve /home/runner/.julia/packages/LinearSolve/T1iPD/src/mkl.jl:344
┌ Warning: Verbosity toggle: blas_errors 
│  BLAS/LAPACK dgetrf: Matrix is singular
│   Details: U(2,2) is exactly zero. The factorization has been completed, but U is singular and division by U will produce infinity.
│   Return code (info): 2
│   Matrix size: (11, 11)
│   Matrix type: Matrix{Float64}
│   Element type: Float64
│   Memory usage: 0.0 MB
│   RHS length: 11
│   RHS type: Vector{Float64}
└ @ LinearSolve /home/runner/.julia/packages/LinearSolve/T1iPD/src/mkl.jl:344
┌ Warning: Verbosity toggle: blas_errors 
│  BLAS/LAPACK dgetrf: Matrix is singular
│   Details: U(2,2) is exactly zero. The factorization has been completed, but U is singular and division by U will produce infinity.
│   Return code (info): 2
│   Matrix size: (11, 11)
│   Matrix type: Matrix{Float64}
│   Element type: Float64
│   Memory usage: 0.0 MB
│   RHS length: 11
│   RHS type: Vector{Float64}
└ @ LinearSolve /home/runner/.julia/packages/LinearSolve/T1iPD/src/mkl.jl:344
┌ Warning: Verbosity toggle: blas_errors 
│  BLAS/LAPACK dgetrf: Matrix is singular
│   Details: U(2,2) is exactly zero. The factorization has been completed, but U is singular and division by U will produce infinity.
│   Return code (info): 2
│   Matrix size: (11, 11)
│   Matrix type: Matrix{Float64}
│   Element type: Float64
│   Memory usage: 0.0 MB
│   RHS length: 11
│   RHS type: Vector{Float64}
└ @ LinearSolve /home/runner/.julia/packages/LinearSolve/T1iPD/src/mkl.jl:344
┌ Warning: Verbosity toggle: blas_errors 
│  BLAS/LAPACK dgetrf: Matrix is singular
│   Details: U(2,2) is exactly zero. The factorization has been completed, but U is singular and division by U will produce infinity.
│   Return code (info): 2
│   Matrix size: (11, 11)
│   Matrix type: Matrix{Float64}
│   Element type: Float64
│   Memory usage: 0.0 MB
│   RHS length: 11
│   RHS type: Vector{Float64}
└ @ LinearSolve /home/runner/.julia/packages/LinearSolve/T1iPD/src/mkl.jl:344
┌ Warning: Verbosity toggle: blas_errors 
│  BLAS/LAPACK dgetrf: Matrix is singular
│   Details: U(2,2) is exactly zero. The factorization has been completed, but U is singular and division by U will produce infinity.
│   Return code (info): 2
│   Matrix size: (11, 11)
│   Matrix type: Matrix{Float64}
│   Element type: Float64
│   Memory usage: 0.0 MB
│   RHS length: 11
│   RHS type: Vector{Float64}
└ @ LinearSolve /home/runner/.julia/packages/LinearSolve/T1iPD/src/mkl.jl:344
┌ Warning: Verbosity toggle: blas_errors 
│  BLAS/LAPACK dgetrf: Matrix is singular
│   Details: U(2,2) is exactly zero. The factorization has been completed, but U is singular and division by U will produce infinity.
│   Return code (info): 2
│   Matrix size: (11, 11)
│   Matrix type: Matrix{Float64}
│   Element type: Float64
│   Memory usage: 0.0 MB
│   RHS length: 11
│   RHS type: Vector{Float64}
└ @ LinearSolve /home/runner/.julia/packages/LinearSolve/T1iPD/src/mkl.jl:344
┌ Warning: Verbosity toggle: blas_errors 
│  BLAS/LAPACK dgetrf: Matrix is singular
│   Details: U(2,2) is exactly zero. The factorization has been completed, but U is singular and division by U will produce infinity.
│   Return code (info): 2
│   Matrix size: (11, 11)
│   Matrix type: Matrix{Float64}
│   Element type: Float64
│   Memory usage: 0.0 MB
│   RHS length: 11
│   RHS type: Vector{Float64}
└ @ LinearSolve /home/runner/.julia/packages/LinearSolve/T1iPD/src/mkl.jl:344
┌ Warning: Verbosity toggle: blas_errors 
│  BLAS/LAPACK dgetrf: Matrix is singular
│   Details: U(2,2) is exactly zero. The factorization has been completed, but U is singular and division by U will produce infinity.
│   Return code (info): 2
│   Matrix size: (11, 11)
│   Matrix type: Matrix{Float64}
│   Element type: Float64
│   Memory usage: 0.0 MB
│   RHS length: 11
│   RHS type: Vector{Float64}
└ @ LinearSolve /home/runner/.julia/packages/LinearSolve/T1iPD/src/mkl.jl:344
┌ Warning: Verbosity toggle: blas_errors 
│  BLAS/LAPACK dgetrf: Matrix is singular
│   Details: U(2,2) is exactly zero. The factorization has been completed, but U is singular and division by U will produce infinity.
│   Return code (info): 2
│   Matrix size: (11, 11)
│   Matrix type: Matrix{Float64}
│   Element type: Float64
│   Memory usage: 0.0 MB
│   RHS length: 11
│   RHS type: Vector{Float64}
└ @ LinearSolve /home/runner/.julia/packages/LinearSolve/T1iPD/src/mkl.jl:344
┌ Warning: Verbosity toggle: blas_errors 
│  BLAS/LAPACK dgetrf: Matrix is singular
│   Details: U(2,2) is exactly zero. The factorization has been completed, but U is singular and division by U will produce infinity.
│   Return code (info): 2
│   Matrix size: (11, 11)
│   Matrix type: Matrix{Float64}
│   Element type: Float64
│   Memory usage: 0.0 MB
│   RHS length: 11
│   RHS type: Vector{Float64}
└ @ LinearSolve /home/runner/.julia/packages/LinearSolve/T1iPD/src/mkl.jl:344
┌ Warning: Verbosity toggle: blas_errors 
│  BLAS/LAPACK dgetrf: Matrix is singular
│   Details: U(2,2) is exactly zero. The factorization has been completed, but U is singular and division by U will produce infinity.
│   Return code (info): 2
│   Matrix size: (11, 11)
│   Matrix type: Matrix{Float64}
│   Element type: Float64
│   Memory usage: 0.0 MB
│   RHS length: 11
│   RHS type: Vector{Float64}
└ @ LinearSolve /home/runner/.julia/packages/LinearSolve/T1iPD/src/mkl.jl:344
┌ Warning: Verbosity toggle: blas_errors 
│  BLAS/LAPACK dgetrf: Matrix is singular
│   Details: U(2,2) is exactly zero. The factorization has been completed, but U is singular and division by U will produce infinity.
│   Return code (info): 2
│   Matrix size: (11, 11)
│   Matrix type: Matrix{Float64}
│   Element type: Float64
│   Memory usage: 0.0 MB
│   RHS length: 11
│   RHS type: Vector{Float64}
└ @ LinearSolve /home/runner/.julia/packages/LinearSolve/T1iPD/src/mkl.jl:344
┌ Warning: Verbosity toggle: blas_errors 
│  BLAS/LAPACK dgetrf: Matrix is singular
│   Details: U(2,2) is exactly zero. The factorization has been completed, but U is singular and division by U will produce infinity.
│   Return code (info): 2
│   Matrix size: (11, 11)
│   Matrix type: Matrix{Float64}
│   Element type: Float64
│   Memory usage: 0.0 MB
│   RHS length: 11
│   RHS type: Vector{Float64}
└ @ LinearSolve /home/runner/.julia/packages/LinearSolve/T1iPD/src/mkl.jl:344
┌ Warning: Verbosity toggle: blas_errors 
│  BLAS/LAPACK dgetrf: Matrix is singular
│   Details: U(2,2) is exactly zero. The factorization has been completed, but U is singular and division by U will produce infinity.
│   Return code (info): 2
│   Matrix size: (11, 11)
│   Matrix type: Matrix{Float64}
│   Element type: Float64
│   Memory usage: 0.0 MB
│   RHS length: 11
│   RHS type: Vector{Float64}
└ @ LinearSolve /home/runner/.julia/packages/LinearSolve/T1iPD/src/mkl.jl:344
┌ Warning: Verbosity toggle: blas_errors 
│  BLAS/LAPACK dgetrf: Matrix is singular
│   Details: U(2,2) is exactly zero. The factorization has been completed, but U is singular and division by U will produce infinity.
│   Return code (info): 2
│   Matrix size: (11, 11)
│   Matrix type: Matrix{Float64}
│   Element type: Float64
│   Memory usage: 0.0 MB
│   RHS length: 11
│   RHS type: Vector{Float64}
└ @ LinearSolve /home/runner/.julia/packages/LinearSolve/T1iPD/src/mkl.jl:344
┌ Warning: Verbosity toggle: blas_errors 
│  BLAS/LAPACK dgetrf: Matrix is singular
│   Details: U(2,2) is exactly zero. The factorization has been completed, but U is singular and division by U will produce infinity.
│   Return code (info): 2
│   Matrix size: (11, 11)
│   Matrix type: Matrix{Float64}
│   Element type: Float64
│   Memory usage: 0.0 MB
│   RHS length: 11
│   RHS type: Vector{Float64}
└ @ LinearSolve /home/runner/.julia/packages/LinearSolve/T1iPD/src/mkl.jl:344
┌ Warning: Verbosity toggle: blas_errors 
│  BLAS/LAPACK dgetrf: Matrix is singular
│   Details: U(2,2) is exactly zero. The factorization has been completed, but U is singular and division by U will produce infinity.
│   Return code (info): 2
│   Matrix size: (11, 11)
│   Matrix type: Matrix{Float64}
│   Element type: Float64
│   Memory usage: 0.0 MB
│   RHS length: 11
│   RHS type: Vector{Float64}
└ @ LinearSolve /home/runner/.julia/packages/LinearSolve/T1iPD/src/mkl.jl:344
┌ Warning: Verbosity toggle: blas_errors 
│  BLAS/LAPACK dgetrf: Matrix is singular
│   Details: U(2,2) is exactly zero. The factorization has been completed, but U is singular and division by U will produce infinity.
│   Return code (info): 2
│   Matrix size: (11, 11)
│   Matrix type: Matrix{Float64}
│   Element type: Float64
│   Memory usage: 0.0 MB
│   RHS length: 11
│   RHS type: Vector{Float64}
└ @ LinearSolve /home/runner/.julia/packages/LinearSolve/T1iPD/src/mkl.jl:344
┌ Warning: Verbosity toggle: blas_errors 
│  BLAS/LAPACK dgetrf: Matrix is singular
│   Details: U(2,2) is exactly zero. The factorization has been completed, but U is singular and division by U will produce infinity.
│   Return code (info): 2
│   Matrix size: (11, 11)
│   Matrix type: Matrix{Float64}
│   Element type: Float64
│   Memory usage: 0.0 MB
│   RHS length: 11
│   RHS type: Vector{Float64}
└ @ LinearSolve /home/runner/.julia/packages/LinearSolve/T1iPD/src/mkl.jl:344
┌ Warning: Verbosity toggle: blas_errors 
│  BLAS/LAPACK dgetrf: Matrix is singular
│   Details: U(2,2) is exactly zero. The factorization has been completed, but U is singular and division by U will produce infinity.
│   Return code (info): 2
│   Matrix size: (11, 11)
│   Matrix type: Matrix{Float64}
│   Element type: Float64
│   Memory usage: 0.0 MB
│   RHS length: 11
│   RHS type: Vector{Float64}
└ @ LinearSolve /home/runner/.julia/packages/LinearSolve/T1iPD/src/mkl.jl:344
┌ Warning: Verbosity toggle: blas_errors 
│  BLAS/LAPACK dgetrf: Matrix is singular
│   Details: U(2,2) is exactly zero. The factorization has been completed, but U is singular and division by U will produce infinity.
│   Return code (info): 2
│   Matrix size: (11, 11)
│   Matrix type: Matrix{Float64}
│   Element type: Float64
│   Memory usage: 0.0 MB
│   RHS length: 11
│   RHS type: Vector{Float64}
└ @ LinearSolve /home/runner/.julia/packages/LinearSolve/T1iPD/src/mkl.jl:344
┌ Warning: Verbosity toggle: blas_errors 
│  BLAS/LAPACK dgetrf: Matrix is singular
│   Details: U(2,2) is exactly zero. The factorization has been completed, but U is singular and division by U will produce infinity.
│   Return code (info): 2
│   Matrix size: (11, 11)
│   Matrix type: Matrix{Float64}
│   Element type: Float64
│   Memory usage: 0.0 MB
│   RHS length: 11
│   RHS type: Vector{Float64}
└ @ LinearSolve /home/runner/.julia/packages/LinearSolve/T1iPD/src/mkl.jl:344
┌ Warning: Verbosity toggle: blas_errors 
│  BLAS/LAPACK dgetrf: Matrix is singular
│   Details: U(2,2) is exactly zero. The factorization has been completed, but U is singular and division by U will produce infinity.
│   Return code (info): 2
│   Matrix size: (11, 11)
│   Matrix type: Matrix{Float64}
│   Element type: Float64
│   Memory usage: 0.0 MB
│   RHS length: 11
│   RHS type: Vector{Float64}
└ @ LinearSolve /home/runner/.julia/packages/LinearSolve/T1iPD/src/mkl.jl:344
┌ Warning: Verbosity toggle: blas_errors 
│  BLAS/LAPACK dgetrf: Matrix is singular
│   Details: U(2,2) is exactly zero. The factorization has been completed, but U is singular and division by U will produce infinity.
│   Return code (info): 2
│   Matrix size: (11, 11)
│   Matrix type: Matrix{Float64}
│   Element type: Float64
│   Memory usage: 0.0 MB
│   RHS length: 11
│   RHS type: Vector{Float64}
└ @ LinearSolve /home/runner/.julia/packages/LinearSolve/T1iPD/src/mkl.jl:344
┌ Warning: Verbosity toggle: blas_errors 
│  BLAS/LAPACK dgetrf: Matrix is singular
│   Details: U(2,2) is exactly zero. The factorization has been completed, but U is singular and division by U will produce infinity.
│   Return code (info): 2
│   Matrix size: (11, 11)
│   Matrix type: Matrix{Float64}
│   Element type: Float64
│   Memory usage: 0.0 MB
│   RHS length: 11
│   RHS type: Vector{Float64}
└ @ LinearSolve /home/runner/.julia/packages/LinearSolve/T1iPD/src/mkl.jl:344
┌ Warning: Verbosity toggle: blas_errors 
│  BLAS/LAPACK dgetrf: Matrix is singular
│   Details: U(2,2) is exactly zero. The factorization has been completed, but U is singular and division by U will produce infinity.
│   Return code (info): 2
│   Matrix size: (11, 11)
│   Matrix type: Matrix{Float64}
│   Element type: Float64
│   Memory usage: 0.0 MB
│   RHS length: 11
│   RHS type: Vector{Float64}
└ @ LinearSolve /home/runner/.julia/packages/LinearSolve/T1iPD/src/mkl.jl:344
┌ Warning: Verbosity toggle: blas_errors 
│  BLAS/LAPACK dgetrf: Matrix is singular
│   Details: U(2,2) is exactly zero. The factorization has been completed, but U is singular and division by U will produce infinity.
│   Return code (info): 2
│   Matrix size: (11, 11)
│   Matrix type: Matrix{Float64}
│   Element type: Float64
│   Memory usage: 0.0 MB
│   RHS length: 11
│   RHS type: Vector{Float64}
└ @ LinearSolve /home/runner/.julia/packages/LinearSolve/T1iPD/src/mkl.jl:344
┌ Warning: Verbosity toggle: blas_errors 
│  BLAS/LAPACK dgetrf: Matrix is singular
│   Details: U(2,2) is exactly zero. The factorization has been completed, but U is singular and division by U will produce infinity.
│   Return code (info): 2
│   Matrix size: (11, 11)
│   Matrix type: Matrix{Float64}
│   Element type: Float64
│   Memory usage: 0.0 MB
│   RHS length: 11
│   RHS type: Vector{Float64}
└ @ LinearSolve /home/runner/.julia/packages/LinearSolve/T1iPD/src/mkl.jl:344
┌ Warning: Verbosity toggle: dt_epsilon 
│  At t= 0.6000001541300545, dt was forced below floating point epsilon 1.1102230246251565e-16, and step error estimate = 1088.7041483383607. Aborting. There is either an error in your model specification or the true solution is unstable (or the true solution can not be represented in the precision of Float64.
└ @ SciMLBase /home/runner/.julia/packages/SciMLBase/hLfdZ/src/integrator_interface.jl:735
Solver OrdinaryDiffEqRosenbrock.Rodas5P
    saveat:   []
    abstol:   1.00e-06
    reltol:   1.00e-04
    adaptive: true
    dense:    true

Time: 3.23 s
Success: false

--- Error ---
Solver returned: Unstable
