Model:  Modelica.Electrical.PowerConverters.Examples.ACDC.RectifierBridge2Pulse.DiodeBridge2Pulse
Time:    0.009 s
Success: false

--- Error ---
ArgumentError: Condition of `ifelse` must be a `Bool`
Stacktrace:
  [1] promote_symtype
    @ ~/.julia/packages/SymbolicUtils/Gc8kG/src/methods.jl:635 [inlined]
  [2] ifelse(_if::SymbolicUtils.BasicSymbolicImpl.var"typeof(BasicSymbolicImpl)"{SymbolicUtils.SymReal}, _then::Float64, _else::Float64)
    @ SymbolicUtils ~/.julia/packages/SymbolicUtils/Gc8kG/src/methods.jl:631
  [3] ifelse(x::Symbolics.Num, y::Float64, z::Float64)
    @ Symbolics ~/.julia/packages/Symbolics/oq6uS/src/num.jl:116
  [4] (::BaseModelica.var"#build_nested_ifelse#eval_AST##0"{BaseModelica.BaseModelicaIfExpression})(idx::Int64)
    @ BaseModelica ~/.julia/packages/BaseModelica/iBUGv/src/evaluator.jl:62
  [5] (::BaseModelica.var"#build_nested_ifelse#eval_AST##0"{BaseModelica.BaseModelicaIfExpression})()
    @ BaseModelica ~/.julia/packages/BaseModelica/iBUGv/src/evaluator.jl:54
  [6] eval_AST(if_expr::BaseModelica.BaseModelicaIfExpression)
    @ BaseModelica ~/.julia/packages/BaseModelica/iBUGv/src/evaluator.jl:65
  [7] eval_AST(expr::BaseModelica.BaseModelicaProd)
    @ BaseModelica ~/.julia/packages/BaseModelica/iBUGv/src/evaluator.jl:31
  [8] eval_AST(eq::BaseModelica.BaseModelicaSimpleEquation)
    @ BaseModelica ~/.julia/packages/BaseModelica/iBUGv/src/evaluator.jl:118
  [9] eval_AST(eq::BaseModelica.BaseModelicaAnyEquation)
    @ BaseModelica ~/.julia/packages/BaseModelica/iBUGv/src/evaluator.jl:76
 [10] (::BaseModelica.var"#eval_AST##7#eval_AST##8")(eq::BaseModelica.BaseModelicaAnyEquation)
    @ BaseModelica ./none:-1
 [11] iterate
    @ ./generator.jl:48 [inlined]
 [12] collect_to!(dest::Vector{Symbolics.Equation}, itr::Base.Generator{Vector{Any}, BaseModelica.var"#eval_AST##7#eval_AST##8"}, offs::Int64, st::Int64)
    @ Base ./array.jl:848
 [13] collect_to_with_first!(dest::Vector{Symbolics.Equation}, v1::Symbolics.Equation, itr::Base.Generator{Vector{Any}, BaseModelica.var"#eval_AST##7#eval_AST##8"}, st::Int64)
    @ Base ./array.jl:826
 [14] collect(itr::Base.Generator{Vector{Any}, BaseModelica.var"#eval_AST##7#eval_AST##8"})
    @ Base ./array.jl:800
 [15] eval_AST(model::BaseModelica.BaseModelicaModel)
    @ BaseModelica ~/.julia/packages/BaseModelica/iBUGv/src/evaluator.jl:326
 [16] eval_AST(package::BaseModelica.BaseModelicaPackage)
    @ BaseModelica ~/.julia/packages/BaseModelica/iBUGv/src/evaluator.jl:368
 [17] baseModelica_to_ModelingToolkit
    @ ~/.julia/packages/BaseModelica/iBUGv/src/evaluator.jl:409 [inlined]
 [18] (::BaseModelicaLibraryTesting.var"#run_parse##10#run_parse##11")()
    @ BaseModelicaLibraryTesting ~/work/BaseModelicaLibraryTesting.jl/BaseModelicaLibraryTesting.jl/src/parse_bm.jl:78
 [19] with_logstate(f::BaseModelicaLibraryTesting.var"#run_parse##10#run_parse##11", logstate::Base.CoreLogging.LogState)
    @ Base.CoreLogging ./logging/logging.jl:542
 [20] (::BaseModelicaLibraryTesting.var"#run_parse##8#run_parse##9")()
    @ BaseModelicaLibraryTesting ~/work/BaseModelicaLibraryTesting.jl/BaseModelicaLibraryTesting.jl/src/parse_bm.jl:77
 [21] (::Base.RedirectStdStream)(thunk::BaseModelicaLibraryTesting.var"#run_parse##8#run_parse##9", stream::Pipe)
    @ Base ./stream.jl:1464
 [22] (::Base.RedirectStdStream)(thunk::BaseModelicaLibraryTesting.var"#run_parse##6#run_parse##7"{Pipe}, stream::Pipe)
    @ Base ./stream.jl:1457
 [23] run_parse(bm_path::String, model_dir::String, model::String)
    @ BaseModelicaLibraryTesting ~/work/BaseModelicaLibraryTesting.jl/BaseModelicaLibraryTesting.jl/src/parse_bm.jl:28
 [24] test_model(omc::OMJulia.OMCSession, model::String, results_root::String, ref_root::String; sim_settings::SimulateSettings, csv_max_size_mb::Int64)
    @ BaseModelicaLibraryTesting ~/work/BaseModelicaLibraryTesting.jl/BaseModelicaLibraryTesting.jl/src/pipeline.jl:82
 [25] test_model
    @ ~/work/BaseModelicaLibraryTesting.jl/BaseModelicaLibraryTesting.jl/src/pipeline.jl:60 [inlined]
 [26] main(; library::String, version::String, filter::String, omc_exe::String, results_root::String, ref_root::String, bm_options::String, sim_settings::SimulateSettings, csv_max_size_mb::Int64)
    @ BaseModelicaLibraryTesting ~/work/BaseModelicaLibraryTesting.jl/BaseModelicaLibraryTesting.jl/src/pipeline.jl:220
 [27] top-level scope
    @ none:7
 [28] eval(m::Module, e::Any)
    @ Core ./boot.jl:489
 [29] exec_options(opts::Base.JLOptions)
    @ Base ./client.jl:283
 [30] _start()
    @ Base ./client.jl:550
