Model:   Modelica.Electrical.PowerConverters.Examples.ACDC.RectifierBridge2Pulse.DiodeBridge2Pulse
Time:    0.173 s
Success: false

--- Error ---
ArgumentError: Condition of `ifelse` must be a `Bool`
Stacktrace:
  [1] promote_symtype
    @ ~/.julia/packages/SymbolicUtils/OjG8E/src/methods.jl:615 [inlined]
  [2] ifelse(_if::SymbolicUtils.BasicSymbolicImpl.var"typeof(BasicSymbolicImpl)"{SymbolicUtils.SymReal}, _then::Float64, _else::Float64)
    @ SymbolicUtils ~/.julia/packages/SymbolicUtils/OjG8E/src/methods.jl:611
  [3] ifelse(x::Symbolics.Num, y::Float64, z::Float64)
    @ Symbolics ~/.julia/packages/Symbolics/29fkz/src/num.jl:116
  [4] (::BaseModelica.var"#build_nested_ifelse#eval_AST##0"{BaseModelica.BaseModelicaIfExpression})(idx::Int64)
    @ BaseModelica ~/.julia/packages/BaseModelica/iBUGv/src/evaluator.jl:62
  [5] (::BaseModelica.var"#build_nested_ifelse#eval_AST##0"{BaseModelica.BaseModelicaIfExpression})()
    @ BaseModelica ~/.julia/packages/BaseModelica/iBUGv/src/evaluator.jl:54
  [6] eval_AST(if_expr::BaseModelica.BaseModelicaIfExpression)
    @ BaseModelica ~/.julia/packages/BaseModelica/iBUGv/src/evaluator.jl:65
  [7] eval_AST(expr::BaseModelica.BaseModelicaProd)
    @ BaseModelica ~/.julia/packages/BaseModelica/iBUGv/src/evaluator.jl:31
  [8] eval_AST(eq::BaseModelica.BaseModelicaSimpleEquation)
    @ BaseModelica ~/.julia/packages/BaseModelica/iBUGv/src/evaluator.jl:118
  [9] eval_AST(eq::BaseModelica.BaseModelicaAnyEquation)
    @ BaseModelica ~/.julia/packages/BaseModelica/iBUGv/src/evaluator.jl:76
 [10] (::BaseModelica.var"#eval_AST##7#eval_AST##8")(eq::BaseModelica.BaseModelicaAnyEquation)
    @ BaseModelica ./none:-1
 [11] iterate
    @ ./generator.jl:48 [inlined]
 [12] collect_to!(dest::Vector{Symbolics.Equation}, itr::Base.Generator{Vector{Any}, BaseModelica.var"#eval_AST##7#eval_AST##8"}, offs::Int64, st::Int64)
    @ Base ./array.jl:848
 [13] collect_to_with_first!(dest::Vector{Symbolics.Equation}, v1::Symbolics.Equation, itr::Base.Generator{Vector{Any}, BaseModelica.var"#eval_AST##7#eval_AST##8"}, st::Int64)
    @ Base ./array.jl:826
 [14] collect(itr::Base.Generator{Vector{Any}, BaseModelica.var"#eval_AST##7#eval_AST##8"})
    @ Base ./array.jl:800
 [15] eval_AST(model::BaseModelica.BaseModelicaModel)
    @ BaseModelica ~/.julia/packages/BaseModelica/iBUGv/src/evaluator.jl:326
 [16] eval_AST(package::BaseModelica.BaseModelicaPackage)
    @ BaseModelica ~/.julia/packages/BaseModelica/iBUGv/src/evaluator.jl:368
 [17] baseModelica_to_ModelingToolkit
    @ ~/.julia/packages/BaseModelica/iBUGv/src/evaluator.jl:409 [inlined]
 [18] create_odeproblem(filename::String; parser::Symbol, u0::Vector{Any}, kwargs::@Kwargs{})
    @ BaseModelica ~/.julia/packages/BaseModelica/iBUGv/src/BaseModelica.jl:160
 [19] create_odeproblem
    @ ~/.julia/packages/BaseModelica/iBUGv/src/BaseModelica.jl:149 [inlined]
 [20] run_parse(bm_path::String, model_dir::String, model::String)
    @ BaseModelicaLibraryTesting ~/work/BaseModelicaLibraryTesting.jl/BaseModelicaLibraryTesting.jl/src/parse_bm.jl:24
 [21] test_model(omc::OMJulia.OMCSession, model::String, results_root::String, ref_root::String)
    @ BaseModelicaLibraryTesting ~/work/BaseModelicaLibraryTesting.jl/BaseModelicaLibraryTesting.jl/src/pipeline.jl:23
 [22] main(; library::String, version::String, filter::Nothing, omc_exe::String, results_root::String, ref_root::String)
    @ BaseModelicaLibraryTesting ~/work/BaseModelicaLibraryTesting.jl/BaseModelicaLibraryTesting.jl/src/pipeline.jl:125
 [23] top-level scope
    @ none:3
 [24] eval(m::Module, e::Any)
    @ Core ./boot.jl:489
 [25] exec_options(opts::Base.JLOptions)
    @ Base ./client.jl:283
 [26] _start()
    @ Base ./client.jl:550
