Model:   Modelica.Fluid.Examples.TraceSubstances.RoomCO2WithControls
Time:    6.288 s
Success: false

--- Parser output ---
line 60:8 missing IDENT at '['
line 60:12 missing ';' at ''a''
line 60:16 missing IDENT at '='
line 61:8 missing IDENT at '['
line 61:12 missing ';' at ''n''
line 61:16 missing IDENT at '='
line 74:8 missing IDENT at '['
line 74:12 missing ';' at ''a''
line 74:16 missing IDENT at '='
line 75:8 missing IDENT at '['
line 75:12 missing ';' at ''n''
line 75:16 missing IDENT at '='
line 87:8 missing IDENT at '['
line 87:12 missing ';' at ''a''
line 87:16 missing IDENT at '='
line 88:8 missing IDENT at '['
line 88:12 missing ';' at ''n''
line 88:16 missing IDENT at '='
line 98:14 missing IDENT at '['
line 98:18 missing ';' at ''X''
line 98:21 extraneous input '(' expecting IDENT
line 98:161 extraneous input ')' expecting ';'
line 118:14 missing IDENT at '['
line 118:18 missing ';' at ''X''
line 118:21 extraneous input '(' expecting IDENT
line 118:161 extraneous input ')' expecting ';'
line 121:14 missing IDENT at '['
line 121:18 missing ';' at ''dX''
line 121:22 extraneous input '(' expecting IDENT
line 121:28 missing ';' at 'unit'
line 121:33 missing IDENT at '='
line 121:40 extraneous input ')' expecting ';'
line 153:14 missing IDENT at '['
line 153:18 missing ';' at ''X''
line 153:21 extraneous input '(' expecting IDENT
line 153:161 extraneous input ')' expecting ';'
line 173:14 missing IDENT at '['
line 173:18 missing ';' at ''X''
line 173:21 extraneous input '(' expecting IDENT
line 173:200 mismatched input ')' expecting ';'
line 174:4 extraneous input 'output' expecting {'model', 'type', 'operator', 'record', 'pure', 'constant', 'impure', 'function', '@'}
line 222:8 missing IDENT at '['
line 222:12 missing ';' at ''a''
line 222:16 missing IDENT at '='
line 223:8 missing IDENT at '['
line 223:12 missing ';' at ''n''
line 223:16 missing IDENT at '='
line 236:8 missing IDENT at '['
line 236:12 missing ';' at ''a''
line 236:16 missing IDENT at '='
line 237:8 missing IDENT at '['
line 237:12 missing ';' at ''n''
line 237:16 missing IDENT at '='
line 247:14 missing IDENT at '['
line 247:18 extraneous input ''p'' expecting ';'
line 266:14 missing IDENT at '['
line 266:18 missing ';' at ''X''
line 266:21 extraneous input '(' expecting IDENT
line 266:161 extraneous input ')' expecting ';'
line 288:8 missing IDENT at '['
line 288:12 missing ';' at ''a''
line 288:16 missing IDENT at '='
line 289:8 missing IDENT at '['
line 289:12 missing ';' at ''n''
line 289:16 missing IDENT at '='
line 302:8 missing IDENT at '['
line 302:12 missing ';' at ''a''
line 302:16 missing IDENT at '='
line 303:8 missing IDENT at '['
line 303:12 missing ';' at ''n''
line 303:16 missing IDENT at '='
line 327:8 missing IDENT at '['
line 327:12 missing ';' at ''a''
line 327:16 missing IDENT at '='
line 328:8 missing IDENT at '['
line 328:12 missing ';' at ''n''
line 328:16 missing IDENT at '='
line 342:8 missing IDENT at '['
line 342:12 missing ';' at ''a''
line 342:16 missing IDENT at '='
line 343:8 missing IDENT at '['
line 343:12 missing ';' at ''n''
line 343:16 missing IDENT at '='
line 355:14 missing IDENT at '['
line 355:18 missing ';' at ''X''
line 355:21 extraneous input '(' expecting IDENT
line 355:161 extraneous input ')' expecting ';'
line 358:14 missing IDENT at '['
line 358:18 missing ';' at ''dX''
line 358:22 extraneous input '(' expecting IDENT
line 358:28 missing ';' at 'unit'
line 358:33 missing IDENT at '='
line 358:40 extraneous input ')' expecting ';'
line 418:14 missing IDENT at '['
line 418:18 missing ';' at ''X''
line 418:21 extraneous input '(' expecting IDENT
line 418:200 mismatched input ')' expecting ';'
line 419:4 extraneous input 'output' expecting {'model', 'type', 'operator', 'record', 'pure', 'constant', 'impure', 'function', '@'}
line 456:14 missing IDENT at '['
line 456:18 missing ';' at ''X''
line 456:21 extraneous input '(' expecting IDENT
line 456:200 mismatched input ')' expecting ';'
line 457:4 extraneous input 'output' expecting {'model', 'type', 'operator', 'record', 'pure', 'constant', 'impure', 'function', '@'}
line 469:8 missing IDENT at '['
line 469:12 missing ';' at ''a''
line 469:16 missing IDENT at '='
line 470:8 missing IDENT at '['
line 470:12 missing ';' at ''n''
line 470:16 missing IDENT at '='
line 481:14 missing IDENT at '['
line 481:18 missing ';' at ''X''
line 481:21 extraneous input '(' expecting IDENT
line 481:200 mismatched input ')' expecting ';'
line 482:4 extraneous input 'output' expecting {'model', 'type', 'operator', 'record', 'pure', 'constant', 'impure', 'function', '@'}
line 491:14 missing IDENT at '['
line 491:18 missing ';' at ''X''
line 491:21 extraneous input '(' expecting IDENT
line 491:161 extraneous input ')' expecting ';'
line 494:14 missing IDENT at '['
line 494:18 missing ';' at ''dX''
line 494:22 extraneous input '(' expecting IDENT
line 494:28 missing ';' at 'unit'
line 494:33 missing IDENT at '='
line 494:40 extraneous input ')' expecting ';'
line 563:14 missing IDENT at '['
line 563:18 missing ';' at ''X''
line 563:21 extraneous input '(' expecting IDENT
line 563:161 extraneous input ')' expecting ';'
line 585:8 missing IDENT at '['
line 585:12 missing ';' at ''a''
line 585:16 missing IDENT at '='
line 586:8 missing IDENT at '['
line 586:12 missing ';' at ''n''
line 586:16 missing IDENT at '='
line 596:14 missing IDENT at '['
line 596:18 missing ';' at ''X''
line 596:21 extraneous input '(' expecting IDENT
line 596:200 mismatched input ')' expecting ';'
line 597:4 extraneous input 'output' expecting {'model', 'type', 'operator', 'record', 'pure', 'constant', 'impure', 'function', '@'}
line 608:8 missing IDENT at '['
line 608:12 missing ';' at ''a''
line 608:16 missing IDENT at '='
line 609:8 missing IDENT at '['
line 609:12 missing ';' at ''n''
line 609:16 missing IDENT at '='
line 622:8 missing IDENT at '['
line 622:12 missing ';' at ''a''
line 622:16 missing IDENT at '='
line 623:8 missing IDENT at '['
line 623:12 missing ';' at ''n''
line 623:16 missing IDENT at '='
line 638:8 missing IDENT at '['
line 638:12 missing ';' at ''a''
line 638:16 missing IDENT at '='
line 639:8 missing IDENT at '['
line 639:12 missing ';' at ''n''
line 639:16 missing IDENT at '='
line 650:14 missing IDENT at '['
line 650:18 missing ';' at ''X''
line 650:21 extraneous input '(' expecting IDENT
line 650:161 extraneous input ')' expecting ';'
line 653:14 missing IDENT at '['
line 653:18 missing ';' at ''dX''
line 653:22 extraneous input '(' expecting IDENT
line 653:28 missing ';' at 'unit'
line 653:33 missing IDENT at '='
line 653:40 extraneous input ')' expecting ';'
line 738:8 missing IDENT at '['
line 738:12 missing ';' at ''a''
line 738:16 missing IDENT at '='
line 739:8 missing IDENT at '['
line 739:12 missing ';' at ''n''
line 739:16 missing IDENT at '='
line 756:14 missing IDENT at '['
line 756:18 missing ';' at ''X''
line 756:21 extraneous input '(' expecting IDENT
line 756:200 mismatched input ')' expecting ';'
line 757:4 extraneous input 'output' expecting {'model', 'type', 'operator', 'record', 'pure', 'constant', 'impure', 'function', '@'}
line 769:8 missing IDENT at '['
line 769:12 missing ';' at ''a''
line 769:16 missing IDENT at '='
line 770:8 missing IDENT at '['
line 770:12 missing ';' at ''n''
line 770:16 missing IDENT at '='
line 782:14 missing IDENT at '['
line 782:18 missing ';' at ''X''
line 782:21 extraneous input '(' expecting IDENT
line 782:161 extraneous input ')' expecting ';'
line 860:8 missing IDENT at '['
line 860:12 missing ';' at ''a''
line 860:16 missing IDENT at '='
line 861:8 missing IDENT at '['
line 861:12 missing ';' at ''n''
line 861:16 missing IDENT at '='
line 873:8 missing IDENT at '['
line 873:12 missing ';' at ''a''
line 873:16 missing IDENT at '='
line 874:8 missing IDENT at '['
line 874:12 missing ';' at ''n''
line 874:16 missing IDENT at '='
line 884:14 missing IDENT at '['
line 884:18 missing ';' at ''X''
line 884:21 extraneous input '(' expecting IDENT
line 884:200 mismatched input ')' expecting ';'
line 885:4 extraneous input 'output' expecting {'model', 'type', 'operator', 'record', 'pure', 'constant', 'impure', 'function', '@'}
line 897:8 missing IDENT at '['
line 897:12 missing ';' at ''a''
line 897:16 missing IDENT at '='
line 898:8 missing IDENT at '['
line 898:12 missing ';' at ''n''
line 898:16 missing IDENT at '='
line 910:14 missing IDENT at '['
line 910:18 missing ';' at ''X''
line 910:21 extraneous input '(' expecting IDENT
line 910:161 extraneous input ')' expecting ';'
line 913:14 missing IDENT at '['
line 913:18 missing ';' at ''dX''
line 913:22 extraneous input '(' expecting IDENT
line 913:28 missing ';' at 'unit'
line 913:33 missing IDENT at '='
line 913:40 extraneous input ')' expecting ';'
line 947:8 missing IDENT at '['
line 947:12 missing ';' at ''a''
line 947:16 missing IDENT at '='
line 948:8 missing IDENT at '['
line 948:12 missing ';' at ''n''
line 948:16 missing IDENT at '='
line 956:14 missing IDENT at '['
line 956:18 extraneous input ''p'' expecting ';'
line 1003:14 missing IDENT at '['
line 1003:18 missing ';' at ''X''
line 1003:21 extraneous input '(' expecting IDENT
line 1003:161 extraneous input ')' expecting ';'
line 1006:14 missing IDENT at '['
line 1006:18 missing ';' at ''dX''
line 1006:22 extraneous input '(' expecting IDENT
line 1006:28 missing ';' at 'unit'
line 1006:33 missing IDENT at '='
line 1006:40 extraneous input ')' expecting ';'
line 1038:14 missing IDENT at '['
line 1038:18 missing ';' at ''X''
line 1038:21 extraneous input '(' expecting IDENT
line 1038:200 mismatched input ')' expecting ';'
line 1039:4 extraneous input 'output' expecting {'model', 'type', 'operator', 'record', 'pure', 'constant', 'impure', 'function', '@'}
line 1054:14 missing IDENT at '['
line 1054:18 missing ';' at ''X''
line 1054:21 extraneous input '(' expecting IDENT
line 1054:161 extraneous input ')' expecting ';'
line 1083:8 missing IDENT at '['
line 1083:12 missing ';' at ''a''
line 1083:16 missing IDENT at '='
line 1084:8 missing IDENT at '['
line 1084:12 missing ';' at ''n''
line 1084:16 missing IDENT at '='
line 1097:8 missing IDENT at '['
line 1097:12 missing ';' at ''a''
line 1097:16 missing IDENT at '='
line 1098:8 missing IDENT at '['
line 1098:12 missing ';' at ''n''
line 1098:16 missing IDENT at '='
line 1108:14 missing IDENT at '['
line 1108:18 missing ';' at ''X''
line 1108:21 extraneous input '(' expecting IDENT
line 1108:200 mismatched input ')' expecting ';'
line 1109:4 extraneous input 'output' expecting {'model', 'type', 'operator', 'record', 'pure', 'constant', 'impure', 'function', '@'}
line 1220:16 missing IDENT at '['
line 1220:20 extraneous input ''substanceNames'' expecting ';'
line 1223:14 missing IDENT at '['
line 1223:18 extraneous input ''X_boundary'' expecting ';'
line 1344:8 missing IDENT at '['
line 1344:12 missing ';' at ''a''
line 1344:16 missing IDENT at '='
line 1345:8 missing IDENT at '['
line 1345:12 missing ';' at ''n''
line 1345:16 missing IDENT at '='
line 1358:8 missing IDENT at '['
line 1358:12 missing ';' at ''a''
line 1358:16 missing IDENT at '='
line 1359:8 missing IDENT at '['
line 1359:12 missing ';' at ''n''
line 1359:16 missing IDENT at '='
line 1412:8 missing IDENT at '['
line 1412:12 missing ';' at ''X''
line 1412:15 extraneous input '(' expecting IDENT
line 1412:161 extraneous input ')' expecting ';'
line 1418:8 missing IDENT at '['
line 1418:12 missing ';' at ''X''
line 1418:15 extraneous input '(' expecting IDENT
line 1418:161 extraneous input ')' expecting ';'
line 1429:2 extraneous input 'class' expecting {'model', 'type', 'operator', 'record', 'pure', 'constant', 'impure', 'function', '@'}
line 1435:16 missing IDENT at '['
line 1435:23 extraneous input ''table'' expecting ';'
line 1437:19 missing IDENT at '['
line 1437:23 extraneous input ''columns'' expecting ';'
line 1454:0 extraneous input 'end' expecting {'model', 'type', 'operator', 'record', 'pure', 'constant', 'impure', 'function', '@'}
line 1465:8 missing IDENT at '['
line 1465:12 missing ';' at ''X''
line 1465:15 extraneous input '(' expecting IDENT
line 1465:161 extraneous input ')' expecting ';'
line 1471:8 missing IDENT at '['
line 1471:12 missing ';' at ''X''
line 1471:15 extraneous input '(' expecting IDENT
line 1471:161 extraneous input ')' expecting ';'
line 1477:8 missing IDENT at '['
line 1477:12 missing ';' at ''X''
line 1477:15 extraneous input '(' expecting IDENT
line 1477:161 extraneous input ')' expecting ';'
line 1483:8 missing IDENT at '['
line 1483:12 missing ';' at ''X''
line 1483:15 extraneous input '(' expecting IDENT
line 1483:161 extraneous input ')' expecting ';'
line 1492:8 missing IDENT at '['
line 1492:12 extraneous input ''alow'' expecting ';'
line 1493:8 missing IDENT at '['
line 1493:12 extraneous input ''blow'' expecting ';'
line 1494:8 missing IDENT at '['
line 1494:12 extraneous input ''ahigh'' expecting ';'
line 1495:8 missing IDENT at '['
line 1495:12 extraneous input ''bhigh'' expecting ';'
line 1638:336 mismatched input '.' expecting ')'
line 1638:340 extraneous input '(' expecting IDENT
line 1638:430 mismatched input '101325.0' expecting {')', '@', IDENT}
line 1638:458 mismatched input '{' expecting IDENT
line 1638:465 mismatched input '0.99' expecting IDENT
line 1638:476 extraneous input '(' expecting IDENT
line 1638:566 mismatched input '101325.0' expecting {')', '@', IDENT}
line 1638:594 mismatched input '{' expecting IDENT
line 1638:601 mismatched input '0.99' expecting IDENT
line 1831:340 mismatched input '.' expecting ')'
line 1831:344 extraneous input '(' expecting IDENT
line 1831:435 mismatched input '101325.0' expecting {')', '@', IDENT}
line 1831:464 mismatched input '{' expecting IDENT
line 1831:471 mismatched input '0.99' expecting IDENT
line 1831:482 extraneous input '(' expecting IDENT
line 1831:573 mismatched input '101325.0' expecting {')', '@', IDENT}
line 1831:602 mismatched input '{' expecting IDENT
line 1831:609 mismatched input '0.99' expecting IDENT
line 2365:336 mismatched input '.' expecting ')'
line 2365:340 extraneous input '(' expecting IDENT
line 2365:430 mismatched input '101325.0' expecting {')', '@', IDENT}
line 2365:458 mismatched input '{' expecting IDENT
line 2365:465 mismatched input '0.99' expecting IDENT
line 2365:476 extraneous input '(' expecting IDENT
line 2365:566 mismatched input '101325.0' expecting {')', '@', IDENT}
line 2365:594 mismatched input '{' expecting IDENT
line 2365:601 mismatched input '0.99' expecting IDENT
line 2811:272 mismatched input '.' expecting ')'
line 2839:41 missing ';' at 'traceVolume'
line 2839:56 extraneous input '']'' expecting ';'
line 2851:266 mismatched input '.' expecting ')'
line 2876:108 token recognition error at: '$'
line 2876:109 mismatched input 'i4491' expecting ')'
line 2876:174 mismatched input ',' expecting ';'
line 2877:4 mismatched input ''freshAir.ports[1].p'' expecting {'end', 'annotation'}

--- Error ---
Python: AttributeError: 'NoneType' object has no attribute 'getText'
Python stacktrace: none
Stacktrace:
  [1] pythrow()
    @ PythonCall.Core ~/.julia/packages/PythonCall/83z4q/src/Core/err.jl:77
  [2] errcheck
    @ ~/.julia/packages/PythonCall/83z4q/src/Core/err.jl:10 [inlined]
  [3] pygetattr(x::PythonCall.Py, k::String)
    @ PythonCall.Core ~/.julia/packages/PythonCall/83z4q/src/Core/builtins.jl:58
  [4] getproperty
    @ ~/.julia/packages/PythonCall/83z4q/src/Core/Py.jl:275 [inlined]
  [5] get_text(ctx::PythonCall.Py)
    @ BaseModelica ~/.julia/packages/BaseModelica/G7VqY/src/antlr_parser.jl:174
  [6] visit_declaration(visitor::BaseModelica.ASTBuilderVisitor, ctx::PythonCall.Py)
    @ BaseModelica ~/.julia/packages/BaseModelica/G7VqY/src/antlr_parser.jl:438
  [7] visit_componentDeclaration(visitor::BaseModelica.ASTBuilderVisitor, ctx::PythonCall.Py)
    @ BaseModelica ~/.julia/packages/BaseModelica/G7VqY/src/antlr_parser.jl:428
  [8] visit_componentList(visitor::BaseModelica.ASTBuilderVisitor, ctx::PythonCall.Py)
    @ BaseModelica ~/.julia/packages/BaseModelica/G7VqY/src/antlr_parser.jl:420
  [9] visit_componentClause(visitor::BaseModelica.ASTBuilderVisitor, ctx::PythonCall.Py)
    @ BaseModelica ~/.julia/packages/BaseModelica/G7VqY/src/antlr_parser.jl:373
 [10] visit_normalElement(visitor::BaseModelica.ASTBuilderVisitor, ctx::PythonCall.Py)
    @ BaseModelica ~/.julia/packages/BaseModelica/G7VqY/src/antlr_parser.jl:366
 [11] visit_genericElement(visitor::BaseModelica.ASTBuilderVisitor, ctx::PythonCall.Py)
    @ BaseModelica ~/.julia/packages/BaseModelica/G7VqY/src/antlr_parser.jl:358
 [12] visit_composition(visitor::BaseModelica.ASTBuilderVisitor, ctx::PythonCall.Py)
    @ BaseModelica ~/.julia/packages/BaseModelica/G7VqY/src/antlr_parser.jl:306
 [13] visit_longClassSpecifier(visitor::BaseModelica.ASTBuilderVisitor, ctx::PythonCall.Py)
    @ BaseModelica ~/.julia/packages/BaseModelica/G7VqY/src/antlr_parser.jl:245
 [14] visit_baseModelica(visitor::BaseModelica.ASTBuilderVisitor, ctx::PythonCall.Py)
    @ BaseModelica ~/.julia/packages/BaseModelica/G7VqY/src/antlr_parser.jl:217
 [15] antlr_tree_to_ast
    @ ~/.julia/packages/BaseModelica/G7VqY/src/antlr_parser.jl:161 [inlined]
 [16] parse_file_antlr(file_path::String)
    @ BaseModelica ~/.julia/packages/BaseModelica/G7VqY/src/antlr_parser.jl:1250
 [17] create_odeproblem(filename::String; parser::Symbol, u0::Vector{Any}, kwargs::@Kwargs{})
    @ BaseModelica ~/.julia/packages/BaseModelica/G7VqY/src/BaseModelica.jl:152
 [18] create_odeproblem
    @ ~/.julia/packages/BaseModelica/G7VqY/src/BaseModelica.jl:149 [inlined]
 [19] #run_parse##4
    @ ~/work/BaseModelicaLibraryTesting.jl/BaseModelicaLibraryTesting.jl/src/parse_bm.jl:34 [inlined]
 [20] with_logstate(f::BaseModelicaLibraryTesting.var"#run_parse##4#run_parse##5"{String}, logstate::Base.CoreLogging.LogState)
    @ Base.CoreLogging ./logging/logging.jl:542
 [21] (::Base.RedirectStdStream)(thunk::BaseModelicaLibraryTesting.var"#run_parse##2#run_parse##3"{String, Base.CoreLogging.SimpleLogger}, stream::Pipe)
    @ Base ./stream.jl:1457
 [22] #run_parse##0
    @ ~/work/BaseModelicaLibraryTesting.jl/BaseModelicaLibraryTesting.jl/src/parse_bm.jl:32 [inlined]
 [23] (::Base.RedirectStdStream)(thunk::BaseModelicaLibraryTesting.var"#run_parse##0#run_parse##1"{String, Base.CoreLogging.SimpleLogger, Pipe}, stream::Pipe)
    @ Base ./stream.jl:1464
 [24] run_parse(bm_path::String, model_dir::String, model::String)
    @ BaseModelicaLibraryTesting ~/work/BaseModelicaLibraryTesting.jl/BaseModelicaLibraryTesting.jl/src/parse_bm.jl:31
 [25] test_model(omc::OMJulia.OMCSession, model::String, results_root::String, ref_root::String; csv_max_size_mb::Int64)
    @ BaseModelicaLibraryTesting ~/work/BaseModelicaLibraryTesting.jl/BaseModelicaLibraryTesting.jl/src/pipeline.jl:75
 [26] test_model
    @ ~/work/BaseModelicaLibraryTesting.jl/BaseModelicaLibraryTesting.jl/src/pipeline.jl:60 [inlined]
 [27] main(; library::String, version::String, filter::Nothing, omc_exe::String, results_root::String, ref_root::String, bm_options::String, csv_max_size_mb::Int64)
    @ BaseModelicaLibraryTesting ~/work/BaseModelicaLibraryTesting.jl/BaseModelicaLibraryTesting.jl/src/pipeline.jl:189
 [28] top-level scope
    @ none:3
 [29] eval(m::Module, e::Any)
    @ Core ./boot.jl:489
 [30] exec_options(opts::Base.JLOptions)
    @ Base ./client.jl:283
 [31] _start()
    @ Base ./client.jl:550
