Model:  Modelica.Thermal.FluidHeatFlow.Examples.PumpAndValve
Time:    0.065 s
Success: false

--- Error ---
Variable var"idealPump.flange_a.tau"(t) not assigned in else branch
Stacktrace:
  [1] error(s::String)
    @ Base ./error.jl:44
  [2] (::BaseModelica.var"#build_ifelse_for_var#eval_AST##1"{BaseModelica.BaseModelicaIfEquation, BaseModelica.var"#get_rhs_for_var#eval_AST##0", Bool})(var_lhs::SymbolicUtils.BasicSymbolicImpl.var"typeof(BasicSymbolicImpl)"{SymbolicUtils.SymReal}, idx::Int64)
    @ BaseModelica ~/.julia/packages/BaseModelica/NmPPa/src/evaluator.jl:186
  [3] (::BaseModelica.var"#build_ifelse_for_var#eval_AST##1"{BaseModelica.BaseModelicaIfEquation, BaseModelica.var"#get_rhs_for_var#eval_AST##0", Bool})(var_lhs::SymbolicUtils.BasicSymbolicImpl.var"typeof(BasicSymbolicImpl)"{SymbolicUtils.SymReal}, idx::Int64)
    @ BaseModelica ~/.julia/packages/BaseModelica/NmPPa/src/evaluator.jl:206
  [4] (::BaseModelica.var"#build_ifelse_for_var#eval_AST##1"{BaseModelica.BaseModelicaIfEquation, BaseModelica.var"#get_rhs_for_var#eval_AST##0", Bool})(var_lhs::SymbolicUtils.BasicSymbolicImpl.var"typeof(BasicSymbolicImpl)"{SymbolicUtils.SymReal})
    @ BaseModelica ~/.julia/packages/BaseModelica/NmPPa/src/evaluator.jl:181
  [5] eval_AST(if_eq::BaseModelica.BaseModelicaIfEquation)
    @ BaseModelica ~/.julia/packages/BaseModelica/NmPPa/src/evaluator.jl:213
  [6] (::BaseModelica.var"#eval_AST##8#eval_AST##9")(eq::BaseModelica.BaseModelicaIfEquation)
    @ BaseModelica ./none:-1
  [7] iterate
    @ ./generator.jl:48 [inlined]
  [8] collect_to!(dest::Vector{Symbolics.Equation}, itr::Base.Generator{Vector{Any}, BaseModelica.var"#eval_AST##8#eval_AST##9"}, offs::Int64, st::Int64)
    @ Base ./array.jl:848
  [9] collect_to_with_first!(dest::Vector{Symbolics.Equation}, v1::Symbolics.Equation, itr::Base.Generator{Vector{Any}, BaseModelica.var"#eval_AST##8#eval_AST##9"}, st::Int64)
    @ Base ./array.jl:826
 [10] collect(itr::Base.Generator{Vector{Any}, BaseModelica.var"#eval_AST##8#eval_AST##9"})
    @ Base ./array.jl:800
 [11] eval_AST(model::BaseModelica.BaseModelicaModel)
    @ BaseModelica ~/.julia/packages/BaseModelica/NmPPa/src/evaluator.jl:454
 [12] eval_AST(package::BaseModelica.BaseModelicaPackage)
    @ BaseModelica ~/.julia/packages/BaseModelica/NmPPa/src/evaluator.jl:838
 [13] baseModelica_to_ModelingToolkit
    @ ~/.julia/packages/BaseModelica/NmPPa/src/evaluator.jl:888 [inlined]
 [14] (::BaseModelicaLibraryTesting.var"#run_parse##10#run_parse##11")()
    @ BaseModelicaLibraryTesting ~/work/BaseModelicaLibraryTesting.jl/BaseModelicaLibraryTesting.jl/src/parse_bm.jl:78
 [15] with_logstate(f::BaseModelicaLibraryTesting.var"#run_parse##10#run_parse##11", logstate::Base.CoreLogging.LogState)
    @ Base.CoreLogging ./logging/logging.jl:542
 [16] (::BaseModelicaLibraryTesting.var"#run_parse##8#run_parse##9")()
    @ BaseModelicaLibraryTesting ~/work/BaseModelicaLibraryTesting.jl/BaseModelicaLibraryTesting.jl/src/parse_bm.jl:77
 [17] (::Base.RedirectStdStream)(thunk::BaseModelicaLibraryTesting.var"#run_parse##8#run_parse##9", stream::Pipe)
    @ Base ./stream.jl:1464
 [18] (::Base.RedirectStdStream)(thunk::BaseModelicaLibraryTesting.var"#run_parse##6#run_parse##7"{Pipe}, stream::Pipe)
    @ Base ./stream.jl:1457
 [19] run_parse(bm_path::String, model_dir::String, model::String)
    @ BaseModelicaLibraryTesting ~/work/BaseModelicaLibraryTesting.jl/BaseModelicaLibraryTesting.jl/src/parse_bm.jl:28
 [20] test_model(omc::OMJulia.OMCSession, model::String, results_root::String, ref_root::String; sim_settings::SimulateSettings, csv_max_size_mb::Int64)
    @ BaseModelicaLibraryTesting ~/work/BaseModelicaLibraryTesting.jl/BaseModelicaLibraryTesting.jl/src/pipeline.jl:82
 [21] test_model
    @ ~/work/BaseModelicaLibraryTesting.jl/BaseModelicaLibraryTesting.jl/src/pipeline.jl:60 [inlined]
 [22] main(; library::String, version::String, filter::String, omc_exe::String, results_root::String, ref_root::String, bm_options::String, sim_settings::SimulateSettings, csv_max_size_mb::Int64)
    @ BaseModelicaLibraryTesting ~/work/BaseModelicaLibraryTesting.jl/BaseModelicaLibraryTesting.jl/src/pipeline.jl:220
 [23] top-level scope
    @ none:7
 [24] eval(m::Module, e::Any)
    @ Core ./boot.jl:489
 [25] exec_options(opts::Base.JLOptions)
    @ Base ./client.jl:283
 [26] _start()
    @ Base ./client.jl:550
