Model:   Modelica.Blocks.Examples.FilterWithRiseTime
┌ Warning: The initialization system is structurally singular. Guess values may significantly affect the initial values of the ODE. The problematic variables are SymbolicUtils.BasicSymbolicImpl.var"typeof(BasicSymbolicImpl)"{SymbolicUtils.SymReal}[var"filter_fac3.r[1]", var"filter_fac5.x[2]"(t), var"filter_fac5.r[2]", var"filter_fac3.x[2]"(t), var"filter_fac4.uu[2]"(t), var"filter_fac4.r[2]"].
│ 
│ Note that the identification of problematic variables is a best-effort heuristic.
└ @ ModelingToolkitBase /home/runner/.julia/packages/ModelingToolkitBase/uIKoY/src/problems/initializationproblem.jl:98
┌ Warning: Initialization system is underdetermined. 6 equations for 12 unknowns. Initialization will default to using least squares. `SCCNonlinearProblem` can only be used for initialization of fully determined systems and hence will not be used here.
│ 
│ 
│ To suppress this warning, pass `warn_initialize_determined = false`. To turn this warning into an error, pass `fully_determined = true`.
└ @ ModelingToolkit /home/runner/.julia/packages/ModelingToolkit/ROEoO/src/initialization.jl:25
┌ Warning: Did not converge after `maxiters = 100` substitutions. Either there \
│ is a cycle in the rules or `maxiters` needs to be higher.
└ @ Symbolics /home/runner/.julia/packages/Symbolics/oq6uS/src/variable.jl:443
┌ Warning: Did not converge after `maxiters = 100` substitutions. Either there \
│ is a cycle in the rules or `maxiters` needs to be higher.
└ @ Symbolics /home/runner/.julia/packages/Symbolics/oq6uS/src/variable.jl:443
┌ Warning: Did not converge after `maxiters = 100` substitutions. Either there \
│ is a cycle in the rules or `maxiters` needs to be higher.
└ @ Symbolics /home/runner/.julia/packages/Symbolics/oq6uS/src/variable.jl:443
┌ Warning: Did not converge after `maxiters = 100` substitutions. Either there \
│ is a cycle in the rules or `maxiters` needs to be higher.
└ @ Symbolics /home/runner/.julia/packages/Symbolics/oq6uS/src/variable.jl:443
┌ Warning: Did not converge after `maxiters = 100` substitutions. Either there \
│ is a cycle in the rules or `maxiters` needs to be higher.
└ @ Symbolics /home/runner/.julia/packages/Symbolics/oq6uS/src/variable.jl:443
┌ Warning: Did not converge after `maxiters = 100` substitutions. Either there \
│ is a cycle in the rules or `maxiters` needs to be higher.
└ @ Symbolics /home/runner/.julia/packages/Symbolics/oq6uS/src/variable.jl:443
Time:    1.118 s
Success: true
