Model:   Modelica.Electrical.Digital.Examples.WiredX
Time:    0.256 s
Success: false

--- Parser output ---
line 39:64 missing ';' at 'Modelica'
line 39:111 token recognition error at: '\'
line 39:112 missing ';' at ''U\'''
line 39:117 extraneous input ',' expecting IDENT
line 39:164 missing ';' at '.'
line 39:173 token recognition error at: '' = 0 "Specification of delay according to signal change";\n'
line 39:172 mismatched input ']' expecting IDENT
line 40:111 token recognition error at: '\'
line 40:164 missing ';' at '.'
line 40:173 token recognition error at: '' = 0 "Specification of delay according to signal change";\n'
line 40:172 mismatched input ']' expecting IDENT
line 41:111 token recognition error at: '\'
line 41:164 missing ';' at '.'
line 41:173 token recognition error at: '' = -1 "Specification of delay according to signal change";\n'
line 41:172 mismatched input ']' expecting IDENT
line 42:111 token recognition error at: '\'
line 42:164 missing ';' at '.'
line 42:173 token recognition error at: '' = 1 "Specification of delay according to signal change";\n'
line 42:172 mismatched input ']' expecting IDENT
line 43:111 token recognition error at: '\'
line 43:164 missing ';' at '.'
line 43:173 token recognition error at: '' = 0 "Specification of delay according to signal change";\n'
line 43:172 mismatched input ']' expecting IDENT
line 44:111 token recognition error at: '\'
line 44:164 missing ';' at '.'
line 44:173 token recognition error at: '' = 0 "Specification of delay according to signal change";\n'
line 44:172 mismatched input ']' expecting IDENT
line 45:111 token recognition error at: '\'
line 45:164 missing ';' at '.'
line 45:173 token recognition error at: '' = -1 "Specification of delay according to signal change";\n'
line 45:172 mismatched input ']' expecting IDENT
line 46:111 token recognition error at: '\'
line 46:164 missing ';' at '.'
line 46:173 token recognition error at: '' = 1 "Specification of delay according to signal change";\n'
line 46:172 mismatched input ']' expecting IDENT
line 47:111 token recognition error at: '\'
line 47:164 missing ';' at '.'
line 47:173 token recognition error at: '' = 0 "Specification of delay according to signal change";\n'
line 47:172 mismatched input ']' expecting IDENT
line 48:111 token recognition error at: '\'
line 48:164 missing ';' at '.'
line 48:173 token recognition error at: '' = 0 "Specification of delay according to signal change";\n'
line 48:172 mismatched input ']' expecting IDENT
line 49:111 token recognition error at: '\'
line 49:164 missing ';' at '.'
line 49:173 token recognition error at: '' = 0 "Specification of delay according to signal change";\n'
line 49:172 mismatched input ']' expecting IDENT
line 50:111 token recognition error at: '\'
line 50:164 missing ';' at '.'
line 50:173 token recognition error at: '' = -1 "Specification of delay according to signal change";\n'
line 50:172 mismatched input ']' expecting IDENT
line 51:111 token recognition error at: '\'
line 51:164 missing ';' at '.'
line 51:173 token recognition error at: '' = 1 "Specification of delay according to signal change";\n'
line 51:172 mismatched input ']' expecting IDENT
line 52:111 token recognition error at: '\'
line 52:164 missing ';' at '.'
line 52:173 token recognition error at: '' = 0 "Specification of delay according to signal change";\n'
line 52:172 mismatched input ']' expecting IDENT
line 53:111 token recognition error at: '\'
line 53:164 missing ';' at '.'
line 53:173 token recognition error at: '' = 0 "Specification of delay according to signal change";\n'
line 53:172 mismatched input ']' expecting IDENT
line 54:111 token recognition error at: '\'
line 54:164 missing ';' at '.'
line 54:173 token recognition error at: '' = -1 "Specification of delay according to signal change";\n'
line 54:172 mismatched input ']' expecting IDENT
line 55:111 token recognition error at: '\'
line 55:164 missing ';' at '.'
line 55:173 token recognition error at: '' = 1 "Specification of delay according to signal change";\n'
line 55:172 mismatched input ']' expecting IDENT
line 56:111 token recognition error at: '\'
line 56:164 missing ';' at '.'
line 56:173 token recognition error at: '' = 0 "Specification of delay according to signal change";\n'
line 56:172 mismatched input ']' expecting IDENT
line 57:111 token recognition error at: '\'
line 57:164 missing ';' at '.'
line 57:173 token recognition error at: '' = 1 "Specification of delay according to signal change";\n'
line 57:172 mismatched input ']' expecting IDENT
line 58:111 token recognition error at: '\'
line 58:164 missing ';' at '.'
line 58:173 token recognition error at: '' = 1 "Specification of delay according to signal change";\n'
line 58:172 mismatched input ']' expecting IDENT
line 59:111 token recognition error at: '\'
line 59:164 missing ';' at '.'
line 59:173 token recognition error at: '' = 0 "Specification of delay according to signal change";\n'
line 59:172 mismatched input ']' expecting IDENT
line 60:111 token recognition error at: '\'
line 60:164 missing ';' at '.'
line 60:173 token recognition error at: '' = 1 "Specification of delay according to signal change";\n'
line 60:172 mismatched input ']' expecting IDENT
line 61:111 token recognition error at: '\'
line 61:164 missing ';' at '.'
line 61:173 token recognition error at: '' = 1 "Specification of delay according to signal change";\n'
line 61:172 mismatched input ']' expecting IDENT
line 62:111 token recognition error at: '\'
line 62:164 missing ';' at '.'
line 62:173 token recognition error at: '' = 1 "Specification of delay according to signal change";\n'
line 62:172 mismatched input ']' expecting IDENT
line 63:111 token recognition error at: '\'
line 63:164 missing ';' at '.'
line 63:173 token recognition error at: '' = 0 "Specification of delay according to signal change";\n'
line 63:172 mismatched input ']' expecting IDENT
line 64:111 token recognition error at: '\'
line 64:164 missing ';' at '.'
line 64:173 token recognition error at: '' = 1 "Specification of delay according to signal change";\n'
line 64:172 mismatched input ']' expecting IDENT
line 65:111 token recognition error at: '\'
line 65:164 missing ';' at '.'
line 65:173 token recognition error at: '' = 1 "Specification of delay according to signal change";\n'
line 65:172 mismatched input ']' expecting IDENT
line 66:111 token recognition error at: '\'
line 66:164 missing ';' at '.'
line 66:173 token recognition error at: '' = -1 "Specification of delay according to signal change";\n'
line 66:172 mismatched input ']' expecting IDENT
line 67:111 token recognition error at: '\'
line 67:164 missing ';' at '.'
line 67:173 token recognition error at: '' = -1 "Specification of delay according to signal change";\n'
line 67:172 mismatched input ']' expecting IDENT
line 68:111 token recognition error at: '\'
line 68:164 missing ';' at '.'
line 68:173 token recognition error at: '' = -1 "Specification of delay according to signal change";\n'
line 68:172 mismatched input ']' expecting IDENT
line 69:111 token recognition error at: '\'
line 69:164 missing ';' at '.'
line 69:173 token recognition error at: '' = 0 "Specification of delay according to signal change";\n'
line 69:172 mismatched input ']' expecting IDENT
line 70:111 token recognition error at: '\'
line 70:164 missing ';' at '.'
line 70:173 token recognition error at: '' = -1 "Specification of delay according to signal change";\n'
line 70:172 mismatched input ']' expecting IDENT
line 71:111 token recognition error at: '\'
line 71:164 missing ';' at '.'
line 71:173 token recognition error at: '' = -1 "Specification of delay according to signal change";\n'
line 71:172 mismatched input ']' expecting IDENT
line 72:111 token recognition error at: '\'
line 72:164 missing ';' at '.'
line 72:173 token recognition error at: '' = -1 "Specification of delay according to signal change";\n'
line 72:172 mismatched input ']' expecting IDENT
line 73:111 token recognition error at: '\'
line 73:164 missing ';' at '.'
line 73:173 token recognition error at: '' = 0 "Specification of delay according to signal change";\n'
line 73:172 mismatched input ']' expecting IDENT
line 74:111 token recognition error at: '\'
line 74:164 missing ';' at '.'
line 74:173 token recognition error at: '' = -1 "Specification of delay according to signal change";\n'
line 74:172 mismatched input ']' expecting IDENT
line 75:111 token recognition error at: '\'
line 75:164 missing ';' at '.'
line 75:173 token recognition error at: '' = 0 "Specification of delay according to signal change";\n'
line 75:172 mismatched input ']' expecting IDENT
line 76:111 token recognition error at: '\'
line 76:164 missing ';' at '.'
line 76:173 token recognition error at: '' = 0 "Specification of delay according to signal change";\n'
line 76:172 mismatched input ']' expecting IDENT
line 77:111 token recognition error at: '\'
line 77:164 missing ';' at '.'
line 77:173 token recognition error at: '' = -1 "Specification of delay according to signal change";\n'
line 77:172 mismatched input ']' expecting IDENT
line 78:111 token recognition error at: '\'
line 78:164 missing ';' at '.'
line 78:173 token recognition error at: '' = 1 "Specification of delay according to signal change";\n'
line 78:172 mismatched input ']' expecting IDENT
line 79:111 token recognition error at: '\'
line 79:164 missing ';' at '.'
line 79:173 token recognition error at: '' = 0 "Specification of delay according to signal change";\n'
line 79:172 mismatched input ']' expecting IDENT
line 80:111 token recognition error at: '\'
line 80:164 missing ';' at '.'
line 80:173 token recognition error at: '' = 0 "Specification of delay according to signal change";\n'
line 80:172 mismatched input ']' expecting IDENT
line 81:111 token recognition error at: '\'
line 81:164 missing ';' at '.'
line 81:173 token recognition error at: '' = -1 "Specification of delay according to signal change";\n'
line 81:172 mismatched input ']' expecting IDENT
line 82:111 token recognition error at: '\'
line 82:164 missing ';' at '.'
line 82:173 token recognition error at: '' = 1 "Specification of delay according to signal change";\n'
line 82:172 mismatched input ']' expecting IDENT
line 83:111 token recognition error at: '\'
line 83:164 missing ';' at '.'
line 83:173 token recognition error at: '' = 0 "Specification of delay according to signal change";\n'
line 83:172 mismatched input ']' expecting IDENT
line 84:111 token recognition error at: '\'
line 84:164 missing ';' at '.'
line 84:173 token recognition error at: '' = 0 "Specification of delay according to signal change";\n'
line 84:172 mismatched input ']' expecting IDENT
line 85:111 token recognition error at: '\'
line 85:164 missing ';' at '.'
line 85:173 token recognition error at: '' = 0 "Specification of delay according to signal change";\n'
line 85:172 mismatched input ']' expecting IDENT
line 86:111 token recognition error at: '\'
line 86:164 missing ';' at '.'
line 86:173 token recognition error at: '' = -1 "Specification of delay according to signal change";\n'
line 86:172 mismatched input ']' expecting IDENT
line 87:111 token recognition error at: '\'
line 87:164 missing ';' at '.'
line 87:173 token recognition error at: '' = 1 "Specification of delay according to signal change";\n'
line 87:172 mismatched input ']' expecting IDENT
line 88:111 token recognition error at: '\'
line 88:164 missing ';' at '.'
line 88:173 token recognition error at: '' = 0 "Specification of delay according to signal change";\n'
line 88:172 mismatched input ']' expecting IDENT
line 89:111 token recognition error at: '\'
line 89:164 missing ';' at '.'
line 89:173 token recognition error at: '' = 0 "Specification of delay according to signal change";\n'
line 89:172 mismatched input ']' expecting IDENT
line 90:111 token recognition error at: '\'
line 90:164 missing ';' at '.'
line 90:173 token recognition error at: '' = -1 "Specification of delay according to signal change";\n'
line 90:172 mismatched input ']' expecting IDENT
line 91:111 token recognition error at: '\'
line 91:164 missing ';' at '.'
line 91:173 token recognition error at: '' = 1 "Specification of delay according to signal change";\n'
line 91:172 mismatched input ']' expecting IDENT
line 92:111 token recognition error at: '\'
line 92:164 missing ';' at '.'
line 92:173 token recognition error at: '' = 0 "Specification of delay according to signal change";\n'
line 92:172 mismatched input ']' expecting IDENT
line 93:111 token recognition error at: '\'
line 93:164 missing ';' at '.'
line 93:173 token recognition error at: '' = 1 "Specification of delay according to signal change";\n'
line 93:172 mismatched input ']' expecting IDENT
line 94:111 token recognition error at: '\'
line 94:164 missing ';' at '.'
line 94:173 token recognition error at: '' = 1 "Specification of delay according to signal change";\n'
line 94:172 mismatched input ']' expecting IDENT
line 95:111 token recognition error at: '\'
line 95:164 missing ';' at '.'
line 95:173 token recognition error at: '' = 0 "Specification of delay according to signal change";\n'
line 95:172 mismatched input ']' expecting IDENT
line 96:111 token recognition error at: '\'
line 96:164 missing ';' at '.'
line 96:173 token recognition error at: '' = 1 "Specification of delay according to signal change";\n'
line 96:172 mismatched input ']' expecting IDENT
line 97:111 token recognition error at: '\'
line 97:164 missing ';' at '.'
line 97:173 token recognition error at: '' = 1 "Specification of delay according to signal change";\n'
line 97:172 mismatched input ']' expecting IDENT
line 98:111 token recognition error at: '\'
line 98:164 missing ';' at '.'
line 98:173 token recognition error at: '' = 1 "Specification of delay according to signal change";\n'
line 98:172 mismatched input ']' expecting IDENT
line 99:111 token recognition error at: '\'
line 99:164 missing ';' at '.'
line 99:173 token recognition error at: '' = 0 "Specification of delay according to signal change";\n'
line 99:172 mismatched input ']' expecting IDENT
line 100:111 token recognition error at: '\'
line 100:164 missing ';' at '.'
line 100:173 token recognition error at: '' = 1 "Specification of delay according to signal change";\n'
line 100:172 mismatched input ']' expecting IDENT
line 101:111 token recognition error at: '\'
line 101:164 missing ';' at '.'
line 101:173 token recognition error at: '' = 1 "Specification of delay according to signal change";\n'
line 101:172 mismatched input ']' expecting IDENT
line 102:111 token recognition error at: '\'
line 102:164 missing ';' at '.'
line 102:173 token recognition error at: '' = -1 "Specification of delay according to signal change";\n'
line 102:172 mismatched input ']' expecting IDENT
line 103:111 token recognition error at: '\'
line 103:164 missing ';' at '.'
line 103:173 token recognition error at: '' = -1 "Specification of delay according to signal change";\n'
line 103:172 mismatched input ']' expecting IDENT
line 104:111 token recognition error at: '\'
line 104:164 missing ';' at '.'
line 104:173 token recognition error at: '' = -1 "Specification of delay according to signal change";\n'
line 104:172 mismatched input ']' expecting IDENT
line 105:111 token recognition error at: '\'
line 105:164 missing ';' at '.'
line 105:173 token recognition error at: '' = 0 "Specification of delay according to signal change";\n'
line 105:172 mismatched input ']' expecting IDENT
line 106:111 token recognition error at: '\'
line 106:164 missing ';' at '.'
line 106:173 token recognition error at: '' = -1 "Specification of delay according to signal change";\n'
line 106:172 mismatched input ']' expecting IDENT
line 107:111 token recognition error at: '\'
line 107:164 missing ';' at '.'
line 107:173 token recognition error at: '' = -1 "Specification of delay according to signal change";\n'
line 107:172 mismatched input ']' expecting IDENT
line 108:111 token recognition error at: '\'
line 108:164 missing ';' at '.'
line 108:173 token recognition error at: '' = -1 "Specification of delay according to signal change";\n'
line 108:172 mismatched input ']' expecting IDENT
line 109:111 token recognition error at: '\'
line 109:164 missing ';' at '.'
line 109:173 token recognition error at: '' = 0 "Specification of delay according to signal change";\n'
line 109:172 mismatched input ']' expecting IDENT
line 110:111 token recognition error at: '\'
line 110:164 missing ';' at '.'
line 110:173 token recognition error at: '' = -1 "Specification of delay according to signal change";\n'
line 110:172 mismatched input ']' expecting IDENT
line 111:111 token recognition error at: '\'
line 111:164 missing ';' at '.'
line 111:173 token recognition error at: '' = 0 "Specification of delay according to signal change";\n'
line 111:172 mismatched input ']' expecting IDENT
line 112:111 token recognition error at: '\'
line 112:164 missing ';' at '.'
line 112:173 token recognition error at: '' = 0 "Specification of delay according to signal change";\n'
line 112:172 mismatched input ']' expecting IDENT
line 113:111 token recognition error at: '\'
line 113:164 missing ';' at '.'
line 113:173 token recognition error at: '' = -1 "Specification of delay according to signal change";\n'
line 113:172 mismatched input ']' expecting IDENT
line 114:111 token recognition error at: '\'
line 114:164 missing ';' at '.'
line 114:173 token recognition error at: '' = 1 "Specification of delay according to signal change";\n'
line 114:172 mismatched input ']' expecting IDENT
line 115:111 token recognition error at: '\'
line 115:164 missing ';' at '.'
line 115:173 token recognition error at: '' = 0 "Specification of delay according to signal change";\n'
line 115:172 mismatched input ']' expecting IDENT
line 116:111 token recognition error at: '\'
line 116:164 missing ';' at '.'
line 116:173 token recognition error at: '' = 0 "Specification of delay according to signal change";\n'
line 116:172 mismatched input ']' expecting IDENT
line 117:111 token recognition error at: '\'
line 117:164 missing ';' at '.'
line 117:173 token recognition error at: '' = -1 "Specification of delay according to signal change";\n'
line 117:172 mismatched input ']' expecting IDENT
line 118:111 token recognition error at: '\'
line 118:164 missing ';' at '.'
line 118:173 token recognition error at: '' = 1 "Specification of delay according to signal change";\n'
line 118:172 mismatched input ']' expecting IDENT
line 119:111 token recognition error at: '\'
line 119:164 missing ';' at '.'
line 119:173 token recognition error at: '' = 0 "Specification of delay according to signal change";\n'
line 119:172 extraneous input ']' expecting IDENT
line 120:9 missing ';' at ''bUF3S2.inertialDelaySensitive.delayTime''
line 120:50 extraneous input '(' expecting IDENT
line 120:80 extraneous input ')' expecting ';'
line 156:64 missing ';' at 'Modelica'
line 156:111 token recognition error at: '\'
line 156:112 missing ';' at ''U\'''
line 156:117 extraneous input ',' expecting IDENT
line 156:164 missing ';' at '.'
line 156:173 token recognition error at: '' = 0 "Specification of delay according to signal change";\n'
line 156:172 mismatched input ']' expecting IDENT
line 157:111 token recognition error at: '\'
line 157:164 missing ';' at '.'
line 157:173 token recognition error at: '' = 0 "Specification of delay according to signal change";\n'
line 157:172 mismatched input ']' expecting IDENT
line 158:111 token recognition error at: '\'
line 158:164 missing ';' at '.'
line 158:173 token recognition error at: '' = -1 "Specification of delay according to signal change";\n'
line 158:172 mismatched input ']' expecting IDENT
line 159:111 token recognition error at: '\'
line 159:164 missing ';' at '.'
line 159:173 token recognition error at: '' = 1 "Specification of delay according to signal change";\n'
line 159:172 mismatched input ']' expecting IDENT
line 160:111 token recognition error at: '\'
line 160:164 missing ';' at '.'
line 160:173 token recognition error at: '' = 0 "Specification of delay according to signal change";\n'
line 160:172 mismatched input ']' expecting IDENT
line 161:111 token recognition error at: '\'
line 161:164 missing ';' at '.'
line 161:173 token recognition error at: '' = 0 "Specification of delay according to signal change";\n'
line 161:172 mismatched input ']' expecting IDENT
line 162:111 token recognition error at: '\'
line 162:164 missing ';' at '.'
line 162:173 token recognition error at: '' = -1 "Specification of delay according to signal change";\n'
line 162:172 mismatched input ']' expecting IDENT
line 163:111 token recognition error at: '\'
line 163:164 missing ';' at '.'
line 163:173 token recognition error at: '' = 1 "Specification of delay according to signal change";\n'
line 163:172 mismatched input ']' expecting IDENT
line 164:111 token recognition error at: '\'
line 164:164 missing ';' at '.'
line 164:173 token recognition error at: '' = 0 "Specification of delay according to signal change";\n'
line 164:172 mismatched input ']' expecting IDENT
line 165:111 token recognition error at: '\'
line 165:164 missing ';' at '.'
line 165:173 token recognition error at: '' = 0 "Specification of delay according to signal change";\n'
line 165:172 mismatched input ']' expecting IDENT
line 166:111 token recognition error at: '\'
line 166:164 missing ';' at '.'
line 166:173 token recognition error at: '' = 0 "Specification of delay according to signal change";\n'
line 166:172 mismatched input ']' expecting IDENT
line 167:111 token recognition error at: '\'
line 167:164 missing ';' at '.'
line 167:173 token recognition error at: '' = -1 "Specification of delay according to signal change";\n'
line 167:172 mismatched input ']' expecting IDENT
line 168:111 token recognition error at: '\'
line 168:164 missing ';' at '.'
line 168:173 token recognition error at: '' = 1 "Specification of delay according to signal change";\n'
line 168:172 mismatched input ']' expecting IDENT
line 169:111 token recognition error at: '\'
line 169:164 missing ';' at '.'
line 169:173 token recognition error at: '' = 0 "Specification of delay according to signal change";\n'
line 169:172 mismatched input ']' expecting IDENT
line 170:111 token recognition error at: '\'
line 170:164 missing ';' at '.'
line 170:173 token recognition error at: '' = 0 "Specification of delay according to signal change";\n'
line 170:172 mismatched input ']' expecting IDENT
line 171:111 token recognition error at: '\'
line 171:164 missing ';' at '.'
line 171:173 token recognition error at: '' = -1 "Specification of delay according to signal change";\n'
line 171:172 mismatched input ']' expecting IDENT
line 172:111 token recognition error at: '\'
line 172:164 missing ';' at '.'
line 172:173 token recognition error at: '' = 1 "Specification of delay according to signal change";\n'
line 172:172 mismatched input ']' expecting IDENT
line 173:111 token recognition error at: '\'
line 173:164 missing ';' at '.'
line 173:173 token recognition error at: '' = 0 "Specification of delay according to signal change";\n'
line 173:172 mismatched input ']' expecting IDENT
line 174:111 token recognition error at: '\'
line 174:164 missing ';' at '.'
line 174:173 token recognition error at: '' = 1 "Specification of delay according to signal change";\n'
line 174:172 mismatched input ']' expecting IDENT
line 175:111 token recognition error at: '\'
line 175:164 missing ';' at '.'
line 175:173 token recognition error at: '' = 1 "Specification of delay according to signal change";\n'
line 175:172 mismatched input ']' expecting IDENT
line 176:111 token recognition error at: '\'
line 176:164 missing ';' at '.'
line 176:173 token recognition error at: '' = 0 "Specification of delay according to signal change";\n'
line 176:172 mismatched input ']' expecting IDENT
line 177:111 token recognition error at: '\'
line 177:164 missing ';' at '.'
line 177:173 token recognition error at: '' = 1 "Specification of delay according to signal change";\n'
line 177:172 mismatched input ']' expecting IDENT
line 178:111 token recognition error at: '\'
line 178:164 missing ';' at '.'
line 178:173 token recognition error at: '' = 1 "Specification of delay according to signal change";\n'
line 178:172 mismatched input ']' expecting IDENT
line 179:111 token recognition error at: '\'
line 179:164 missing ';' at '.'
line 179:173 token recognition error at: '' = 1 "Specification of delay according to signal change";\n'
line 179:172 mismatched input ']' expecting IDENT
line 180:111 token recognition error at: '\'
line 180:164 missing ';' at '.'
line 180:173 token recognition error at: '' = 0 "Specification of delay according to signal change";\n'
line 180:172 mismatched input ']' expecting IDENT
line 181:111 token recognition error at: '\'
line 181:164 missing ';' at '.'
line 181:173 token recognition error at: '' = 1 "Specification of delay according to signal change";\n'
line 181:172 mismatched input ']' expecting IDENT
line 182:111 token recognition error at: '\'
line 182:164 missing ';' at '.'
line 182:173 token recognition error at: '' = 1 "Specification of delay according to signal change";\n'
line 182:172 mismatched input ']' expecting IDENT
line 183:111 token recognition error at: '\'
line 183:164 missing ';' at '.'
line 183:173 token recognition error at: '' = -1 "Specification of delay according to signal change";\n'
line 183:172 mismatched input ']' expecting IDENT
line 184:111 token recognition error at: '\'
line 184:164 missing ';' at '.'
line 184:173 token recognition error at: '' = -1 "Specification of delay according to signal change";\n'
line 184:172 mismatched input ']' expecting IDENT
line 185:111 token recognition error at: '\'
line 185:164 missing ';' at '.'
line 185:173 token recognition error at: '' = -1 "Specification of delay according to signal change";\n'
line 185:172 mismatched input ']' expecting IDENT
line 186:111 token recognition error at: '\'
line 186:164 missing ';' at '.'
line 186:173 token recognition error at: '' = 0 "Specification of delay according to signal change";\n'
line 186:172 mismatched input ']' expecting IDENT
line 187:111 token recognition error at: '\'
line 187:164 missing ';' at '.'
line 187:173 token recognition error at: '' = -1 "Specification of delay according to signal change";\n'
line 187:172 mismatched input ']' expecting IDENT
line 188:111 token recognition error at: '\'
line 188:164 missing ';' at '.'
line 188:173 token recognition error at: '' = -1 "Specification of delay according to signal change";\n'
line 188:172 mismatched input ']' expecting IDENT
line 189:111 token recognition error at: '\'
line 189:164 missing ';' at '.'
line 189:173 token recognition error at: '' = -1 "Specification of delay according to signal change";\n'
line 189:172 mismatched input ']' expecting IDENT
line 190:111 token recognition error at: '\'
line 190:164 missing ';' at '.'
line 190:173 token recognition error at: '' = 0 "Specification of delay according to signal change";\n'
line 190:172 mismatched input ']' expecting IDENT
line 191:111 token recognition error at: '\'
line 191:164 missing ';' at '.'
line 191:173 token recognition error at: '' = -1 "Specification of delay according to signal change";\n'
line 191:172 mismatched input ']' expecting IDENT
line 192:111 token recognition error at: '\'
line 192:164 missing ';' at '.'
line 192:173 token recognition error at: '' = 0 "Specification of delay according to signal change";\n'
line 192:172 mismatched input ']' expecting IDENT
line 193:111 token recognition error at: '\'
line 193:164 missing ';' at '.'
line 193:173 token recognition error at: '' = 0 "Specification of delay according to signal change";\n'
line 193:172 mismatched input ']' expecting IDENT
line 194:111 token recognition error at: '\'
line 194:164 missing ';' at '.'
line 194:173 token recognition error at: '' = -1 "Specification of delay according to signal change";\n'
line 194:172 mismatched input ']' expecting IDENT
line 195:111 token recognition error at: '\'
line 195:164 missing ';' at '.'
line 195:173 token recognition error at: '' = 1 "Specification of delay according to signal change";\n'
line 195:172 mismatched input ']' expecting IDENT
line 196:111 token recognition error at: '\'
line 196:164 missing ';' at '.'
line 196:173 token recognition error at: '' = 0 "Specification of delay according to signal change";\n'
line 196:172 mismatched input ']' expecting IDENT
line 197:111 token recognition error at: '\'
line 197:164 missing ';' at '.'
line 197:173 token recognition error at: '' = 0 "Specification of delay according to signal change";\n'
line 197:172 mismatched input ']' expecting IDENT
line 198:111 token recognition error at: '\'
line 198:164 missing ';' at '.'
line 198:173 token recognition error at: '' = -1 "Specification of delay according to signal change";\n'
line 198:172 mismatched input ']' expecting IDENT
line 199:111 token recognition error at: '\'
line 199:164 missing ';' at '.'
line 199:173 token recognition error at: '' = 1 "Specification of delay according to signal change";\n'
line 199:172 mismatched input ']' expecting IDENT
line 200:111 token recognition error at: '\'
line 200:164 missing ';' at '.'
line 200:173 token recognition error at: '' = 0 "Specification of delay according to signal change";\n'
line 200:172 mismatched input ']' expecting IDENT
line 201:111 token recognition error at: '\'
line 201:164 missing ';' at '.'
line 201:173 token recognition error at: '' = 0 "Specification of delay according to signal change";\n'
line 201:172 mismatched input ']' expecting IDENT
line 202:111 token recognition error at: '\'
line 202:164 missing ';' at '.'
line 202:173 token recognition error at: '' = 0 "Specification of delay according to signal change";\n'
line 202:172 mismatched input ']' expecting IDENT
line 203:111 token recognition error at: '\'
line 203:164 missing ';' at '.'
line 203:173 token recognition error at: '' = -1 "Specification of delay according to signal change";\n'
line 203:172 mismatched input ']' expecting IDENT
line 204:111 token recognition error at: '\'
line 204:164 missing ';' at '.'
line 204:173 token recognition error at: '' = 1 "Specification of delay according to signal change";\n'
line 204:172 mismatched input ']' expecting IDENT
line 205:111 token recognition error at: '\'
line 205:164 missing ';' at '.'
line 205:173 token recognition error at: '' = 0 "Specification of delay according to signal change";\n'
line 205:172 mismatched input ']' expecting IDENT
line 206:111 token recognition error at: '\'
line 206:164 missing ';' at '.'
line 206:173 token recognition error at: '' = 0 "Specification of delay according to signal change";\n'
line 206:172 mismatched input ']' expecting IDENT
line 207:111 token recognition error at: '\'
line 207:164 missing ';' at '.'
line 207:173 token recognition error at: '' = -1 "Specification of delay according to signal change";\n'
line 207:172 mismatched input ']' expecting IDENT
line 208:111 token recognition error at: '\'
line 208:164 missing ';' at '.'
line 208:173 token recognition error at: '' = 1 "Specification of delay according to signal change";\n'
line 208:172 mismatched input ']' expecting IDENT
line 209:111 token recognition error at: '\'
line 209:164 missing ';' at '.'
line 209:173 token recognition error at: '' = 0 "Specification of delay according to signal change";\n'
line 209:172 mismatched input ']' expecting IDENT
line 210:111 token recognition error at: '\'
line 210:164 missing ';' at '.'
line 210:173 token recognition error at: '' = 1 "Specification of delay according to signal change";\n'
line 210:172 mismatched input ']' expecting IDENT
line 211:111 token recognition error at: '\'
line 211:164 missing ';' at '.'
line 211:173 token recognition error at: '' = 1 "Specification of delay according to signal change";\n'
line 211:172 mismatched input ']' expecting IDENT
line 212:111 token recognition error at: '\'
line 212:164 missing ';' at '.'
line 212:173 token recognition error at: '' = 0 "Specification of delay according to signal change";\n'
line 212:172 mismatched input ']' expecting IDENT
line 213:111 token recognition error at: '\'
line 213:164 missing ';' at '.'
line 213:173 token recognition error at: '' = 1 "Specification of delay according to signal change";\n'
line 213:172 mismatched input ']' expecting IDENT
line 214:111 token recognition error at: '\'
line 214:164 missing ';' at '.'
line 214:173 token recognition error at: '' = 1 "Specification of delay according to signal change";\n'
line 214:172 mismatched input ']' expecting IDENT
line 215:111 token recognition error at: '\'
line 215:164 missing ';' at '.'
line 215:173 token recognition error at: '' = 1 "Specification of delay according to signal change";\n'
line 215:172 mismatched input ']' expecting IDENT
line 216:111 token recognition error at: '\'
line 216:164 missing ';' at '.'
line 216:173 token recognition error at: '' = 0 "Specification of delay according to signal change";\n'
line 216:172 mismatched input ']' expecting IDENT
line 217:111 token recognition error at: '\'
line 217:164 missing ';' at '.'
line 217:173 token recognition error at: '' = 1 "Specification of delay according to signal change";\n'
line 217:172 mismatched input ']' expecting IDENT
line 218:111 token recognition error at: '\'
line 218:164 missing ';' at '.'
line 218:173 token recognition error at: '' = 1 "Specification of delay according to signal change";\n'
line 218:172 mismatched input ']' expecting IDENT
line 219:111 token recognition error at: '\'
line 219:164 missing ';' at '.'
line 219:173 token recognition error at: '' = -1 "Specification of delay according to signal change";\n'
line 219:172 mismatched input ']' expecting IDENT
line 220:111 token recognition error at: '\'
line 220:164 missing ';' at '.'
line 220:173 token recognition error at: '' = -1 "Specification of delay according to signal change";\n'
line 220:172 mismatched input ']' expecting IDENT
line 221:111 token recognition error at: '\'
line 221:164 missing ';' at '.'
line 221:173 token recognition error at: '' = -1 "Specification of delay according to signal change";\n'
line 221:172 mismatched input ']' expecting IDENT
line 222:111 token recognition error at: '\'
line 222:164 missing ';' at '.'
line 222:173 token recognition error at: '' = 0 "Specification of delay according to signal change";\n'
line 222:172 mismatched input ']' expecting IDENT
line 223:111 token recognition error at: '\'
line 223:164 missing ';' at '.'
line 223:173 token recognition error at: '' = -1 "Specification of delay according to signal change";\n'
line 223:172 mismatched input ']' expecting IDENT
line 224:111 token recognition error at: '\'
line 224:164 missing ';' at '.'
line 224:173 token recognition error at: '' = -1 "Specification of delay according to signal change";\n'
line 224:172 mismatched input ']' expecting IDENT
line 225:111 token recognition error at: '\'
line 225:164 missing ';' at '.'
line 225:173 token recognition error at: '' = -1 "Specification of delay according to signal change";\n'
line 225:172 mismatched input ']' expecting IDENT
line 226:111 token recognition error at: '\'
line 226:164 missing ';' at '.'
line 226:173 token recognition error at: '' = 0 "Specification of delay according to signal change";\n'
line 226:172 mismatched input ']' expecting IDENT
line 227:111 token recognition error at: '\'
line 227:164 missing ';' at '.'
line 227:173 token recognition error at: '' = -1 "Specification of delay according to signal change";\n'
line 227:172 mismatched input ']' expecting IDENT
line 228:111 token recognition error at: '\'
line 228:164 missing ';' at '.'
line 228:173 token recognition error at: '' = 0 "Specification of delay according to signal change";\n'
line 228:172 mismatched input ']' expecting IDENT
line 229:111 token recognition error at: '\'
line 229:164 missing ';' at '.'
line 229:173 token recognition error at: '' = 0 "Specification of delay according to signal change";\n'
line 229:172 mismatched input ']' expecting IDENT
line 230:111 token recognition error at: '\'
line 230:164 missing ';' at '.'
line 230:173 token recognition error at: '' = -1 "Specification of delay according to signal change";\n'
line 230:172 mismatched input ']' expecting IDENT
line 231:111 token recognition error at: '\'
line 231:164 missing ';' at '.'
line 231:173 token recognition error at: '' = 1 "Specification of delay according to signal change";\n'
line 231:172 mismatched input ']' expecting IDENT
line 232:111 token recognition error at: '\'
line 232:164 missing ';' at '.'
line 232:173 token recognition error at: '' = 0 "Specification of delay according to signal change";\n'
line 232:172 mismatched input ']' expecting IDENT
line 233:111 token recognition error at: '\'
line 233:164 missing ';' at '.'
line 233:173 token recognition error at: '' = 0 "Specification of delay according to signal change";\n'
line 233:172 mismatched input ']' expecting IDENT
line 234:111 token recognition error at: '\'
line 234:164 missing ';' at '.'
line 234:173 token recognition error at: '' = -1 "Specification of delay according to signal change";\n'
line 234:172 mismatched input ']' expecting IDENT
line 235:111 token recognition error at: '\'
line 235:164 missing ';' at '.'
line 235:173 token recognition error at: '' = 1 "Specification of delay according to signal change";\n'
line 235:172 mismatched input ']' expecting IDENT
line 236:111 token recognition error at: '\'
line 236:164 missing ';' at '.'
line 236:173 token recognition error at: '' = 0 "Specification of delay according to signal change";\n'
line 236:172 extraneous input ']' expecting IDENT
line 237:9 missing ';' at ''bUF3S1.inertialDelaySensitive.delayTime''
line 237:50 extraneous input '(' expecting IDENT
line 237:80 extraneous input ')' expecting ';'

--- Error ---
The equations of a system must involve the unknowns/observables. The following equations were found to have no unknowns/observables:
var"bUF3S2.yy" ~ var"bUF3S2.inertialDelaySensitive.x"
var"bUF3S2.inertialDelaySensitive.y" ~ var"bUF3S2.y"
var"bUF3S1.yy" ~ var"bUF3S1.inertialDelaySensitive.x"
var"bUF3S1.inertialDelaySensitive.y" ~ var"bUF3S1.y"
var"x_table2.y" ~ var"bUF3S2.x"
var"e_table2.y" ~ var"bUF3S2.enable"
var"x_table1.y" ~ var"bUF3S1.x"
var"e_table1.y" ~ var"bUF3S1.enable"
var"bUF3S1.y" ~ var"wiredX.x[1]"
var"bUF3S2.y" ~ var"wiredX.x[2]"
var"wiredX.auxiliary[1]" ~ var"wiredX.x[1]"
var"wiredX.auxiliary[2]" ~ 0.0
var"wiredX.y" ~ var"wiredX.auxiliary[2]"

Stacktrace:
  [1] error(s::String)
    @ Base ./error.jl:44
  [2] check_no_parameter_equations(sys::ModelingToolkitBase.System)
    @ ModelingToolkitBase ~/.julia/packages/ModelingToolkitBase/yP1tD/src/utils.jl:363
  [3] ModelingToolkitTearing.TearingState(sys::ModelingToolkitBase.System, source_info::ModelingToolkitBase.EquationSourceInformation; check::Bool, sort_eqs::Bool)
    @ ModelingToolkitTearing ~/.julia/packages/ModelingToolkitTearing/fC8Qv/src/tearingstate.jl:115
  [4] TearingState
    @ ~/.julia/packages/ModelingToolkitTearing/fC8Qv/src/tearingstate.jl:104 [inlined]
  [5] __mtkcompile(sys::ModelingToolkitBase.System; inputs::OrderedCollections.OrderedSet{SymbolicUtils.BasicSymbolicImpl.var"typeof(BasicSymbolicImpl)"{SymbolicUtils.SymReal}}, outputs::OrderedCollections.OrderedSet{SymbolicUtils.BasicSymbolicImpl.var"typeof(BasicSymbolicImpl)"{SymbolicUtils.SymReal}}, disturbance_inputs::OrderedCollections.OrderedSet{SymbolicUtils.BasicSymbolicImpl.var"typeof(BasicSymbolicImpl)"{SymbolicUtils.SymReal}}, sort_eqs::Bool, kwargs::@Kwargs{additional_passes::Tuple{}})
    @ ModelingToolkit ~/.julia/packages/ModelingToolkit/zJBUr/src/systems/systems.jl:33
  [6] _mtkcompile(sys::ModelingToolkitBase.System; kwargs::@Kwargs{inputs::OrderedCollections.OrderedSet{SymbolicUtils.BasicSymbolicImpl.var"typeof(BasicSymbolicImpl)"{SymbolicUtils.SymReal}}, outputs::OrderedCollections.OrderedSet{SymbolicUtils.BasicSymbolicImpl.var"typeof(BasicSymbolicImpl)"{SymbolicUtils.SymReal}}, disturbance_inputs::OrderedCollections.OrderedSet{SymbolicUtils.BasicSymbolicImpl.var"typeof(BasicSymbolicImpl)"{SymbolicUtils.SymReal}}, additional_passes::Tuple{}})
    @ ModelingToolkitBase ~/.julia/packages/ModelingToolkitBase/yP1tD/src/systems/systems.jl:0
  [7] _mtkcompile
    @ ~/.julia/packages/ModelingToolkitBase/yP1tD/src/systems/systems.jl:122 [inlined]
  [8] mtkcompile(sys::ModelingToolkitBase.System; additional_passes::Tuple{}, inputs::Vector{SymbolicUtils.BasicSymbolicImpl.var"typeof(BasicSymbolicImpl)"{SymbolicUtils.SymReal}}, outputs::Vector{SymbolicUtils.BasicSymbolicImpl.var"typeof(BasicSymbolicImpl)"{SymbolicUtils.SymReal}}, disturbance_inputs::Vector{SymbolicUtils.BasicSymbolicImpl.var"typeof(BasicSymbolicImpl)"{SymbolicUtils.SymReal}}, split::Bool, kwargs::@Kwargs{})
    @ ModelingToolkitBase ~/.julia/packages/ModelingToolkitBase/yP1tD/src/systems/systems.jl:95
  [9] mtkcompile
    @ ~/.julia/packages/ModelingToolkitBase/yP1tD/src/systems/systems.jl:84 [inlined]
 [10] eval_AST(model::BaseModelica.BaseModelicaModel)
    @ BaseModelica ~/.julia/packages/BaseModelica/G7VqY/src/evaluator.jl:646
 [11] eval_AST(package::BaseModelica.BaseModelicaPackage)
    @ BaseModelica ~/.julia/packages/BaseModelica/G7VqY/src/evaluator.jl:658
 [12] baseModelica_to_ModelingToolkit
    @ ~/.julia/packages/BaseModelica/G7VqY/src/evaluator.jl:708 [inlined]
 [13] create_odeproblem(filename::String; parser::Symbol, u0::Vector{Any}, kwargs::@Kwargs{})
    @ BaseModelica ~/.julia/packages/BaseModelica/G7VqY/src/BaseModelica.jl:160
 [14] create_odeproblem
    @ ~/.julia/packages/BaseModelica/G7VqY/src/BaseModelica.jl:149 [inlined]
 [15] #run_parse##4
    @ ~/work/BaseModelicaLibraryTesting.jl/BaseModelicaLibraryTesting.jl/src/parse_bm.jl:34 [inlined]
 [16] with_logstate(f::BaseModelicaLibraryTesting.var"#run_parse##4#run_parse##5"{String}, logstate::Base.CoreLogging.LogState)
    @ Base.CoreLogging ./logging/logging.jl:542
 [17] (::Base.RedirectStdStream)(thunk::BaseModelicaLibraryTesting.var"#run_parse##2#run_parse##3"{String, Base.CoreLogging.SimpleLogger}, stream::Pipe)
    @ Base ./stream.jl:1457
 [18] #run_parse##0
    @ ~/work/BaseModelicaLibraryTesting.jl/BaseModelicaLibraryTesting.jl/src/parse_bm.jl:32 [inlined]
 [19] (::Base.RedirectStdStream)(thunk::BaseModelicaLibraryTesting.var"#run_parse##0#run_parse##1"{String, Base.CoreLogging.SimpleLogger, Pipe}, stream::Pipe)
    @ Base ./stream.jl:1464
 [20] run_parse(bm_path::String, model_dir::String, model::String)
    @ BaseModelicaLibraryTesting ~/work/BaseModelicaLibraryTesting.jl/BaseModelicaLibraryTesting.jl/src/parse_bm.jl:31
 [21] test_model(omc::OMJulia.OMCSession, model::String, results_root::String, ref_root::String; csv_max_size_mb::Int64)
    @ BaseModelicaLibraryTesting ~/work/BaseModelicaLibraryTesting.jl/BaseModelicaLibraryTesting.jl/src/pipeline.jl:75
 [22] test_model
    @ ~/work/BaseModelicaLibraryTesting.jl/BaseModelicaLibraryTesting.jl/src/pipeline.jl:60 [inlined]
 [23] main(; library::String, version::String, filter::Nothing, omc_exe::String, results_root::String, ref_root::String, bm_options::String, csv_max_size_mb::Int64)
    @ BaseModelicaLibraryTesting ~/work/BaseModelicaLibraryTesting.jl/BaseModelicaLibraryTesting.jl/src/pipeline.jl:189
 [24] top-level scope
    @ none:3
 [25] eval(m::Module, e::Any)
    @ Core ./boot.jl:489
 [26] exec_options(opts::Base.JLOptions)
    @ Base ./client.jl:283
 [27] _start()
    @ Base ./client.jl:550
