Model:   Modelica.Electrical.Digital.Examples.MUX2x1
Time:    0.428 s
Success: false

--- Parser output ---
line 24:64 missing ';' at 'Modelica'
line 24:111 token recognition error at: '\'
line 24:112 missing ';' at ''U\'''
line 24:117 extraneous input ',' expecting IDENT
line 24:164 missing ';' at '.'
line 24:173 token recognition error at: '' = 0 "Specification of delay according to signal change";\n'
line 24:172 mismatched input ']' expecting IDENT
line 25:111 token recognition error at: '\'
line 25:164 missing ';' at '.'
line 25:173 token recognition error at: '' = 0 "Specification of delay according to signal change";\n'
line 25:172 mismatched input ']' expecting IDENT
line 26:111 token recognition error at: '\'
line 26:164 missing ';' at '.'
line 26:173 token recognition error at: '' = -1 "Specification of delay according to signal change";\n'
line 26:172 mismatched input ']' expecting IDENT
line 27:111 token recognition error at: '\'
line 27:164 missing ';' at '.'
line 27:173 token recognition error at: '' = 1 "Specification of delay according to signal change";\n'
line 27:172 mismatched input ']' expecting IDENT
line 28:111 token recognition error at: '\'
line 28:164 missing ';' at '.'
line 28:173 token recognition error at: '' = 0 "Specification of delay according to signal change";\n'
line 28:172 mismatched input ']' expecting IDENT
line 29:111 token recognition error at: '\'
line 29:164 missing ';' at '.'
line 29:173 token recognition error at: '' = 0 "Specification of delay according to signal change";\n'
line 29:172 mismatched input ']' expecting IDENT
line 30:111 token recognition error at: '\'
line 30:164 missing ';' at '.'
line 30:173 token recognition error at: '' = -1 "Specification of delay according to signal change";\n'
line 30:172 mismatched input ']' expecting IDENT
line 31:111 token recognition error at: '\'
line 31:164 missing ';' at '.'
line 31:173 token recognition error at: '' = 1 "Specification of delay according to signal change";\n'
line 31:172 mismatched input ']' expecting IDENT
line 32:111 token recognition error at: '\'
line 32:164 missing ';' at '.'
line 32:173 token recognition error at: '' = 0 "Specification of delay according to signal change";\n'
line 32:172 mismatched input ']' expecting IDENT
line 33:111 token recognition error at: '\'
line 33:164 missing ';' at '.'
line 33:173 token recognition error at: '' = 0 "Specification of delay according to signal change";\n'
line 33:172 mismatched input ']' expecting IDENT
line 34:111 token recognition error at: '\'
line 34:164 missing ';' at '.'
line 34:173 token recognition error at: '' = 0 "Specification of delay according to signal change";\n'
line 34:172 mismatched input ']' expecting IDENT
line 35:111 token recognition error at: '\'
line 35:164 missing ';' at '.'
line 35:173 token recognition error at: '' = -1 "Specification of delay according to signal change";\n'
line 35:172 mismatched input ']' expecting IDENT
line 36:111 token recognition error at: '\'
line 36:164 missing ';' at '.'
line 36:173 token recognition error at: '' = 1 "Specification of delay according to signal change";\n'
line 36:172 mismatched input ']' expecting IDENT
line 37:111 token recognition error at: '\'
line 37:164 missing ';' at '.'
line 37:173 token recognition error at: '' = 0 "Specification of delay according to signal change";\n'
line 37:172 mismatched input ']' expecting IDENT
line 38:111 token recognition error at: '\'
line 38:164 missing ';' at '.'
line 38:173 token recognition error at: '' = 0 "Specification of delay according to signal change";\n'
line 38:172 mismatched input ']' expecting IDENT
line 39:111 token recognition error at: '\'
line 39:164 missing ';' at '.'
line 39:173 token recognition error at: '' = -1 "Specification of delay according to signal change";\n'
line 39:172 mismatched input ']' expecting IDENT
line 40:111 token recognition error at: '\'
line 40:164 missing ';' at '.'
line 40:173 token recognition error at: '' = 1 "Specification of delay according to signal change";\n'
line 40:172 mismatched input ']' expecting IDENT
line 41:111 token recognition error at: '\'
line 41:164 missing ';' at '.'
line 41:173 token recognition error at: '' = 0 "Specification of delay according to signal change";\n'
line 41:172 mismatched input ']' expecting IDENT
line 42:111 token recognition error at: '\'
line 42:164 missing ';' at '.'
line 42:173 token recognition error at: '' = 1 "Specification of delay according to signal change";\n'
line 42:172 mismatched input ']' expecting IDENT
line 43:111 token recognition error at: '\'
line 43:164 missing ';' at '.'
line 43:173 token recognition error at: '' = 1 "Specification of delay according to signal change";\n'
line 43:172 mismatched input ']' expecting IDENT
line 44:111 token recognition error at: '\'
line 44:164 missing ';' at '.'
line 44:173 token recognition error at: '' = 0 "Specification of delay according to signal change";\n'
line 44:172 mismatched input ']' expecting IDENT
line 45:111 token recognition error at: '\'
line 45:164 missing ';' at '.'
line 45:173 token recognition error at: '' = 1 "Specification of delay according to signal change";\n'
line 45:172 mismatched input ']' expecting IDENT
line 46:111 token recognition error at: '\'
line 46:164 missing ';' at '.'
line 46:173 token recognition error at: '' = 1 "Specification of delay according to signal change";\n'
line 46:172 mismatched input ']' expecting IDENT
line 47:111 token recognition error at: '\'
line 47:164 missing ';' at '.'
line 47:173 token recognition error at: '' = 1 "Specification of delay according to signal change";\n'
line 47:172 mismatched input ']' expecting IDENT
line 48:111 token recognition error at: '\'
line 48:164 missing ';' at '.'
line 48:173 token recognition error at: '' = 0 "Specification of delay according to signal change";\n'
line 48:172 mismatched input ']' expecting IDENT
line 49:111 token recognition error at: '\'
line 49:164 missing ';' at '.'
line 49:173 token recognition error at: '' = 1 "Specification of delay according to signal change";\n'
line 49:172 mismatched input ']' expecting IDENT
line 50:111 token recognition error at: '\'
line 50:164 missing ';' at '.'
line 50:173 token recognition error at: '' = 1 "Specification of delay according to signal change";\n'
line 50:172 mismatched input ']' expecting IDENT
line 51:111 token recognition error at: '\'
line 51:164 missing ';' at '.'
line 51:173 token recognition error at: '' = -1 "Specification of delay according to signal change";\n'
line 51:172 mismatched input ']' expecting IDENT
line 52:111 token recognition error at: '\'
line 52:164 missing ';' at '.'
line 52:173 token recognition error at: '' = -1 "Specification of delay according to signal change";\n'
line 52:172 mismatched input ']' expecting IDENT
line 53:111 token recognition error at: '\'
line 53:164 missing ';' at '.'
line 53:173 token recognition error at: '' = -1 "Specification of delay according to signal change";\n'
line 53:172 mismatched input ']' expecting IDENT
line 54:111 token recognition error at: '\'
line 54:164 missing ';' at '.'
line 54:173 token recognition error at: '' = 0 "Specification of delay according to signal change";\n'
line 54:172 mismatched input ']' expecting IDENT
line 55:111 token recognition error at: '\'
line 55:164 missing ';' at '.'
line 55:173 token recognition error at: '' = -1 "Specification of delay according to signal change";\n'
line 55:172 mismatched input ']' expecting IDENT
line 56:111 token recognition error at: '\'
line 56:164 missing ';' at '.'
line 56:173 token recognition error at: '' = -1 "Specification of delay according to signal change";\n'
line 56:172 mismatched input ']' expecting IDENT
line 57:111 token recognition error at: '\'
line 57:164 missing ';' at '.'
line 57:173 token recognition error at: '' = -1 "Specification of delay according to signal change";\n'
line 57:172 mismatched input ']' expecting IDENT
line 58:111 token recognition error at: '\'
line 58:164 missing ';' at '.'
line 58:173 token recognition error at: '' = 0 "Specification of delay according to signal change";\n'
line 58:172 mismatched input ']' expecting IDENT
line 59:111 token recognition error at: '\'
line 59:164 missing ';' at '.'
line 59:173 token recognition error at: '' = -1 "Specification of delay according to signal change";\n'
line 59:172 mismatched input ']' expecting IDENT
line 60:111 token recognition error at: '\'
line 60:164 missing ';' at '.'
line 60:173 token recognition error at: '' = 0 "Specification of delay according to signal change";\n'
line 60:172 mismatched input ']' expecting IDENT
line 61:111 token recognition error at: '\'
line 61:164 missing ';' at '.'
line 61:173 token recognition error at: '' = 0 "Specification of delay according to signal change";\n'
line 61:172 mismatched input ']' expecting IDENT
line 62:111 token recognition error at: '\'
line 62:164 missing ';' at '.'
line 62:173 token recognition error at: '' = -1 "Specification of delay according to signal change";\n'
line 62:172 mismatched input ']' expecting IDENT
line 63:111 token recognition error at: '\'
line 63:164 missing ';' at '.'
line 63:173 token recognition error at: '' = 1 "Specification of delay according to signal change";\n'
line 63:172 mismatched input ']' expecting IDENT
line 64:111 token recognition error at: '\'
line 64:164 missing ';' at '.'
line 64:173 token recognition error at: '' = 0 "Specification of delay according to signal change";\n'
line 64:172 mismatched input ']' expecting IDENT
line 65:111 token recognition error at: '\'
line 65:164 missing ';' at '.'
line 65:173 token recognition error at: '' = 0 "Specification of delay according to signal change";\n'
line 65:172 mismatched input ']' expecting IDENT
line 66:111 token recognition error at: '\'
line 66:164 missing ';' at '.'
line 66:173 token recognition error at: '' = -1 "Specification of delay according to signal change";\n'
line 66:172 mismatched input ']' expecting IDENT
line 67:111 token recognition error at: '\'
line 67:164 missing ';' at '.'
line 67:173 token recognition error at: '' = 1 "Specification of delay according to signal change";\n'
line 67:172 mismatched input ']' expecting IDENT
line 68:111 token recognition error at: '\'
line 68:164 missing ';' at '.'
line 68:173 token recognition error at: '' = 0 "Specification of delay according to signal change";\n'
line 68:172 mismatched input ']' expecting IDENT
line 69:111 token recognition error at: '\'
line 69:164 missing ';' at '.'
line 69:173 token recognition error at: '' = 0 "Specification of delay according to signal change";\n'
line 69:172 mismatched input ']' expecting IDENT
line 70:111 token recognition error at: '\'
line 70:164 missing ';' at '.'
line 70:173 token recognition error at: '' = 0 "Specification of delay according to signal change";\n'
line 70:172 mismatched input ']' expecting IDENT
line 71:111 token recognition error at: '\'
line 71:164 missing ';' at '.'
line 71:173 token recognition error at: '' = -1 "Specification of delay according to signal change";\n'
line 71:172 mismatched input ']' expecting IDENT
line 72:111 token recognition error at: '\'
line 72:164 missing ';' at '.'
line 72:173 token recognition error at: '' = 1 "Specification of delay according to signal change";\n'
line 72:172 mismatched input ']' expecting IDENT
line 73:111 token recognition error at: '\'
line 73:164 missing ';' at '.'
line 73:173 token recognition error at: '' = 0 "Specification of delay according to signal change";\n'
line 73:172 mismatched input ']' expecting IDENT
line 74:111 token recognition error at: '\'
line 74:164 missing ';' at '.'
line 74:173 token recognition error at: '' = 0 "Specification of delay according to signal change";\n'
line 74:172 mismatched input ']' expecting IDENT
line 75:111 token recognition error at: '\'
line 75:164 missing ';' at '.'
line 75:173 token recognition error at: '' = -1 "Specification of delay according to signal change";\n'
line 75:172 mismatched input ']' expecting IDENT
line 76:111 token recognition error at: '\'
line 76:164 missing ';' at '.'
line 76:173 token recognition error at: '' = 1 "Specification of delay according to signal change";\n'
line 76:172 mismatched input ']' expecting IDENT
line 77:111 token recognition error at: '\'
line 77:164 missing ';' at '.'
line 77:173 token recognition error at: '' = 0 "Specification of delay according to signal change";\n'
line 77:172 mismatched input ']' expecting IDENT
line 78:111 token recognition error at: '\'
line 78:164 missing ';' at '.'
line 78:173 token recognition error at: '' = 1 "Specification of delay according to signal change";\n'
line 78:172 mismatched input ']' expecting IDENT
line 79:111 token recognition error at: '\'
line 79:164 missing ';' at '.'
line 79:173 token recognition error at: '' = 1 "Specification of delay according to signal change";\n'
line 79:172 mismatched input ']' expecting IDENT
line 80:111 token recognition error at: '\'
line 80:164 missing ';' at '.'
line 80:173 token recognition error at: '' = 0 "Specification of delay according to signal change";\n'
line 80:172 mismatched input ']' expecting IDENT
line 81:111 token recognition error at: '\'
line 81:164 missing ';' at '.'
line 81:173 token recognition error at: '' = 1 "Specification of delay according to signal change";\n'
line 81:172 mismatched input ']' expecting IDENT
line 82:111 token recognition error at: '\'
line 82:164 missing ';' at '.'
line 82:173 token recognition error at: '' = 1 "Specification of delay according to signal change";\n'
line 82:172 mismatched input ']' expecting IDENT
line 83:111 token recognition error at: '\'
line 83:164 missing ';' at '.'
line 83:173 token recognition error at: '' = 1 "Specification of delay according to signal change";\n'
line 83:172 mismatched input ']' expecting IDENT
line 84:111 token recognition error at: '\'
line 84:164 missing ';' at '.'
line 84:173 token recognition error at: '' = 0 "Specification of delay according to signal change";\n'
line 84:172 mismatched input ']' expecting IDENT
line 85:111 token recognition error at: '\'
line 85:164 missing ';' at '.'
line 85:173 token recognition error at: '' = 1 "Specification of delay according to signal change";\n'
line 85:172 mismatched input ']' expecting IDENT
line 86:111 token recognition error at: '\'
line 86:164 missing ';' at '.'
line 86:173 token recognition error at: '' = 1 "Specification of delay according to signal change";\n'
line 86:172 mismatched input ']' expecting IDENT
line 87:111 token recognition error at: '\'
line 87:164 missing ';' at '.'
line 87:173 token recognition error at: '' = -1 "Specification of delay according to signal change";\n'
line 87:172 mismatched input ']' expecting IDENT
line 88:111 token recognition error at: '\'
line 88:164 missing ';' at '.'
line 88:173 token recognition error at: '' = -1 "Specification of delay according to signal change";\n'
line 88:172 mismatched input ']' expecting IDENT
line 89:111 token recognition error at: '\'
line 89:164 missing ';' at '.'
line 89:173 token recognition error at: '' = -1 "Specification of delay according to signal change";\n'
line 89:172 mismatched input ']' expecting IDENT
line 90:111 token recognition error at: '\'
line 90:164 missing ';' at '.'
line 90:173 token recognition error at: '' = 0 "Specification of delay according to signal change";\n'
line 90:172 mismatched input ']' expecting IDENT
line 91:111 token recognition error at: '\'
line 91:164 missing ';' at '.'
line 91:173 token recognition error at: '' = -1 "Specification of delay according to signal change";\n'
line 91:172 mismatched input ']' expecting IDENT
line 92:111 token recognition error at: '\'
line 92:164 missing ';' at '.'
line 92:173 token recognition error at: '' = -1 "Specification of delay according to signal change";\n'
line 92:172 mismatched input ']' expecting IDENT
line 93:111 token recognition error at: '\'
line 93:164 missing ';' at '.'
line 93:173 token recognition error at: '' = -1 "Specification of delay according to signal change";\n'
line 93:172 mismatched input ']' expecting IDENT
line 94:111 token recognition error at: '\'
line 94:164 missing ';' at '.'
line 94:173 token recognition error at: '' = 0 "Specification of delay according to signal change";\n'
line 94:172 mismatched input ']' expecting IDENT
line 95:111 token recognition error at: '\'
line 95:164 missing ';' at '.'
line 95:173 token recognition error at: '' = -1 "Specification of delay according to signal change";\n'
line 95:172 mismatched input ']' expecting IDENT
line 96:111 token recognition error at: '\'
line 96:164 missing ';' at '.'
line 96:173 token recognition error at: '' = 0 "Specification of delay according to signal change";\n'
line 96:172 mismatched input ']' expecting IDENT
line 97:111 token recognition error at: '\'
line 97:164 missing ';' at '.'
line 97:173 token recognition error at: '' = 0 "Specification of delay according to signal change";\n'
line 97:172 mismatched input ']' expecting IDENT
line 98:111 token recognition error at: '\'
line 98:164 missing ';' at '.'
line 98:173 token recognition error at: '' = -1 "Specification of delay according to signal change";\n'
line 98:172 mismatched input ']' expecting IDENT
line 99:111 token recognition error at: '\'
line 99:164 missing ';' at '.'
line 99:173 token recognition error at: '' = 1 "Specification of delay according to signal change";\n'
line 99:172 mismatched input ']' expecting IDENT
line 100:111 token recognition error at: '\'
line 100:164 missing ';' at '.'
line 100:173 token recognition error at: '' = 0 "Specification of delay according to signal change";\n'
line 100:172 mismatched input ']' expecting IDENT
line 101:111 token recognition error at: '\'
line 101:164 missing ';' at '.'
line 101:173 token recognition error at: '' = 0 "Specification of delay according to signal change";\n'
line 101:172 mismatched input ']' expecting IDENT
line 102:111 token recognition error at: '\'
line 102:164 missing ';' at '.'
line 102:173 token recognition error at: '' = -1 "Specification of delay according to signal change";\n'
line 102:172 mismatched input ']' expecting IDENT
line 103:111 token recognition error at: '\'
line 103:164 missing ';' at '.'
line 103:173 token recognition error at: '' = 1 "Specification of delay according to signal change";\n'
line 103:172 mismatched input ']' expecting IDENT
line 104:111 token recognition error at: '\'
line 104:164 missing ';' at '.'
line 104:173 token recognition error at: '' = 0 "Specification of delay according to signal change";\n'
line 104:172 extraneous input ']' expecting IDENT
line 105:9 missing ';' at ''Mux2x1.inertialDelaySensitive.delayTime''
line 105:50 extraneous input '(' expecting IDENT
line 105:80 extraneous input ')' expecting ';'

--- Error ---
The equations of a system must involve the unknowns/observables. The following equations were found to have no unknowns/observables:
var"Mux2x1.yy" ~ var"Mux2x1.inertialDelaySensitive.x"
var"Mux2x1.inertialDelaySensitive.y" ~ var"Mux2x1.out"
var"Select.y" ~ var"Mux2x1.sel"
var"Input0.y" ~ var"Mux2x1.in0"
var"Input1.y" ~ var"Mux2x1.in1"

Stacktrace:
  [1] error(s::String)
    @ Base ./error.jl:44
  [2] check_no_parameter_equations(sys::ModelingToolkitBase.System)
    @ ModelingToolkitBase ~/.julia/packages/ModelingToolkitBase/yP1tD/src/utils.jl:363
  [3] ModelingToolkitTearing.TearingState(sys::ModelingToolkitBase.System, source_info::ModelingToolkitBase.EquationSourceInformation; check::Bool, sort_eqs::Bool)
    @ ModelingToolkitTearing ~/.julia/packages/ModelingToolkitTearing/fC8Qv/src/tearingstate.jl:115
  [4] TearingState
    @ ~/.julia/packages/ModelingToolkitTearing/fC8Qv/src/tearingstate.jl:104 [inlined]
  [5] __mtkcompile(sys::ModelingToolkitBase.System; inputs::OrderedCollections.OrderedSet{SymbolicUtils.BasicSymbolicImpl.var"typeof(BasicSymbolicImpl)"{SymbolicUtils.SymReal}}, outputs::OrderedCollections.OrderedSet{SymbolicUtils.BasicSymbolicImpl.var"typeof(BasicSymbolicImpl)"{SymbolicUtils.SymReal}}, disturbance_inputs::OrderedCollections.OrderedSet{SymbolicUtils.BasicSymbolicImpl.var"typeof(BasicSymbolicImpl)"{SymbolicUtils.SymReal}}, sort_eqs::Bool, kwargs::@Kwargs{additional_passes::Tuple{}})
    @ ModelingToolkit ~/.julia/packages/ModelingToolkit/zJBUr/src/systems/systems.jl:33
  [6] _mtkcompile(sys::ModelingToolkitBase.System; kwargs::@Kwargs{inputs::OrderedCollections.OrderedSet{SymbolicUtils.BasicSymbolicImpl.var"typeof(BasicSymbolicImpl)"{SymbolicUtils.SymReal}}, outputs::OrderedCollections.OrderedSet{SymbolicUtils.BasicSymbolicImpl.var"typeof(BasicSymbolicImpl)"{SymbolicUtils.SymReal}}, disturbance_inputs::OrderedCollections.OrderedSet{SymbolicUtils.BasicSymbolicImpl.var"typeof(BasicSymbolicImpl)"{SymbolicUtils.SymReal}}, additional_passes::Tuple{}})
    @ ModelingToolkitBase ~/.julia/packages/ModelingToolkitBase/yP1tD/src/systems/systems.jl:0
  [7] _mtkcompile
    @ ~/.julia/packages/ModelingToolkitBase/yP1tD/src/systems/systems.jl:122 [inlined]
  [8] mtkcompile(sys::ModelingToolkitBase.System; additional_passes::Tuple{}, inputs::Vector{SymbolicUtils.BasicSymbolicImpl.var"typeof(BasicSymbolicImpl)"{SymbolicUtils.SymReal}}, outputs::Vector{SymbolicUtils.BasicSymbolicImpl.var"typeof(BasicSymbolicImpl)"{SymbolicUtils.SymReal}}, disturbance_inputs::Vector{SymbolicUtils.BasicSymbolicImpl.var"typeof(BasicSymbolicImpl)"{SymbolicUtils.SymReal}}, split::Bool, kwargs::@Kwargs{})
    @ ModelingToolkitBase ~/.julia/packages/ModelingToolkitBase/yP1tD/src/systems/systems.jl:95
  [9] mtkcompile
    @ ~/.julia/packages/ModelingToolkitBase/yP1tD/src/systems/systems.jl:84 [inlined]
 [10] eval_AST(model::BaseModelica.BaseModelicaModel)
    @ BaseModelica ~/.julia/packages/BaseModelica/G7VqY/src/evaluator.jl:646
 [11] eval_AST(package::BaseModelica.BaseModelicaPackage)
    @ BaseModelica ~/.julia/packages/BaseModelica/G7VqY/src/evaluator.jl:658
 [12] baseModelica_to_ModelingToolkit
    @ ~/.julia/packages/BaseModelica/G7VqY/src/evaluator.jl:708 [inlined]
 [13] create_odeproblem(filename::String; parser::Symbol, u0::Vector{Any}, kwargs::@Kwargs{})
    @ BaseModelica ~/.julia/packages/BaseModelica/G7VqY/src/BaseModelica.jl:160
 [14] create_odeproblem
    @ ~/.julia/packages/BaseModelica/G7VqY/src/BaseModelica.jl:149 [inlined]
 [15] #run_parse##4
    @ ~/work/BaseModelicaLibraryTesting.jl/BaseModelicaLibraryTesting.jl/src/parse_bm.jl:34 [inlined]
 [16] with_logstate(f::BaseModelicaLibraryTesting.var"#run_parse##4#run_parse##5"{String}, logstate::Base.CoreLogging.LogState)
    @ Base.CoreLogging ./logging/logging.jl:542
 [17] (::Base.RedirectStdStream)(thunk::BaseModelicaLibraryTesting.var"#run_parse##2#run_parse##3"{String, Base.CoreLogging.SimpleLogger}, stream::Pipe)
    @ Base ./stream.jl:1457
 [18] #run_parse##0
    @ ~/work/BaseModelicaLibraryTesting.jl/BaseModelicaLibraryTesting.jl/src/parse_bm.jl:32 [inlined]
 [19] (::Base.RedirectStdStream)(thunk::BaseModelicaLibraryTesting.var"#run_parse##0#run_parse##1"{String, Base.CoreLogging.SimpleLogger, Pipe}, stream::Pipe)
    @ Base ./stream.jl:1464
 [20] run_parse(bm_path::String, model_dir::String, model::String)
    @ BaseModelicaLibraryTesting ~/work/BaseModelicaLibraryTesting.jl/BaseModelicaLibraryTesting.jl/src/parse_bm.jl:31
 [21] test_model(omc::OMJulia.OMCSession, model::String, results_root::String, ref_root::String; csv_max_size_mb::Int64)
    @ BaseModelicaLibraryTesting ~/work/BaseModelicaLibraryTesting.jl/BaseModelicaLibraryTesting.jl/src/pipeline.jl:75
 [22] test_model
    @ ~/work/BaseModelicaLibraryTesting.jl/BaseModelicaLibraryTesting.jl/src/pipeline.jl:60 [inlined]
 [23] main(; library::String, version::String, filter::Nothing, omc_exe::String, results_root::String, ref_root::String, bm_options::String, csv_max_size_mb::Int64)
    @ BaseModelicaLibraryTesting ~/work/BaseModelicaLibraryTesting.jl/BaseModelicaLibraryTesting.jl/src/pipeline.jl:189
 [24] top-level scope
    @ none:3
 [25] eval(m::Module, e::Any)
    @ Core ./boot.jl:489
 [26] exec_options(opts::Base.JLOptions)
    @ Base ./client.jl:283
 [27] _start()
    @ Base ./client.jl:550
