Model:  Modelica.Mechanics.MultiBody.Examples.Elementary.PointGravityWithPointMasses2
Time:    0.119 s
Success: false

--- Error ---
MethodError: no method matching -(::Nothing, ::Float64)
The function `-` exists, but no method is defined for this combination of argument types.

Closest candidates are:
  -(!Matched::ChainRulesCore.NoTangent, ::Any)
   @ ChainRulesCore ~/.julia/packages/ChainRulesCore/Vsbj9/src/tangent_arithmetic.jl:61
  -(!Matched::Missing, ::Number)
   @ Base missing.jl:123
  -(!Matched::Complex{Bool}, ::Real)
   @ Base complex.jl:329
  ...

Stacktrace:
  [1] eval_AST(expr::BaseModelica.BaseModelicaMinus)
    @ BaseModelica ~/.julia/packages/BaseModelica/2BnsC/src/evaluator.jl:42
  [2] eval_AST(expr::BaseModelica.BaseModelicaProd)
    @ BaseModelica ~/.julia/packages/BaseModelica/2BnsC/src/evaluator.jl:44
  [3] eval_AST(expr::BaseModelica.BaseModelicaSum) (repeats 2 times)
    @ BaseModelica ~/.julia/packages/BaseModelica/2BnsC/src/evaluator.jl:41
  [4] eval_AST(eq::BaseModelica.BaseModelicaSimpleEquation)
    @ BaseModelica ~/.julia/packages/BaseModelica/2BnsC/src/evaluator.jl:130
  [5] eval_AST(eq::BaseModelica.BaseModelicaAnyEquation)
    @ BaseModelica ~/.julia/packages/BaseModelica/2BnsC/src/evaluator.jl:88
  [6] (::BaseModelica.var"#eval_AST##8#eval_AST##9")(eq::BaseModelica.BaseModelicaAnyEquation)
    @ BaseModelica ./none:-1
  [7] iterate
    @ ./generator.jl:48 [inlined]
  [8] collect_to!(dest::Vector{Symbolics.Equation}, itr::Base.Generator{Vector{Any}, BaseModelica.var"#eval_AST##8#eval_AST##9"}, offs::Int64, st::Int64)
    @ Base ./array.jl:848
  [9] collect_to_with_first!(dest::Vector{Symbolics.Equation}, v1::Symbolics.Equation, itr::Base.Generator{Vector{Any}, BaseModelica.var"#eval_AST##8#eval_AST##9"}, st::Int64)
    @ Base ./array.jl:826
 [10] collect(itr::Base.Generator{Vector{Any}, BaseModelica.var"#eval_AST##8#eval_AST##9"})
    @ Base ./array.jl:800
 [11] eval_AST(model::BaseModelica.BaseModelicaModel)
    @ BaseModelica ~/.julia/packages/BaseModelica/2BnsC/src/evaluator.jl:454
 [12] eval_AST(package::BaseModelica.BaseModelicaPackage)
    @ BaseModelica ~/.julia/packages/BaseModelica/2BnsC/src/evaluator.jl:838
 [13] baseModelica_to_ModelingToolkit
    @ ~/.julia/packages/BaseModelica/2BnsC/src/evaluator.jl:888 [inlined]
 [14] (::BaseModelicaLibraryTesting.var"#run_parse##10#run_parse##11")()
    @ BaseModelicaLibraryTesting ~/work/BaseModelicaLibraryTesting.jl/BaseModelicaLibraryTesting.jl/src/parse_bm.jl:78
 [15] with_logstate(f::BaseModelicaLibraryTesting.var"#run_parse##10#run_parse##11", logstate::Base.CoreLogging.LogState)
    @ Base.CoreLogging ./logging/logging.jl:542
 [16] (::BaseModelicaLibraryTesting.var"#run_parse##8#run_parse##9")()
    @ BaseModelicaLibraryTesting ~/work/BaseModelicaLibraryTesting.jl/BaseModelicaLibraryTesting.jl/src/parse_bm.jl:77
 [17] (::Base.RedirectStdStream)(thunk::BaseModelicaLibraryTesting.var"#run_parse##8#run_parse##9", stream::Pipe)
    @ Base ./stream.jl:1464
 [18] (::Base.RedirectStdStream)(thunk::BaseModelicaLibraryTesting.var"#run_parse##6#run_parse##7"{Pipe}, stream::Pipe)
    @ Base ./stream.jl:1457
 [19] run_parse(bm_path::String, model_dir::String, model::String)
    @ BaseModelicaLibraryTesting ~/work/BaseModelicaLibraryTesting.jl/BaseModelicaLibraryTesting.jl/src/parse_bm.jl:28
 [20] test_model(omc::OMJulia.OMCSession, model::String, results_root::String, ref_root::String; sim_settings::SimulateSettings, csv_max_size_mb::Int64)
    @ BaseModelicaLibraryTesting ~/work/BaseModelicaLibraryTesting.jl/BaseModelicaLibraryTesting.jl/src/pipeline.jl:82
 [21] test_model
    @ ~/work/BaseModelicaLibraryTesting.jl/BaseModelicaLibraryTesting.jl/src/pipeline.jl:60 [inlined]
 [22] main(; library::String, version::String, filter::String, omc_exe::String, results_root::String, ref_root::String, bm_options::String, sim_settings::SimulateSettings, csv_max_size_mb::Int64)
    @ BaseModelicaLibraryTesting ~/work/BaseModelicaLibraryTesting.jl/BaseModelicaLibraryTesting.jl/src/pipeline.jl:220
 [23] top-level scope
    @ none:7
 [24] eval(m::Module, e::Any)
    @ Core ./boot.jl:489
 [25] exec_options(opts::Base.JLOptions)
    @ Base ./client.jl:283
 [26] _start()
    @ Base ./client.jl:550
