Model:  Modelica.Math.Random.Examples.GenerateRandomNumbers
Time:    0.012 s
Success: false

--- Error ---
Could not evaluate value of parameter rImpure(t). Missing values for variables in expression rImpure(t).
Stacktrace:
  [1] error(s::LazyString)
    @ Base ./error.jl:44
  [2] ModelingToolkitBase.MTKParameters(sys::ModelingToolkitBase.System, op::ModelingToolkitBase.AtomicArrayDict{SymbolicUtils.BasicSymbolicImpl.var"typeof(BasicSymbolicImpl)"{SymbolicUtils.SymReal}, Dict{SymbolicUtils.BasicSymbolicImpl.var"typeof(BasicSymbolicImpl)"{SymbolicUtils.SymReal}, SymbolicUtils.BasicSymbolicImpl.var"typeof(BasicSymbolicImpl)"{SymbolicUtils.SymReal}}}; tofloat::Bool, t0::Nothing, substitution_limit::Int64, floatT::Type, p_constructor::Function, fast_path::Bool)
    @ ModelingToolkitBase ~/.julia/packages/ModelingToolkitBase/jyweh/src/systems/parameter_buffer.jl:187
  [3] process_SciMLProblem(constructor::Type, sys::ModelingToolkitBase.System, op::ModelingToolkitBase.AtomicArrayDict{SymbolicUtils.BasicSymbolicImpl.var"typeof(BasicSymbolicImpl)"{SymbolicUtils.SymReal}, Dict{SymbolicUtils.BasicSymbolicImpl.var"typeof(BasicSymbolicImpl)"{SymbolicUtils.SymReal}, SymbolicUtils.BasicSymbolicImpl.var"typeof(BasicSymbolicImpl)"{SymbolicUtils.SymReal}}}; build_initializeprob::Bool, implicit_dae::Bool, t::Nothing, guesses::Dict{Any, Any}, warn_initialize_determined::Bool, initialization_eqs::Vector{Any}, eval_expression::Bool, eval_module::Module, fully_determined::Nothing, check_initialization_units::Bool, u0_eltype::Nothing, tofloat::Bool, u0_constructor::typeof(identity), p_constructor::typeof(identity), check_length::Bool, symbolic_u0::Bool, warn_cyclic_dependency::Bool, circular_dependency_max_cycle_length::Int64, circular_dependency_max_cycles::Int64, initsys_mtkcompile_kwargs::@NamedTuple{}, substitution_limit::Int64, use_scc::Bool, time_dependent_init::Bool, algebraic_only::Bool, missing_guess_value::ModelingToolkitBase.MissingGuessValue.var"typeof(MissingGuessValue)", allow_incomplete::Bool, is_initializeprob::Bool, is_steadystateprob::Bool, return_operating_point::Bool, kwargs::@Kwargs{check_compatibility::Bool, expression::DataType, reltol::Float64})
    @ ModelingToolkitBase ~/.julia/packages/ModelingToolkitBase/jyweh/src/systems/problem_utils.jl:1645
  [4] (NonlinearProblem{true, SciMLBase.AutoSpecialize})(sys::ModelingToolkitBase.System, op::ModelingToolkitBase.AtomicArrayDict{SymbolicUtils.BasicSymbolicImpl.var"typeof(BasicSymbolicImpl)"{SymbolicUtils.SymReal}, Dict{SymbolicUtils.BasicSymbolicImpl.var"typeof(BasicSymbolicImpl)"{SymbolicUtils.SymReal}, SymbolicUtils.BasicSymbolicImpl.var"typeof(BasicSymbolicImpl)"{SymbolicUtils.SymReal}}}; expression::Type, check_length::Bool, check_compatibility::Bool, kwargs::@Kwargs{use_scc::Bool, u0_constructor::typeof(identity), p_constructor::typeof(identity), eval_expression::Bool, eval_module::Module, missing_guess_value::ModelingToolkitBase.MissingGuessValue.var"typeof(MissingGuessValue)", warn_cyclic_dependency::Bool, circular_dependency_max_cycle_length::Int64, circular_dependency_max_cycles::Int64, reltol::Float64, build_initializeprob::Bool, is_initializeprob::Bool})
    @ ModelingToolkitBase ~/.julia/packages/ModelingToolkitBase/jyweh/src/problems/nonlinearproblem.jl:75
  [5] NonlinearProblem
    @ ~/.julia/packages/ModelingToolkitBase/jyweh/src/problems/nonlinearproblem.jl:64 [inlined]
  [6] #_#829
    @ ./none:-1 [inlined]
  [7] ModelingToolkitBase.InitializationProblem{true, SciMLBase.AutoSpecialize}(sys::ModelingToolkitBase.System, t::Float64, op::ModelingToolkitBase.AtomicArrayDict{SymbolicUtils.BasicSymbolicImpl.var"typeof(BasicSymbolicImpl)"{SymbolicUtils.SymReal}, Dict{SymbolicUtils.BasicSymbolicImpl.var"typeof(BasicSymbolicImpl)"{SymbolicUtils.SymReal}, SymbolicUtils.BasicSymbolicImpl.var"typeof(BasicSymbolicImpl)"{SymbolicUtils.SymReal}}}; fast_path::Bool, guesses::Dict{Any, Any}, check_length::Bool, warn_initialize_determined::Bool, initialization_eqs::Vector{Any}, fully_determined::Nothing, check_units::Bool, allow_incomplete::Bool, algebraic_only::Bool, time_dependent_init::Bool, initsys_mtkcompile_kwargs::@NamedTuple{}, is_steadystateprob::Bool, kwargs::@Kwargs{use_scc::Bool, u0_constructor::typeof(identity), p_constructor::typeof(identity), eval_expression::Bool, eval_module::Module, missing_guess_value::ModelingToolkitBase.MissingGuessValue.var"typeof(MissingGuessValue)", warn_cyclic_dependency::Bool, circular_dependency_max_cycle_length::Int64, circular_dependency_max_cycles::Int64, check_compatibility::Bool, reltol::Float64})
    @ ModelingToolkitBase ~/.julia/packages/ModelingToolkitBase/jyweh/src/problems/initializationproblem.jl:126
  [8] InitializationProblem
    @ ~/.julia/packages/ModelingToolkitBase/jyweh/src/problems/initializationproblem.jl:22 [inlined]
  [9] #_#895
    @ ./none:-1 [inlined]
 [10] maybe_build_initialization_problem(sys::ModelingToolkitBase.System, iip::Bool, op::ModelingToolkitBase.AtomicArrayDict{SymbolicUtils.BasicSymbolicImpl.var"typeof(BasicSymbolicImpl)"{SymbolicUtils.SymReal}, Dict{SymbolicUtils.BasicSymbolicImpl.var"typeof(BasicSymbolicImpl)"{SymbolicUtils.SymReal}, SymbolicUtils.BasicSymbolicImpl.var"typeof(BasicSymbolicImpl)"{SymbolicUtils.SymReal}}}, t::Float64, guesses::Dict{Any, Any}; time_dependent_init::Bool, u0_constructor::Function, p_constructor::Function, floatT::Type, initialization_eqs::Vector{Any}, use_scc::Bool, eval_expression::Bool, eval_module::Module, missing_guess_value::ModelingToolkitBase.MissingGuessValue.var"typeof(MissingGuessValue)", implicit_dae::Bool, is_steadystateprob::Bool, expression::Type, kwargs::@Kwargs{initsys_mtkcompile_kwargs::@NamedTuple{}, warn_initialize_determined::Bool, fully_determined::Nothing, warn_cyclic_dependency::Bool, check_units::Bool, circular_dependency_max_cycle_length::Int64, circular_dependency_max_cycles::Int64, algebraic_only::Bool, allow_incomplete::Bool, check_compatibility::Bool, reltol::Float64})
    @ ModelingToolkitBase ~/.julia/packages/ModelingToolkitBase/jyweh/src/systems/problem_utils.jl:1188
 [11] process_SciMLProblem(constructor::Type, sys::ModelingToolkitBase.System, op::Vector{Any}; build_initializeprob::Bool, implicit_dae::Bool, t::Float64, guesses::Dict{Any, Any}, warn_initialize_determined::Bool, initialization_eqs::Vector{Any}, eval_expression::Bool, eval_module::Module, fully_determined::Nothing, check_initialization_units::Bool, u0_eltype::Nothing, tofloat::Bool, u0_constructor::typeof(identity), p_constructor::typeof(identity), check_length::Bool, symbolic_u0::Bool, warn_cyclic_dependency::Bool, circular_dependency_max_cycle_length::Int64, circular_dependency_max_cycles::Int64, initsys_mtkcompile_kwargs::@NamedTuple{}, substitution_limit::Int64, use_scc::Bool, time_dependent_init::Bool, algebraic_only::Bool, missing_guess_value::ModelingToolkitBase.MissingGuessValue.var"typeof(MissingGuessValue)", allow_incomplete::Bool, is_initializeprob::Bool, is_steadystateprob::Bool, return_operating_point::Bool, kwargs::@Kwargs{expression::DataType, check_compatibility::Bool, reltol::Float64})
    @ ModelingToolkitBase ~/.julia/packages/ModelingToolkitBase/jyweh/src/systems/problem_utils.jl:1559
 [12] (ODEProblem{ModelingToolkitBase.Both, SciMLBase.AutoSpecialize})(sys::ModelingToolkitBase.System, op::Any, tspan::Tuple{Float64, Float64}; callback::Any, check_length::Bool, eval_expression::Bool, expression::Type, eval_module::Module, check_compatibility::Bool, _skip_events::Bool, kwargs::@Kwargs{missing_guess_value::ModelingToolkitBase.MissingGuessValue.var"typeof(MissingGuessValue)", reltol::Float64})
    @ ModelingToolkitBase ~/.julia/packages/ModelingToolkitBase/jyweh/src/problems/odeproblem.jl:111
 [13] ODEProblem
    @ ~/.julia/packages/ModelingToolkitBase/jyweh/src/problems/odeproblem.jl:101 [inlined]
 [14] ODEProblem
    @ ./none:-1 [inlined]
 [15] ODEProblem
    @ ./none:-1 [inlined]
 [16] (::BaseModelicaLibraryTesting.var"#run_parse##16#run_parse##17"{@NamedTuple{StartTime::Float64, StopTime::Float64, Tolerance::Float64, Interval::Nothing}})()
    @ BaseModelicaLibraryTesting ~/work/BaseModelicaLibraryTesting.jl/BaseModelicaLibraryTesting.jl/src/parse_bm.jl:122
 [17] with_logstate(f::BaseModelicaLibraryTesting.var"#run_parse##16#run_parse##17"{@NamedTuple{StartTime::Float64, StopTime::Float64, Tolerance::Float64, Interval::Nothing}}, logstate::Base.CoreLogging.LogState)
    @ Base.CoreLogging ./logging/logging.jl:542
 [18] with_logger
    @ ./logging/logging.jl:653 [inlined]
 [19] (::BaseModelicaLibraryTesting.var"#run_parse##14#run_parse##15"{@NamedTuple{StartTime::Float64, StopTime::Float64, Tolerance::Float64, Interval::Nothing}})()
    @ BaseModelicaLibraryTesting ~/work/BaseModelicaLibraryTesting.jl/BaseModelicaLibraryTesting.jl/src/parse_bm.jl:114
 [20] (::Base.RedirectStdStream)(thunk::BaseModelicaLibraryTesting.var"#run_parse##14#run_parse##15"{@NamedTuple{StartTime::Float64, StopTime::Float64, Tolerance::Float64, Interval::Nothing}}, stream::Pipe)
    @ Base ./stream.jl:1464
 [21] #run_parse##12
    @ ~/work/BaseModelicaLibraryTesting.jl/BaseModelicaLibraryTesting.jl/src/parse_bm.jl:113 [inlined]
 [22] (::Base.RedirectStdStream)(thunk::BaseModelicaLibraryTesting.var"#run_parse##12#run_parse##13"{Pipe, @NamedTuple{StartTime::Float64, StopTime::Float64, Tolerance::Float64, Interval::Nothing}}, stream::Pipe)
    @ Base ./stream.jl:1464
 [23] run_parse(bm_path::String, model_dir::String, model::String)
    @ BaseModelicaLibraryTesting ~/work/BaseModelicaLibraryTesting.jl/BaseModelicaLibraryTesting.jl/src/parse_bm.jl:112
 [24] test_model(omc::OMJulia.OMCSession, model::String, results_root::String, ref_root::String; sim_settings::SimulateSettings, csv_max_size_mb::Int64)
    @ BaseModelicaLibraryTesting ~/work/BaseModelicaLibraryTesting.jl/BaseModelicaLibraryTesting.jl/src/pipeline.jl:82
 [25] test_model
    @ ~/work/BaseModelicaLibraryTesting.jl/BaseModelicaLibraryTesting.jl/src/pipeline.jl:60 [inlined]
 [26] main(; library::String, version::String, filter::String, omc_exe::String, results_root::String, ref_root::String, bm_options::String, sim_settings::SimulateSettings, csv_max_size_mb::Int64)
    @ BaseModelicaLibraryTesting ~/work/BaseModelicaLibraryTesting.jl/BaseModelicaLibraryTesting.jl/src/pipeline.jl:220
 [27] top-level scope
    @ none:7
 [28] eval(m::Module, e::Any)
    @ Core ./boot.jl:489
 [29] exec_options(opts::Base.JLOptions)
    @ Base ./client.jl:283
 [30] _start()
    @ Base ./client.jl:550
