Model:   Modelica.Clocked.Examples.Elementary.RealSignals.UniformNoiseXorshift64star
Time:    0.01 s
Success: false

--- Error ---
BoundsError: attempt to access 0-element Vector{Union{Vector{SymbolicUtils.BasicSymbolicImpl.var"typeof(BasicSymbolicImpl)"{SymbolicUtils.SymReal}}, Vector{Vector{SymbolicUtils.BasicSymbolicImpl.var"typeof(BasicSymbolicImpl)"{SymbolicUtils.SymReal}}}}} at index [1]
Stacktrace:
  [1] throw_boundserror(A::Vector{Union{Vector{SymbolicUtils.BasicSymbolicImpl.var"typeof(BasicSymbolicImpl)"{SymbolicUtils.SymReal}}, Vector{Vector{SymbolicUtils.BasicSymbolicImpl.var"typeof(BasicSymbolicImpl)"{SymbolicUtils.SymReal}}}}}, I::Tuple{Int64})
    @ Base ./essentials.jl:15
  [2] getindex
    @ ./essentials.jl:919 [inlined]
  [3] get_mtkparameters_reconstructor(srcsys::ModelingToolkitBase.System, dstsys::ModelingToolkitBase.System; initials::Bool, unwrap_initials::Bool, p_constructor::typeof(identity), eval_expression::Bool, eval_module::Module, force_time_independent::Bool, kwargs::@Kwargs{initsys_mtkcompile_kwargs::@NamedTuple{}, warn_initialize_determined::Bool, fully_determined::Nothing, warn_cyclic_dependency::Bool, check_units::Bool, circular_dependency_max_cycle_length::Int64, circular_dependency_max_cycles::Int64, algebraic_only::Bool, allow_incomplete::Bool, check_compatibility::Bool})
    @ ModelingToolkitBase ~/.julia/packages/ModelingToolkitBase/cUk4Z/src/systems/problem_utils.jl:753
  [4] construct_initializeprobpmap(sys::ModelingToolkitBase.System, initsys::ModelingToolkitBase.System; p_constructor::Function, eval_expression::Bool, eval_module::Module, kwargs::@Kwargs{initsys_mtkcompile_kwargs::@NamedTuple{}, warn_initialize_determined::Bool, fully_determined::Nothing, warn_cyclic_dependency::Bool, check_units::Bool, circular_dependency_max_cycle_length::Int64, circular_dependency_max_cycles::Int64, algebraic_only::Bool, allow_incomplete::Bool, check_compatibility::Bool})
    @ ModelingToolkitBase ~/.julia/packages/ModelingToolkitBase/cUk4Z/src/systems/problem_utils.jl:954
  [5] maybe_build_initialization_problem(sys::ModelingToolkitBase.System, iip::Bool, op::ModelingToolkitBase.AtomicArrayDict{SymbolicUtils.BasicSymbolicImpl.var"typeof(BasicSymbolicImpl)"{SymbolicUtils.SymReal}, Dict{SymbolicUtils.BasicSymbolicImpl.var"typeof(BasicSymbolicImpl)"{SymbolicUtils.SymReal}, SymbolicUtils.BasicSymbolicImpl.var"typeof(BasicSymbolicImpl)"{SymbolicUtils.SymReal}}}, t::Float64, guesses::Dict{Any, Any}; time_dependent_init::Bool, u0_constructor::Function, p_constructor::Function, floatT::Type, initialization_eqs::Vector{Any}, use_scc::Bool, eval_expression::Bool, eval_module::Module, missing_guess_value::ModelingToolkitBase.MissingGuessValue.var"typeof(MissingGuessValue)", implicit_dae::Bool, is_steadystateprob::Bool, expression::Type, kwargs::@Kwargs{initsys_mtkcompile_kwargs::@NamedTuple{}, warn_initialize_determined::Bool, fully_determined::Nothing, warn_cyclic_dependency::Bool, check_units::Bool, circular_dependency_max_cycle_length::Int64, circular_dependency_max_cycles::Int64, algebraic_only::Bool, allow_incomplete::Bool, check_compatibility::Bool})
    @ ModelingToolkitBase ~/.julia/packages/ModelingToolkitBase/cUk4Z/src/systems/problem_utils.jl:1261
  [6] process_SciMLProblem(constructor::Type, sys::ModelingToolkitBase.System, op::Vector{Any}; build_initializeprob::Bool, implicit_dae::Bool, t::Float64, guesses::Dict{Any, Any}, warn_initialize_determined::Bool, initialization_eqs::Vector{Any}, eval_expression::Bool, eval_module::Module, fully_determined::Nothing, check_initialization_units::Bool, u0_eltype::Nothing, tofloat::Bool, u0_constructor::typeof(identity), p_constructor::typeof(identity), check_length::Bool, symbolic_u0::Bool, warn_cyclic_dependency::Bool, circular_dependency_max_cycle_length::Int64, circular_dependency_max_cycles::Int64, initsys_mtkcompile_kwargs::@NamedTuple{}, substitution_limit::Int64, use_scc::Bool, time_dependent_init::Bool, algebraic_only::Bool, missing_guess_value::ModelingToolkitBase.MissingGuessValue.var"typeof(MissingGuessValue)", allow_incomplete::Bool, is_initializeprob::Bool, is_steadystateprob::Bool, return_operating_point::Bool, kwargs::@Kwargs{expression::DataType, check_compatibility::Bool})
    @ ModelingToolkitBase ~/.julia/packages/ModelingToolkitBase/cUk4Z/src/systems/problem_utils.jl:1541
  [7] (SciMLBase.ODEProblem{true, SciMLBase.AutoSpecialize})(sys::ModelingToolkitBase.System, op::Any, tspan::Tuple{Float64, Float64}; callback::Any, check_length::Bool, eval_expression::Bool, expression::Type, eval_module::Module, check_compatibility::Bool, _skip_events::Bool, kwargs::@Kwargs{missing_guess_value::ModelingToolkitBase.MissingGuessValue.var"typeof(MissingGuessValue)"})
    @ ModelingToolkitBase ~/.julia/packages/ModelingToolkitBase/cUk4Z/src/problems/odeproblem.jl:110
  [8] create_odeproblem(filename::String; parser::Symbol, u0::Vector{Any}, kwargs::@Kwargs{})
    @ BaseModelica ~/.julia/packages/BaseModelica/waq8E/src/BaseModelica.jl:149
  [9] create_odeproblem
    @ ~/.julia/packages/BaseModelica/waq8E/src/BaseModelica.jl:149 [inlined]
 [10] run_parse(bm_path::String, model_dir::String, model::String)
    @ BaseModelicaLibraryTesting ~/work/BaseModelicaLibraryTesting.jl/BaseModelicaLibraryTesting.jl/src/parse_bm.jl:24
 [11] test_model(omc::OMJulia.OMCSession, model::String, results_root::String, ref_root::String)
    @ BaseModelicaLibraryTesting ~/work/BaseModelicaLibraryTesting.jl/BaseModelicaLibraryTesting.jl/src/pipeline.jl:76
 [12] main(; library::String, version::String, filter::Nothing, omc_exe::String, results_root::String, ref_root::String, bm_options::String)
    @ BaseModelicaLibraryTesting ~/work/BaseModelicaLibraryTesting.jl/BaseModelicaLibraryTesting.jl/src/pipeline.jl:189
 [13] top-level scope
    @ none:3
 [14] eval(m::Module, e::Any)
    @ Core ./boot.jl:489
 [15] exec_options(opts::Base.JLOptions)
    @ Base ./client.jl:283
 [16] _start()
    @ Base ./client.jl:550
