Model:  Modelica.Fluid.Examples.HeatExchanger.HeatExchangerSimulation
Time:    9.132 s
Success: true

--- Parser output ---
line 6004:145 missing ';' at '.'
line 6005:145 missing ';' at '.'
line 6020:145 missing ';' at '.'
line 6021:145 missing ';' at '.'
line 6036:145 missing ';' at '.'
line 6037:145 missing ';' at '.'
line 6052:145 missing ';' at '.'
line 6053:145 missing ';' at '.'
line 6068:145 missing ';' at '.'
line 6069:145 missing ';' at '.'
line 6084:145 missing ';' at '.'
line 6085:145 missing ';' at '.'
line 6100:145 missing ';' at '.'
line 6101:145 missing ';' at '.'
line 6116:145 missing ';' at '.'
line 6117:145 missing ';' at '.'
line 6132:145 missing ';' at '.'
line 6133:145 missing ';' at '.'
line 6148:148 missing ';' at '.'
line 6149:148 missing ';' at '.'
line 6164:148 missing ';' at '.'
line 6165:148 missing ';' at '.'
line 6180:148 missing ';' at '.'
line 6181:148 missing ';' at '.'
line 6196:148 missing ';' at '.'
line 6197:148 missing ';' at '.'
line 6212:148 missing ';' at '.'
line 6213:148 missing ';' at '.'
line 6228:148 missing ';' at '.'
line 6229:148 missing ';' at '.'
line 6244:148 missing ';' at '.'
line 6245:148 missing ';' at '.'
line 6260:148 missing ';' at '.'
line 6261:148 missing ';' at '.'
line 6276:148 missing ';' at '.'
line 6277:148 missing ';' at '.'
line 6292:148 missing ';' at '.'
line 6293:148 missing ';' at '.'
line 6308:148 missing ';' at '.'
line 6309:148 missing ';' at '.'
line 7029:403 missing 'then' at '.'
line 7029:416 mismatched input 'then' expecting {'elseif', 'else'}
line 7029:558 mismatched input ')' expecting ';'
line 7030:4 mismatched input ''HEX.pipe_1.heatTransfer.Prs[2]'' expecting {'end', 'annotation'}
