Model:  Modelica.Electrical.Spice3.Examples.FourInverters
Time:    6.956 s
Success: true

--- Parser output ---
line 2847:1441 missing ';' at '.'
line 2848:1438 missing ';' at '.'
line 2849:1438 missing ';' at '.'
line 2850:1438 missing ';' at '.'
line 2851:1438 missing ';' at '.'
line 2852:1438 missing ';' at '.'
line 2853:1438 missing ';' at '.'
line 2854:1438 missing ';' at '.'
line 2855:1442 missing ';' at '.'
line 2873:1440 missing ';' at '.'
line 2874:1437 missing ';' at '.'
line 2875:1437 missing ';' at '.'
line 2876:1437 missing ';' at '.'
line 2877:1437 missing ';' at '.'
line 2878:1437 missing ';' at '.'
line 2879:1437 missing ';' at '.'
line 2880:1437 missing ';' at '.'
line 2881:1441 missing ';' at '.'
line 2899:1441 missing ';' at '.'
line 2900:1438 missing ';' at '.'
line 2901:1438 missing ';' at '.'
line 2902:1438 missing ';' at '.'
line 2903:1438 missing ';' at '.'
line 2904:1438 missing ';' at '.'
line 2905:1438 missing ';' at '.'
line 2906:1438 missing ';' at '.'
line 2907:1442 missing ';' at '.'
line 2925:1440 missing ';' at '.'
line 2926:1437 missing ';' at '.'
line 2927:1437 missing ';' at '.'
line 2928:1437 missing ';' at '.'
line 2929:1437 missing ';' at '.'
line 2930:1437 missing ';' at '.'
line 2931:1437 missing ';' at '.'
line 2932:1437 missing ';' at '.'
line 2933:1441 missing ';' at '.'
line 2951:1441 missing ';' at '.'
line 2952:1438 missing ';' at '.'
line 2953:1438 missing ';' at '.'
line 2954:1438 missing ';' at '.'
line 2955:1438 missing ';' at '.'
line 2956:1438 missing ';' at '.'
line 2957:1438 missing ';' at '.'
line 2958:1438 missing ';' at '.'
line 2959:1442 missing ';' at '.'
line 2977:1440 missing ';' at '.'
line 2978:1437 missing ';' at '.'
line 2979:1437 missing ';' at '.'
line 2980:1437 missing ';' at '.'
line 2981:1437 missing ';' at '.'
line 2982:1437 missing ';' at '.'
line 2983:1437 missing ';' at '.'
line 2984:1437 missing ';' at '.'
line 2985:1441 missing ';' at '.'
line 3003:1441 missing ';' at '.'
line 3004:1438 missing ';' at '.'
line 3005:1438 missing ';' at '.'
line 3006:1438 missing ';' at '.'
line 3007:1438 missing ';' at '.'
line 3008:1438 missing ';' at '.'
line 3009:1438 missing ';' at '.'
line 3010:1438 missing ';' at '.'
line 3011:1442 missing ';' at '.'
line 3029:1440 missing ';' at '.'
line 3030:1437 missing ';' at '.'
line 3031:1437 missing ';' at '.'
line 3032:1437 missing ';' at '.'
line 3033:1437 missing ';' at '.'
line 3034:1437 missing ';' at '.'
line 3035:1437 missing ';' at '.'
line 3036:1437 missing ';' at '.'
line 3037:1441 missing ';' at '.'
