Model:  Modelica.Electrical.Spice3.Examples.Nand
Time:    3.982 s
Success: true

--- Parser output ---
line 1564:1441 missing ';' at '.'
line 1565:1438 missing ';' at '.'
line 1566:1438 missing ';' at '.'
line 1567:1438 missing ';' at '.'
line 1568:1438 missing ';' at '.'
line 1569:1438 missing ';' at '.'
line 1570:1438 missing ';' at '.'
line 1571:1438 missing ';' at '.'
line 1572:1442 missing ';' at '.'
line 1590:1441 missing ';' at '.'
line 1591:1438 missing ';' at '.'
line 1592:1438 missing ';' at '.'
line 1593:1438 missing ';' at '.'
line 1594:1438 missing ';' at '.'
line 1595:1438 missing ';' at '.'
line 1596:1438 missing ';' at '.'
line 1597:1438 missing ';' at '.'
line 1598:1442 missing ';' at '.'
line 1616:1440 missing ';' at '.'
line 1617:1437 missing ';' at '.'
line 1618:1437 missing ';' at '.'
line 1619:1437 missing ';' at '.'
line 1620:1437 missing ';' at '.'
line 1621:1437 missing ';' at '.'
line 1622:1437 missing ';' at '.'
line 1623:1437 missing ';' at '.'
line 1624:1441 missing ';' at '.'
line 1642:1440 missing ';' at '.'
line 1643:1437 missing ';' at '.'
line 1644:1437 missing ';' at '.'
line 1645:1437 missing ';' at '.'
line 1646:1437 missing ';' at '.'
line 1647:1437 missing ';' at '.'
line 1648:1437 missing ';' at '.'
line 1649:1437 missing ';' at '.'
line 1650:1441 missing ';' at '.'
