Model:   Modelica.Electrical.Digital.Examples.DLATREG
Time:    0.158 s
Success: false

--- Parser output ---
line 48:40 missing ';' at 'Modelica'
line 48:87 token recognition error at: '\'
line 48:88 missing ';' at ''U\'''
line 48:94 token recognition error at: '' = 1;\n'
line 48:93 mismatched input ']' expecting IDENT
line 49:87 token recognition error at: '\'
line 49:94 token recognition error at: '' = 4;\n'
line 50:87 token recognition error at: '\'
line 50:94 token recognition error at: '' = 3;\n'
line 51:87 token recognition error at: '\'
line 51:94 token recognition error at: '' = 2;\n'
line 52:87 token recognition error at: '\'
line 52:94 token recognition error at: '' = 4;\n'
line 53:87 token recognition error at: '\'
line 53:94 token recognition error at: '' = 4;\n'
line 54:87 token recognition error at: '\'
line 54:94 token recognition error at: '' = 3;\n'
line 55:87 token recognition error at: '\'
line 55:94 token recognition error at: '' = 2;\n'
line 56:87 token recognition error at: '\'
line 56:94 token recognition error at: '' = 4;\n'
line 57:68 mismatched input ')' expecting ';'
line 58:4 mismatched input 'parameter' expecting {'end', 'annotation'}
line 69:121 token recognition error at: '\'
line 69:183 token recognition error at: '' = 0 "Specification of delay according to signal change";\n'
line 70:121 token recognition error at: '\'
line 70:183 token recognition error at: '' = 0 "Specification of delay according to signal change";\n'
line 71:121 token recognition error at: '\'
line 71:183 token recognition error at: '' = -1 "Specification of delay according to signal change";\n'
line 72:121 token recognition error at: '\'
line 72:183 token recognition error at: '' = 1 "Specification of delay according to signal change";\n'
line 73:121 token recognition error at: '\'
line 73:183 token recognition error at: '' = 0 "Specification of delay according to signal change";\n'
line 74:121 token recognition error at: '\'
line 74:183 token recognition error at: '' = 0 "Specification of delay according to signal change";\n'
line 75:121 token recognition error at: '\'
line 75:183 token recognition error at: '' = -1 "Specification of delay according to signal change";\n'
line 76:121 token recognition error at: '\'
line 76:183 token recognition error at: '' = 1 "Specification of delay according to signal change";\n'
line 77:121 token recognition error at: '\'
line 77:183 token recognition error at: '' = 0 "Specification of delay according to signal change";\n'
line 78:121 token recognition error at: '\'
line 78:183 token recognition error at: '' = 0 "Specification of delay according to signal change";\n'
line 79:121 token recognition error at: '\'
line 79:183 token recognition error at: '' = 0 "Specification of delay according to signal change";\n'
line 80:121 token recognition error at: '\'
line 80:183 token recognition error at: '' = -1 "Specification of delay according to signal change";\n'
line 81:121 token recognition error at: '\'
line 81:183 token recognition error at: '' = 1 "Specification of delay according to signal change";\n'
line 82:121 token recognition error at: '\'
line 82:183 token recognition error at: '' = 0 "Specification of delay according to signal change";\n'
line 83:121 token recognition error at: '\'
line 83:183 token recognition error at: '' = 0 "Specification of delay according to signal change";\n'
line 84:121 token recognition error at: '\'
line 84:183 token recognition error at: '' = -1 "Specification of delay according to signal change";\n'
line 85:121 token recognition error at: '\'
line 85:183 token recognition error at: '' = 1 "Specification of delay according to signal change";\n'
line 86:121 token recognition error at: '\'
line 86:183 token recognition error at: '' = 0 "Specification of delay according to signal change";\n'
line 87:121 token recognition error at: '\'
line 87:183 token recognition error at: '' = 1 "Specification of delay according to signal change";\n'
line 88:121 token recognition error at: '\'
line 88:183 token recognition error at: '' = 1 "Specification of delay according to signal change";\n'
line 89:121 token recognition error at: '\'
line 89:183 token recognition error at: '' = 0 "Specification of delay according to signal change";\n'
line 90:121 token recognition error at: '\'
line 90:183 token recognition error at: '' = 1 "Specification of delay according to signal change";\n'
line 91:121 token recognition error at: '\'
line 91:183 token recognition error at: '' = 1 "Specification of delay according to signal change";\n'
line 92:121 token recognition error at: '\'
line 92:183 token recognition error at: '' = 1 "Specification of delay according to signal change";\n'
line 93:121 token recognition error at: '\'
line 93:183 token recognition error at: '' = 0 "Specification of delay according to signal change";\n'
line 94:121 token recognition error at: '\'
line 94:183 token recognition error at: '' = 1 "Specification of delay according to signal change";\n'
line 95:121 token recognition error at: '\'
line 95:183 token recognition error at: '' = 1 "Specification of delay according to signal change";\n'
line 96:121 token recognition error at: '\'
line 96:183 token recognition error at: '' = -1 "Specification of delay according to signal change";\n'
line 97:121 token recognition error at: '\'
line 97:183 token recognition error at: '' = -1 "Specification of delay according to signal change";\n'
line 98:121 token recognition error at: '\'
line 98:183 token recognition error at: '' = -1 "Specification of delay according to signal change";\n'
line 99:121 token recognition error at: '\'
line 99:183 token recognition error at: '' = 0 "Specification of delay according to signal change";\n'
line 100:121 token recognition error at: '\'
line 100:183 token recognition error at: '' = -1 "Specification of delay according to signal change";\n'
line 101:121 token recognition error at: '\'
line 101:183 token recognition error at: '' = -1 "Specification of delay according to signal change";\n'
line 102:121 token recognition error at: '\'
line 102:183 token recognition error at: '' = -1 "Specification of delay according to signal change";\n'
line 103:121 token recognition error at: '\'
line 103:183 token recognition error at: '' = 0 "Specification of delay according to signal change";\n'
line 104:121 token recognition error at: '\'
line 104:183 token recognition error at: '' = -1 "Specification of delay according to signal change";\n'
line 105:121 token recognition error at: '\'
line 105:183 token recognition error at: '' = 0 "Specification of delay according to signal change";\n'
line 106:121 token recognition error at: '\'
line 106:183 token recognition error at: '' = 0 "Specification of delay according to signal change";\n'
line 107:121 token recognition error at: '\'
line 107:183 token recognition error at: '' = -1 "Specification of delay according to signal change";\n'
line 108:121 token recognition error at: '\'
line 108:183 token recognition error at: '' = 1 "Specification of delay according to signal change";\n'
line 109:121 token recognition error at: '\'
line 109:183 token recognition error at: '' = 0 "Specification of delay according to signal change";\n'
line 110:121 token recognition error at: '\'
line 110:183 token recognition error at: '' = 0 "Specification of delay according to signal change";\n'
line 111:121 token recognition error at: '\'
line 111:183 token recognition error at: '' = -1 "Specification of delay according to signal change";\n'
line 112:121 token recognition error at: '\'
line 112:183 token recognition error at: '' = 1 "Specification of delay according to signal change";\n'
line 113:121 token recognition error at: '\'
line 113:183 token recognition error at: '' = 0 "Specification of delay according to signal change";\n'
line 114:121 token recognition error at: '\'
line 114:183 token recognition error at: '' = 0 "Specification of delay according to signal change";\n'
line 115:121 token recognition error at: '\'
line 115:183 token recognition error at: '' = 0 "Specification of delay according to signal change";\n'
line 116:121 token recognition error at: '\'
line 116:183 token recognition error at: '' = -1 "Specification of delay according to signal change";\n'
line 117:121 token recognition error at: '\'
line 117:183 token recognition error at: '' = 1 "Specification of delay according to signal change";\n'
line 118:121 token recognition error at: '\'
line 118:183 token recognition error at: '' = 0 "Specification of delay according to signal change";\n'
line 119:121 token recognition error at: '\'
line 119:183 token recognition error at: '' = 0 "Specification of delay according to signal change";\n'
line 120:121 token recognition error at: '\'
line 120:183 token recognition error at: '' = -1 "Specification of delay according to signal change";\n'
line 121:121 token recognition error at: '\'
line 121:183 token recognition error at: '' = 1 "Specification of delay according to signal change";\n'
line 122:121 token recognition error at: '\'
line 122:183 token recognition error at: '' = 0 "Specification of delay according to signal change";\n'
line 123:121 token recognition error at: '\'
line 123:183 token recognition error at: '' = 1 "Specification of delay according to signal change";\n'
line 124:121 token recognition error at: '\'
line 124:183 token recognition error at: '' = 1 "Specification of delay according to signal change";\n'
line 125:121 token recognition error at: '\'
line 125:183 token recognition error at: '' = 0 "Specification of delay according to signal change";\n'
line 126:121 token recognition error at: '\'
line 126:183 token recognition error at: '' = 1 "Specification of delay according to signal change";\n'
line 127:121 token recognition error at: '\'
line 127:183 token recognition error at: '' = 1 "Specification of delay according to signal change";\n'
line 128:121 token recognition error at: '\'
line 128:183 token recognition error at: '' = 1 "Specification of delay according to signal change";\n'
line 129:121 token recognition error at: '\'
line 129:183 token recognition error at: '' = 0 "Specification of delay according to signal change";\n'
line 130:121 token recognition error at: '\'
line 130:183 token recognition error at: '' = 1 "Specification of delay according to signal change";\n'
line 131:121 token recognition error at: '\'
line 131:183 token recognition error at: '' = 1 "Specification of delay according to signal change";\n'
line 132:121 token recognition error at: '\'
line 132:183 token recognition error at: '' = -1 "Specification of delay according to signal change";\n'
line 133:121 token recognition error at: '\'
line 133:183 token recognition error at: '' = -1 "Specification of delay according to signal change";\n'
line 134:121 token recognition error at: '\'
line 134:183 token recognition error at: '' = -1 "Specification of delay according to signal change";\n'
line 135:121 token recognition error at: '\'
line 135:183 token recognition error at: '' = 0 "Specification of delay according to signal change";\n'
line 136:121 token recognition error at: '\'
line 136:183 token recognition error at: '' = -1 "Specification of delay according to signal change";\n'
line 137:121 token recognition error at: '\'
line 137:183 token recognition error at: '' = -1 "Specification of delay according to signal change";\n'
line 138:121 token recognition error at: '\'
line 138:183 token recognition error at: '' = -1 "Specification of delay according to signal change";\n'
line 139:121 token recognition error at: '\'
line 139:183 token recognition error at: '' = 0 "Specification of delay according to signal change";\n'
line 140:121 token recognition error at: '\'
line 140:183 token recognition error at: '' = -1 "Specification of delay according to signal change";\n'
line 141:121 token recognition error at: '\'
line 141:183 token recognition error at: '' = 0 "Specification of delay according to signal change";\n'
line 142:121 token recognition error at: '\'
line 142:183 token recognition error at: '' = 0 "Specification of delay according to signal change";\n'
line 143:121 token recognition error at: '\'
line 143:183 token recognition error at: '' = -1 "Specification of delay according to signal change";\n'
line 144:121 token recognition error at: '\'
line 144:183 token recognition error at: '' = 1 "Specification of delay according to signal change";\n'
line 145:121 token recognition error at: '\'
line 145:183 token recognition error at: '' = 0 "Specification of delay according to signal change";\n'
line 146:121 token recognition error at: '\'
line 146:183 token recognition error at: '' = 0 "Specification of delay according to signal change";\n'
line 147:121 token recognition error at: '\'
line 147:183 token recognition error at: '' = -1 "Specification of delay according to signal change";\n'
line 148:121 token recognition error at: '\'
line 148:183 token recognition error at: '' = 1 "Specification of delay according to signal change";\n'
line 149:121 token recognition error at: '\'
line 149:183 token recognition error at: '' = 0 "Specification of delay according to signal change";\n'
line 160:121 token recognition error at: '\'
line 160:183 token recognition error at: '' = 0 "Specification of delay according to signal change";\n'
line 161:121 token recognition error at: '\'
line 161:183 token recognition error at: '' = 0 "Specification of delay according to signal change";\n'
line 162:121 token recognition error at: '\'
line 162:183 token recognition error at: '' = -1 "Specification of delay according to signal change";\n'
line 163:121 token recognition error at: '\'
line 163:183 token recognition error at: '' = 1 "Specification of delay according to signal change";\n'
line 164:121 token recognition error at: '\'
line 164:183 token recognition error at: '' = 0 "Specification of delay according to signal change";\n'
line 165:121 token recognition error at: '\'
line 165:183 token recognition error at: '' = 0 "Specification of delay according to signal change";\n'
line 166:121 token recognition error at: '\'
line 166:183 token recognition error at: '' = -1 "Specification of delay according to signal change";\n'
line 167:121 token recognition error at: '\'
line 167:183 token recognition error at: '' = 1 "Specification of delay according to signal change";\n'
line 168:121 token recognition error at: '\'
line 168:183 token recognition error at: '' = 0 "Specification of delay according to signal change";\n'
line 169:121 token recognition error at: '\'
line 169:183 token recognition error at: '' = 0 "Specification of delay according to signal change";\n'
line 170:121 token recognition error at: '\'
line 170:183 token recognition error at: '' = 0 "Specification of delay according to signal change";\n'
line 171:121 token recognition error at: '\'
line 171:183 token recognition error at: '' = -1 "Specification of delay according to signal change";\n'
line 172:121 token recognition error at: '\'
line 172:183 token recognition error at: '' = 1 "Specification of delay according to signal change";\n'
line 173:121 token recognition error at: '\'
line 173:183 token recognition error at: '' = 0 "Specification of delay according to signal change";\n'
line 174:121 token recognition error at: '\'
line 174:183 token recognition error at: '' = 0 "Specification of delay according to signal change";\n'
line 175:121 token recognition error at: '\'
line 175:183 token recognition error at: '' = -1 "Specification of delay according to signal change";\n'
line 176:121 token recognition error at: '\'
line 176:183 token recognition error at: '' = 1 "Specification of delay according to signal change";\n'
line 177:121 token recognition error at: '\'
line 177:183 token recognition error at: '' = 0 "Specification of delay according to signal change";\n'
line 178:121 token recognition error at: '\'
line 178:183 token recognition error at: '' = 1 "Specification of delay according to signal change";\n'
line 179:121 token recognition error at: '\'
line 179:183 token recognition error at: '' = 1 "Specification of delay according to signal change";\n'
line 180:121 token recognition error at: '\'
line 180:183 token recognition error at: '' = 0 "Specification of delay according to signal change";\n'
line 181:121 token recognition error at: '\'
line 181:183 token recognition error at: '' = 1 "Specification of delay according to signal change";\n'
line 182:121 token recognition error at: '\'
line 182:183 token recognition error at: '' = 1 "Specification of delay according to signal change";\n'
line 183:121 token recognition error at: '\'
line 183:183 token recognition error at: '' = 1 "Specification of delay according to signal change";\n'
line 184:121 token recognition error at: '\'
line 184:183 token recognition error at: '' = 0 "Specification of delay according to signal change";\n'
line 185:121 token recognition error at: '\'
line 185:183 token recognition error at: '' = 1 "Specification of delay according to signal change";\n'
line 186:121 token recognition error at: '\'
line 186:183 token recognition error at: '' = 1 "Specification of delay according to signal change";\n'
line 187:121 token recognition error at: '\'
line 187:183 token recognition error at: '' = -1 "Specification of delay according to signal change";\n'
line 188:121 token recognition error at: '\'
line 188:183 token recognition error at: '' = -1 "Specification of delay according to signal change";\n'
line 189:121 token recognition error at: '\'
line 189:183 token recognition error at: '' = -1 "Specification of delay according to signal change";\n'
line 190:121 token recognition error at: '\'
line 190:183 token recognition error at: '' = 0 "Specification of delay according to signal change";\n'
line 191:121 token recognition error at: '\'
line 191:183 token recognition error at: '' = -1 "Specification of delay according to signal change";\n'
line 192:121 token recognition error at: '\'
line 192:183 token recognition error at: '' = -1 "Specification of delay according to signal change";\n'
line 193:121 token recognition error at: '\'
line 193:183 token recognition error at: '' = -1 "Specification of delay according to signal change";\n'
line 194:121 token recognition error at: '\'
line 194:183 token recognition error at: '' = 0 "Specification of delay according to signal change";\n'
line 195:121 token recognition error at: '\'
line 195:183 token recognition error at: '' = -1 "Specification of delay according to signal change";\n'
line 196:121 token recognition error at: '\'
line 196:183 token recognition error at: '' = 0 "Specification of delay according to signal change";\n'
line 197:121 token recognition error at: '\'
line 197:183 token recognition error at: '' = 0 "Specification of delay according to signal change";\n'
line 198:121 token recognition error at: '\'
line 198:183 token recognition error at: '' = -1 "Specification of delay according to signal change";\n'
line 199:121 token recognition error at: '\'
line 199:183 token recognition error at: '' = 1 "Specification of delay according to signal change";\n'
line 200:121 token recognition error at: '\'
line 200:183 token recognition error at: '' = 0 "Specification of delay according to signal change";\n'
line 201:121 token recognition error at: '\'
line 201:183 token recognition error at: '' = 0 "Specification of delay according to signal change";\n'
line 202:121 token recognition error at: '\'
line 202:183 token recognition error at: '' = -1 "Specification of delay according to signal change";\n'
line 203:121 token recognition error at: '\'
line 203:183 token recognition error at: '' = 1 "Specification of delay according to signal change";\n'
line 204:121 token recognition error at: '\'
line 204:183 token recognition error at: '' = 0 "Specification of delay according to signal change";\n'
line 205:121 token recognition error at: '\'
line 205:183 token recognition error at: '' = 0 "Specification of delay according to signal change";\n'
line 206:121 token recognition error at: '\'
line 206:183 token recognition error at: '' = 0 "Specification of delay according to signal change";\n'
line 207:121 token recognition error at: '\'
line 207:183 token recognition error at: '' = -1 "Specification of delay according to signal change";\n'
line 208:121 token recognition error at: '\'
line 208:183 token recognition error at: '' = 1 "Specification of delay according to signal change";\n'
line 209:121 token recognition error at: '\'
line 209:183 token recognition error at: '' = 0 "Specification of delay according to signal change";\n'
line 210:121 token recognition error at: '\'
line 210:183 token recognition error at: '' = 0 "Specification of delay according to signal change";\n'
line 211:121 token recognition error at: '\'
line 211:183 token recognition error at: '' = -1 "Specification of delay according to signal change";\n'
line 212:121 token recognition error at: '\'
line 212:183 token recognition error at: '' = 1 "Specification of delay according to signal change";\n'
line 213:121 token recognition error at: '\'
line 213:183 token recognition error at: '' = 0 "Specification of delay according to signal change";\n'
line 214:121 token recognition error at: '\'
line 214:183 token recognition error at: '' = 1 "Specification of delay according to signal change";\n'
line 215:121 token recognition error at: '\'
line 215:183 token recognition error at: '' = 1 "Specification of delay according to signal change";\n'
line 216:121 token recognition error at: '\'
line 216:183 token recognition error at: '' = 0 "Specification of delay according to signal change";\n'
line 217:121 token recognition error at: '\'
line 217:183 token recognition error at: '' = 1 "Specification of delay according to signal change";\n'
line 218:121 token recognition error at: '\'
line 218:183 token recognition error at: '' = 1 "Specification of delay according to signal change";\n'
line 219:121 token recognition error at: '\'
line 219:183 token recognition error at: '' = 1 "Specification of delay according to signal change";\n'
line 220:121 token recognition error at: '\'
line 220:183 token recognition error at: '' = 0 "Specification of delay according to signal change";\n'
line 221:121 token recognition error at: '\'
line 221:183 token recognition error at: '' = 1 "Specification of delay according to signal change";\n'
line 222:121 token recognition error at: '\'
line 222:183 token recognition error at: '' = 1 "Specification of delay according to signal change";\n'
line 223:121 token recognition error at: '\'
line 223:183 token recognition error at: '' = -1 "Specification of delay according to signal change";\n'
line 224:121 token recognition error at: '\'
line 224:183 token recognition error at: '' = -1 "Specification of delay according to signal change";\n'
line 225:121 token recognition error at: '\'
line 225:183 token recognition error at: '' = -1 "Specification of delay according to signal change";\n'
line 226:121 token recognition error at: '\'
line 226:183 token recognition error at: '' = 0 "Specification of delay according to signal change";\n'
line 227:121 token recognition error at: '\'
line 227:183 token recognition error at: '' = -1 "Specification of delay according to signal change";\n'
line 228:121 token recognition error at: '\'
line 228:183 token recognition error at: '' = -1 "Specification of delay according to signal change";\n'
line 229:121 token recognition error at: '\'
line 229:183 token recognition error at: '' = -1 "Specification of delay according to signal change";\n'
line 230:121 token recognition error at: '\'
line 230:183 token recognition error at: '' = 0 "Specification of delay according to signal change";\n'
line 231:121 token recognition error at: '\'
line 231:183 token recognition error at: '' = -1 "Specification of delay according to signal change";\n'
line 232:121 token recognition error at: '\'
line 232:183 token recognition error at: '' = 0 "Specification of delay according to signal change";\n'
line 233:121 token recognition error at: '\'
line 233:183 token recognition error at: '' = 0 "Specification of delay according to signal change";\n'
line 234:121 token recognition error at: '\'
line 234:183 token recognition error at: '' = -1 "Specification of delay according to signal change";\n'
line 235:121 token recognition error at: '\'
line 235:183 token recognition error at: '' = 1 "Specification of delay according to signal change";\n'
line 236:121 token recognition error at: '\'
line 236:183 token recognition error at: '' = 0 "Specification of delay according to signal change";\n'
line 237:121 token recognition error at: '\'
line 237:183 token recognition error at: '' = 0 "Specification of delay according to signal change";\n'
line 238:121 token recognition error at: '\'
line 238:183 token recognition error at: '' = -1 "Specification of delay according to signal change";\n'
line 239:121 token recognition error at: '\'
line 239:183 token recognition error at: '' = 1 "Specification of delay according to signal change";\n'
line 240:121 token recognition error at: '\'
line 240:183 token recognition error at: '' = 0 "Specification of delay according to signal change";\n'
line 252:94 token recognition error at: '\'
line 252:101 token recognition error at: '' = 1 "Function selection, defaults for high active reset";\n'
line 253:94 token recognition error at: '\'
line 253:101 token recognition error at: '' = 4 "Function selection, defaults for high active reset";\n'
line 254:94 token recognition error at: '\'
line 254:101 token recognition error at: '' = 3 "Function selection, defaults for high active reset";\n'
line 255:94 token recognition error at: '\'
line 255:101 token recognition error at: '' = 2 "Function selection, defaults for high active reset";\n'
line 256:94 token recognition error at: '\'
line 256:101 token recognition error at: '' = 4 "Function selection, defaults for high active reset";\n'
line 257:94 token recognition error at: '\'
line 257:101 token recognition error at: '' = 4 "Function selection, defaults for high active reset";\n'
line 258:94 token recognition error at: '\'
line 258:101 token recognition error at: '' = 3 "Function selection, defaults for high active reset";\n'
line 259:94 token recognition error at: '\'
line 259:101 token recognition error at: '' = 2 "Function selection, defaults for high active reset";\n'
line 260:94 token recognition error at: '\'
line 260:101 token recognition error at: '' = 4 "Function selection, defaults for high active reset";\n'

--- Error ---
Could not evaluate value of parameter var"reset.y". Missing values for variables in expression var"reset.y".
Stacktrace:
  [1] error(s::LazyString)
    @ Base ./error.jl:44
  [2] ModelingToolkitBase.MTKParameters(sys::ModelingToolkitBase.System, op::ModelingToolkitBase.AtomicArrayDict{SymbolicUtils.BasicSymbolicImpl.var"typeof(BasicSymbolicImpl)"{SymbolicUtils.SymReal}, Dict{SymbolicUtils.BasicSymbolicImpl.var"typeof(BasicSymbolicImpl)"{SymbolicUtils.SymReal}, SymbolicUtils.BasicSymbolicImpl.var"typeof(BasicSymbolicImpl)"{SymbolicUtils.SymReal}}}; tofloat::Bool, t0::Nothing, substitution_limit::Int64, floatT::Type, p_constructor::Function, fast_path::Bool)
    @ ModelingToolkitBase ~/.julia/packages/ModelingToolkitBase/yP1tD/src/systems/parameter_buffer.jl:187
  [3] process_SciMLProblem(constructor::Type, sys::ModelingToolkitBase.System, op::ModelingToolkitBase.AtomicArrayDict{SymbolicUtils.BasicSymbolicImpl.var"typeof(BasicSymbolicImpl)"{SymbolicUtils.SymReal}, Dict{SymbolicUtils.BasicSymbolicImpl.var"typeof(BasicSymbolicImpl)"{SymbolicUtils.SymReal}, SymbolicUtils.BasicSymbolicImpl.var"typeof(BasicSymbolicImpl)"{SymbolicUtils.SymReal}}}; build_initializeprob::Bool, implicit_dae::Bool, t::Nothing, guesses::Dict{Any, Any}, warn_initialize_determined::Bool, initialization_eqs::Vector{Any}, eval_expression::Bool, eval_module::Module, fully_determined::Nothing, check_initialization_units::Bool, u0_eltype::Nothing, tofloat::Bool, u0_constructor::typeof(identity), p_constructor::typeof(identity), check_length::Bool, symbolic_u0::Bool, warn_cyclic_dependency::Bool, circular_dependency_max_cycle_length::Int64, circular_dependency_max_cycles::Int64, initsys_mtkcompile_kwargs::@NamedTuple{}, substitution_limit::Int64, use_scc::Bool, time_dependent_init::Bool, algebraic_only::Bool, missing_guess_value::ModelingToolkitBase.MissingGuessValue.var"typeof(MissingGuessValue)", allow_incomplete::Bool, is_initializeprob::Bool, is_steadystateprob::Bool, return_operating_point::Bool, kwargs::@Kwargs{check_compatibility::Bool, expression::DataType})
    @ ModelingToolkitBase ~/.julia/packages/ModelingToolkitBase/yP1tD/src/systems/problem_utils.jl:1641
  [4] (SciMLBase.NonlinearProblem{true, SciMLBase.AutoSpecialize})(sys::ModelingToolkitBase.System, op::ModelingToolkitBase.AtomicArrayDict{SymbolicUtils.BasicSymbolicImpl.var"typeof(BasicSymbolicImpl)"{SymbolicUtils.SymReal}, Dict{SymbolicUtils.BasicSymbolicImpl.var"typeof(BasicSymbolicImpl)"{SymbolicUtils.SymReal}, SymbolicUtils.BasicSymbolicImpl.var"typeof(BasicSymbolicImpl)"{SymbolicUtils.SymReal}}}; expression::Type, check_length::Bool, check_compatibility::Bool, kwargs::@Kwargs{use_scc::Bool, u0_constructor::typeof(identity), p_constructor::typeof(identity), eval_expression::Bool, eval_module::Module, missing_guess_value::ModelingToolkitBase.MissingGuessValue.var"typeof(MissingGuessValue)", warn_cyclic_dependency::Bool, circular_dependency_max_cycle_length::Int64, circular_dependency_max_cycles::Int64, build_initializeprob::Bool, is_initializeprob::Bool})
    @ ModelingToolkitBase ~/.julia/packages/ModelingToolkitBase/yP1tD/src/problems/nonlinearproblem.jl:74
  [5] NonlinearProblem
    @ ~/.julia/packages/ModelingToolkitBase/yP1tD/src/problems/nonlinearproblem.jl:64 [inlined]
  [6] #_#854
    @ ./none:-1 [inlined]
  [7] ModelingToolkitBase.InitializationProblem{true, SciMLBase.AutoSpecialize}(sys::ModelingToolkitBase.System, t::Float64, op::ModelingToolkitBase.AtomicArrayDict{SymbolicUtils.BasicSymbolicImpl.var"typeof(BasicSymbolicImpl)"{SymbolicUtils.SymReal}, Dict{SymbolicUtils.BasicSymbolicImpl.var"typeof(BasicSymbolicImpl)"{SymbolicUtils.SymReal}, SymbolicUtils.BasicSymbolicImpl.var"typeof(BasicSymbolicImpl)"{SymbolicUtils.SymReal}}}; fast_path::Bool, guesses::Dict{Any, Any}, check_length::Bool, warn_initialize_determined::Bool, initialization_eqs::Vector{Any}, fully_determined::Nothing, check_units::Bool, allow_incomplete::Bool, algebraic_only::Bool, time_dependent_init::Bool, initsys_mtkcompile_kwargs::@NamedTuple{}, is_steadystateprob::Bool, kwargs::@Kwargs{use_scc::Bool, u0_constructor::typeof(identity), p_constructor::typeof(identity), eval_expression::Bool, eval_module::Module, missing_guess_value::ModelingToolkitBase.MissingGuessValue.var"typeof(MissingGuessValue)", warn_cyclic_dependency::Bool, circular_dependency_max_cycle_length::Int64, circular_dependency_max_cycles::Int64, check_compatibility::Bool})
    @ ModelingToolkitBase ~/.julia/packages/ModelingToolkitBase/yP1tD/src/problems/initializationproblem.jl:125
  [8] InitializationProblem
    @ ~/.julia/packages/ModelingToolkitBase/yP1tD/src/problems/initializationproblem.jl:22 [inlined]
  [9] #_#925
    @ ./none:-1 [inlined]
 [10] maybe_build_initialization_problem(sys::ModelingToolkitBase.System, iip::Bool, op::ModelingToolkitBase.AtomicArrayDict{SymbolicUtils.BasicSymbolicImpl.var"typeof(BasicSymbolicImpl)"{SymbolicUtils.SymReal}, Dict{SymbolicUtils.BasicSymbolicImpl.var"typeof(BasicSymbolicImpl)"{SymbolicUtils.SymReal}, SymbolicUtils.BasicSymbolicImpl.var"typeof(BasicSymbolicImpl)"{SymbolicUtils.SymReal}}}, t::Float64, guesses::Dict{Any, Any}; time_dependent_init::Bool, u0_constructor::Function, p_constructor::Function, floatT::Type, initialization_eqs::Vector{Any}, use_scc::Bool, eval_expression::Bool, eval_module::Module, missing_guess_value::ModelingToolkitBase.MissingGuessValue.var"typeof(MissingGuessValue)", implicit_dae::Bool, is_steadystateprob::Bool, expression::Type, kwargs::@Kwargs{initsys_mtkcompile_kwargs::@NamedTuple{}, warn_initialize_determined::Bool, fully_determined::Nothing, warn_cyclic_dependency::Bool, check_units::Bool, circular_dependency_max_cycle_length::Int64, circular_dependency_max_cycles::Int64, algebraic_only::Bool, allow_incomplete::Bool, check_compatibility::Bool})
    @ ModelingToolkitBase ~/.julia/packages/ModelingToolkitBase/yP1tD/src/systems/problem_utils.jl:1186
 [11] process_SciMLProblem(constructor::Type, sys::ModelingToolkitBase.System, op::Vector{Any}; build_initializeprob::Bool, implicit_dae::Bool, t::Float64, guesses::Dict{Any, Any}, warn_initialize_determined::Bool, initialization_eqs::Vector{Any}, eval_expression::Bool, eval_module::Module, fully_determined::Nothing, check_initialization_units::Bool, u0_eltype::Nothing, tofloat::Bool, u0_constructor::typeof(identity), p_constructor::typeof(identity), check_length::Bool, symbolic_u0::Bool, warn_cyclic_dependency::Bool, circular_dependency_max_cycle_length::Int64, circular_dependency_max_cycles::Int64, initsys_mtkcompile_kwargs::@NamedTuple{}, substitution_limit::Int64, use_scc::Bool, time_dependent_init::Bool, algebraic_only::Bool, missing_guess_value::ModelingToolkitBase.MissingGuessValue.var"typeof(MissingGuessValue)", allow_incomplete::Bool, is_initializeprob::Bool, is_steadystateprob::Bool, return_operating_point::Bool, kwargs::@Kwargs{expression::DataType, check_compatibility::Bool})
    @ ModelingToolkitBase ~/.julia/packages/ModelingToolkitBase/yP1tD/src/systems/problem_utils.jl:1555
 [12] (SciMLBase.ODEProblem{true, SciMLBase.AutoSpecialize})(sys::ModelingToolkitBase.System, op::Any, tspan::Tuple{Float64, Float64}; callback::Any, check_length::Bool, eval_expression::Bool, expression::Type, eval_module::Module, check_compatibility::Bool, _skip_events::Bool, kwargs::@Kwargs{missing_guess_value::ModelingToolkitBase.MissingGuessValue.var"typeof(MissingGuessValue)"})
    @ ModelingToolkitBase ~/.julia/packages/ModelingToolkitBase/yP1tD/src/problems/odeproblem.jl:110
 [13] create_odeproblem(filename::String; parser::Symbol, u0::Vector{Any}, kwargs::@Kwargs{})
    @ BaseModelica ~/.julia/packages/BaseModelica/G7VqY/src/BaseModelica.jl:149
 [14] create_odeproblem
    @ ~/.julia/packages/BaseModelica/G7VqY/src/BaseModelica.jl:149 [inlined]
 [15] #run_parse##4
    @ ~/work/BaseModelicaLibraryTesting.jl/BaseModelicaLibraryTesting.jl/src/parse_bm.jl:34 [inlined]
 [16] with_logstate(f::BaseModelicaLibraryTesting.var"#run_parse##4#run_parse##5"{String}, logstate::Base.CoreLogging.LogState)
    @ Base.CoreLogging ./logging/logging.jl:542
 [17] (::Base.RedirectStdStream)(thunk::BaseModelicaLibraryTesting.var"#run_parse##2#run_parse##3"{String, Base.CoreLogging.SimpleLogger}, stream::Pipe)
    @ Base ./stream.jl:1457
 [18] #run_parse##0
    @ ~/work/BaseModelicaLibraryTesting.jl/BaseModelicaLibraryTesting.jl/src/parse_bm.jl:32 [inlined]
 [19] (::Base.RedirectStdStream)(thunk::BaseModelicaLibraryTesting.var"#run_parse##0#run_parse##1"{String, Base.CoreLogging.SimpleLogger, Pipe}, stream::Pipe)
    @ Base ./stream.jl:1464
 [20] run_parse(bm_path::String, model_dir::String, model::String)
    @ BaseModelicaLibraryTesting ~/work/BaseModelicaLibraryTesting.jl/BaseModelicaLibraryTesting.jl/src/parse_bm.jl:31
 [21] test_model(omc::OMJulia.OMCSession, model::String, results_root::String, ref_root::String; csv_max_size_mb::Int64)
    @ BaseModelicaLibraryTesting ~/work/BaseModelicaLibraryTesting.jl/BaseModelicaLibraryTesting.jl/src/pipeline.jl:75
 [22] test_model
    @ ~/work/BaseModelicaLibraryTesting.jl/BaseModelicaLibraryTesting.jl/src/pipeline.jl:60 [inlined]
 [23] main(; library::String, version::String, filter::Nothing, omc_exe::String, results_root::String, ref_root::String, bm_options::String, csv_max_size_mb::Int64)
    @ BaseModelicaLibraryTesting ~/work/BaseModelicaLibraryTesting.jl/BaseModelicaLibraryTesting.jl/src/pipeline.jl:189
 [24] top-level scope
    @ none:3
 [25] eval(m::Module, e::Any)
    @ Core ./boot.jl:489
 [26] exec_options(opts::Base.JLOptions)
    @ Base ./client.jl:283
 [27] _start()
    @ Base ./client.jl:550
