Model:   Modelica.Mechanics.Rotational.Examples.LossyGearDemo3
Time:    0.134 s
Success: false

--- Error ---
KeyError: key Symbol("Modelica.Blocks.Types.Smoothness") not found
Stacktrace:
  [1] getindex(h::Dict{Any, Any}, key::Symbol)
    @ Base ./dict.jl:477
  [2] eval_AST(comp_reference::BaseModelica.BaseModelicaComponentReference)
    @ BaseModelica ~/.julia/packages/BaseModelica/BAR37/src/evaluator.jl:431
  [3] eval_AST(model::BaseModelica.BaseModelicaModel)
    @ BaseModelica ~/.julia/packages/BaseModelica/BAR37/src/evaluator.jl:319
  [4] eval_AST(package::BaseModelica.BaseModelicaPackage)
    @ BaseModelica ~/.julia/packages/BaseModelica/BAR37/src/evaluator.jl:395
  [5] baseModelica_to_ModelingToolkit
    @ ~/.julia/packages/BaseModelica/BAR37/src/evaluator.jl:436 [inlined]
  [6] create_odeproblem(filename::String; parser::Symbol, u0::Vector{Any}, kwargs::@Kwargs{})
    @ BaseModelica ~/.julia/packages/BaseModelica/BAR37/src/BaseModelica.jl:160
  [7] create_odeproblem
    @ ~/.julia/packages/BaseModelica/BAR37/src/BaseModelica.jl:149 [inlined]
  [8] run_parse(bm_path::String, model_dir::String, model::String)
    @ BaseModelicaLibraryTesting ~/work/BaseModelicaLibraryTesting.jl/BaseModelicaLibraryTesting.jl/src/parse_bm.jl:24
  [9] test_model(omc::OMJulia.OMCSession, model::String, results_root::String, ref_root::String)
    @ BaseModelicaLibraryTesting ~/work/BaseModelicaLibraryTesting.jl/BaseModelicaLibraryTesting.jl/src/pipeline.jl:23
 [10] main(; library::String, version::String, filter::Nothing, omc_exe::String, results_root::String, ref_root::String)
    @ BaseModelicaLibraryTesting ~/work/BaseModelicaLibraryTesting.jl/BaseModelicaLibraryTesting.jl/src/pipeline.jl:125
 [11] top-level scope
    @ none:3
 [12] eval(m::Module, e::Any)
    @ Core ./boot.jl:489
 [13] exec_options(opts::Base.JLOptions)
    @ Base ./client.jl:283
 [14] _start()
    @ Base ./client.jl:550
