Model:   Modelica.Electrical.Digital.Examples.HalfAdder
Time:    0.341 s
Success: false

--- Parser output ---
line 48:47 missing ';' at 'Modelica'
line 48:94 token recognition error at: '\'
line 48:95 missing ';' at ''U\'''
line 48:100 extraneous input ',' expecting IDENT
line 48:147 missing ';' at '.'
line 48:156 token recognition error at: '' = 0 "Specification of delay according to signal change";\n'
line 48:155 mismatched input ']' expecting IDENT
line 49:94 token recognition error at: '\'
line 49:147 missing ';' at '.'
line 49:156 token recognition error at: '' = 0 "Specification of delay according to signal change";\n'
line 49:155 mismatched input ']' expecting IDENT
line 50:94 token recognition error at: '\'
line 50:147 missing ';' at '.'
line 50:156 token recognition error at: '' = -1 "Specification of delay according to signal change";\n'
line 50:155 mismatched input ']' expecting IDENT
line 51:94 token recognition error at: '\'
line 51:147 missing ';' at '.'
line 51:156 token recognition error at: '' = 1 "Specification of delay according to signal change";\n'
line 51:155 mismatched input ']' expecting IDENT
line 52:94 token recognition error at: '\'
line 52:147 missing ';' at '.'
line 52:156 token recognition error at: '' = 0 "Specification of delay according to signal change";\n'
line 52:155 mismatched input ']' expecting IDENT
line 53:94 token recognition error at: '\'
line 53:147 missing ';' at '.'
line 53:156 token recognition error at: '' = 0 "Specification of delay according to signal change";\n'
line 53:155 mismatched input ']' expecting IDENT
line 54:94 token recognition error at: '\'
line 54:147 missing ';' at '.'
line 54:156 token recognition error at: '' = -1 "Specification of delay according to signal change";\n'
line 54:155 mismatched input ']' expecting IDENT
line 55:94 token recognition error at: '\'
line 55:147 missing ';' at '.'
line 55:156 token recognition error at: '' = 1 "Specification of delay according to signal change";\n'
line 55:155 mismatched input ']' expecting IDENT
line 56:94 token recognition error at: '\'
line 56:147 missing ';' at '.'
line 56:156 token recognition error at: '' = 0 "Specification of delay according to signal change";\n'
line 56:155 mismatched input ']' expecting IDENT
line 57:94 token recognition error at: '\'
line 57:147 missing ';' at '.'
line 57:156 token recognition error at: '' = 0 "Specification of delay according to signal change";\n'
line 57:155 mismatched input ']' expecting IDENT
line 58:94 token recognition error at: '\'
line 58:147 missing ';' at '.'
line 58:156 token recognition error at: '' = 0 "Specification of delay according to signal change";\n'
line 58:155 mismatched input ']' expecting IDENT
line 59:94 token recognition error at: '\'
line 59:147 missing ';' at '.'
line 59:156 token recognition error at: '' = -1 "Specification of delay according to signal change";\n'
line 59:155 mismatched input ']' expecting IDENT
line 60:94 token recognition error at: '\'
line 60:147 missing ';' at '.'
line 60:156 token recognition error at: '' = 1 "Specification of delay according to signal change";\n'
line 60:155 mismatched input ']' expecting IDENT
line 61:94 token recognition error at: '\'
line 61:147 missing ';' at '.'
line 61:156 token recognition error at: '' = 0 "Specification of delay according to signal change";\n'
line 61:155 mismatched input ']' expecting IDENT
line 62:94 token recognition error at: '\'
line 62:147 missing ';' at '.'
line 62:156 token recognition error at: '' = 0 "Specification of delay according to signal change";\n'
line 62:155 mismatched input ']' expecting IDENT
line 63:94 token recognition error at: '\'
line 63:147 missing ';' at '.'
line 63:156 token recognition error at: '' = -1 "Specification of delay according to signal change";\n'
line 63:155 mismatched input ']' expecting IDENT
line 64:94 token recognition error at: '\'
line 64:147 missing ';' at '.'
line 64:156 token recognition error at: '' = 1 "Specification of delay according to signal change";\n'
line 64:155 mismatched input ']' expecting IDENT
line 65:94 token recognition error at: '\'
line 65:147 missing ';' at '.'
line 65:156 token recognition error at: '' = 0 "Specification of delay according to signal change";\n'
line 65:155 mismatched input ']' expecting IDENT
line 66:94 token recognition error at: '\'
line 66:147 missing ';' at '.'
line 66:156 token recognition error at: '' = 1 "Specification of delay according to signal change";\n'
line 66:155 mismatched input ']' expecting IDENT
line 67:94 token recognition error at: '\'
line 67:147 missing ';' at '.'
line 67:156 token recognition error at: '' = 1 "Specification of delay according to signal change";\n'
line 67:155 mismatched input ']' expecting IDENT
line 68:94 token recognition error at: '\'
line 68:147 missing ';' at '.'
line 68:156 token recognition error at: '' = 0 "Specification of delay according to signal change";\n'
line 68:155 mismatched input ']' expecting IDENT
line 69:94 token recognition error at: '\'
line 69:147 missing ';' at '.'
line 69:156 token recognition error at: '' = 1 "Specification of delay according to signal change";\n'
line 69:155 mismatched input ']' expecting IDENT
line 70:94 token recognition error at: '\'
line 70:147 missing ';' at '.'
line 70:156 token recognition error at: '' = 1 "Specification of delay according to signal change";\n'
line 70:155 mismatched input ']' expecting IDENT
line 71:94 token recognition error at: '\'
line 71:147 missing ';' at '.'
line 71:156 token recognition error at: '' = 1 "Specification of delay according to signal change";\n'
line 71:155 mismatched input ']' expecting IDENT
line 72:94 token recognition error at: '\'
line 72:147 missing ';' at '.'
line 72:156 token recognition error at: '' = 0 "Specification of delay according to signal change";\n'
line 72:155 mismatched input ']' expecting IDENT
line 73:94 token recognition error at: '\'
line 73:147 missing ';' at '.'
line 73:156 token recognition error at: '' = 1 "Specification of delay according to signal change";\n'
line 73:155 mismatched input ']' expecting IDENT
line 74:94 token recognition error at: '\'
line 74:147 missing ';' at '.'
line 74:156 token recognition error at: '' = 1 "Specification of delay according to signal change";\n'
line 74:155 mismatched input ']' expecting IDENT
line 75:94 token recognition error at: '\'
line 75:147 missing ';' at '.'
line 75:156 token recognition error at: '' = -1 "Specification of delay according to signal change";\n'
line 75:155 mismatched input ']' expecting IDENT
line 76:94 token recognition error at: '\'
line 76:147 missing ';' at '.'
line 76:156 token recognition error at: '' = -1 "Specification of delay according to signal change";\n'
line 76:155 mismatched input ']' expecting IDENT
line 77:94 token recognition error at: '\'
line 77:147 missing ';' at '.'
line 77:156 token recognition error at: '' = -1 "Specification of delay according to signal change";\n'
line 77:155 mismatched input ']' expecting IDENT
line 78:94 token recognition error at: '\'
line 78:147 missing ';' at '.'
line 78:156 token recognition error at: '' = 0 "Specification of delay according to signal change";\n'
line 78:155 mismatched input ']' expecting IDENT
line 79:94 token recognition error at: '\'
line 79:147 missing ';' at '.'
line 79:156 token recognition error at: '' = -1 "Specification of delay according to signal change";\n'
line 79:155 mismatched input ']' expecting IDENT
line 80:94 token recognition error at: '\'
line 80:147 missing ';' at '.'
line 80:156 token recognition error at: '' = -1 "Specification of delay according to signal change";\n'
line 80:155 mismatched input ']' expecting IDENT
line 81:94 token recognition error at: '\'
line 81:147 missing ';' at '.'
line 81:156 token recognition error at: '' = -1 "Specification of delay according to signal change";\n'
line 81:155 mismatched input ']' expecting IDENT
line 82:94 token recognition error at: '\'
line 82:147 missing ';' at '.'
line 82:156 token recognition error at: '' = 0 "Specification of delay according to signal change";\n'
line 82:155 mismatched input ']' expecting IDENT
line 83:94 token recognition error at: '\'
line 83:147 missing ';' at '.'
line 83:156 token recognition error at: '' = -1 "Specification of delay according to signal change";\n'
line 83:155 mismatched input ']' expecting IDENT
line 84:94 token recognition error at: '\'
line 84:147 missing ';' at '.'
line 84:156 token recognition error at: '' = 0 "Specification of delay according to signal change";\n'
line 84:155 mismatched input ']' expecting IDENT
line 85:94 token recognition error at: '\'
line 85:147 missing ';' at '.'
line 85:156 token recognition error at: '' = 0 "Specification of delay according to signal change";\n'
line 85:155 mismatched input ']' expecting IDENT
line 86:94 token recognition error at: '\'
line 86:147 missing ';' at '.'
line 86:156 token recognition error at: '' = -1 "Specification of delay according to signal change";\n'
line 86:155 mismatched input ']' expecting IDENT
line 87:94 token recognition error at: '\'
line 87:147 missing ';' at '.'
line 87:156 token recognition error at: '' = 1 "Specification of delay according to signal change";\n'
line 87:155 mismatched input ']' expecting IDENT
line 88:94 token recognition error at: '\'
line 88:147 missing ';' at '.'
line 88:156 token recognition error at: '' = 0 "Specification of delay according to signal change";\n'
line 88:155 mismatched input ']' expecting IDENT
line 89:94 token recognition error at: '\'
line 89:147 missing ';' at '.'
line 89:156 token recognition error at: '' = 0 "Specification of delay according to signal change";\n'
line 89:155 mismatched input ']' expecting IDENT
line 90:94 token recognition error at: '\'
line 90:147 missing ';' at '.'
line 90:156 token recognition error at: '' = -1 "Specification of delay according to signal change";\n'
line 90:155 mismatched input ']' expecting IDENT
line 91:94 token recognition error at: '\'
line 91:147 missing ';' at '.'
line 91:156 token recognition error at: '' = 1 "Specification of delay according to signal change";\n'
line 91:155 mismatched input ']' expecting IDENT
line 92:94 token recognition error at: '\'
line 92:147 missing ';' at '.'
line 92:156 token recognition error at: '' = 0 "Specification of delay according to signal change";\n'
line 92:155 mismatched input ']' expecting IDENT
line 93:94 token recognition error at: '\'
line 93:147 missing ';' at '.'
line 93:156 token recognition error at: '' = 0 "Specification of delay according to signal change";\n'
line 93:155 mismatched input ']' expecting IDENT
line 94:94 token recognition error at: '\'
line 94:147 missing ';' at '.'
line 94:156 token recognition error at: '' = 0 "Specification of delay according to signal change";\n'
line 94:155 mismatched input ']' expecting IDENT
line 95:94 token recognition error at: '\'
line 95:147 missing ';' at '.'
line 95:156 token recognition error at: '' = -1 "Specification of delay according to signal change";\n'
line 95:155 mismatched input ']' expecting IDENT
line 96:94 token recognition error at: '\'
line 96:147 missing ';' at '.'
line 96:156 token recognition error at: '' = 1 "Specification of delay according to signal change";\n'
line 96:155 mismatched input ']' expecting IDENT
line 97:94 token recognition error at: '\'
line 97:147 missing ';' at '.'
line 97:156 token recognition error at: '' = 0 "Specification of delay according to signal change";\n'
line 97:155 mismatched input ']' expecting IDENT
line 98:94 token recognition error at: '\'
line 98:147 missing ';' at '.'
line 98:156 token recognition error at: '' = 0 "Specification of delay according to signal change";\n'
line 98:155 mismatched input ']' expecting IDENT
line 99:94 token recognition error at: '\'
line 99:147 missing ';' at '.'
line 99:156 token recognition error at: '' = -1 "Specification of delay according to signal change";\n'
line 99:155 mismatched input ']' expecting IDENT
line 100:94 token recognition error at: '\'
line 100:147 missing ';' at '.'
line 100:156 token recognition error at: '' = 1 "Specification of delay according to signal change";\n'
line 100:155 mismatched input ']' expecting IDENT
line 101:94 token recognition error at: '\'
line 101:147 missing ';' at '.'
line 101:156 token recognition error at: '' = 0 "Specification of delay according to signal change";\n'
line 101:155 mismatched input ']' expecting IDENT
line 102:94 token recognition error at: '\'
line 102:147 missing ';' at '.'
line 102:156 token recognition error at: '' = 1 "Specification of delay according to signal change";\n'
line 102:155 mismatched input ']' expecting IDENT
line 103:94 token recognition error at: '\'
line 103:147 missing ';' at '.'
line 103:156 token recognition error at: '' = 1 "Specification of delay according to signal change";\n'
line 103:155 mismatched input ']' expecting IDENT
line 104:94 token recognition error at: '\'
line 104:147 missing ';' at '.'
line 104:156 token recognition error at: '' = 0 "Specification of delay according to signal change";\n'
line 104:155 mismatched input ']' expecting IDENT
line 105:94 token recognition error at: '\'
line 105:147 missing ';' at '.'
line 105:156 token recognition error at: '' = 1 "Specification of delay according to signal change";\n'
line 105:155 mismatched input ']' expecting IDENT
line 106:94 token recognition error at: '\'
line 106:147 missing ';' at '.'
line 106:156 token recognition error at: '' = 1 "Specification of delay according to signal change";\n'
line 106:155 mismatched input ']' expecting IDENT
line 107:94 token recognition error at: '\'
line 107:147 missing ';' at '.'
line 107:156 token recognition error at: '' = 1 "Specification of delay according to signal change";\n'
line 107:155 mismatched input ']' expecting IDENT
line 108:94 token recognition error at: '\'
line 108:147 missing ';' at '.'
line 108:156 token recognition error at: '' = 0 "Specification of delay according to signal change";\n'
line 108:155 mismatched input ']' expecting IDENT
line 109:94 token recognition error at: '\'
line 109:147 missing ';' at '.'
line 109:156 token recognition error at: '' = 1 "Specification of delay according to signal change";\n'
line 109:155 mismatched input ']' expecting IDENT
line 110:94 token recognition error at: '\'
line 110:147 missing ';' at '.'
line 110:156 token recognition error at: '' = 1 "Specification of delay according to signal change";\n'
line 110:155 mismatched input ']' expecting IDENT
line 111:94 token recognition error at: '\'
line 111:147 missing ';' at '.'
line 111:156 token recognition error at: '' = -1 "Specification of delay according to signal change";\n'
line 111:155 mismatched input ']' expecting IDENT
line 112:94 token recognition error at: '\'
line 112:147 missing ';' at '.'
line 112:156 token recognition error at: '' = -1 "Specification of delay according to signal change";\n'
line 112:155 mismatched input ']' expecting IDENT
line 113:94 token recognition error at: '\'
line 113:147 missing ';' at '.'
line 113:156 token recognition error at: '' = -1 "Specification of delay according to signal change";\n'
line 113:155 mismatched input ']' expecting IDENT
line 114:94 token recognition error at: '\'
line 114:147 missing ';' at '.'
line 114:156 token recognition error at: '' = 0 "Specification of delay according to signal change";\n'
line 114:155 mismatched input ']' expecting IDENT
line 115:94 token recognition error at: '\'
line 115:147 missing ';' at '.'
line 115:156 token recognition error at: '' = -1 "Specification of delay according to signal change";\n'
line 115:155 mismatched input ']' expecting IDENT
line 116:94 token recognition error at: '\'
line 116:147 missing ';' at '.'
line 116:156 token recognition error at: '' = -1 "Specification of delay according to signal change";\n'
line 116:155 mismatched input ']' expecting IDENT
line 117:94 token recognition error at: '\'
line 117:147 missing ';' at '.'
line 117:156 token recognition error at: '' = -1 "Specification of delay according to signal change";\n'
line 117:155 mismatched input ']' expecting IDENT
line 118:94 token recognition error at: '\'
line 118:147 missing ';' at '.'
line 118:156 token recognition error at: '' = 0 "Specification of delay according to signal change";\n'
line 118:155 mismatched input ']' expecting IDENT
line 119:94 token recognition error at: '\'
line 119:147 missing ';' at '.'
line 119:156 token recognition error at: '' = -1 "Specification of delay according to signal change";\n'
line 119:155 mismatched input ']' expecting IDENT
line 120:94 token recognition error at: '\'
line 120:147 missing ';' at '.'
line 120:156 token recognition error at: '' = 0 "Specification of delay according to signal change";\n'
line 120:155 mismatched input ']' expecting IDENT
line 121:94 token recognition error at: '\'
line 121:147 missing ';' at '.'
line 121:156 token recognition error at: '' = 0 "Specification of delay according to signal change";\n'
line 121:155 mismatched input ']' expecting IDENT
line 122:94 token recognition error at: '\'
line 122:147 missing ';' at '.'
line 122:156 token recognition error at: '' = -1 "Specification of delay according to signal change";\n'
line 122:155 mismatched input ']' expecting IDENT
line 123:94 token recognition error at: '\'
line 123:147 missing ';' at '.'
line 123:156 token recognition error at: '' = 1 "Specification of delay according to signal change";\n'
line 123:155 mismatched input ']' expecting IDENT
line 124:94 token recognition error at: '\'
line 124:147 missing ';' at '.'
line 124:156 token recognition error at: '' = 0 "Specification of delay according to signal change";\n'
line 124:155 mismatched input ']' expecting IDENT
line 125:94 token recognition error at: '\'
line 125:147 missing ';' at '.'
line 125:156 token recognition error at: '' = 0 "Specification of delay according to signal change";\n'
line 125:155 mismatched input ']' expecting IDENT
line 126:94 token recognition error at: '\'
line 126:147 missing ';' at '.'
line 126:156 token recognition error at: '' = -1 "Specification of delay according to signal change";\n'
line 126:155 mismatched input ']' expecting IDENT
line 127:94 token recognition error at: '\'
line 127:147 missing ';' at '.'
line 127:156 token recognition error at: '' = 1 "Specification of delay according to signal change";\n'
line 127:155 mismatched input ']' expecting IDENT
line 128:94 token recognition error at: '\'
line 128:147 missing ';' at '.'
line 128:156 token recognition error at: '' = 0 "Specification of delay according to signal change";\n'
line 128:155 extraneous input ']' expecting IDENT
line 129:9 missing ';' at ''Adder.AND.G2.delayTime''
line 129:33 extraneous input '(' expecting IDENT
line 129:63 extraneous input ')' expecting ';'
line 153:47 missing ';' at 'Modelica'
line 153:94 token recognition error at: '\'
line 153:95 missing ';' at ''U\'''
line 153:100 extraneous input ',' expecting IDENT
line 153:147 missing ';' at '.'
line 153:156 token recognition error at: '' = 0 "Specification of delay according to signal change";\n'
line 153:155 mismatched input ']' expecting IDENT
line 154:94 token recognition error at: '\'
line 154:147 missing ';' at '.'
line 154:156 token recognition error at: '' = 0 "Specification of delay according to signal change";\n'
line 154:155 mismatched input ']' expecting IDENT
line 155:94 token recognition error at: '\'
line 155:147 missing ';' at '.'
line 155:156 token recognition error at: '' = -1 "Specification of delay according to signal change";\n'
line 155:155 mismatched input ']' expecting IDENT
line 156:94 token recognition error at: '\'
line 156:147 missing ';' at '.'
line 156:156 token recognition error at: '' = 1 "Specification of delay according to signal change";\n'
line 156:155 mismatched input ']' expecting IDENT
line 157:94 token recognition error at: '\'
line 157:147 missing ';' at '.'
line 157:156 token recognition error at: '' = 0 "Specification of delay according to signal change";\n'
line 157:155 mismatched input ']' expecting IDENT
line 158:94 token recognition error at: '\'
line 158:147 missing ';' at '.'
line 158:156 token recognition error at: '' = 0 "Specification of delay according to signal change";\n'
line 158:155 mismatched input ']' expecting IDENT
line 159:94 token recognition error at: '\'
line 159:147 missing ';' at '.'
line 159:156 token recognition error at: '' = -1 "Specification of delay according to signal change";\n'
line 159:155 mismatched input ']' expecting IDENT
line 160:94 token recognition error at: '\'
line 160:147 missing ';' at '.'
line 160:156 token recognition error at: '' = 1 "Specification of delay according to signal change";\n'
line 160:155 mismatched input ']' expecting IDENT
line 161:94 token recognition error at: '\'
line 161:147 missing ';' at '.'
line 161:156 token recognition error at: '' = 0 "Specification of delay according to signal change";\n'
line 161:155 mismatched input ']' expecting IDENT
line 162:94 token recognition error at: '\'
line 162:147 missing ';' at '.'
line 162:156 token recognition error at: '' = 0 "Specification of delay according to signal change";\n'
line 162:155 mismatched input ']' expecting IDENT
line 163:94 token recognition error at: '\'
line 163:147 missing ';' at '.'
line 163:156 token recognition error at: '' = 0 "Specification of delay according to signal change";\n'
line 163:155 mismatched input ']' expecting IDENT
line 164:94 token recognition error at: '\'
line 164:147 missing ';' at '.'
line 164:156 token recognition error at: '' = -1 "Specification of delay according to signal change";\n'
line 164:155 mismatched input ']' expecting IDENT
line 165:94 token recognition error at: '\'
line 165:147 missing ';' at '.'
line 165:156 token recognition error at: '' = 1 "Specification of delay according to signal change";\n'
line 165:155 mismatched input ']' expecting IDENT
line 166:94 token recognition error at: '\'
line 166:147 missing ';' at '.'
line 166:156 token recognition error at: '' = 0 "Specification of delay according to signal change";\n'
line 166:155 mismatched input ']' expecting IDENT
line 167:94 token recognition error at: '\'
line 167:147 missing ';' at '.'
line 167:156 token recognition error at: '' = 0 "Specification of delay according to signal change";\n'
line 167:155 mismatched input ']' expecting IDENT
line 168:94 token recognition error at: '\'
line 168:147 missing ';' at '.'
line 168:156 token recognition error at: '' = -1 "Specification of delay according to signal change";\n'
line 168:155 mismatched input ']' expecting IDENT
line 169:94 token recognition error at: '\'
line 169:147 missing ';' at '.'
line 169:156 token recognition error at: '' = 1 "Specification of delay according to signal change";\n'
line 169:155 mismatched input ']' expecting IDENT
line 170:94 token recognition error at: '\'
line 170:147 missing ';' at '.'
line 170:156 token recognition error at: '' = 0 "Specification of delay according to signal change";\n'
line 170:155 mismatched input ']' expecting IDENT
line 171:94 token recognition error at: '\'
line 171:147 missing ';' at '.'
line 171:156 token recognition error at: '' = 1 "Specification of delay according to signal change";\n'
line 171:155 mismatched input ']' expecting IDENT
line 172:94 token recognition error at: '\'
line 172:147 missing ';' at '.'
line 172:156 token recognition error at: '' = 1 "Specification of delay according to signal change";\n'
line 172:155 mismatched input ']' expecting IDENT
line 173:94 token recognition error at: '\'
line 173:147 missing ';' at '.'
line 173:156 token recognition error at: '' = 0 "Specification of delay according to signal change";\n'
line 173:155 mismatched input ']' expecting IDENT
line 174:94 token recognition error at: '\'
line 174:147 missing ';' at '.'
line 174:156 token recognition error at: '' = 1 "Specification of delay according to signal change";\n'
line 174:155 mismatched input ']' expecting IDENT
line 175:94 token recognition error at: '\'
line 175:147 missing ';' at '.'
line 175:156 token recognition error at: '' = 1 "Specification of delay according to signal change";\n'
line 175:155 mismatched input ']' expecting IDENT
line 176:94 token recognition error at: '\'
line 176:147 missing ';' at '.'
line 176:156 token recognition error at: '' = 1 "Specification of delay according to signal change";\n'
line 176:155 mismatched input ']' expecting IDENT
line 177:94 token recognition error at: '\'
line 177:147 missing ';' at '.'
line 177:156 token recognition error at: '' = 0 "Specification of delay according to signal change";\n'
line 177:155 mismatched input ']' expecting IDENT
line 178:94 token recognition error at: '\'
line 178:147 missing ';' at '.'
line 178:156 token recognition error at: '' = 1 "Specification of delay according to signal change";\n'
line 178:155 mismatched input ']' expecting IDENT
line 179:94 token recognition error at: '\'
line 179:147 missing ';' at '.'
line 179:156 token recognition error at: '' = 1 "Specification of delay according to signal change";\n'
line 179:155 mismatched input ']' expecting IDENT
line 180:94 token recognition error at: '\'
line 180:147 missing ';' at '.'
line 180:156 token recognition error at: '' = -1 "Specification of delay according to signal change";\n'
line 180:155 mismatched input ']' expecting IDENT
line 181:94 token recognition error at: '\'
line 181:147 missing ';' at '.'
line 181:156 token recognition error at: '' = -1 "Specification of delay according to signal change";\n'
line 181:155 mismatched input ']' expecting IDENT
line 182:94 token recognition error at: '\'
line 182:147 missing ';' at '.'
line 182:156 token recognition error at: '' = -1 "Specification of delay according to signal change";\n'
line 182:155 mismatched input ']' expecting IDENT
line 183:94 token recognition error at: '\'
line 183:147 missing ';' at '.'
line 183:156 token recognition error at: '' = 0 "Specification of delay according to signal change";\n'
line 183:155 mismatched input ']' expecting IDENT
line 184:94 token recognition error at: '\'
line 184:147 missing ';' at '.'
line 184:156 token recognition error at: '' = -1 "Specification of delay according to signal change";\n'
line 184:155 mismatched input ']' expecting IDENT
line 185:94 token recognition error at: '\'
line 185:147 missing ';' at '.'
line 185:156 token recognition error at: '' = -1 "Specification of delay according to signal change";\n'
line 185:155 mismatched input ']' expecting IDENT
line 186:94 token recognition error at: '\'
line 186:147 missing ';' at '.'
line 186:156 token recognition error at: '' = -1 "Specification of delay according to signal change";\n'
line 186:155 mismatched input ']' expecting IDENT
line 187:94 token recognition error at: '\'
line 187:147 missing ';' at '.'
line 187:156 token recognition error at: '' = 0 "Specification of delay according to signal change";\n'
line 187:155 mismatched input ']' expecting IDENT
line 188:94 token recognition error at: '\'
line 188:147 missing ';' at '.'
line 188:156 token recognition error at: '' = -1 "Specification of delay according to signal change";\n'
line 188:155 mismatched input ']' expecting IDENT
line 189:94 token recognition error at: '\'
line 189:147 missing ';' at '.'
line 189:156 token recognition error at: '' = 0 "Specification of delay according to signal change";\n'
line 189:155 mismatched input ']' expecting IDENT
line 190:94 token recognition error at: '\'
line 190:147 missing ';' at '.'
line 190:156 token recognition error at: '' = 0 "Specification of delay according to signal change";\n'
line 190:155 mismatched input ']' expecting IDENT
line 191:94 token recognition error at: '\'
line 191:147 missing ';' at '.'
line 191:156 token recognition error at: '' = -1 "Specification of delay according to signal change";\n'
line 191:155 mismatched input ']' expecting IDENT
line 192:94 token recognition error at: '\'
line 192:147 missing ';' at '.'
line 192:156 token recognition error at: '' = 1 "Specification of delay according to signal change";\n'
line 192:155 mismatched input ']' expecting IDENT
line 193:94 token recognition error at: '\'
line 193:147 missing ';' at '.'
line 193:156 token recognition error at: '' = 0 "Specification of delay according to signal change";\n'
line 193:155 mismatched input ']' expecting IDENT
line 194:94 token recognition error at: '\'
line 194:147 missing ';' at '.'
line 194:156 token recognition error at: '' = 0 "Specification of delay according to signal change";\n'
line 194:155 mismatched input ']' expecting IDENT
line 195:94 token recognition error at: '\'
line 195:147 missing ';' at '.'
line 195:156 token recognition error at: '' = -1 "Specification of delay according to signal change";\n'
line 195:155 mismatched input ']' expecting IDENT
line 196:94 token recognition error at: '\'
line 196:147 missing ';' at '.'
line 196:156 token recognition error at: '' = 1 "Specification of delay according to signal change";\n'
line 196:155 mismatched input ']' expecting IDENT
line 197:94 token recognition error at: '\'
line 197:147 missing ';' at '.'
line 197:156 token recognition error at: '' = 0 "Specification of delay according to signal change";\n'
line 197:155 mismatched input ']' expecting IDENT
line 198:94 token recognition error at: '\'
line 198:147 missing ';' at '.'
line 198:156 token recognition error at: '' = 0 "Specification of delay according to signal change";\n'
line 198:155 mismatched input ']' expecting IDENT
line 199:94 token recognition error at: '\'
line 199:147 missing ';' at '.'
line 199:156 token recognition error at: '' = 0 "Specification of delay according to signal change";\n'
line 199:155 mismatched input ']' expecting IDENT
line 200:94 token recognition error at: '\'
line 200:147 missing ';' at '.'
line 200:156 token recognition error at: '' = -1 "Specification of delay according to signal change";\n'
line 200:155 mismatched input ']' expecting IDENT
line 201:94 token recognition error at: '\'
line 201:147 missing ';' at '.'
line 201:156 token recognition error at: '' = 1 "Specification of delay according to signal change";\n'
line 201:155 mismatched input ']' expecting IDENT
line 202:94 token recognition error at: '\'
line 202:147 missing ';' at '.'
line 202:156 token recognition error at: '' = 0 "Specification of delay according to signal change";\n'
line 202:155 mismatched input ']' expecting IDENT
line 203:94 token recognition error at: '\'
line 203:147 missing ';' at '.'
line 203:156 token recognition error at: '' = 0 "Specification of delay according to signal change";\n'
line 203:155 mismatched input ']' expecting IDENT
line 204:94 token recognition error at: '\'
line 204:147 missing ';' at '.'
line 204:156 token recognition error at: '' = -1 "Specification of delay according to signal change";\n'
line 204:155 mismatched input ']' expecting IDENT
line 205:94 token recognition error at: '\'
line 205:147 missing ';' at '.'
line 205:156 token recognition error at: '' = 1 "Specification of delay according to signal change";\n'
line 205:155 mismatched input ']' expecting IDENT
line 206:94 token recognition error at: '\'
line 206:147 missing ';' at '.'
line 206:156 token recognition error at: '' = 0 "Specification of delay according to signal change";\n'
line 206:155 mismatched input ']' expecting IDENT
line 207:94 token recognition error at: '\'
line 207:147 missing ';' at '.'
line 207:156 token recognition error at: '' = 1 "Specification of delay according to signal change";\n'
line 207:155 mismatched input ']' expecting IDENT
line 208:94 token recognition error at: '\'
line 208:147 missing ';' at '.'
line 208:156 token recognition error at: '' = 1 "Specification of delay according to signal change";\n'
line 208:155 mismatched input ']' expecting IDENT
line 209:94 token recognition error at: '\'
line 209:147 missing ';' at '.'
line 209:156 token recognition error at: '' = 0 "Specification of delay according to signal change";\n'
line 209:155 mismatched input ']' expecting IDENT
line 210:94 token recognition error at: '\'
line 210:147 missing ';' at '.'
line 210:156 token recognition error at: '' = 1 "Specification of delay according to signal change";\n'
line 210:155 mismatched input ']' expecting IDENT
line 211:94 token recognition error at: '\'
line 211:147 missing ';' at '.'
line 211:156 token recognition error at: '' = 1 "Specification of delay according to signal change";\n'
line 211:155 mismatched input ']' expecting IDENT
line 212:94 token recognition error at: '\'
line 212:147 missing ';' at '.'
line 212:156 token recognition error at: '' = 1 "Specification of delay according to signal change";\n'
line 212:155 mismatched input ']' expecting IDENT
line 213:94 token recognition error at: '\'
line 213:147 missing ';' at '.'
line 213:156 token recognition error at: '' = 0 "Specification of delay according to signal change";\n'
line 213:155 mismatched input ']' expecting IDENT
line 214:94 token recognition error at: '\'
line 214:147 missing ';' at '.'
line 214:156 token recognition error at: '' = 1 "Specification of delay according to signal change";\n'
line 214:155 mismatched input ']' expecting IDENT
line 215:94 token recognition error at: '\'
line 215:147 missing ';' at '.'
line 215:156 token recognition error at: '' = 1 "Specification of delay according to signal change";\n'
line 215:155 mismatched input ']' expecting IDENT
line 216:94 token recognition error at: '\'
line 216:147 missing ';' at '.'
line 216:156 token recognition error at: '' = -1 "Specification of delay according to signal change";\n'
line 216:155 mismatched input ']' expecting IDENT
line 217:94 token recognition error at: '\'
line 217:147 missing ';' at '.'
line 217:156 token recognition error at: '' = -1 "Specification of delay according to signal change";\n'
line 217:155 mismatched input ']' expecting IDENT
line 218:94 token recognition error at: '\'
line 218:147 missing ';' at '.'
line 218:156 token recognition error at: '' = -1 "Specification of delay according to signal change";\n'
line 218:155 mismatched input ']' expecting IDENT
line 219:94 token recognition error at: '\'
line 219:147 missing ';' at '.'
line 219:156 token recognition error at: '' = 0 "Specification of delay according to signal change";\n'
line 219:155 mismatched input ']' expecting IDENT
line 220:94 token recognition error at: '\'
line 220:147 missing ';' at '.'
line 220:156 token recognition error at: '' = -1 "Specification of delay according to signal change";\n'
line 220:155 mismatched input ']' expecting IDENT
line 221:94 token recognition error at: '\'
line 221:147 missing ';' at '.'
line 221:156 token recognition error at: '' = -1 "Specification of delay according to signal change";\n'
line 221:155 mismatched input ']' expecting IDENT
line 222:94 token recognition error at: '\'
line 222:147 missing ';' at '.'
line 222:156 token recognition error at: '' = -1 "Specification of delay according to signal change";\n'
line 222:155 mismatched input ']' expecting IDENT
line 223:94 token recognition error at: '\'
line 223:147 missing ';' at '.'
line 223:156 token recognition error at: '' = 0 "Specification of delay according to signal change";\n'
line 223:155 mismatched input ']' expecting IDENT
line 224:94 token recognition error at: '\'
line 224:147 missing ';' at '.'
line 224:156 token recognition error at: '' = -1 "Specification of delay according to signal change";\n'
line 224:155 mismatched input ']' expecting IDENT
line 225:94 token recognition error at: '\'
line 225:147 missing ';' at '.'
line 225:156 token recognition error at: '' = 0 "Specification of delay according to signal change";\n'
line 225:155 mismatched input ']' expecting IDENT
line 226:94 token recognition error at: '\'
line 226:147 missing ';' at '.'
line 226:156 token recognition error at: '' = 0 "Specification of delay according to signal change";\n'
line 226:155 mismatched input ']' expecting IDENT
line 227:94 token recognition error at: '\'
line 227:147 missing ';' at '.'
line 227:156 token recognition error at: '' = -1 "Specification of delay according to signal change";\n'
line 227:155 mismatched input ']' expecting IDENT
line 228:94 token recognition error at: '\'
line 228:147 missing ';' at '.'
line 228:156 token recognition error at: '' = 1 "Specification of delay according to signal change";\n'
line 228:155 mismatched input ']' expecting IDENT
line 229:94 token recognition error at: '\'
line 229:147 missing ';' at '.'
line 229:156 token recognition error at: '' = 0 "Specification of delay according to signal change";\n'
line 229:155 mismatched input ']' expecting IDENT
line 230:94 token recognition error at: '\'
line 230:147 missing ';' at '.'
line 230:156 token recognition error at: '' = 0 "Specification of delay according to signal change";\n'
line 230:155 mismatched input ']' expecting IDENT
line 231:94 token recognition error at: '\'
line 231:147 missing ';' at '.'
line 231:156 token recognition error at: '' = -1 "Specification of delay according to signal change";\n'
line 231:155 mismatched input ']' expecting IDENT
line 232:94 token recognition error at: '\'
line 232:147 missing ';' at '.'
line 232:156 token recognition error at: '' = 1 "Specification of delay according to signal change";\n'
line 232:155 mismatched input ']' expecting IDENT
line 233:94 token recognition error at: '\'
line 233:147 missing ';' at '.'
line 233:156 token recognition error at: '' = 0 "Specification of delay according to signal change";\n'
line 233:155 extraneous input ']' expecting IDENT
line 234:9 missing ';' at ''Adder.XOR.G2.delayTime''
line 234:33 extraneous input '(' expecting IDENT
line 234:63 extraneous input ')' expecting ';'

--- Error ---
The equations of a system must involve the unknowns/observables. The following equations were found to have no unknowns/observables:
var"Adder.AND.x[1]" ~ var"Adder.AND.G1.x[1]"
var"Adder.AND.x[2]" ~ var"Adder.AND.G1.x[2]"
var"Adder.AND.y" ~ var"Adder.AND.G2.y"
var"Adder.AND.G1.y" ~ var"Adder.AND.G2.x"
var"Adder.XOR.x[1]" ~ var"Adder.XOR.G1.x[1]"
var"Adder.XOR.x[2]" ~ var"Adder.XOR.G1.x[2]"
var"Adder.XOR.G1.y" ~ var"Adder.XOR.G2.x"
var"Adder.XOR.G2.y" ~ var"Adder.XOR.y"
var"Adder.AND.y" ~ var"Adder.c"
var"Adder.XOR.y" ~ var"Adder.s"
var"Adder.b" ~ var"Adder.XOR.x[1]"
var"Adder.b" ~ var"Adder.AND.x[1]"
var"Adder.a" ~ var"Adder.AND.x[2]"
var"Adder.a" ~ var"Adder.XOR.x[2]"
var"b.y" ~ var"Adder.b"
var"a.y" ~ var"Adder.a"
var"Adder.s" ~ var"s.x[1]"
var"Adder.c" ~ var"c.x[1]"
var"Adder.AND.G1.auxiliary[1]" ~ var"Adder.AND.G1.x[1]"
var"Adder.AND.G1.auxiliary[2]" ~ 0.0
var"Adder.AND.G1.auxiliary_n" ~ var"Adder.AND.G1.auxiliary[2]"
var"Adder.AND.G1.y" ~ var"Adder.AND.G1.auxiliary_n"
var"Adder.XOR.G1.auxiliary[1]" ~ var"Adder.XOR.G1.x[1]"
var"Adder.XOR.G1.auxiliary[2]" ~ 0.0
var"Adder.XOR.G1.auxiliary_n" ~ var"Adder.XOR.G1.auxiliary[2]"
var"Adder.XOR.G1.y" ~ var"Adder.XOR.G1.auxiliary_n"

Stacktrace:
  [1] error(s::String)
    @ Base ./error.jl:44
  [2] check_no_parameter_equations(sys::ModelingToolkitBase.System)
    @ ModelingToolkitBase ~/.julia/packages/ModelingToolkitBase/yP1tD/src/utils.jl:363
  [3] ModelingToolkitTearing.TearingState(sys::ModelingToolkitBase.System, source_info::ModelingToolkitBase.EquationSourceInformation; check::Bool, sort_eqs::Bool)
    @ ModelingToolkitTearing ~/.julia/packages/ModelingToolkitTearing/fC8Qv/src/tearingstate.jl:115
  [4] TearingState
    @ ~/.julia/packages/ModelingToolkitTearing/fC8Qv/src/tearingstate.jl:104 [inlined]
  [5] __mtkcompile(sys::ModelingToolkitBase.System; inputs::OrderedCollections.OrderedSet{SymbolicUtils.BasicSymbolicImpl.var"typeof(BasicSymbolicImpl)"{SymbolicUtils.SymReal}}, outputs::OrderedCollections.OrderedSet{SymbolicUtils.BasicSymbolicImpl.var"typeof(BasicSymbolicImpl)"{SymbolicUtils.SymReal}}, disturbance_inputs::OrderedCollections.OrderedSet{SymbolicUtils.BasicSymbolicImpl.var"typeof(BasicSymbolicImpl)"{SymbolicUtils.SymReal}}, sort_eqs::Bool, kwargs::@Kwargs{additional_passes::Tuple{}})
    @ ModelingToolkit ~/.julia/packages/ModelingToolkit/zJBUr/src/systems/systems.jl:33
  [6] _mtkcompile(sys::ModelingToolkitBase.System; kwargs::@Kwargs{inputs::OrderedCollections.OrderedSet{SymbolicUtils.BasicSymbolicImpl.var"typeof(BasicSymbolicImpl)"{SymbolicUtils.SymReal}}, outputs::OrderedCollections.OrderedSet{SymbolicUtils.BasicSymbolicImpl.var"typeof(BasicSymbolicImpl)"{SymbolicUtils.SymReal}}, disturbance_inputs::OrderedCollections.OrderedSet{SymbolicUtils.BasicSymbolicImpl.var"typeof(BasicSymbolicImpl)"{SymbolicUtils.SymReal}}, additional_passes::Tuple{}})
    @ ModelingToolkitBase ~/.julia/packages/ModelingToolkitBase/yP1tD/src/systems/systems.jl:0
  [7] _mtkcompile
    @ ~/.julia/packages/ModelingToolkitBase/yP1tD/src/systems/systems.jl:122 [inlined]
  [8] mtkcompile(sys::ModelingToolkitBase.System; additional_passes::Tuple{}, inputs::Vector{SymbolicUtils.BasicSymbolicImpl.var"typeof(BasicSymbolicImpl)"{SymbolicUtils.SymReal}}, outputs::Vector{SymbolicUtils.BasicSymbolicImpl.var"typeof(BasicSymbolicImpl)"{SymbolicUtils.SymReal}}, disturbance_inputs::Vector{SymbolicUtils.BasicSymbolicImpl.var"typeof(BasicSymbolicImpl)"{SymbolicUtils.SymReal}}, split::Bool, kwargs::@Kwargs{})
    @ ModelingToolkitBase ~/.julia/packages/ModelingToolkitBase/yP1tD/src/systems/systems.jl:95
  [9] mtkcompile
    @ ~/.julia/packages/ModelingToolkitBase/yP1tD/src/systems/systems.jl:84 [inlined]
 [10] eval_AST(model::BaseModelica.BaseModelicaModel)
    @ BaseModelica ~/.julia/packages/BaseModelica/G7VqY/src/evaluator.jl:646
 [11] eval_AST(package::BaseModelica.BaseModelicaPackage)
    @ BaseModelica ~/.julia/packages/BaseModelica/G7VqY/src/evaluator.jl:658
 [12] baseModelica_to_ModelingToolkit
    @ ~/.julia/packages/BaseModelica/G7VqY/src/evaluator.jl:708 [inlined]
 [13] create_odeproblem(filename::String; parser::Symbol, u0::Vector{Any}, kwargs::@Kwargs{})
    @ BaseModelica ~/.julia/packages/BaseModelica/G7VqY/src/BaseModelica.jl:160
 [14] create_odeproblem
    @ ~/.julia/packages/BaseModelica/G7VqY/src/BaseModelica.jl:149 [inlined]
 [15] #run_parse##4
    @ ~/work/BaseModelicaLibraryTesting.jl/BaseModelicaLibraryTesting.jl/src/parse_bm.jl:34 [inlined]
 [16] with_logstate(f::BaseModelicaLibraryTesting.var"#run_parse##4#run_parse##5"{String}, logstate::Base.CoreLogging.LogState)
    @ Base.CoreLogging ./logging/logging.jl:542
 [17] (::Base.RedirectStdStream)(thunk::BaseModelicaLibraryTesting.var"#run_parse##2#run_parse##3"{String, Base.CoreLogging.SimpleLogger}, stream::Pipe)
    @ Base ./stream.jl:1457
 [18] #run_parse##0
    @ ~/work/BaseModelicaLibraryTesting.jl/BaseModelicaLibraryTesting.jl/src/parse_bm.jl:32 [inlined]
 [19] (::Base.RedirectStdStream)(thunk::BaseModelicaLibraryTesting.var"#run_parse##0#run_parse##1"{String, Base.CoreLogging.SimpleLogger, Pipe}, stream::Pipe)
    @ Base ./stream.jl:1464
 [20] run_parse(bm_path::String, model_dir::String, model::String)
    @ BaseModelicaLibraryTesting ~/work/BaseModelicaLibraryTesting.jl/BaseModelicaLibraryTesting.jl/src/parse_bm.jl:31
 [21] test_model(omc::OMJulia.OMCSession, model::String, results_root::String, ref_root::String; csv_max_size_mb::Int64)
    @ BaseModelicaLibraryTesting ~/work/BaseModelicaLibraryTesting.jl/BaseModelicaLibraryTesting.jl/src/pipeline.jl:75
 [22] test_model
    @ ~/work/BaseModelicaLibraryTesting.jl/BaseModelicaLibraryTesting.jl/src/pipeline.jl:60 [inlined]
 [23] main(; library::String, version::String, filter::Nothing, omc_exe::String, results_root::String, ref_root::String, bm_options::String, csv_max_size_mb::Int64)
    @ BaseModelicaLibraryTesting ~/work/BaseModelicaLibraryTesting.jl/BaseModelicaLibraryTesting.jl/src/pipeline.jl:189
 [24] top-level scope
    @ none:3
 [25] eval(m::Module, e::Any)
    @ Core ./boot.jl:489
 [26] exec_options(opts::Base.JLOptions)
    @ Base ./client.jl:283
 [27] _start()
    @ Base ./client.jl:550
