Model:  Modelica.Electrical.Spice3.Examples.Graetz
Time:    0.011 s
Success: false

--- Error ---
MethodError: no method matching eval_AST(::Vector{Any})
The function `eval_AST` exists, but no method is defined for this combination of argument types.

Closest candidates are:
  eval_AST(!Matched::BaseModelica.BaseModelicaSimpleEquation)
   @ BaseModelica ~/.julia/packages/BaseModelica/VxcqU/src/evaluator.jl:125
  eval_AST(!Matched::BaseModelica.BaseModelicaWhenEquation)
   @ BaseModelica ~/.julia/packages/BaseModelica/VxcqU/src/evaluator.jl:348
  eval_AST(!Matched::BaseModelica.BaseModelicaString)
   @ BaseModelica ~/.julia/packages/BaseModelica/VxcqU/src/evaluator.jl:395
  ...

Stacktrace:
  [1] eval_AST(eq::BaseModelica.BaseModelicaSimpleEquation)
    @ BaseModelica ~/.julia/packages/BaseModelica/VxcqU/src/evaluator.jl:0
  [2] eval_AST(eq::BaseModelica.BaseModelicaAnyEquation)
    @ BaseModelica ~/.julia/packages/BaseModelica/VxcqU/src/evaluator.jl:88
  [3] (::BaseModelica.var"#eval_AST##8#eval_AST##9")(eq::BaseModelica.BaseModelicaAnyEquation)
    @ BaseModelica ./none:-1
  [4] iterate
    @ ./generator.jl:48 [inlined]
  [5] collect_to!(dest::Vector{Symbolics.Equation}, itr::Base.Generator{Vector{Any}, BaseModelica.var"#eval_AST##8#eval_AST##9"}, offs::Int64, st::Int64)
    @ Base ./array.jl:848
  [6] collect_to_with_first!(dest::Vector{Symbolics.Equation}, v1::Symbolics.Equation, itr::Base.Generator{Vector{Any}, BaseModelica.var"#eval_AST##8#eval_AST##9"}, st::Int64)
    @ Base ./array.jl:826
  [7] collect(itr::Base.Generator{Vector{Any}, BaseModelica.var"#eval_AST##8#eval_AST##9"})
    @ Base ./array.jl:800
  [8] eval_AST(model::BaseModelica.BaseModelicaModel)
    @ BaseModelica ~/.julia/packages/BaseModelica/VxcqU/src/evaluator.jl:666
  [9] eval_AST(package::BaseModelica.BaseModelicaPackage)
    @ BaseModelica ~/.julia/packages/BaseModelica/VxcqU/src/evaluator.jl:838
 [10] baseModelica_to_ModelingToolkit
    @ ~/.julia/packages/BaseModelica/VxcqU/src/evaluator.jl:888 [inlined]
 [11] (::BaseModelicaLibraryTesting.var"#run_parse##10#run_parse##11")()
    @ BaseModelicaLibraryTesting ~/work/BaseModelicaLibraryTesting.jl/BaseModelicaLibraryTesting.jl/src/parse_bm.jl:78
 [12] with_logstate(f::BaseModelicaLibraryTesting.var"#run_parse##10#run_parse##11", logstate::Base.CoreLogging.LogState)
    @ Base.CoreLogging ./logging/logging.jl:542
 [13] with_logger
    @ ./logging/logging.jl:653 [inlined]
 [14] (::BaseModelicaLibraryTesting.var"#run_parse##8#run_parse##9")()
    @ BaseModelicaLibraryTesting ~/work/BaseModelicaLibraryTesting.jl/BaseModelicaLibraryTesting.jl/src/parse_bm.jl:77
 [15] (::Base.RedirectStdStream)(thunk::BaseModelicaLibraryTesting.var"#run_parse##8#run_parse##9", stream::Pipe)
    @ Base ./stream.jl:1464
 [16] #run_parse##6
    @ ~/work/BaseModelicaLibraryTesting.jl/BaseModelicaLibraryTesting.jl/src/parse_bm.jl:76 [inlined]
 [17] (::Base.RedirectStdStream)(thunk::BaseModelicaLibraryTesting.var"#run_parse##6#run_parse##7"{Pipe}, stream::Pipe)
    @ Base ./stream.jl:1464
 [18] run_parse(bm_path::String, model_dir::String, model::String)
    @ BaseModelicaLibraryTesting ~/work/BaseModelicaLibraryTesting.jl/BaseModelicaLibraryTesting.jl/src/parse_bm.jl:75
 [19] test_model(omc::OMJulia.OMCSession, model::String, results_root::String, ref_root::String; sim_settings::SimulateSettings, csv_max_size_mb::Int64)
    @ BaseModelicaLibraryTesting ~/work/BaseModelicaLibraryTesting.jl/BaseModelicaLibraryTesting.jl/src/pipeline.jl:82
 [20] test_model
    @ ~/work/BaseModelicaLibraryTesting.jl/BaseModelicaLibraryTesting.jl/src/pipeline.jl:60 [inlined]
 [21] main(; library::String, version::String, filter::String, omc_exe::String, results_root::String, ref_root::String, bm_options::String, sim_settings::SimulateSettings, csv_max_size_mb::Int64)
    @ BaseModelicaLibraryTesting ~/work/BaseModelicaLibraryTesting.jl/BaseModelicaLibraryTesting.jl/src/pipeline.jl:220
 [22] top-level scope
    @ none:7
 [23] eval(m::Module, e::Any)
    @ Core ./boot.jl:489
 [24] exec_options(opts::Base.JLOptions)
    @ Base ./client.jl:283
 [25] _start()
    @ Base ./client.jl:550
