Model:   Modelica.Electrical.Analog.Examples.OpAmps.ControlCircuit
┌ Warning: Did not converge after `maxiters = 100` substitutions. Either there \
│ is a cycle in the rules or `maxiters` needs to be higher.
└ @ Symbolics /home/runner/.julia/packages/Symbolics/eUt8E/src/variable.jl:443
┌ Warning: Did not converge after `maxiters = 100` substitutions. Either there \
│ is a cycle in the rules or `maxiters` needs to be higher.
└ @ Symbolics /home/runner/.julia/packages/Symbolics/eUt8E/src/variable.jl:443
┌ Warning: Did not converge after `maxiters = 100` substitutions. Either there \
│ is a cycle in the rules or `maxiters` needs to be higher.
└ @ Symbolics /home/runner/.julia/packages/Symbolics/eUt8E/src/variable.jl:443
┌ Warning: Did not converge after `maxiters = 100` substitutions. Either there \
│ is a cycle in the rules or `maxiters` needs to be higher.
└ @ Symbolics /home/runner/.julia/packages/Symbolics/eUt8E/src/variable.jl:443
┌ Warning: Did not converge after `maxiters = 100` substitutions. Either there \
│ is a cycle in the rules or `maxiters` needs to be higher.
└ @ Symbolics /home/runner/.julia/packages/Symbolics/eUt8E/src/variable.jl:443
┌ Warning: Did not converge after `maxiters = 100` substitutions. Either there \
│ is a cycle in the rules or `maxiters` needs to be higher.
└ @ Symbolics /home/runner/.julia/packages/Symbolics/eUt8E/src/variable.jl:443
┌ Warning: Did not converge after `maxiters = 100` substitutions. Either there \
│ is a cycle in the rules or `maxiters` needs to be higher.
└ @ Symbolics /home/runner/.julia/packages/Symbolics/eUt8E/src/variable.jl:443
┌ Warning: Did not converge after `maxiters = 100` substitutions. Either there \
│ is a cycle in the rules or `maxiters` needs to be higher.
└ @ Symbolics /home/runner/.julia/packages/Symbolics/eUt8E/src/variable.jl:443
┌ Warning: Did not converge after `maxiters = 100` substitutions. Either there \
│ is a cycle in the rules or `maxiters` needs to be higher.
└ @ Symbolics /home/runner/.julia/packages/Symbolics/eUt8E/src/variable.jl:443
┌ Warning: Did not converge after `maxiters = 100` substitutions. Either there \
│ is a cycle in the rules or `maxiters` needs to be higher.
└ @ Symbolics /home/runner/.julia/packages/Symbolics/eUt8E/src/variable.jl:443
Time:    2.394 s
Success: true
