Model:  Modelica.Electrical.Spice3.Examples.Oscillator
Time:    1.805 s
Success: true

--- Parser output ---
line 1003:978 missing ';' at '.'
line 1004:979 missing ';' at '.'
line 1005:978 missing ';' at '.'
line 1006:979 missing ';' at '.'
line 1007:978 missing ';' at '.'
line 1008:980 missing ';' at '.'
line 1009:980 missing ';' at '.'
line 1010:980 missing ';' at '.'
line 1011:980 missing ';' at '.'
line 1012:980 missing ';' at '.'
line 1013:977 missing ';' at '.'
line 1014:978 missing ';' at '.'
line 1037:978 missing ';' at '.'
line 1038:979 missing ';' at '.'
line 1039:978 missing ';' at '.'
line 1040:979 missing ';' at '.'
line 1041:978 missing ';' at '.'
line 1042:980 missing ';' at '.'
line 1043:980 missing ';' at '.'
line 1044:980 missing ';' at '.'
line 1045:980 missing ';' at '.'
line 1046:980 missing ';' at '.'
line 1047:977 missing ';' at '.'
line 1048:978 missing ';' at '.'
