Model:   Modelica.Electrical.Digital.Examples.NXFER
Time:    0.122 s
Success: false

--- Parser output ---
line 34:67 missing ';' at 'Modelica'
line 34:114 token recognition error at: '\'
line 34:115 missing ';' at ''U\'''
line 34:120 extraneous input ',' expecting IDENT
line 34:167 missing ';' at '.'
line 34:176 token recognition error at: '' = 0 "Specification of delay according to signal change";\n'
line 34:175 mismatched input ']' expecting IDENT
line 35:114 token recognition error at: '\'
line 35:167 missing ';' at '.'
line 35:176 token recognition error at: '' = 0 "Specification of delay according to signal change";\n'
line 35:175 mismatched input ']' expecting IDENT
line 36:114 token recognition error at: '\'
line 36:167 missing ';' at '.'
line 36:176 token recognition error at: '' = -1 "Specification of delay according to signal change";\n'
line 36:175 mismatched input ']' expecting IDENT
line 37:114 token recognition error at: '\'
line 37:167 missing ';' at '.'
line 37:176 token recognition error at: '' = 1 "Specification of delay according to signal change";\n'
line 37:175 mismatched input ']' expecting IDENT
line 38:114 token recognition error at: '\'
line 38:167 missing ';' at '.'
line 38:176 token recognition error at: '' = 0 "Specification of delay according to signal change";\n'
line 38:175 mismatched input ']' expecting IDENT
line 39:114 token recognition error at: '\'
line 39:167 missing ';' at '.'
line 39:176 token recognition error at: '' = 0 "Specification of delay according to signal change";\n'
line 39:175 mismatched input ']' expecting IDENT
line 40:114 token recognition error at: '\'
line 40:167 missing ';' at '.'
line 40:176 token recognition error at: '' = -1 "Specification of delay according to signal change";\n'
line 40:175 mismatched input ']' expecting IDENT
line 41:114 token recognition error at: '\'
line 41:167 missing ';' at '.'
line 41:176 token recognition error at: '' = 1 "Specification of delay according to signal change";\n'
line 41:175 mismatched input ']' expecting IDENT
line 42:114 token recognition error at: '\'
line 42:167 missing ';' at '.'
line 42:176 token recognition error at: '' = 0 "Specification of delay according to signal change";\n'
line 42:175 mismatched input ']' expecting IDENT
line 43:114 token recognition error at: '\'
line 43:167 missing ';' at '.'
line 43:176 token recognition error at: '' = 0 "Specification of delay according to signal change";\n'
line 43:175 mismatched input ']' expecting IDENT
line 44:114 token recognition error at: '\'
line 44:167 missing ';' at '.'
line 44:176 token recognition error at: '' = 0 "Specification of delay according to signal change";\n'
line 44:175 mismatched input ']' expecting IDENT
line 45:114 token recognition error at: '\'
line 45:167 missing ';' at '.'
line 45:176 token recognition error at: '' = -1 "Specification of delay according to signal change";\n'
line 45:175 mismatched input ']' expecting IDENT
line 46:114 token recognition error at: '\'
line 46:167 missing ';' at '.'
line 46:176 token recognition error at: '' = 1 "Specification of delay according to signal change";\n'
line 46:175 mismatched input ']' expecting IDENT
line 47:114 token recognition error at: '\'
line 47:167 missing ';' at '.'
line 47:176 token recognition error at: '' = 0 "Specification of delay according to signal change";\n'
line 47:175 mismatched input ']' expecting IDENT
line 48:114 token recognition error at: '\'
line 48:167 missing ';' at '.'
line 48:176 token recognition error at: '' = 0 "Specification of delay according to signal change";\n'
line 48:175 mismatched input ']' expecting IDENT
line 49:114 token recognition error at: '\'
line 49:167 missing ';' at '.'
line 49:176 token recognition error at: '' = -1 "Specification of delay according to signal change";\n'
line 49:175 mismatched input ']' expecting IDENT
line 50:114 token recognition error at: '\'
line 50:167 missing ';' at '.'
line 50:176 token recognition error at: '' = 1 "Specification of delay according to signal change";\n'
line 50:175 mismatched input ']' expecting IDENT
line 51:114 token recognition error at: '\'
line 51:167 missing ';' at '.'
line 51:176 token recognition error at: '' = 0 "Specification of delay according to signal change";\n'
line 51:175 mismatched input ']' expecting IDENT
line 52:114 token recognition error at: '\'
line 52:167 missing ';' at '.'
line 52:176 token recognition error at: '' = 1 "Specification of delay according to signal change";\n'
line 52:175 mismatched input ']' expecting IDENT
line 53:114 token recognition error at: '\'
line 53:167 missing ';' at '.'
line 53:176 token recognition error at: '' = 1 "Specification of delay according to signal change";\n'
line 53:175 mismatched input ']' expecting IDENT
line 54:114 token recognition error at: '\'
line 54:167 missing ';' at '.'
line 54:176 token recognition error at: '' = 0 "Specification of delay according to signal change";\n'
line 54:175 mismatched input ']' expecting IDENT
line 55:114 token recognition error at: '\'
line 55:167 missing ';' at '.'
line 55:176 token recognition error at: '' = 1 "Specification of delay according to signal change";\n'
line 55:175 mismatched input ']' expecting IDENT
line 56:114 token recognition error at: '\'
line 56:167 missing ';' at '.'
line 56:176 token recognition error at: '' = 1 "Specification of delay according to signal change";\n'
line 56:175 mismatched input ']' expecting IDENT
line 57:114 token recognition error at: '\'
line 57:167 missing ';' at '.'
line 57:176 token recognition error at: '' = 1 "Specification of delay according to signal change";\n'
line 57:175 mismatched input ']' expecting IDENT
line 58:114 token recognition error at: '\'
line 58:167 missing ';' at '.'
line 58:176 token recognition error at: '' = 0 "Specification of delay according to signal change";\n'
line 58:175 mismatched input ']' expecting IDENT
line 59:114 token recognition error at: '\'
line 59:167 missing ';' at '.'
line 59:176 token recognition error at: '' = 1 "Specification of delay according to signal change";\n'
line 59:175 mismatched input ']' expecting IDENT
line 60:114 token recognition error at: '\'
line 60:167 missing ';' at '.'
line 60:176 token recognition error at: '' = 1 "Specification of delay according to signal change";\n'
line 60:175 mismatched input ']' expecting IDENT
line 61:114 token recognition error at: '\'
line 61:167 missing ';' at '.'
line 61:176 token recognition error at: '' = -1 "Specification of delay according to signal change";\n'
line 61:175 mismatched input ']' expecting IDENT
line 62:114 token recognition error at: '\'
line 62:167 missing ';' at '.'
line 62:176 token recognition error at: '' = -1 "Specification of delay according to signal change";\n'
line 62:175 mismatched input ']' expecting IDENT
line 63:114 token recognition error at: '\'
line 63:167 missing ';' at '.'
line 63:176 token recognition error at: '' = -1 "Specification of delay according to signal change";\n'
line 63:175 mismatched input ']' expecting IDENT
line 64:114 token recognition error at: '\'
line 64:167 missing ';' at '.'
line 64:176 token recognition error at: '' = 0 "Specification of delay according to signal change";\n'
line 64:175 mismatched input ']' expecting IDENT
line 65:114 token recognition error at: '\'
line 65:167 missing ';' at '.'
line 65:176 token recognition error at: '' = -1 "Specification of delay according to signal change";\n'
line 65:175 mismatched input ']' expecting IDENT
line 66:114 token recognition error at: '\'
line 66:167 missing ';' at '.'
line 66:176 token recognition error at: '' = -1 "Specification of delay according to signal change";\n'
line 66:175 mismatched input ']' expecting IDENT
line 67:114 token recognition error at: '\'
line 67:167 missing ';' at '.'
line 67:176 token recognition error at: '' = -1 "Specification of delay according to signal change";\n'
line 67:175 mismatched input ']' expecting IDENT
line 68:114 token recognition error at: '\'
line 68:167 missing ';' at '.'
line 68:176 token recognition error at: '' = 0 "Specification of delay according to signal change";\n'
line 68:175 mismatched input ']' expecting IDENT
line 69:114 token recognition error at: '\'
line 69:167 missing ';' at '.'
line 69:176 token recognition error at: '' = -1 "Specification of delay according to signal change";\n'
line 69:175 mismatched input ']' expecting IDENT
line 70:114 token recognition error at: '\'
line 70:167 missing ';' at '.'
line 70:176 token recognition error at: '' = 0 "Specification of delay according to signal change";\n'
line 70:175 mismatched input ']' expecting IDENT
line 71:114 token recognition error at: '\'
line 71:167 missing ';' at '.'
line 71:176 token recognition error at: '' = 0 "Specification of delay according to signal change";\n'
line 71:175 mismatched input ']' expecting IDENT
line 72:114 token recognition error at: '\'
line 72:167 missing ';' at '.'
line 72:176 token recognition error at: '' = -1 "Specification of delay according to signal change";\n'
line 72:175 mismatched input ']' expecting IDENT
line 73:114 token recognition error at: '\'
line 73:167 missing ';' at '.'
line 73:176 token recognition error at: '' = 1 "Specification of delay according to signal change";\n'
line 73:175 mismatched input ']' expecting IDENT
line 74:114 token recognition error at: '\'
line 74:167 missing ';' at '.'
line 74:176 token recognition error at: '' = 0 "Specification of delay according to signal change";\n'
line 74:175 mismatched input ']' expecting IDENT
line 75:114 token recognition error at: '\'
line 75:167 missing ';' at '.'
line 75:176 token recognition error at: '' = 0 "Specification of delay according to signal change";\n'
line 75:175 mismatched input ']' expecting IDENT
line 76:114 token recognition error at: '\'
line 76:167 missing ';' at '.'
line 76:176 token recognition error at: '' = -1 "Specification of delay according to signal change";\n'
line 76:175 mismatched input ']' expecting IDENT
line 77:114 token recognition error at: '\'
line 77:167 missing ';' at '.'
line 77:176 token recognition error at: '' = 1 "Specification of delay according to signal change";\n'
line 77:175 mismatched input ']' expecting IDENT
line 78:114 token recognition error at: '\'
line 78:167 missing ';' at '.'
line 78:176 token recognition error at: '' = 0 "Specification of delay according to signal change";\n'
line 78:175 mismatched input ']' expecting IDENT
line 79:114 token recognition error at: '\'
line 79:167 missing ';' at '.'
line 79:176 token recognition error at: '' = 0 "Specification of delay according to signal change";\n'
line 79:175 mismatched input ']' expecting IDENT
line 80:114 token recognition error at: '\'
line 80:167 missing ';' at '.'
line 80:176 token recognition error at: '' = 0 "Specification of delay according to signal change";\n'
line 80:175 mismatched input ']' expecting IDENT
line 81:114 token recognition error at: '\'
line 81:167 missing ';' at '.'
line 81:176 token recognition error at: '' = -1 "Specification of delay according to signal change";\n'
line 81:175 mismatched input ']' expecting IDENT
line 82:114 token recognition error at: '\'
line 82:167 missing ';' at '.'
line 82:176 token recognition error at: '' = 1 "Specification of delay according to signal change";\n'
line 82:175 mismatched input ']' expecting IDENT
line 83:114 token recognition error at: '\'
line 83:167 missing ';' at '.'
line 83:176 token recognition error at: '' = 0 "Specification of delay according to signal change";\n'
line 83:175 mismatched input ']' expecting IDENT
line 84:114 token recognition error at: '\'
line 84:167 missing ';' at '.'
line 84:176 token recognition error at: '' = 0 "Specification of delay according to signal change";\n'
line 84:175 mismatched input ']' expecting IDENT
line 85:114 token recognition error at: '\'
line 85:167 missing ';' at '.'
line 85:176 token recognition error at: '' = -1 "Specification of delay according to signal change";\n'
line 85:175 mismatched input ']' expecting IDENT
line 86:114 token recognition error at: '\'
line 86:167 missing ';' at '.'
line 86:176 token recognition error at: '' = 1 "Specification of delay according to signal change";\n'
line 86:175 mismatched input ']' expecting IDENT
line 87:114 token recognition error at: '\'
line 87:167 missing ';' at '.'
line 87:176 token recognition error at: '' = 0 "Specification of delay according to signal change";\n'
line 87:175 mismatched input ']' expecting IDENT
line 88:114 token recognition error at: '\'
line 88:167 missing ';' at '.'
line 88:176 token recognition error at: '' = 1 "Specification of delay according to signal change";\n'
line 88:175 mismatched input ']' expecting IDENT
line 89:114 token recognition error at: '\'
line 89:167 missing ';' at '.'
line 89:176 token recognition error at: '' = 1 "Specification of delay according to signal change";\n'
line 89:175 mismatched input ']' expecting IDENT
line 90:114 token recognition error at: '\'
line 90:167 missing ';' at '.'
line 90:176 token recognition error at: '' = 0 "Specification of delay according to signal change";\n'
line 90:175 mismatched input ']' expecting IDENT
line 91:114 token recognition error at: '\'
line 91:167 missing ';' at '.'
line 91:176 token recognition error at: '' = 1 "Specification of delay according to signal change";\n'
line 91:175 mismatched input ']' expecting IDENT
line 92:114 token recognition error at: '\'
line 92:167 missing ';' at '.'
line 92:176 token recognition error at: '' = 1 "Specification of delay according to signal change";\n'
line 92:175 mismatched input ']' expecting IDENT
line 93:114 token recognition error at: '\'
line 93:167 missing ';' at '.'
line 93:176 token recognition error at: '' = 1 "Specification of delay according to signal change";\n'
line 93:175 mismatched input ']' expecting IDENT
line 94:114 token recognition error at: '\'
line 94:167 missing ';' at '.'
line 94:176 token recognition error at: '' = 0 "Specification of delay according to signal change";\n'
line 94:175 mismatched input ']' expecting IDENT
line 95:114 token recognition error at: '\'
line 95:167 missing ';' at '.'
line 95:176 token recognition error at: '' = 1 "Specification of delay according to signal change";\n'
line 95:175 mismatched input ']' expecting IDENT
line 96:114 token recognition error at: '\'
line 96:167 missing ';' at '.'
line 96:176 token recognition error at: '' = 1 "Specification of delay according to signal change";\n'
line 96:175 mismatched input ']' expecting IDENT
line 97:114 token recognition error at: '\'
line 97:167 missing ';' at '.'
line 97:176 token recognition error at: '' = -1 "Specification of delay according to signal change";\n'
line 97:175 mismatched input ']' expecting IDENT
line 98:114 token recognition error at: '\'
line 98:167 missing ';' at '.'
line 98:176 token recognition error at: '' = -1 "Specification of delay according to signal change";\n'
line 98:175 mismatched input ']' expecting IDENT
line 99:114 token recognition error at: '\'
line 99:167 missing ';' at '.'
line 99:176 token recognition error at: '' = -1 "Specification of delay according to signal change";\n'
line 99:175 mismatched input ']' expecting IDENT
line 100:114 token recognition error at: '\'
line 100:167 missing ';' at '.'
line 100:176 token recognition error at: '' = 0 "Specification of delay according to signal change";\n'
line 100:175 mismatched input ']' expecting IDENT
line 101:114 token recognition error at: '\'
line 101:167 missing ';' at '.'
line 101:176 token recognition error at: '' = -1 "Specification of delay according to signal change";\n'
line 101:175 mismatched input ']' expecting IDENT
line 102:114 token recognition error at: '\'
line 102:167 missing ';' at '.'
line 102:176 token recognition error at: '' = -1 "Specification of delay according to signal change";\n'
line 102:175 mismatched input ']' expecting IDENT
line 103:114 token recognition error at: '\'
line 103:167 missing ';' at '.'
line 103:176 token recognition error at: '' = -1 "Specification of delay according to signal change";\n'
line 103:175 mismatched input ']' expecting IDENT
line 104:114 token recognition error at: '\'
line 104:167 missing ';' at '.'
line 104:176 token recognition error at: '' = 0 "Specification of delay according to signal change";\n'
line 104:175 mismatched input ']' expecting IDENT
line 105:114 token recognition error at: '\'
line 105:167 missing ';' at '.'
line 105:176 token recognition error at: '' = -1 "Specification of delay according to signal change";\n'
line 105:175 mismatched input ']' expecting IDENT
line 106:114 token recognition error at: '\'
line 106:167 missing ';' at '.'
line 106:176 token recognition error at: '' = 0 "Specification of delay according to signal change";\n'
line 106:175 mismatched input ']' expecting IDENT
line 107:114 token recognition error at: '\'
line 107:167 missing ';' at '.'
line 107:176 token recognition error at: '' = 0 "Specification of delay according to signal change";\n'
line 107:175 mismatched input ']' expecting IDENT
line 108:114 token recognition error at: '\'
line 108:167 missing ';' at '.'
line 108:176 token recognition error at: '' = -1 "Specification of delay according to signal change";\n'
line 108:175 mismatched input ']' expecting IDENT
line 109:114 token recognition error at: '\'
line 109:167 missing ';' at '.'
line 109:176 token recognition error at: '' = 1 "Specification of delay according to signal change";\n'
line 109:175 mismatched input ']' expecting IDENT
line 110:114 token recognition error at: '\'
line 110:167 missing ';' at '.'
line 110:176 token recognition error at: '' = 0 "Specification of delay according to signal change";\n'
line 110:175 mismatched input ']' expecting IDENT
line 111:114 token recognition error at: '\'
line 111:167 missing ';' at '.'
line 111:176 token recognition error at: '' = 0 "Specification of delay according to signal change";\n'
line 111:175 mismatched input ']' expecting IDENT
line 112:114 token recognition error at: '\'
line 112:167 missing ';' at '.'
line 112:176 token recognition error at: '' = -1 "Specification of delay according to signal change";\n'
line 112:175 mismatched input ']' expecting IDENT
line 113:114 token recognition error at: '\'
line 113:167 missing ';' at '.'
line 113:176 token recognition error at: '' = 1 "Specification of delay according to signal change";\n'
line 113:175 mismatched input ']' expecting IDENT
line 114:114 token recognition error at: '\'
line 114:167 missing ';' at '.'
line 114:176 token recognition error at: '' = 0 "Specification of delay according to signal change";\n'
line 114:175 extraneous input ']' expecting IDENT
line 115:9 missing ';' at ''nXFERGATE.inertialDelaySensitive.delayTime''
line 115:53 extraneous input '(' expecting IDENT
line 115:83 extraneous input ')' expecting ';'

--- Error ---
The equations of a system must involve the unknowns/observables. The following equations were found to have no unknowns/observables:
var"nXFERGATE.yy" ~ var"nXFERGATE.inertialDelaySensitive.x"
var"nXFERGATE.inertialDelaySensitive.y" ~ var"nXFERGATE.y"
var"x_table.y" ~ var"nXFERGATE.x"
var"e_table.y" ~ var"nXFERGATE.enable"

Stacktrace:
  [1] error(s::String)
    @ Base ./error.jl:44
  [2] check_no_parameter_equations(sys::ModelingToolkitBase.System)
    @ ModelingToolkitBase ~/.julia/packages/ModelingToolkitBase/yP1tD/src/utils.jl:363
  [3] ModelingToolkitTearing.TearingState(sys::ModelingToolkitBase.System, source_info::ModelingToolkitBase.EquationSourceInformation; check::Bool, sort_eqs::Bool)
    @ ModelingToolkitTearing ~/.julia/packages/ModelingToolkitTearing/fC8Qv/src/tearingstate.jl:115
  [4] TearingState
    @ ~/.julia/packages/ModelingToolkitTearing/fC8Qv/src/tearingstate.jl:104 [inlined]
  [5] __mtkcompile(sys::ModelingToolkitBase.System; inputs::OrderedCollections.OrderedSet{SymbolicUtils.BasicSymbolicImpl.var"typeof(BasicSymbolicImpl)"{SymbolicUtils.SymReal}}, outputs::OrderedCollections.OrderedSet{SymbolicUtils.BasicSymbolicImpl.var"typeof(BasicSymbolicImpl)"{SymbolicUtils.SymReal}}, disturbance_inputs::OrderedCollections.OrderedSet{SymbolicUtils.BasicSymbolicImpl.var"typeof(BasicSymbolicImpl)"{SymbolicUtils.SymReal}}, sort_eqs::Bool, kwargs::@Kwargs{additional_passes::Tuple{}})
    @ ModelingToolkit ~/.julia/packages/ModelingToolkit/zJBUr/src/systems/systems.jl:33
  [6] _mtkcompile(sys::ModelingToolkitBase.System; kwargs::@Kwargs{inputs::OrderedCollections.OrderedSet{SymbolicUtils.BasicSymbolicImpl.var"typeof(BasicSymbolicImpl)"{SymbolicUtils.SymReal}}, outputs::OrderedCollections.OrderedSet{SymbolicUtils.BasicSymbolicImpl.var"typeof(BasicSymbolicImpl)"{SymbolicUtils.SymReal}}, disturbance_inputs::OrderedCollections.OrderedSet{SymbolicUtils.BasicSymbolicImpl.var"typeof(BasicSymbolicImpl)"{SymbolicUtils.SymReal}}, additional_passes::Tuple{}})
    @ ModelingToolkitBase ~/.julia/packages/ModelingToolkitBase/yP1tD/src/systems/systems.jl:0
  [7] _mtkcompile
    @ ~/.julia/packages/ModelingToolkitBase/yP1tD/src/systems/systems.jl:122 [inlined]
  [8] mtkcompile(sys::ModelingToolkitBase.System; additional_passes::Tuple{}, inputs::Vector{SymbolicUtils.BasicSymbolicImpl.var"typeof(BasicSymbolicImpl)"{SymbolicUtils.SymReal}}, outputs::Vector{SymbolicUtils.BasicSymbolicImpl.var"typeof(BasicSymbolicImpl)"{SymbolicUtils.SymReal}}, disturbance_inputs::Vector{SymbolicUtils.BasicSymbolicImpl.var"typeof(BasicSymbolicImpl)"{SymbolicUtils.SymReal}}, split::Bool, kwargs::@Kwargs{})
    @ ModelingToolkitBase ~/.julia/packages/ModelingToolkitBase/yP1tD/src/systems/systems.jl:95
  [9] mtkcompile
    @ ~/.julia/packages/ModelingToolkitBase/yP1tD/src/systems/systems.jl:84 [inlined]
 [10] eval_AST(model::BaseModelica.BaseModelicaModel)
    @ BaseModelica ~/.julia/packages/BaseModelica/G7VqY/src/evaluator.jl:646
 [11] eval_AST(package::BaseModelica.BaseModelicaPackage)
    @ BaseModelica ~/.julia/packages/BaseModelica/G7VqY/src/evaluator.jl:658
 [12] baseModelica_to_ModelingToolkit
    @ ~/.julia/packages/BaseModelica/G7VqY/src/evaluator.jl:708 [inlined]
 [13] create_odeproblem(filename::String; parser::Symbol, u0::Vector{Any}, kwargs::@Kwargs{})
    @ BaseModelica ~/.julia/packages/BaseModelica/G7VqY/src/BaseModelica.jl:160
 [14] create_odeproblem
    @ ~/.julia/packages/BaseModelica/G7VqY/src/BaseModelica.jl:149 [inlined]
 [15] #run_parse##4
    @ ~/work/BaseModelicaLibraryTesting.jl/BaseModelicaLibraryTesting.jl/src/parse_bm.jl:34 [inlined]
 [16] with_logstate(f::BaseModelicaLibraryTesting.var"#run_parse##4#run_parse##5"{String}, logstate::Base.CoreLogging.LogState)
    @ Base.CoreLogging ./logging/logging.jl:542
 [17] (::Base.RedirectStdStream)(thunk::BaseModelicaLibraryTesting.var"#run_parse##2#run_parse##3"{String, Base.CoreLogging.SimpleLogger}, stream::Pipe)
    @ Base ./stream.jl:1457
 [18] #run_parse##0
    @ ~/work/BaseModelicaLibraryTesting.jl/BaseModelicaLibraryTesting.jl/src/parse_bm.jl:32 [inlined]
 [19] (::Base.RedirectStdStream)(thunk::BaseModelicaLibraryTesting.var"#run_parse##0#run_parse##1"{String, Base.CoreLogging.SimpleLogger, Pipe}, stream::Pipe)
    @ Base ./stream.jl:1464
 [20] run_parse(bm_path::String, model_dir::String, model::String)
    @ BaseModelicaLibraryTesting ~/work/BaseModelicaLibraryTesting.jl/BaseModelicaLibraryTesting.jl/src/parse_bm.jl:31
 [21] test_model(omc::OMJulia.OMCSession, model::String, results_root::String, ref_root::String; csv_max_size_mb::Int64)
    @ BaseModelicaLibraryTesting ~/work/BaseModelicaLibraryTesting.jl/BaseModelicaLibraryTesting.jl/src/pipeline.jl:75
 [22] test_model
    @ ~/work/BaseModelicaLibraryTesting.jl/BaseModelicaLibraryTesting.jl/src/pipeline.jl:60 [inlined]
 [23] main(; library::String, version::String, filter::Nothing, omc_exe::String, results_root::String, ref_root::String, bm_options::String, csv_max_size_mb::Int64)
    @ BaseModelicaLibraryTesting ~/work/BaseModelicaLibraryTesting.jl/BaseModelicaLibraryTesting.jl/src/pipeline.jl:189
 [24] top-level scope
    @ none:3
 [25] eval(m::Module, e::Any)
    @ Core ./boot.jl:489
 [26] exec_options(opts::Base.JLOptions)
    @ Base ./client.jl:283
 [27] _start()
    @ Base ./client.jl:550
