Model:  Modelica.Electrical.PowerConverters.Examples.DCAC.PolyphaseTwoLevel.ThreePhaseTwoLevel_PWM
Time:    0.024 s
Success: false

--- Error ---
MethodError: no method matching /(::Nothing, ::Float64)
The function `/` exists, but no method is defined for this combination of argument types.

Closest candidates are:
  /(!Matched::SymbolicUtils.BasicSymbolicImpl.var"typeof(BasicSymbolicImpl)"{SymbolicUtils.TreeReal}, ::Real)
   @ SymbolicUtils ~/.julia/packages/SymbolicUtils/Gc8kG/src/methods.jl:85
  /(!Matched::SymbolicUtils.BasicSymbolicImpl.var"typeof(BasicSymbolicImpl)"{SymbolicUtils.TreeReal}, ::Number)
   @ SymbolicUtils ~/.julia/packages/SymbolicUtils/Gc8kG/src/methods.jl:87
  /(!Matched::Symbolics.Num, ::Real)
   @ Symbolics ~/.julia/packages/Symbolics/oq6uS/src/num.jl:57
  ...

Stacktrace:
  [1] eval_AST(expr::BaseModelica.BaseModelicaDivide)
    @ BaseModelica ~/.julia/packages/BaseModelica/AgQoy/src/evaluator.jl:45
  [2] eval_AST(expr::BaseModelica.BaseModelicaProd)
    @ BaseModelica ~/.julia/packages/BaseModelica/AgQoy/src/evaluator.jl:44
  [3] eval_AST(expr::BaseModelica.BaseModelicaSum)
    @ BaseModelica ~/.julia/packages/BaseModelica/AgQoy/src/evaluator.jl:41
  [4] eval_AST(expr::BaseModelica.BaseModelicaLessThan)
    @ BaseModelica ~/.julia/packages/BaseModelica/AgQoy/src/evaluator.jl:51
  [5] (::BaseModelica.var"#build_ifelse_for_var#eval_AST##1"{BaseModelica.BaseModelicaIfEquation, BaseModelica.var"#get_rhs_for_var#eval_AST##0", Bool})(var_lhs::SymbolicUtils.BasicSymbolicImpl.var"typeof(BasicSymbolicImpl)"{SymbolicUtils.SymReal}, idx::Int64)
    @ BaseModelica ~/.julia/packages/BaseModelica/AgQoy/src/evaluator.jl:194
  [6] (::BaseModelica.var"#build_ifelse_for_var#eval_AST##1"{BaseModelica.BaseModelicaIfEquation, BaseModelica.var"#get_rhs_for_var#eval_AST##0", Bool})(var_lhs::SymbolicUtils.BasicSymbolicImpl.var"typeof(BasicSymbolicImpl)"{SymbolicUtils.SymReal}, idx::Int64)
    @ BaseModelica ~/.julia/packages/BaseModelica/AgQoy/src/evaluator.jl:206
  [7] (::BaseModelica.var"#build_ifelse_for_var#eval_AST##1"{BaseModelica.BaseModelicaIfEquation, BaseModelica.var"#get_rhs_for_var#eval_AST##0", Bool})(var_lhs::SymbolicUtils.BasicSymbolicImpl.var"typeof(BasicSymbolicImpl)"{SymbolicUtils.SymReal})
    @ BaseModelica ~/.julia/packages/BaseModelica/AgQoy/src/evaluator.jl:181
  [8] eval_AST(if_eq::BaseModelica.BaseModelicaIfEquation)
    @ BaseModelica ~/.julia/packages/BaseModelica/AgQoy/src/evaluator.jl:213
  [9] (::BaseModelica.var"#eval_AST##10#eval_AST##11")(eq::BaseModelica.BaseModelicaIfEquation)
    @ BaseModelica ./none:-1
 [10] iterate
    @ ./generator.jl:48 [inlined]
 [11] collect_to!(dest::Vector{Symbolics.Equation}, itr::Base.Generator{Vector{Any}, BaseModelica.var"#eval_AST##10#eval_AST##11"}, offs::Int64, st::Int64)
    @ Base ./array.jl:848
 [12] collect_to_with_first!(dest::Vector{Symbolics.Equation}, v1::Symbolics.Equation, itr::Base.Generator{Vector{Any}, BaseModelica.var"#eval_AST##10#eval_AST##11"}, st::Int64)
    @ Base ./array.jl:826
 [13] collect(itr::Base.Generator{Vector{Any}, BaseModelica.var"#eval_AST##10#eval_AST##11"})
    @ Base ./array.jl:800
 [14] eval_AST(model::BaseModelica.BaseModelicaModel)
    @ BaseModelica ~/.julia/packages/BaseModelica/AgQoy/src/evaluator.jl:426
 [15] eval_AST(package::BaseModelica.BaseModelicaPackage)
    @ BaseModelica ~/.julia/packages/BaseModelica/AgQoy/src/evaluator.jl:799
 [16] baseModelica_to_ModelingToolkit
    @ ~/.julia/packages/BaseModelica/AgQoy/src/evaluator.jl:849 [inlined]
 [17] (::BaseModelicaLibraryTesting.var"#run_parse##10#run_parse##11")()
    @ BaseModelicaLibraryTesting ~/work/BaseModelicaLibraryTesting.jl/BaseModelicaLibraryTesting.jl/src/parse_bm.jl:78
 [18] with_logstate(f::BaseModelicaLibraryTesting.var"#run_parse##10#run_parse##11", logstate::Base.CoreLogging.LogState)
    @ Base.CoreLogging ./logging/logging.jl:542
 [19] (::BaseModelicaLibraryTesting.var"#run_parse##8#run_parse##9")()
    @ BaseModelicaLibraryTesting ~/work/BaseModelicaLibraryTesting.jl/BaseModelicaLibraryTesting.jl/src/parse_bm.jl:77
 [20] (::Base.RedirectStdStream)(thunk::BaseModelicaLibraryTesting.var"#run_parse##8#run_parse##9", stream::Pipe)
    @ Base ./stream.jl:1464
 [21] (::Base.RedirectStdStream)(thunk::BaseModelicaLibraryTesting.var"#run_parse##6#run_parse##7"{Pipe}, stream::Pipe)
    @ Base ./stream.jl:1457
 [22] run_parse(bm_path::String, model_dir::String, model::String)
    @ BaseModelicaLibraryTesting ~/work/BaseModelicaLibraryTesting.jl/BaseModelicaLibraryTesting.jl/src/parse_bm.jl:28
 [23] test_model(omc::OMJulia.OMCSession, model::String, results_root::String, ref_root::String; sim_settings::SimulateSettings, csv_max_size_mb::Int64)
    @ BaseModelicaLibraryTesting ~/work/BaseModelicaLibraryTesting.jl/BaseModelicaLibraryTesting.jl/src/pipeline.jl:82
 [24] test_model
    @ ~/work/BaseModelicaLibraryTesting.jl/BaseModelicaLibraryTesting.jl/src/pipeline.jl:60 [inlined]
 [25] main(; library::String, version::String, filter::String, omc_exe::String, results_root::String, ref_root::String, bm_options::String, sim_settings::SimulateSettings, csv_max_size_mb::Int64)
    @ BaseModelicaLibraryTesting ~/work/BaseModelicaLibraryTesting.jl/BaseModelicaLibraryTesting.jl/src/pipeline.jl:220
 [26] top-level scope
    @ none:7
 [27] eval(m::Module, e::Any)
    @ Core ./boot.jl:489
 [28] exec_options(opts::Base.JLOptions)
    @ Base ./client.jl:283
 [29] _start()
    @ Base ./client.jl:550
