Model:   Modelica.Electrical.Digital.Examples.NRXFER
Time:    0.124 s
Success: false

--- Parser output ---
line 34:68 missing ';' at 'Modelica'
line 34:115 token recognition error at: '\'
line 34:116 missing ';' at ''U\'''
line 34:121 extraneous input ',' expecting IDENT
line 34:168 missing ';' at '.'
line 34:177 token recognition error at: '' = 0 "Specification of delay according to signal change";\n'
line 34:176 mismatched input ']' expecting IDENT
line 35:115 token recognition error at: '\'
line 35:168 missing ';' at '.'
line 35:177 token recognition error at: '' = 0 "Specification of delay according to signal change";\n'
line 35:176 mismatched input ']' expecting IDENT
line 36:115 token recognition error at: '\'
line 36:168 missing ';' at '.'
line 36:177 token recognition error at: '' = -1 "Specification of delay according to signal change";\n'
line 36:176 mismatched input ']' expecting IDENT
line 37:115 token recognition error at: '\'
line 37:168 missing ';' at '.'
line 37:177 token recognition error at: '' = 1 "Specification of delay according to signal change";\n'
line 37:176 mismatched input ']' expecting IDENT
line 38:115 token recognition error at: '\'
line 38:168 missing ';' at '.'
line 38:177 token recognition error at: '' = 0 "Specification of delay according to signal change";\n'
line 38:176 mismatched input ']' expecting IDENT
line 39:115 token recognition error at: '\'
line 39:168 missing ';' at '.'
line 39:177 token recognition error at: '' = 0 "Specification of delay according to signal change";\n'
line 39:176 mismatched input ']' expecting IDENT
line 40:115 token recognition error at: '\'
line 40:168 missing ';' at '.'
line 40:177 token recognition error at: '' = -1 "Specification of delay according to signal change";\n'
line 40:176 mismatched input ']' expecting IDENT
line 41:115 token recognition error at: '\'
line 41:168 missing ';' at '.'
line 41:177 token recognition error at: '' = 1 "Specification of delay according to signal change";\n'
line 41:176 mismatched input ']' expecting IDENT
line 42:115 token recognition error at: '\'
line 42:168 missing ';' at '.'
line 42:177 token recognition error at: '' = 0 "Specification of delay according to signal change";\n'
line 42:176 mismatched input ']' expecting IDENT
line 43:115 token recognition error at: '\'
line 43:168 missing ';' at '.'
line 43:177 token recognition error at: '' = 0 "Specification of delay according to signal change";\n'
line 43:176 mismatched input ']' expecting IDENT
line 44:115 token recognition error at: '\'
line 44:168 missing ';' at '.'
line 44:177 token recognition error at: '' = 0 "Specification of delay according to signal change";\n'
line 44:176 mismatched input ']' expecting IDENT
line 45:115 token recognition error at: '\'
line 45:168 missing ';' at '.'
line 45:177 token recognition error at: '' = -1 "Specification of delay according to signal change";\n'
line 45:176 mismatched input ']' expecting IDENT
line 46:115 token recognition error at: '\'
line 46:168 missing ';' at '.'
line 46:177 token recognition error at: '' = 1 "Specification of delay according to signal change";\n'
line 46:176 mismatched input ']' expecting IDENT
line 47:115 token recognition error at: '\'
line 47:168 missing ';' at '.'
line 47:177 token recognition error at: '' = 0 "Specification of delay according to signal change";\n'
line 47:176 mismatched input ']' expecting IDENT
line 48:115 token recognition error at: '\'
line 48:168 missing ';' at '.'
line 48:177 token recognition error at: '' = 0 "Specification of delay according to signal change";\n'
line 48:176 mismatched input ']' expecting IDENT
line 49:115 token recognition error at: '\'
line 49:168 missing ';' at '.'
line 49:177 token recognition error at: '' = -1 "Specification of delay according to signal change";\n'
line 49:176 mismatched input ']' expecting IDENT
line 50:115 token recognition error at: '\'
line 50:168 missing ';' at '.'
line 50:177 token recognition error at: '' = 1 "Specification of delay according to signal change";\n'
line 50:176 mismatched input ']' expecting IDENT
line 51:115 token recognition error at: '\'
line 51:168 missing ';' at '.'
line 51:177 token recognition error at: '' = 0 "Specification of delay according to signal change";\n'
line 51:176 mismatched input ']' expecting IDENT
line 52:115 token recognition error at: '\'
line 52:168 missing ';' at '.'
line 52:177 token recognition error at: '' = 1 "Specification of delay according to signal change";\n'
line 52:176 mismatched input ']' expecting IDENT
line 53:115 token recognition error at: '\'
line 53:168 missing ';' at '.'
line 53:177 token recognition error at: '' = 1 "Specification of delay according to signal change";\n'
line 53:176 mismatched input ']' expecting IDENT
line 54:115 token recognition error at: '\'
line 54:168 missing ';' at '.'
line 54:177 token recognition error at: '' = 0 "Specification of delay according to signal change";\n'
line 54:176 mismatched input ']' expecting IDENT
line 55:115 token recognition error at: '\'
line 55:168 missing ';' at '.'
line 55:177 token recognition error at: '' = 1 "Specification of delay according to signal change";\n'
line 55:176 mismatched input ']' expecting IDENT
line 56:115 token recognition error at: '\'
line 56:168 missing ';' at '.'
line 56:177 token recognition error at: '' = 1 "Specification of delay according to signal change";\n'
line 56:176 mismatched input ']' expecting IDENT
line 57:115 token recognition error at: '\'
line 57:168 missing ';' at '.'
line 57:177 token recognition error at: '' = 1 "Specification of delay according to signal change";\n'
line 57:176 mismatched input ']' expecting IDENT
line 58:115 token recognition error at: '\'
line 58:168 missing ';' at '.'
line 58:177 token recognition error at: '' = 0 "Specification of delay according to signal change";\n'
line 58:176 mismatched input ']' expecting IDENT
line 59:115 token recognition error at: '\'
line 59:168 missing ';' at '.'
line 59:177 token recognition error at: '' = 1 "Specification of delay according to signal change";\n'
line 59:176 mismatched input ']' expecting IDENT
line 60:115 token recognition error at: '\'
line 60:168 missing ';' at '.'
line 60:177 token recognition error at: '' = 1 "Specification of delay according to signal change";\n'
line 60:176 mismatched input ']' expecting IDENT
line 61:115 token recognition error at: '\'
line 61:168 missing ';' at '.'
line 61:177 token recognition error at: '' = -1 "Specification of delay according to signal change";\n'
line 61:176 mismatched input ']' expecting IDENT
line 62:115 token recognition error at: '\'
line 62:168 missing ';' at '.'
line 62:177 token recognition error at: '' = -1 "Specification of delay according to signal change";\n'
line 62:176 mismatched input ']' expecting IDENT
line 63:115 token recognition error at: '\'
line 63:168 missing ';' at '.'
line 63:177 token recognition error at: '' = -1 "Specification of delay according to signal change";\n'
line 63:176 mismatched input ']' expecting IDENT
line 64:115 token recognition error at: '\'
line 64:168 missing ';' at '.'
line 64:177 token recognition error at: '' = 0 "Specification of delay according to signal change";\n'
line 64:176 mismatched input ']' expecting IDENT
line 65:115 token recognition error at: '\'
line 65:168 missing ';' at '.'
line 65:177 token recognition error at: '' = -1 "Specification of delay according to signal change";\n'
line 65:176 mismatched input ']' expecting IDENT
line 66:115 token recognition error at: '\'
line 66:168 missing ';' at '.'
line 66:177 token recognition error at: '' = -1 "Specification of delay according to signal change";\n'
line 66:176 mismatched input ']' expecting IDENT
line 67:115 token recognition error at: '\'
line 67:168 missing ';' at '.'
line 67:177 token recognition error at: '' = -1 "Specification of delay according to signal change";\n'
line 67:176 mismatched input ']' expecting IDENT
line 68:115 token recognition error at: '\'
line 68:168 missing ';' at '.'
line 68:177 token recognition error at: '' = 0 "Specification of delay according to signal change";\n'
line 68:176 mismatched input ']' expecting IDENT
line 69:115 token recognition error at: '\'
line 69:168 missing ';' at '.'
line 69:177 token recognition error at: '' = -1 "Specification of delay according to signal change";\n'
line 69:176 mismatched input ']' expecting IDENT
line 70:115 token recognition error at: '\'
line 70:168 missing ';' at '.'
line 70:177 token recognition error at: '' = 0 "Specification of delay according to signal change";\n'
line 70:176 mismatched input ']' expecting IDENT
line 71:115 token recognition error at: '\'
line 71:168 missing ';' at '.'
line 71:177 token recognition error at: '' = 0 "Specification of delay according to signal change";\n'
line 71:176 mismatched input ']' expecting IDENT
line 72:115 token recognition error at: '\'
line 72:168 missing ';' at '.'
line 72:177 token recognition error at: '' = -1 "Specification of delay according to signal change";\n'
line 72:176 mismatched input ']' expecting IDENT
line 73:115 token recognition error at: '\'
line 73:168 missing ';' at '.'
line 73:177 token recognition error at: '' = 1 "Specification of delay according to signal change";\n'
line 73:176 mismatched input ']' expecting IDENT
line 74:115 token recognition error at: '\'
line 74:168 missing ';' at '.'
line 74:177 token recognition error at: '' = 0 "Specification of delay according to signal change";\n'
line 74:176 mismatched input ']' expecting IDENT
line 75:115 token recognition error at: '\'
line 75:168 missing ';' at '.'
line 75:177 token recognition error at: '' = 0 "Specification of delay according to signal change";\n'
line 75:176 mismatched input ']' expecting IDENT
line 76:115 token recognition error at: '\'
line 76:168 missing ';' at '.'
line 76:177 token recognition error at: '' = -1 "Specification of delay according to signal change";\n'
line 76:176 mismatched input ']' expecting IDENT
line 77:115 token recognition error at: '\'
line 77:168 missing ';' at '.'
line 77:177 token recognition error at: '' = 1 "Specification of delay according to signal change";\n'
line 77:176 mismatched input ']' expecting IDENT
line 78:115 token recognition error at: '\'
line 78:168 missing ';' at '.'
line 78:177 token recognition error at: '' = 0 "Specification of delay according to signal change";\n'
line 78:176 mismatched input ']' expecting IDENT
line 79:115 token recognition error at: '\'
line 79:168 missing ';' at '.'
line 79:177 token recognition error at: '' = 0 "Specification of delay according to signal change";\n'
line 79:176 mismatched input ']' expecting IDENT
line 80:115 token recognition error at: '\'
line 80:168 missing ';' at '.'
line 80:177 token recognition error at: '' = 0 "Specification of delay according to signal change";\n'
line 80:176 mismatched input ']' expecting IDENT
line 81:115 token recognition error at: '\'
line 81:168 missing ';' at '.'
line 81:177 token recognition error at: '' = -1 "Specification of delay according to signal change";\n'
line 81:176 mismatched input ']' expecting IDENT
line 82:115 token recognition error at: '\'
line 82:168 missing ';' at '.'
line 82:177 token recognition error at: '' = 1 "Specification of delay according to signal change";\n'
line 82:176 mismatched input ']' expecting IDENT
line 83:115 token recognition error at: '\'
line 83:168 missing ';' at '.'
line 83:177 token recognition error at: '' = 0 "Specification of delay according to signal change";\n'
line 83:176 mismatched input ']' expecting IDENT
line 84:115 token recognition error at: '\'
line 84:168 missing ';' at '.'
line 84:177 token recognition error at: '' = 0 "Specification of delay according to signal change";\n'
line 84:176 mismatched input ']' expecting IDENT
line 85:115 token recognition error at: '\'
line 85:168 missing ';' at '.'
line 85:177 token recognition error at: '' = -1 "Specification of delay according to signal change";\n'
line 85:176 mismatched input ']' expecting IDENT
line 86:115 token recognition error at: '\'
line 86:168 missing ';' at '.'
line 86:177 token recognition error at: '' = 1 "Specification of delay according to signal change";\n'
line 86:176 mismatched input ']' expecting IDENT
line 87:115 token recognition error at: '\'
line 87:168 missing ';' at '.'
line 87:177 token recognition error at: '' = 0 "Specification of delay according to signal change";\n'
line 87:176 mismatched input ']' expecting IDENT
line 88:115 token recognition error at: '\'
line 88:168 missing ';' at '.'
line 88:177 token recognition error at: '' = 1 "Specification of delay according to signal change";\n'
line 88:176 mismatched input ']' expecting IDENT
line 89:115 token recognition error at: '\'
line 89:168 missing ';' at '.'
line 89:177 token recognition error at: '' = 1 "Specification of delay according to signal change";\n'
line 89:176 mismatched input ']' expecting IDENT
line 90:115 token recognition error at: '\'
line 90:168 missing ';' at '.'
line 90:177 token recognition error at: '' = 0 "Specification of delay according to signal change";\n'
line 90:176 mismatched input ']' expecting IDENT
line 91:115 token recognition error at: '\'
line 91:168 missing ';' at '.'
line 91:177 token recognition error at: '' = 1 "Specification of delay according to signal change";\n'
line 91:176 mismatched input ']' expecting IDENT
line 92:115 token recognition error at: '\'
line 92:168 missing ';' at '.'
line 92:177 token recognition error at: '' = 1 "Specification of delay according to signal change";\n'
line 92:176 mismatched input ']' expecting IDENT
line 93:115 token recognition error at: '\'
line 93:168 missing ';' at '.'
line 93:177 token recognition error at: '' = 1 "Specification of delay according to signal change";\n'
line 93:176 mismatched input ']' expecting IDENT
line 94:115 token recognition error at: '\'
line 94:168 missing ';' at '.'
line 94:177 token recognition error at: '' = 0 "Specification of delay according to signal change";\n'
line 94:176 mismatched input ']' expecting IDENT
line 95:115 token recognition error at: '\'
line 95:168 missing ';' at '.'
line 95:177 token recognition error at: '' = 1 "Specification of delay according to signal change";\n'
line 95:176 mismatched input ']' expecting IDENT
line 96:115 token recognition error at: '\'
line 96:168 missing ';' at '.'
line 96:177 token recognition error at: '' = 1 "Specification of delay according to signal change";\n'
line 96:176 mismatched input ']' expecting IDENT
line 97:115 token recognition error at: '\'
line 97:168 missing ';' at '.'
line 97:177 token recognition error at: '' = -1 "Specification of delay according to signal change";\n'
line 97:176 mismatched input ']' expecting IDENT
line 98:115 token recognition error at: '\'
line 98:168 missing ';' at '.'
line 98:177 token recognition error at: '' = -1 "Specification of delay according to signal change";\n'
line 98:176 mismatched input ']' expecting IDENT
line 99:115 token recognition error at: '\'
line 99:168 missing ';' at '.'
line 99:177 token recognition error at: '' = -1 "Specification of delay according to signal change";\n'
line 99:176 mismatched input ']' expecting IDENT
line 100:115 token recognition error at: '\'
line 100:168 missing ';' at '.'
line 100:177 token recognition error at: '' = 0 "Specification of delay according to signal change";\n'
line 100:176 mismatched input ']' expecting IDENT
line 101:115 token recognition error at: '\'
line 101:168 missing ';' at '.'
line 101:177 token recognition error at: '' = -1 "Specification of delay according to signal change";\n'
line 101:176 mismatched input ']' expecting IDENT
line 102:115 token recognition error at: '\'
line 102:168 missing ';' at '.'
line 102:177 token recognition error at: '' = -1 "Specification of delay according to signal change";\n'
line 102:176 mismatched input ']' expecting IDENT
line 103:115 token recognition error at: '\'
line 103:168 missing ';' at '.'
line 103:177 token recognition error at: '' = -1 "Specification of delay according to signal change";\n'
line 103:176 mismatched input ']' expecting IDENT
line 104:115 token recognition error at: '\'
line 104:168 missing ';' at '.'
line 104:177 token recognition error at: '' = 0 "Specification of delay according to signal change";\n'
line 104:176 mismatched input ']' expecting IDENT
line 105:115 token recognition error at: '\'
line 105:168 missing ';' at '.'
line 105:177 token recognition error at: '' = -1 "Specification of delay according to signal change";\n'
line 105:176 mismatched input ']' expecting IDENT
line 106:115 token recognition error at: '\'
line 106:168 missing ';' at '.'
line 106:177 token recognition error at: '' = 0 "Specification of delay according to signal change";\n'
line 106:176 mismatched input ']' expecting IDENT
line 107:115 token recognition error at: '\'
line 107:168 missing ';' at '.'
line 107:177 token recognition error at: '' = 0 "Specification of delay according to signal change";\n'
line 107:176 mismatched input ']' expecting IDENT
line 108:115 token recognition error at: '\'
line 108:168 missing ';' at '.'
line 108:177 token recognition error at: '' = -1 "Specification of delay according to signal change";\n'
line 108:176 mismatched input ']' expecting IDENT
line 109:115 token recognition error at: '\'
line 109:168 missing ';' at '.'
line 109:177 token recognition error at: '' = 1 "Specification of delay according to signal change";\n'
line 109:176 mismatched input ']' expecting IDENT
line 110:115 token recognition error at: '\'
line 110:168 missing ';' at '.'
line 110:177 token recognition error at: '' = 0 "Specification of delay according to signal change";\n'
line 110:176 mismatched input ']' expecting IDENT
line 111:115 token recognition error at: '\'
line 111:168 missing ';' at '.'
line 111:177 token recognition error at: '' = 0 "Specification of delay according to signal change";\n'
line 111:176 mismatched input ']' expecting IDENT
line 112:115 token recognition error at: '\'
line 112:168 missing ';' at '.'
line 112:177 token recognition error at: '' = -1 "Specification of delay according to signal change";\n'
line 112:176 mismatched input ']' expecting IDENT
line 113:115 token recognition error at: '\'
line 113:168 missing ';' at '.'
line 113:177 token recognition error at: '' = 1 "Specification of delay according to signal change";\n'
line 113:176 mismatched input ']' expecting IDENT
line 114:115 token recognition error at: '\'
line 114:168 missing ';' at '.'
line 114:177 token recognition error at: '' = 0 "Specification of delay according to signal change";\n'
line 114:176 extraneous input ']' expecting IDENT
line 115:9 missing ';' at ''nRXFERGATE.inertialDelaySensitive.delayTime''
line 115:54 extraneous input '(' expecting IDENT
line 115:84 extraneous input ')' expecting ';'

--- Error ---
The equations of a system must involve the unknowns/observables. The following equations were found to have no unknowns/observables:
var"nRXFERGATE.yy" ~ var"nRXFERGATE.inertialDelaySensitive.x"
var"nRXFERGATE.inertialDelaySensitive.y" ~ var"nRXFERGATE.y"
var"x_table.y" ~ var"nRXFERGATE.x"
var"e_table.y" ~ var"nRXFERGATE.enable"

Stacktrace:
  [1] error(s::String)
    @ Base ./error.jl:44
  [2] check_no_parameter_equations(sys::ModelingToolkitBase.System)
    @ ModelingToolkitBase ~/.julia/packages/ModelingToolkitBase/yP1tD/src/utils.jl:363
  [3] ModelingToolkitTearing.TearingState(sys::ModelingToolkitBase.System, source_info::ModelingToolkitBase.EquationSourceInformation; check::Bool, sort_eqs::Bool)
    @ ModelingToolkitTearing ~/.julia/packages/ModelingToolkitTearing/fC8Qv/src/tearingstate.jl:115
  [4] TearingState
    @ ~/.julia/packages/ModelingToolkitTearing/fC8Qv/src/tearingstate.jl:104 [inlined]
  [5] __mtkcompile(sys::ModelingToolkitBase.System; inputs::OrderedCollections.OrderedSet{SymbolicUtils.BasicSymbolicImpl.var"typeof(BasicSymbolicImpl)"{SymbolicUtils.SymReal}}, outputs::OrderedCollections.OrderedSet{SymbolicUtils.BasicSymbolicImpl.var"typeof(BasicSymbolicImpl)"{SymbolicUtils.SymReal}}, disturbance_inputs::OrderedCollections.OrderedSet{SymbolicUtils.BasicSymbolicImpl.var"typeof(BasicSymbolicImpl)"{SymbolicUtils.SymReal}}, sort_eqs::Bool, kwargs::@Kwargs{additional_passes::Tuple{}})
    @ ModelingToolkit ~/.julia/packages/ModelingToolkit/zJBUr/src/systems/systems.jl:33
  [6] _mtkcompile(sys::ModelingToolkitBase.System; kwargs::@Kwargs{inputs::OrderedCollections.OrderedSet{SymbolicUtils.BasicSymbolicImpl.var"typeof(BasicSymbolicImpl)"{SymbolicUtils.SymReal}}, outputs::OrderedCollections.OrderedSet{SymbolicUtils.BasicSymbolicImpl.var"typeof(BasicSymbolicImpl)"{SymbolicUtils.SymReal}}, disturbance_inputs::OrderedCollections.OrderedSet{SymbolicUtils.BasicSymbolicImpl.var"typeof(BasicSymbolicImpl)"{SymbolicUtils.SymReal}}, additional_passes::Tuple{}})
    @ ModelingToolkitBase ~/.julia/packages/ModelingToolkitBase/yP1tD/src/systems/systems.jl:0
  [7] _mtkcompile
    @ ~/.julia/packages/ModelingToolkitBase/yP1tD/src/systems/systems.jl:122 [inlined]
  [8] mtkcompile(sys::ModelingToolkitBase.System; additional_passes::Tuple{}, inputs::Vector{SymbolicUtils.BasicSymbolicImpl.var"typeof(BasicSymbolicImpl)"{SymbolicUtils.SymReal}}, outputs::Vector{SymbolicUtils.BasicSymbolicImpl.var"typeof(BasicSymbolicImpl)"{SymbolicUtils.SymReal}}, disturbance_inputs::Vector{SymbolicUtils.BasicSymbolicImpl.var"typeof(BasicSymbolicImpl)"{SymbolicUtils.SymReal}}, split::Bool, kwargs::@Kwargs{})
    @ ModelingToolkitBase ~/.julia/packages/ModelingToolkitBase/yP1tD/src/systems/systems.jl:95
  [9] mtkcompile
    @ ~/.julia/packages/ModelingToolkitBase/yP1tD/src/systems/systems.jl:84 [inlined]
 [10] eval_AST(model::BaseModelica.BaseModelicaModel)
    @ BaseModelica ~/.julia/packages/BaseModelica/G7VqY/src/evaluator.jl:646
 [11] eval_AST(package::BaseModelica.BaseModelicaPackage)
    @ BaseModelica ~/.julia/packages/BaseModelica/G7VqY/src/evaluator.jl:658
 [12] baseModelica_to_ModelingToolkit
    @ ~/.julia/packages/BaseModelica/G7VqY/src/evaluator.jl:708 [inlined]
 [13] create_odeproblem(filename::String; parser::Symbol, u0::Vector{Any}, kwargs::@Kwargs{})
    @ BaseModelica ~/.julia/packages/BaseModelica/G7VqY/src/BaseModelica.jl:160
 [14] create_odeproblem
    @ ~/.julia/packages/BaseModelica/G7VqY/src/BaseModelica.jl:149 [inlined]
 [15] #run_parse##4
    @ ~/work/BaseModelicaLibraryTesting.jl/BaseModelicaLibraryTesting.jl/src/parse_bm.jl:34 [inlined]
 [16] with_logstate(f::BaseModelicaLibraryTesting.var"#run_parse##4#run_parse##5"{String}, logstate::Base.CoreLogging.LogState)
    @ Base.CoreLogging ./logging/logging.jl:542
 [17] (::Base.RedirectStdStream)(thunk::BaseModelicaLibraryTesting.var"#run_parse##2#run_parse##3"{String, Base.CoreLogging.SimpleLogger}, stream::Pipe)
    @ Base ./stream.jl:1457
 [18] #run_parse##0
    @ ~/work/BaseModelicaLibraryTesting.jl/BaseModelicaLibraryTesting.jl/src/parse_bm.jl:32 [inlined]
 [19] (::Base.RedirectStdStream)(thunk::BaseModelicaLibraryTesting.var"#run_parse##0#run_parse##1"{String, Base.CoreLogging.SimpleLogger, Pipe}, stream::Pipe)
    @ Base ./stream.jl:1464
 [20] run_parse(bm_path::String, model_dir::String, model::String)
    @ BaseModelicaLibraryTesting ~/work/BaseModelicaLibraryTesting.jl/BaseModelicaLibraryTesting.jl/src/parse_bm.jl:31
 [21] test_model(omc::OMJulia.OMCSession, model::String, results_root::String, ref_root::String; csv_max_size_mb::Int64)
    @ BaseModelicaLibraryTesting ~/work/BaseModelicaLibraryTesting.jl/BaseModelicaLibraryTesting.jl/src/pipeline.jl:75
 [22] test_model
    @ ~/work/BaseModelicaLibraryTesting.jl/BaseModelicaLibraryTesting.jl/src/pipeline.jl:60 [inlined]
 [23] main(; library::String, version::String, filter::Nothing, omc_exe::String, results_root::String, ref_root::String, bm_options::String, csv_max_size_mb::Int64)
    @ BaseModelicaLibraryTesting ~/work/BaseModelicaLibraryTesting.jl/BaseModelicaLibraryTesting.jl/src/pipeline.jl:189
 [24] top-level scope
    @ none:3
 [25] eval(m::Module, e::Any)
    @ Core ./boot.jl:489
 [26] exec_options(opts::Base.JLOptions)
    @ Base ./client.jl:283
 [27] _start()
    @ Base ./client.jl:550
