Model:  Modelica.Electrical.Machines.Examples.DCMachines.DCPM_Temperature
Time:    0.042 s
Success: false

--- Error ---
Tearing internal error: lowering DAE into semi-implicit ODE failed!
Stacktrace:
  [1] error(s::String)
    @ Base ./error.jl:44
  [2] generate_system_equations!(state::ModelingToolkitTearing.TearingState, neweqs::Vector{Symbolics.Equation}, var_eq_matching::BipartiteGraphs.Matching{Union{BipartiteGraphs.Unassigned, StateSelection.SelectedState}, Vector{Union{BipartiteGraphs.Unassigned, StateSelection.SelectedState, Int64}}}, full_var_eq_matching::BipartiteGraphs.Matching{Union{BipartiteGraphs.Unassigned, StateSelection.SelectedState}, Vector{Union{BipartiteGraphs.Unassigned, StateSelection.SelectedState, Int64}}}, var_sccs::Vector{Vector{Int64}}, extra_eqs_vars::Tuple{Vector{Int64}, Vector{Int64}}, iv::SymbolicUtils.BasicSymbolicImpl.var"typeof(BasicSymbolicImpl)"{SymbolicUtils.SymReal}, D::Symbolics.Differential; simplify::Bool, inline_linear_sccs::Bool, analytical_linear_scc_limit::Int64, allow_symbolic::Bool, allow_parameter::Bool)
    @ ModelingToolkitTearing ~/.julia/packages/ModelingToolkitTearing/2skiH/src/reassemble.jl:499
  [3] generate_system_equations!
    @ ~/.julia/packages/ModelingToolkitTearing/2skiH/src/reassemble.jl:384 [inlined]
  [4] (::ModelingToolkitTearing.DefaultReassembleAlgorithm)(state::ModelingToolkitTearing.TearingState, tearing_result::StateSelection.TearingResult, mm::StateSelection.CLIL.SparseMatrixCLIL{Int64, Int64}; fully_determined::Bool, allow_symbolic::Bool, allow_parameter::Bool, kw::@Kwargs{additional_passes::Tuple{}})
    @ ModelingToolkitTearing ~/.julia/packages/ModelingToolkitTearing/2skiH/src/reassemble.jl:1148
  [5] DefaultReassembleAlgorithm
    @ ~/.julia/packages/ModelingToolkitTearing/2skiH/src/reassemble.jl:1100 [inlined]
  [6] #dummy_derivative#23
    @ ~/.julia/packages/ModelingToolkit/wVorF/src/structural_transformation/symbolics_tearing.jl:84 [inlined]
  [7] dummy_derivative
    @ ~/.julia/packages/ModelingToolkit/wVorF/src/structural_transformation/symbolics_tearing.jl:57 [inlined]
  [8] _mtkcompile_worker!(state::ModelingToolkitTearing.TearingState, sys::ModelingToolkitBase.System, mm::StateSelection.CLIL.SparseMatrixCLIL{Int64, Int64}; fully_determined::Bool, dummy_derivative::Bool, kwargs::@Kwargs{additional_passes::Tuple{}})
    @ ModelingToolkit ~/.julia/packages/ModelingToolkit/wVorF/src/systems/systemstructure.jl:268
  [9] _mtkcompile_worker!
    @ ~/.julia/packages/ModelingToolkit/wVorF/src/systems/systemstructure.jl:262 [inlined]
 [10] _mtkcompile!(state::ModelingToolkitTearing.TearingState; check_consistency::Bool, fully_determined::Bool, dummy_derivative::Bool, discrete_inputs::OrderedCollections.OrderedSet{SymbolicUtils.BasicSymbolicImpl.var"typeof(BasicSymbolicImpl)"{SymbolicUtils.SymReal}}, inputs::OrderedCollections.OrderedSet{SymbolicUtils.BasicSymbolicImpl.var"typeof(BasicSymbolicImpl)"{SymbolicUtils.SymReal}}, outputs::OrderedCollections.OrderedSet{SymbolicUtils.BasicSymbolicImpl.var"typeof(BasicSymbolicImpl)"{SymbolicUtils.SymReal}}, disturbance_inputs::OrderedCollections.OrderedSet{SymbolicUtils.BasicSymbolicImpl.var"typeof(BasicSymbolicImpl)"{SymbolicUtils.SymReal}}, kwargs::@Kwargs{additional_passes::Tuple{}})
    @ ModelingToolkit ~/.julia/packages/ModelingToolkit/wVorF/src/systems/systemstructure.jl:254
 [11] mtkcompile!(state::ModelingToolkitTearing.TearingState; check_consistency::Bool, fully_determined::Bool, inputs::OrderedCollections.OrderedSet{SymbolicUtils.BasicSymbolicImpl.var"typeof(BasicSymbolicImpl)"{SymbolicUtils.SymReal}}, outputs::OrderedCollections.OrderedSet{SymbolicUtils.BasicSymbolicImpl.var"typeof(BasicSymbolicImpl)"{SymbolicUtils.SymReal}}, disturbance_inputs::OrderedCollections.OrderedSet{SymbolicUtils.BasicSymbolicImpl.var"typeof(BasicSymbolicImpl)"{SymbolicUtils.SymReal}}, kwargs::@Kwargs{additional_passes::Tuple{}})
    @ ModelingToolkit ~/.julia/packages/ModelingToolkit/wVorF/src/systems/systemstructure.jl:212
 [12] mtkcompile!
    @ ~/.julia/packages/ModelingToolkit/wVorF/src/systems/systemstructure.jl:131 [inlined]
 [13] __mtkcompile(sys::ModelingToolkitBase.System; inputs::OrderedCollections.OrderedSet{SymbolicUtils.BasicSymbolicImpl.var"typeof(BasicSymbolicImpl)"{SymbolicUtils.SymReal}}, outputs::OrderedCollections.OrderedSet{SymbolicUtils.BasicSymbolicImpl.var"typeof(BasicSymbolicImpl)"{SymbolicUtils.SymReal}}, disturbance_inputs::OrderedCollections.OrderedSet{SymbolicUtils.BasicSymbolicImpl.var"typeof(BasicSymbolicImpl)"{SymbolicUtils.SymReal}}, sort_eqs::Bool, kwargs::@Kwargs{additional_passes::Tuple{}})
    @ ModelingToolkit ~/.julia/packages/ModelingToolkit/wVorF/src/systems/systems.jl:49
 [14] _mtkcompile(sys::ModelingToolkitBase.System; kwargs::@Kwargs{inputs::OrderedCollections.OrderedSet{SymbolicUtils.BasicSymbolicImpl.var"typeof(BasicSymbolicImpl)"{SymbolicUtils.SymReal}}, outputs::OrderedCollections.OrderedSet{SymbolicUtils.BasicSymbolicImpl.var"typeof(BasicSymbolicImpl)"{SymbolicUtils.SymReal}}, disturbance_inputs::OrderedCollections.OrderedSet{SymbolicUtils.BasicSymbolicImpl.var"typeof(BasicSymbolicImpl)"{SymbolicUtils.SymReal}}, additional_passes::Tuple{}})
    @ ModelingToolkitBase ~/.julia/packages/ModelingToolkitBase/jyweh/src/systems/systems.jl:0
 [15] _mtkcompile
    @ ~/.julia/packages/ModelingToolkitBase/jyweh/src/systems/systems.jl:122 [inlined]
 [16] mtkcompile(sys::ModelingToolkitBase.System; additional_passes::Tuple{}, inputs::Vector{SymbolicUtils.BasicSymbolicImpl.var"typeof(BasicSymbolicImpl)"{SymbolicUtils.SymReal}}, outputs::Vector{SymbolicUtils.BasicSymbolicImpl.var"typeof(BasicSymbolicImpl)"{SymbolicUtils.SymReal}}, disturbance_inputs::Vector{SymbolicUtils.BasicSymbolicImpl.var"typeof(BasicSymbolicImpl)"{SymbolicUtils.SymReal}}, split::Bool, kwargs::@Kwargs{})
    @ ModelingToolkitBase ~/.julia/packages/ModelingToolkitBase/jyweh/src/systems/systems.jl:95
 [17] mtkcompile
    @ ~/.julia/packages/ModelingToolkitBase/jyweh/src/systems/systems.jl:84 [inlined]
 [18] eval_AST(model::BaseModelica.BaseModelicaModel)
    @ BaseModelica ~/.julia/packages/BaseModelica/NmPPa/src/evaluator.jl:818
 [19] eval_AST(package::BaseModelica.BaseModelicaPackage)
    @ BaseModelica ~/.julia/packages/BaseModelica/NmPPa/src/evaluator.jl:838
 [20] baseModelica_to_ModelingToolkit
    @ ~/.julia/packages/BaseModelica/NmPPa/src/evaluator.jl:888 [inlined]
 [21] (::BaseModelicaLibraryTesting.var"#run_parse##10#run_parse##11")()
    @ BaseModelicaLibraryTesting ~/work/BaseModelicaLibraryTesting.jl/BaseModelicaLibraryTesting.jl/src/parse_bm.jl:78
 [22] with_logstate(f::BaseModelicaLibraryTesting.var"#run_parse##10#run_parse##11", logstate::Base.CoreLogging.LogState)
    @ Base.CoreLogging ./logging/logging.jl:542
 [23] with_logger
    @ ./logging/logging.jl:653 [inlined]
 [24] (::BaseModelicaLibraryTesting.var"#run_parse##8#run_parse##9")()
    @ BaseModelicaLibraryTesting ~/work/BaseModelicaLibraryTesting.jl/BaseModelicaLibraryTesting.jl/src/parse_bm.jl:77
 [25] (::Base.RedirectStdStream)(thunk::BaseModelicaLibraryTesting.var"#run_parse##8#run_parse##9", stream::Pipe)
    @ Base ./stream.jl:1464
 [26] #run_parse##6
    @ ~/work/BaseModelicaLibraryTesting.jl/BaseModelicaLibraryTesting.jl/src/parse_bm.jl:76 [inlined]
 [27] (::Base.RedirectStdStream)(thunk::BaseModelicaLibraryTesting.var"#run_parse##6#run_parse##7"{Pipe}, stream::Pipe)
    @ Base ./stream.jl:1464
 [28] run_parse(bm_path::String, model_dir::String, model::String)
    @ BaseModelicaLibraryTesting ~/work/BaseModelicaLibraryTesting.jl/BaseModelicaLibraryTesting.jl/src/parse_bm.jl:75
 [29] test_model(omc::OMJulia.OMCSession, model::String, results_root::String, ref_root::String; sim_settings::SimulateSettings, csv_max_size_mb::Int64)
    @ BaseModelicaLibraryTesting ~/work/BaseModelicaLibraryTesting.jl/BaseModelicaLibraryTesting.jl/src/pipeline.jl:82
 [30] test_model
    @ ~/work/BaseModelicaLibraryTesting.jl/BaseModelicaLibraryTesting.jl/src/pipeline.jl:60 [inlined]
 [31] main(; library::String, version::String, filter::String, omc_exe::String, results_root::String, ref_root::String, bm_options::String, sim_settings::SimulateSettings, csv_max_size_mb::Int64)
    @ BaseModelicaLibraryTesting ~/work/BaseModelicaLibraryTesting.jl/BaseModelicaLibraryTesting.jl/src/pipeline.jl:220
 [32] top-level scope
    @ none:7
 [33] eval(m::Module, e::Any)
    @ Core ./boot.jl:489
 [34] exec_options(opts::Base.JLOptions)
    @ Base ./client.jl:283
 [35] _start()
    @ Base ./client.jl:550
