Model:   Modelica.Electrical.Analog.Examples.OvervoltageProtection

Time: 0.867 s
Success: false

--- Error ---
UndefVarError: `CL.v` not defined in `ModelingToolkitBase`
Suggestion: check for spelling errors or missing imports.
Stacktrace:
  [1] macro expansion
    @ ~/.julia/packages/Symbolics/oq6uS/src/build_function.jl:383 [inlined]
  [2] macro expansion
    @ ~/.julia/packages/RuntimeGeneratedFunctions/9kbBw/src/RuntimeGeneratedFunctions.jl:200 [inlined]
  [3] macro expansion
    @ ./none:0 [inlined]
  [4] generated_callfunc(::RuntimeGeneratedFunctions.RuntimeGeneratedFunction{(:ˍ₋out, :___mtkparameters___), ModelingToolkitBase.var"#_RGF_ModTag", ModelingToolkitBase.var"#_RGF_ModTag", (0x58e6a0ea, 0x288d53b8, 0x70a5cac6, 0x28f78a73, 0x1fcd6d5e), Nothing}, ::Vector{Float64}, ::ModelingToolkitBase.MTKParameters{Vector{Float64}, StaticArraysCore.SVector{0, Float64}, Tuple{}, Tuple{BitVector}, Tuple{}, Tuple{Vector{Float64}}})
    @ ModelingToolkitBase ./none:0
  [5] RuntimeGeneratedFunction
    @ ~/.julia/packages/RuntimeGeneratedFunctions/9kbBw/src/RuntimeGeneratedFunctions.jl:187 [inlined]
  [6] macro expansion
    @ ~/.julia/packages/ModelingToolkitBase/uIKoY/src/systems/codegen_utils.jl:-1 [inlined]
  [7] _generated_call
    @ ~/.julia/packages/ModelingToolkitBase/uIKoY/src/systems/codegen_utils.jl:476 [inlined]
  [8] GeneratedFunctionWrapper
    @ ~/.julia/packages/ModelingToolkitBase/uIKoY/src/systems/codegen_utils.jl:473 [inlined]
  [9] #get_new_A_b#954
    @ ~/.julia/packages/ModelingToolkitBase/uIKoY/src/problems/linearproblem.jl:240 [inlined]
 [10] get_new_A_b
    @ ~/.julia/packages/ModelingToolkitBase/uIKoY/src/problems/linearproblem.jl:230 [inlined]
 [11] #_get_new_A_b#897
    @ ~/.julia/packages/SciMLBase/J3OUh/src/remake.jl:1223 [inlined]
 [12] _get_new_A_b
    @ ~/.julia/packages/SciMLBase/J3OUh/src/remake.jl:1222 [inlined]
 [13] remake(prob::LinearProblem{Vector{Float64}, true, LinearAlgebra.Diagonal{Float64, Vector{Float64}}, Vector{Float64}, ModelingToolkitBase.MTKParameters{Vector{Float64}, StaticArraysCore.SVector{0, Float64}, Tuple{}, Tuple{BitVector}, Tuple{}, Tuple{Vector{Float64}}}, SciMLBase.SymbolicLinearInterface{ModelingToolkitBase.DiagonalAMatrixWrapper{1, ModelingToolkitBase.GeneratedFunctionWrapper{(1, 1, true), RuntimeGeneratedFunctions.RuntimeGeneratedFunction{(:___mtkparameters___,), ModelingToolkitBase.var"#_RGF_ModTag", ModelingToolkitBase.var"#_RGF_ModTag", (0x91d72ec0, 0xe68aa1b5, 0xb7eef005, 0x2e44e05d, 0x48aa1b28), Nothing}, RuntimeGeneratedFunctions.RuntimeGeneratedFunction{(:ˍ₋out, :___mtkparameters___), ModelingToolkitBase.var"#_RGF_ModTag", ModelingToolkitBase.var"#_RGF_ModTag", (0x30737913, 0x2b8673bc, 0x6b5b51f7, 0xac1fa2d8, 0x0f25fefb), Nothing}}}, ModelingToolkitBase.GeneratedFunctionWrapper{(1, 1, true), RuntimeGeneratedFunctions.RuntimeGeneratedFunction{(:___mtkparameters___,), ModelingToolkitBase.var"#_RGF_ModTag", ModelingToolkitBase.var"#_RGF_ModTag", (0x3befe775, 0x1c848bc1, 0x994d9f62, 0x7d6a3feb, 0x708ba61e), Nothing}, RuntimeGeneratedFunctions.RuntimeGeneratedFunction{(:ˍ₋out, :___mtkparameters___), ModelingToolkitBase.var"#_RGF_ModTag", ModelingToolkitBase.var"#_RGF_ModTag", (0x58e6a0ea, 0x288d53b8, 0x70a5cac6, 0x28f78a73, 0x1fcd6d5e), Nothing}}, ModelingToolkitBase.System, ModelingToolkitBase.ObservedFunctionCache{ModelingToolkitBase.System, Nothing}, Nothing}, @Kwargs{}}; u0::Vector{Float64}, p::ModelingToolkitBase.MTKParameters{Vector{Float64}, StaticArraysCore.SVector{0, Float64}, Tuple{}, Tuple{BitVector}, Tuple{}, Tuple{Vector{Float64}}}, A::Missing, b::Missing, f::Missing, interpret_symbolicmap::Bool, use_defaults::Bool, kwargs::Missing, _kwargs::@Kwargs{})
    @ SciMLBase ~/.julia/packages/SciMLBase/J3OUh/src/remake.jl:1206
 [14] remake
    @ ~/.julia/packages/SciMLBase/J3OUh/src/remake.jl:1195 [inlined]
 [15] _scc_update_subproblems
    @ ~/.julia/packages/SciMLBase/J3OUh/src/remake.jl:1132 [inlined]
 [16] scc_update_subproblems(probs::Tuple{LinearProblem{Vector{Float64}, true, LinearAlgebra.Diagonal{Float64, Vector{Float64}}, Vector{Float64}, ModelingToolkitBase.MTKParameters{Vector{Float64}, StaticArraysCore.SVector{0, Float64}, Tuple{}, Tuple{BitVector}, Tuple{}, Tuple{Vector{Float64}}}, SciMLBase.SymbolicLinearInterface{ModelingToolkitBase.DiagonalAMatrixWrapper{1, ModelingToolkitBase.GeneratedFunctionWrapper{(1, 1, true), RuntimeGeneratedFunctions.RuntimeGeneratedFunction{(:___mtkparameters___,), ModelingToolkitBase.var"#_RGF_ModTag", ModelingToolkitBase.var"#_RGF_ModTag", (0x91d72ec0, 0xe68aa1b5, 0xb7eef005, 0x2e44e05d, 0x48aa1b28), Nothing}, RuntimeGeneratedFunctions.RuntimeGeneratedFunction{(:ˍ₋out, :___mtkparameters___), ModelingToolkitBase.var"#_RGF_ModTag", ModelingToolkitBase.var"#_RGF_ModTag", (0x30737913, 0x2b8673bc, 0x6b5b51f7, 0xac1fa2d8, 0x0f25fefb), Nothing}}}, ModelingToolkitBase.GeneratedFunctionWrapper{(1, 1, true), RuntimeGeneratedFunctions.RuntimeGeneratedFunction{(:___mtkparameters___,), ModelingToolkitBase.var"#_RGF_ModTag", ModelingToolkitBase.var"#_RGF_ModTag", (0x3befe775, 0x1c848bc1, 0x994d9f62, 0x7d6a3feb, 0x708ba61e), Nothing}, RuntimeGeneratedFunctions.RuntimeGeneratedFunction{(:ˍ₋out, :___mtkparameters___), ModelingToolkitBase.var"#_RGF_ModTag", ModelingToolkitBase.var"#_RGF_ModTag", (0x58e6a0ea, 0x288d53b8, 0x70a5cac6, 0x28f78a73, 0x1fcd6d5e), Nothing}}, ModelingToolkitBase.System, ModelingToolkitBase.ObservedFunctionCache{ModelingToolkitBase.System, Nothing}, Nothing}, @Kwargs{}}, NonlinearProblem{Vector{Float64}, true, ModelingToolkitBase.MTKParameters{Vector{Float64}, StaticArraysCore.SVector{0, Float64}, Tuple{}, Tuple{BitVector}, Tuple{}, Tuple{Vector{Float64}}}, NonlinearFunction{true, SciMLBase.FullSpecialize, ModelingToolkitBase.GeneratedFunctionWrapper{(2, 2, true), RuntimeGeneratedFunctions.RuntimeGeneratedFunction{(:__mtk_arg_1, :___mtkparameters___), ModelingToolkitBase.var"#_RGF_ModTag", ModelingToolkitBase.var"#_RGF_ModTag", (0x0aec9874, 0x21945f68, 0xc4185c04, 0x858b3f3d, 0x38935eda), Nothing}, RuntimeGeneratedFunctions.RuntimeGeneratedFunction{(:ˍ₋out, :__mtk_arg_1, :___mtkparameters___), ModelingToolkitBase.var"#_RGF_ModTag", ModelingToolkitBase.var"#_RGF_ModTag", (0xbb570116, 0xd142aa41, 0x5cc899c6, 0xbc83c3fb, 0x1f5b2a26), Nothing}}, LinearAlgebra.UniformScaling{Bool}, Nothing, Nothing, Nothing, Nothing, Nothing, Nothing, Nothing, Nothing, Nothing, Nothing, typeof(SciMLBase.DEFAULT_OBSERVED_NO_TIME), Nothing, ModelingToolkitBase.System, Nothing, Nothing}, @Kwargs{}, SciMLBase.StandardNonlinearProblem, Nothing, Nothing}}, newu0::Vector{Float64}, newp::ModelingToolkitBase.MTKParameters{Vector{Float64}, StaticArraysCore.SVector{0, Float64}, Tuple{}, Tuple{BitVector}, Tuple{}, Tuple{Vector{Float64}}}, ::Val{true})
    @ SciMLBase ~/.julia/packages/SciMLBase/J3OUh/src/remake.jl:1146
 [17] remake_initialization_data(sys::ModelingToolkitBase.System, odefn::ODEFunction{true, SciMLBase.AutoSpecialize, ModelingToolkitBase.GeneratedFunctionWrapper{(2, 3, true), RuntimeGeneratedFunctions.RuntimeGeneratedFunction{(:__mtk_arg_1, :___mtkparameters___, :t), ModelingToolkitBase.var"#_RGF_ModTag", ModelingToolkitBase.var"#_RGF_ModTag", (0xc935ff3d, 0x98e13e55, 0x76161bfa, 0x8dd52565, 0x981c57fb), Nothing}, RuntimeGeneratedFunctions.RuntimeGeneratedFunction{(:ˍ₋out, :__mtk_arg_1, :___mtkparameters___, :t), ModelingToolkitBase.var"#_RGF_ModTag", ModelingToolkitBase.var"#_RGF_ModTag", (0x2eec1079, 0x8f570eae, 0x5dee38f5, 0x0703ac6b, 0xd404a9d1), Nothing}}, LinearAlgebra.Diagonal{Float64, Vector{Float64}}, Nothing, Nothing, Nothing, Nothing, Nothing, Nothing, Nothing, Nothing, Nothing, Nothing, Nothing, Nothing, ModelingToolkitBase.ObservedFunctionCache{ModelingToolkitBase.System, Nothing}, Nothing, ModelingToolkitBase.System, Union{Nothing, SciMLBase.OverrideInitData}, Union{Nothing, SciMLBase.ODENLStepData}}, u0::Vector{Float64}, t0::Float64, p::ModelingToolkitBase.MTKParameters{Vector{Float64}, Vector{Float64}, Tuple{}, Tuple{BitVector}, Tuple{}, Tuple{}}, newu0::Vector{Float64}, newp::ModelingToolkitBase.MTKParameters{Vector{Float64}, Vector{Float64}, Tuple{}, Tuple{BitVector}, Tuple{}, Tuple{}})
    @ ModelingToolkitBase ~/.julia/packages/ModelingToolkitBase/uIKoY/src/systems/nonlinear/initializesystem.jl:583
 [18] remake(prob::ODEProblem{Vector{Float64}, Tuple{Float64, Float64}, true, ModelingToolkitBase.MTKParameters{Vector{Float64}, Vector{Float64}, Tuple{}, Tuple{BitVector}, Tuple{}, Tuple{}}, ODEFunction{true, SciMLBase.AutoSpecialize, ModelingToolkitBase.GeneratedFunctionWrapper{(2, 3, true), RuntimeGeneratedFunctions.RuntimeGeneratedFunction{(:__mtk_arg_1, :___mtkparameters___, :t), ModelingToolkitBase.var"#_RGF_ModTag", ModelingToolkitBase.var"#_RGF_ModTag", (0xc935ff3d, 0x98e13e55, 0x76161bfa, 0x8dd52565, 0x981c57fb), Nothing}, RuntimeGeneratedFunctions.RuntimeGeneratedFunction{(:ˍ₋out, :__mtk_arg_1, :___mtkparameters___, :t), ModelingToolkitBase.var"#_RGF_ModTag", ModelingToolkitBase.var"#_RGF_ModTag", (0x2eec1079, 0x8f570eae, 0x5dee38f5, 0x0703ac6b, 0xd404a9d1), Nothing}}, LinearAlgebra.Diagonal{Float64, Vector{Float64}}, Nothing, Nothing, Nothing, Nothing, Nothing, Nothing, Nothing, Nothing, Nothing, Nothing, Nothing, Nothing, ModelingToolkitBase.ObservedFunctionCache{ModelingToolkitBase.System, Nothing}, Nothing, ModelingToolkitBase.System, Union{Nothing, SciMLBase.OverrideInitData}, Union{Nothing, SciMLBase.ODENLStepData}}, @Kwargs{reltol::Float64}, SciMLBase.StandardODEProblem}; f::Missing, u0::Vector{Float64}, tspan::Missing, p::ModelingToolkitBase.MTKParameters{Vector{Float64}, Vector{Float64}, Tuple{}, Tuple{BitVector}, Tuple{}, Tuple{}}, kwargs::Missing, interpret_symbolicmap::Bool, build_initializeprob::Type, use_defaults::Bool, lazy_initialization::Nothing, _kwargs::@Kwargs{})
    @ SciMLBase ~/.julia/packages/SciMLBase/J3OUh/src/remake.jl:333
 [19] get_updated_symbolic_problem(sys::ModelingToolkitBase.System, prob::ODEProblem{Vector{Float64}, Tuple{Float64, Float64}, true, ModelingToolkitBase.MTKParameters{Vector{Float64}, Vector{Float64}, Tuple{}, Tuple{BitVector}, Tuple{}, Tuple{}}, ODEFunction{true, SciMLBase.AutoSpecialize, ModelingToolkitBase.GeneratedFunctionWrapper{(2, 3, true), RuntimeGeneratedFunctions.RuntimeGeneratedFunction{(:__mtk_arg_1, :___mtkparameters___, :t), ModelingToolkitBase.var"#_RGF_ModTag", ModelingToolkitBase.var"#_RGF_ModTag", (0xc935ff3d, 0x98e13e55, 0x76161bfa, 0x8dd52565, 0x981c57fb), Nothing}, RuntimeGeneratedFunctions.RuntimeGeneratedFunction{(:ˍ₋out, :__mtk_arg_1, :___mtkparameters___, :t), ModelingToolkitBase.var"#_RGF_ModTag", ModelingToolkitBase.var"#_RGF_ModTag", (0x2eec1079, 0x8f570eae, 0x5dee38f5, 0x0703ac6b, 0xd404a9d1), Nothing}}, LinearAlgebra.Diagonal{Float64, Vector{Float64}}, Nothing, Nothing, Nothing, Nothing, Nothing, Nothing, Nothing, Nothing, Nothing, Nothing, Nothing, Nothing, ModelingToolkitBase.ObservedFunctionCache{ModelingToolkitBase.System, Nothing}, Nothing, ModelingToolkitBase.System, Union{Nothing, SciMLBase.OverrideInitData}, Union{Nothing, SciMLBase.ODENLStepData}}, @Kwargs{reltol::Float64}, SciMLBase.StandardODEProblem}; u0::Vector{Float64}, p::ModelingToolkitBase.MTKParameters{Vector{Float64}, Vector{Float64}, Tuple{}, Tuple{BitVector}, Tuple{}, Tuple{}}, kw::@Kwargs{saveat::Vector{Float64}, dense::Bool})
    @ ModelingToolkitBase ~/.julia/packages/ModelingToolkitBase/uIKoY/src/systems/nonlinear/initializesystem.jl:786
 [20] get_concrete_problem(prob::ODEProblem{Vector{Float64}, Tuple{Float64, Float64}, true, ModelingToolkitBase.MTKParameters{Vector{Float64}, Vector{Float64}, Tuple{}, Tuple{BitVector}, Tuple{}, Tuple{}}, ODEFunction{true, SciMLBase.AutoSpecialize, ModelingToolkitBase.GeneratedFunctionWrapper{(2, 3, true), RuntimeGeneratedFunctions.RuntimeGeneratedFunction{(:__mtk_arg_1, :___mtkparameters___, :t), ModelingToolkitBase.var"#_RGF_ModTag", ModelingToolkitBase.var"#_RGF_ModTag", (0xc935ff3d, 0x98e13e55, 0x76161bfa, 0x8dd52565, 0x981c57fb), Nothing}, RuntimeGeneratedFunctions.RuntimeGeneratedFunction{(:ˍ₋out, :__mtk_arg_1, :___mtkparameters___, :t), ModelingToolkitBase.var"#_RGF_ModTag", ModelingToolkitBase.var"#_RGF_ModTag", (0x2eec1079, 0x8f570eae, 0x5dee38f5, 0x0703ac6b, 0xd404a9d1), Nothing}}, LinearAlgebra.Diagonal{Float64, Vector{Float64}}, Nothing, Nothing, Nothing, Nothing, Nothing, Nothing, Nothing, Nothing, Nothing, Nothing, Nothing, Nothing, ModelingToolkitBase.ObservedFunctionCache{ModelingToolkitBase.System, Nothing}, Nothing, ModelingToolkitBase.System, Union{Nothing, SciMLBase.OverrideInitData}, Union{Nothing, SciMLBase.ODENLStepData}}, @Kwargs{reltol::Float64}, SciMLBase.StandardODEProblem}, isadapt::Bool; alg::Rodas5P{0, AutoForwardDiff{nothing, Nothing}, Nothing, typeof(OrdinaryDiffEqCore.DEFAULT_PRECS), Val{:forward}(), true, nothing, typeof(OrdinaryDiffEqCore.trivial_limiter!), typeof(OrdinaryDiffEqCore.trivial_limiter!)}, kwargs::@Kwargs{u0::Vector{Float64}, p::ModelingToolkitBase.MTKParameters{Vector{Float64}, Vector{Float64}, Tuple{}, Tuple{BitVector}, Tuple{}, Tuple{}}, saveat::Vector{Float64}, dense::Bool})
    @ DiffEqBase ~/.julia/packages/DiffEqBase/XLzeg/src/solve.jl:665
 [21] get_concrete_problem
    @ ~/.julia/packages/DiffEqBase/XLzeg/src/solve.jl:665 [inlined]
 [22] init_up(prob::ODEProblem{Vector{Float64}, Tuple{Float64, Float64}, true, ModelingToolkitBase.MTKParameters{Vector{Float64}, Vector{Float64}, Tuple{}, Tuple{BitVector}, Tuple{}, Tuple{}}, ODEFunction{true, SciMLBase.AutoSpecialize, ModelingToolkitBase.GeneratedFunctionWrapper{(2, 3, true), RuntimeGeneratedFunctions.RuntimeGeneratedFunction{(:__mtk_arg_1, :___mtkparameters___, :t), ModelingToolkitBase.var"#_RGF_ModTag", ModelingToolkitBase.var"#_RGF_ModTag", (0xc935ff3d, 0x98e13e55, 0x76161bfa, 0x8dd52565, 0x981c57fb), Nothing}, RuntimeGeneratedFunctions.RuntimeGeneratedFunction{(:ˍ₋out, :__mtk_arg_1, :___mtkparameters___, :t), ModelingToolkitBase.var"#_RGF_ModTag", ModelingToolkitBase.var"#_RGF_ModTag", (0x2eec1079, 0x8f570eae, 0x5dee38f5, 0x0703ac6b, 0xd404a9d1), Nothing}}, LinearAlgebra.Diagonal{Float64, Vector{Float64}}, Nothing, Nothing, Nothing, Nothing, Nothing, Nothing, Nothing, Nothing, Nothing, Nothing, Nothing, Nothing, ModelingToolkitBase.ObservedFunctionCache{ModelingToolkitBase.System, Nothing}, Nothing, ModelingToolkitBase.System, Union{Nothing, SciMLBase.OverrideInitData}, Union{Nothing, SciMLBase.ODENLStepData}}, @Kwargs{reltol::Float64}, SciMLBase.StandardODEProblem}, sensealg::Nothing, u0::Vector{Float64}, p::ModelingToolkitBase.MTKParameters{Vector{Float64}, Vector{Float64}, Tuple{}, Tuple{BitVector}, Tuple{}, Tuple{}}, args::Rodas5P{0, AutoForwardDiff{nothing, Nothing}, Nothing, typeof(OrdinaryDiffEqCore.DEFAULT_PRECS), Val{:forward}(), true, nothing, typeof(OrdinaryDiffEqCore.trivial_limiter!), typeof(OrdinaryDiffEqCore.trivial_limiter!)}; kwargs::@Kwargs{saveat::Vector{Float64}, dense::Bool})
    @ DiffEqBase ~/.julia/packages/DiffEqBase/XLzeg/src/solve.jl:126
 [23] (::BaseModelicaLibraryTesting.var"#52#53"{SimulateSettings, ODEProblem{Vector{Float64}, Tuple{Float64, Float64}, true, ModelingToolkitBase.MTKParameters{Vector{Float64}, Vector{Float64}, Tuple{}, Tuple{BitVector}, Tuple{}, Tuple{}}, ODEFunction{true, SciMLBase.AutoSpecialize, ModelingToolkitBase.GeneratedFunctionWrapper{(2, 3, true), RuntimeGeneratedFunctions.RuntimeGeneratedFunction{(:__mtk_arg_1, :___mtkparameters___, :t), ModelingToolkitBase.var"#_RGF_ModTag", ModelingToolkitBase.var"#_RGF_ModTag", (0xc935ff3d, 0x98e13e55, 0x76161bfa, 0x8dd52565, 0x981c57fb), Nothing}, RuntimeGeneratedFunctions.RuntimeGeneratedFunction{(:ˍ₋out, :__mtk_arg_1, :___mtkparameters___, :t), ModelingToolkitBase.var"#_RGF_ModTag", ModelingToolkitBase.var"#_RGF_ModTag", (0x2eec1079, 0x8f570eae, 0x5dee38f5, 0x0703ac6b, 0xd404a9d1), Nothing}}, LinearAlgebra.Diagonal{Float64, Vector{Float64}}, Nothing, Nothing, Nothing, Nothing, Nothing, Nothing, Nothing, Nothing, Nothing, Nothing, Nothing, Nothing, ModelingToolkitBase.ObservedFunctionCache{ModelingToolkitBase.System, Nothing}, Nothing, ModelingToolkitBase.System, Union{Nothing, SciMLBase.OverrideInitData}, Union{Nothing, SciMLBase.ODENLStepData}}, @Kwargs{reltol::Float64}, SciMLBase.StandardODEProblem}, Rodas5P{0, AutoForwardDiff{nothing, Nothing}, Nothing, typeof(OrdinaryDiffEqCore.DEFAULT_PRECS), Val{:forward}(), true, nothing, typeof(OrdinaryDiffEqCore.trivial_limiter!), typeof(OrdinaryDiffEqCore.trivial_limiter!)}})()
    @ BaseModelicaLibraryTesting ~/work/BaseModelicaLibraryTesting.jl/BaseModelicaLibraryTesting.jl/src/simulate.jl:82
 [24] with_logstate(f::BaseModelicaLibraryTesting.var"#52#53"{SimulateSettings, ODEProblem{Vector{Float64}, Tuple{Float64, Float64}, true, ModelingToolkitBase.MTKParameters{Vector{Float64}, Vector{Float64}, Tuple{}, Tuple{BitVector}, Tuple{}, Tuple{}}, ODEFunction{true, SciMLBase.AutoSpecialize, ModelingToolkitBase.GeneratedFunctionWrapper{(2, 3, true), RuntimeGeneratedFunctions.RuntimeGeneratedFunction{(:__mtk_arg_1, :___mtkparameters___, :t), ModelingToolkitBase.var"#_RGF_ModTag", ModelingToolkitBase.var"#_RGF_ModTag", (0xc935ff3d, 0x98e13e55, 0x76161bfa, 0x8dd52565, 0x981c57fb), Nothing}, RuntimeGeneratedFunctions.RuntimeGeneratedFunction{(:ˍ₋out, :__mtk_arg_1, :___mtkparameters___, :t), ModelingToolkitBase.var"#_RGF_ModTag", ModelingToolkitBase.var"#_RGF_ModTag", (0x2eec1079, 0x8f570eae, 0x5dee38f5, 0x0703ac6b, 0xd404a9d1), Nothing}}, LinearAlgebra.Diagonal{Float64, Vector{Float64}}, Nothing, Nothing, Nothing, Nothing, Nothing, Nothing, Nothing, Nothing, Nothing, Nothing, Nothing, Nothing, ModelingToolkitBase.ObservedFunctionCache{ModelingToolkitBase.System, Nothing}, Nothing, ModelingToolkitBase.System, Union{Nothing, SciMLBase.OverrideInitData}, Union{Nothing, SciMLBase.ODENLStepData}}, @Kwargs{reltol::Float64}, SciMLBase.StandardODEProblem}, Rodas5P{0, AutoForwardDiff{nothing, Nothing}, Nothing, typeof(OrdinaryDiffEqCore.DEFAULT_PRECS), Val{:forward}(), true, nothing, typeof(OrdinaryDiffEqCore.trivial_limiter!), typeof(OrdinaryDiffEqCore.trivial_limiter!)}}, logstate::Base.CoreLogging.LogState)
    @ Base.CoreLogging ./logging/logging.jl:542
 [25] with_logger(f::Function, logger::Base.CoreLogging.SimpleLogger)
    @ Base.CoreLogging ./logging/logging.jl:653
 [26] run_simulate(ode_prob::ODEProblem{Vector{Float64}, Tuple{Float64, Float64}, true, ModelingToolkitBase.MTKParameters{Vector{Float64}, Vector{Float64}, Tuple{}, Tuple{BitVector}, Tuple{}, Tuple{}}, ODEFunction{true, SciMLBase.AutoSpecialize, ModelingToolkitBase.GeneratedFunctionWrapper{(2, 3, true), RuntimeGeneratedFunctions.RuntimeGeneratedFunction{(:__mtk_arg_1, :___mtkparameters___, :t), ModelingToolkitBase.var"#_RGF_ModTag", ModelingToolkitBase.var"#_RGF_ModTag", (0xc935ff3d, 0x98e13e55, 0x76161bfa, 0x8dd52565, 0x981c57fb), Nothing}, RuntimeGeneratedFunctions.RuntimeGeneratedFunction{(:ˍ₋out, :__mtk_arg_1, :___mtkparameters___, :t), ModelingToolkitBase.var"#_RGF_ModTag", ModelingToolkitBase.var"#_RGF_ModTag", (0x2eec1079, 0x8f570eae, 0x5dee38f5, 0x0703ac6b, 0xd404a9d1), Nothing}}, LinearAlgebra.Diagonal{Float64, Vector{Float64}}, Nothing, Nothing, Nothing, Nothing, Nothing, Nothing, Nothing, Nothing, Nothing, Nothing, Nothing, Nothing, ModelingToolkitBase.ObservedFunctionCache{ModelingToolkitBase.System, Nothing}, Nothing, ModelingToolkitBase.System, Union{Nothing, SciMLBase.OverrideInitData}, Union{Nothing, SciMLBase.ODENLStepData}}, @Kwargs{reltol::Float64}, SciMLBase.StandardODEProblem}, model_dir::String, model::String; settings::SimulateSettings, cmp_signals::Vector{String}, csv_max_size_mb::Int64)
    @ BaseModelicaLibraryTesting ~/work/BaseModelicaLibraryTesting.jl/BaseModelicaLibraryTesting.jl/src/simulate.jl:80
 [27] test_model(omc::OMJulia.OMCSession, model::String, results_root::String, ref_root::String; sim_settings::SimulateSettings, csv_max_size_mb::Int64)
    @ BaseModelicaLibraryTesting ~/work/BaseModelicaLibraryTesting.jl/BaseModelicaLibraryTesting.jl/src/pipeline.jl:107
 [28] test_model
    @ ~/work/BaseModelicaLibraryTesting.jl/BaseModelicaLibraryTesting.jl/src/pipeline.jl:60 [inlined]
 [29] main(; library::String, version::String, filter::String, omc_exe::String, results_root::String, ref_root::String, bm_options::String, sim_settings::SimulateSettings, csv_max_size_mb::Int64)
    @ BaseModelicaLibraryTesting ~/work/BaseModelicaLibraryTesting.jl/BaseModelicaLibraryTesting.jl/src/pipeline.jl:220
 [30] top-level scope
    @ none:7
 [31] eval(m::Module, e::Any)
    @ Core ./boot.jl:489
 [32] exec_options(opts::Base.JLOptions)
    @ Base ./client.jl:283
 [33] _start()
    @ Base ./client.jl:550
