Model:  Modelica.Electrical.Spice3.Examples.Nor
Time:    3.471 s
Success: true

--- Parser output ---
line 1576:1455 missing ';' at '.'
line 1577:1452 missing ';' at '.'
line 1578:1452 missing ';' at '.'
line 1579:1452 missing ';' at '.'
line 1580:1452 missing ';' at '.'
line 1581:1452 missing ';' at '.'
line 1582:1452 missing ';' at '.'
line 1583:1452 missing ';' at '.'
line 1584:1456 missing ';' at '.'
line 1602:1455 missing ';' at '.'
line 1603:1452 missing ';' at '.'
line 1604:1452 missing ';' at '.'
line 1605:1452 missing ';' at '.'
line 1606:1452 missing ';' at '.'
line 1607:1452 missing ';' at '.'
line 1608:1452 missing ';' at '.'
line 1609:1452 missing ';' at '.'
line 1610:1456 missing ';' at '.'
line 1628:1454 missing ';' at '.'
line 1629:1451 missing ';' at '.'
line 1630:1451 missing ';' at '.'
line 1631:1451 missing ';' at '.'
line 1632:1451 missing ';' at '.'
line 1633:1451 missing ';' at '.'
line 1634:1451 missing ';' at '.'
line 1635:1451 missing ';' at '.'
line 1636:1455 missing ';' at '.'
line 1654:1454 missing ';' at '.'
line 1655:1451 missing ';' at '.'
line 1656:1451 missing ';' at '.'
line 1657:1451 missing ';' at '.'
line 1658:1451 missing ';' at '.'
line 1659:1451 missing ';' at '.'
line 1660:1451 missing ';' at '.'
line 1661:1451 missing ';' at '.'
line 1662:1455 missing ';' at '.'
