Model:   Modelica.Mechanics.MultiBody.Examples.Elementary.SpringDamperSystem
Time:    3.761 s
Success: false

--- Error ---
MethodError: no method matching eval_AST(::BaseModelica.BaseModelicaString)
The function `eval_AST` exists, but no method is defined for this combination of argument types.

Closest candidates are:
  eval_AST(!Matched::BaseModelica.BaseModelicaIfEquation)
   @ BaseModelica ~/.julia/packages/BaseModelica/bGd9z/src/evaluator.jl:129
  eval_AST(!Matched::BaseModelica.BaseModelicaInitialEquation)
   @ BaseModelica ~/.julia/packages/BaseModelica/bGd9z/src/evaluator.jl:70
  eval_AST(!Matched::BaseModelica.BaseModelicaAnyEquation)
   @ BaseModelica ~/.julia/packages/BaseModelica/bGd9z/src/evaluator.jl:75
  ...

Stacktrace:
  [1] eval_AST(model::BaseModelica.BaseModelicaModel)
    @ BaseModelica ~/.julia/packages/BaseModelica/bGd9z/src/evaluator.jl:342
  [2] eval_AST(package::BaseModelica.BaseModelicaPackage)
    @ BaseModelica ~/.julia/packages/BaseModelica/bGd9z/src/evaluator.jl:500
  [3] baseModelica_to_ModelingToolkit
    @ ~/.julia/packages/BaseModelica/bGd9z/src/evaluator.jl:541 [inlined]
  [4] create_odeproblem(filename::String; parser::Symbol, u0::Vector{Any}, kwargs::@Kwargs{})
    @ BaseModelica ~/.julia/packages/BaseModelica/bGd9z/src/BaseModelica.jl:160
  [5] create_odeproblem
    @ ~/.julia/packages/BaseModelica/bGd9z/src/BaseModelica.jl:149 [inlined]
  [6] run_parse(bm_path::String, model_dir::String, model::String)
    @ BaseModelicaLibraryTesting ~/work/BaseModelicaLibraryTesting.jl/BaseModelicaLibraryTesting.jl/src/parse_bm.jl:24
  [7] test_model(omc::OMJulia.OMCSession, model::String, results_root::String, ref_root::String)
    @ BaseModelicaLibraryTesting ~/work/BaseModelicaLibraryTesting.jl/BaseModelicaLibraryTesting.jl/src/pipeline.jl:23
  [8] main(; library::String, version::String, filter::Nothing, omc_exe::String, results_root::String, ref_root::String, bm_options::String)
    @ BaseModelicaLibraryTesting ~/work/BaseModelicaLibraryTesting.jl/BaseModelicaLibraryTesting.jl/src/pipeline.jl:127
  [9] top-level scope
    @ none:3
 [10] eval(m::Module, e::Any)
    @ Core ./boot.jl:489
 [11] exec_options(opts::Base.JLOptions)
    @ Base ./client.jl:283
 [12] _start()
    @ Base ./client.jl:550
