Model:   Modelica.Blocks.Examples.Noise.ImpureGenerator
Time:    0.052 s
Success: false

--- Error ---
MethodError: no method matching operation(::Float64)
The function `operation` exists, but no method is defined for this combination of argument types.

Closest candidates are:
  operation(!Matched::Expr)
   @ TermInterface ~/.julia/packages/TermInterface/xpWky/src/expr.jl:10
  operation(!Matched::SymbolicUtils.Code.Let)
   @ SymbolicUtils ~/.julia/packages/SymbolicUtils/OjG8E/src/utils.jl:483
  operation(!Matched::SymbolicUtils.Code.AtIndex)
   @ SymbolicUtils ~/.julia/packages/SymbolicUtils/OjG8E/src/utils.jl:483
  ...

Stacktrace:
  [1] to_zero_crossing(cond::Float64)
    @ BaseModelica ~/.julia/packages/BaseModelica/bGd9z/src/evaluator.jl:204
  [2] eval_AST(when_eq::BaseModelica.BaseModelicaWhenEquation)
    @ BaseModelica ~/.julia/packages/BaseModelica/bGd9z/src/evaluator.jl:224
  [3] collect(itr::Base.Generator{Vector{BaseModelica.BaseModelicaWhenEquation}, BaseModelica.var"#eval_AST##11#eval_AST##12"})
    @ Base ./array.jl:783
  [4] eval_AST(model::BaseModelica.BaseModelicaModel)
    @ BaseModelica ~/.julia/packages/BaseModelica/bGd9z/src/evaluator.jl:420
  [5] eval_AST(package::BaseModelica.BaseModelicaPackage)
    @ BaseModelica ~/.julia/packages/BaseModelica/bGd9z/src/evaluator.jl:500
  [6] baseModelica_to_ModelingToolkit
    @ ~/.julia/packages/BaseModelica/bGd9z/src/evaluator.jl:541 [inlined]
  [7] create_odeproblem(filename::String; parser::Symbol, u0::Vector{Any}, kwargs::@Kwargs{})
    @ BaseModelica ~/.julia/packages/BaseModelica/bGd9z/src/BaseModelica.jl:160
  [8] create_odeproblem
    @ ~/.julia/packages/BaseModelica/bGd9z/src/BaseModelica.jl:149 [inlined]
  [9] run_parse(bm_path::String, model_dir::String, model::String)
    @ BaseModelicaLibraryTesting ~/work/BaseModelicaLibraryTesting.jl/BaseModelicaLibraryTesting.jl/src/parse_bm.jl:24
 [10] test_model(omc::OMJulia.OMCSession, model::String, results_root::String, ref_root::String)
    @ BaseModelicaLibraryTesting ~/work/BaseModelicaLibraryTesting.jl/BaseModelicaLibraryTesting.jl/src/pipeline.jl:23
 [11] main(; library::String, version::String, filter::Nothing, omc_exe::String, results_root::String, ref_root::String)
    @ BaseModelicaLibraryTesting ~/work/BaseModelicaLibraryTesting.jl/BaseModelicaLibraryTesting.jl/src/pipeline.jl:125
 [12] top-level scope
    @ none:3
 [13] eval(m::Module, e::Any)
    @ Core ./boot.jl:489
 [14] exec_options(opts::Base.JLOptions)
    @ Base ./client.jl:283
 [15] _start()
    @ Base ./client.jl:550
