Model:  Modelica.Blocks.Examples.DemonstrateContinuousSignalExtrema
Time:    0.104 s
Success: false

--- Error ---
MethodError: no method matching operation(::Float64)
The function `operation` exists, but no method is defined for this combination of argument types.

Closest candidates are:
  operation(!Matched::SymbolicUtils.Code.Assignment)
   @ SymbolicUtils ~/.julia/packages/SymbolicUtils/Gc8kG/src/utils.jl:483
  operation(!Matched::SymbolicUtils.Code.MakeTuple)
   @ SymbolicUtils ~/.julia/packages/SymbolicUtils/Gc8kG/src/utils.jl:483
  operation(!Matched::SymbolicUtils.Code.Func)
   @ SymbolicUtils ~/.julia/packages/SymbolicUtils/Gc8kG/src/utils.jl:483
  ...

Stacktrace:
  [1] to_zero_crossing(cond::Float64)
    @ BaseModelica ~/.julia/packages/BaseModelica/7DREm/src/evaluator.jl:222
  [2] eval_AST(when_eq::BaseModelica.BaseModelicaWhenEquation)
    @ BaseModelica ~/.julia/packages/BaseModelica/7DREm/src/evaluator.jl:377
  [3] eval_AST(model::BaseModelica.BaseModelicaModel)
    @ BaseModelica ~/.julia/packages/BaseModelica/7DREm/src/evaluator.jl:680
  [4] eval_AST(package::BaseModelica.BaseModelicaPackage)
    @ BaseModelica ~/.julia/packages/BaseModelica/7DREm/src/evaluator.jl:833
  [5] baseModelica_to_ModelingToolkit
    @ ~/.julia/packages/BaseModelica/7DREm/src/evaluator.jl:883 [inlined]
  [6] (::BaseModelicaLibraryTesting.var"#run_parse##10#run_parse##11")()
    @ BaseModelicaLibraryTesting ~/work/BaseModelicaLibraryTesting.jl/BaseModelicaLibraryTesting.jl/src/parse_bm.jl:78
  [7] with_logstate(f::BaseModelicaLibraryTesting.var"#run_parse##10#run_parse##11", logstate::Base.CoreLogging.LogState)
    @ Base.CoreLogging ./logging/logging.jl:542
  [8] (::BaseModelicaLibraryTesting.var"#run_parse##8#run_parse##9")()
    @ BaseModelicaLibraryTesting ~/work/BaseModelicaLibraryTesting.jl/BaseModelicaLibraryTesting.jl/src/parse_bm.jl:77
  [9] (::Base.RedirectStdStream)(thunk::BaseModelicaLibraryTesting.var"#run_parse##8#run_parse##9", stream::Pipe)
    @ Base ./stream.jl:1464
 [10] (::Base.RedirectStdStream)(thunk::BaseModelicaLibraryTesting.var"#run_parse##6#run_parse##7"{Pipe}, stream::Pipe)
    @ Base ./stream.jl:1457
 [11] run_parse(bm_path::String, model_dir::String, model::String)
    @ BaseModelicaLibraryTesting ~/work/BaseModelicaLibraryTesting.jl/BaseModelicaLibraryTesting.jl/src/parse_bm.jl:28
 [12] test_model(omc::OMJulia.OMCSession, model::String, results_root::String, ref_root::String; sim_settings::SimulateSettings, csv_max_size_mb::Int64)
    @ BaseModelicaLibraryTesting ~/work/BaseModelicaLibraryTesting.jl/BaseModelicaLibraryTesting.jl/src/pipeline.jl:82
 [13] test_model
    @ ~/work/BaseModelicaLibraryTesting.jl/BaseModelicaLibraryTesting.jl/src/pipeline.jl:60 [inlined]
 [14] main(; library::String, version::String, filter::String, omc_exe::String, results_root::String, ref_root::String, bm_options::String, sim_settings::SimulateSettings, csv_max_size_mb::Int64)
    @ BaseModelicaLibraryTesting ~/work/BaseModelicaLibraryTesting.jl/BaseModelicaLibraryTesting.jl/src/pipeline.jl:220
 [15] top-level scope
    @ none:7
 [16] eval(m::Module, e::Any)
    @ Core ./boot.jl:489
 [17] exec_options(opts::Base.JLOptions)
    @ Base ./client.jl:283
 [18] _start()
    @ Base ./client.jl:550
