Model:   Modelica.Media.Examples.MixtureGases
Time:    0.247 s
Success: false

--- Error ---
KeyError: key Symbol("medium1.state.X") not found
Stacktrace:
  [1] getindex(h::Dict{Any, Any}, key::Symbol)
    @ Base ./dict.jl:477
  [2] eval_AST(comp_reference::BaseModelica.BaseModelicaComponentReference)
    @ BaseModelica ~/.julia/packages/BaseModelica/bGd9z/src/evaluator.jl:536
  [3] eval_AST(expr::BaseModelica.BaseModelicaProd)
    @ BaseModelica ~/.julia/packages/BaseModelica/bGd9z/src/evaluator.jl:31
  [4] eval_AST(eq::BaseModelica.BaseModelicaSimpleEquation)
    @ BaseModelica ~/.julia/packages/BaseModelica/bGd9z/src/evaluator.jl:118
  [5] eval_AST(eq::BaseModelica.BaseModelicaAnyEquation)
    @ BaseModelica ~/.julia/packages/BaseModelica/bGd9z/src/evaluator.jl:76
  [6] collect_to!(dest::Vector{Symbolics.Equation}, itr::Base.Generator{Vector{BaseModelica.BaseModelicaAnyEquation}, BaseModelica.var"#eval_AST##11#eval_AST##12"}, offs::Int64, st::Int64)
    @ Base ./array.jl:843
  [7] collect_to_with_first!(dest::Vector{Symbolics.Equation}, v1::Symbolics.Equation, itr::Base.Generator{Vector{BaseModelica.BaseModelicaAnyEquation}, BaseModelica.var"#eval_AST##11#eval_AST##12"}, st::Int64)
    @ Base ./array.jl:826
  [8] collect(itr::Base.Generator{Vector{BaseModelica.BaseModelicaAnyEquation}, BaseModelica.var"#eval_AST##11#eval_AST##12"})
    @ Base ./array.jl:800
  [9] eval_AST(model::BaseModelica.BaseModelicaModel)
    @ BaseModelica ~/.julia/packages/BaseModelica/bGd9z/src/evaluator.jl:420
 [10] eval_AST(package::BaseModelica.BaseModelicaPackage)
    @ BaseModelica ~/.julia/packages/BaseModelica/bGd9z/src/evaluator.jl:500
 [11] baseModelica_to_ModelingToolkit
    @ ~/.julia/packages/BaseModelica/bGd9z/src/evaluator.jl:541 [inlined]
 [12] create_odeproblem(filename::String; parser::Symbol, u0::Vector{Any}, kwargs::@Kwargs{})
    @ BaseModelica ~/.julia/packages/BaseModelica/bGd9z/src/BaseModelica.jl:160
 [13] create_odeproblem
    @ ~/.julia/packages/BaseModelica/bGd9z/src/BaseModelica.jl:149 [inlined]
 [14] run_parse(bm_path::String, model_dir::String, model::String)
    @ BaseModelicaLibraryTesting ~/work/BaseModelicaLibraryTesting.jl/BaseModelicaLibraryTesting.jl/src/parse_bm.jl:24
 [15] test_model(omc::OMJulia.OMCSession, model::String, results_root::String, ref_root::String)
    @ BaseModelicaLibraryTesting ~/work/BaseModelicaLibraryTesting.jl/BaseModelicaLibraryTesting.jl/src/pipeline.jl:76
 [16] main(; library::String, version::String, filter::Nothing, omc_exe::String, results_root::String, ref_root::String, bm_options::String)
    @ BaseModelicaLibraryTesting ~/work/BaseModelicaLibraryTesting.jl/BaseModelicaLibraryTesting.jl/src/pipeline.jl:189
 [17] top-level scope
    @ none:3
 [18] eval(m::Module, e::Any)
    @ Core ./boot.jl:489
 [19] exec_options(opts::Base.JLOptions)
    @ Base ./client.jl:283
 [20] _start()
    @ Base ./client.jl:550
