Model:  Modelica.Media.Examples.MixtureGases
Time:    0.023 s
Success: false

--- Error ---
MethodError: no method matching *(::Float64, ::Nothing)
The function `*` exists, but no method is defined for this combination of argument types.

Closest candidates are:
  *(::Any, ::Any, !Matched::Any, !Matched::Any...)
   @ Base operators.jl:642
  *(!Matched::MutableArithmetics.Zero, ::Any)
   @ MutableArithmetics ~/.julia/packages/MutableArithmetics/nuOlj/src/rewrite.jl:61
  *(::Float64, !Matched::T, Union{Number, AbstractArray{<:Number}, AbstractArray{T}, T}...) where T<:Union{SymbolicUtils.BasicSymbolicImpl.var"typeof(BasicSymbolicImpl)"{SymbolicUtils.SafeReal}, SymbolicUtils.BasicSymbolicImpl.var"typeof(BasicSymbolicImpl)"{SymbolicUtils.SymReal}}
   @ SymbolicUtils ~/.julia/packages/SymbolicUtils/8kGfb/src/symbolic_ops/mul.jl:369
  ...

Stacktrace:
  [1] eval_AST(expr::BaseModelica.BaseModelicaProd)
    @ BaseModelica ~/.julia/packages/BaseModelica/2BnsC/src/evaluator.jl:44
  [2] eval_AST(eq::BaseModelica.BaseModelicaSimpleEquation)
    @ BaseModelica ~/.julia/packages/BaseModelica/2BnsC/src/evaluator.jl:130
  [3] eval_AST(eq::BaseModelica.BaseModelicaAnyEquation)
    @ BaseModelica ~/.julia/packages/BaseModelica/2BnsC/src/evaluator.jl:88
  [4] (::BaseModelica.var"#eval_AST##8#eval_AST##9")(eq::BaseModelica.BaseModelicaAnyEquation)
    @ BaseModelica ./none:-1
  [5] iterate
    @ ./generator.jl:48 [inlined]
  [6] collect_to!(dest::Vector{Symbolics.Equation}, itr::Base.Generator{Vector{Any}, BaseModelica.var"#eval_AST##8#eval_AST##9"}, offs::Int64, st::Int64)
    @ Base ./array.jl:848
  [7] collect_to_with_first!(dest::Vector{Symbolics.Equation}, v1::Symbolics.Equation, itr::Base.Generator{Vector{Any}, BaseModelica.var"#eval_AST##8#eval_AST##9"}, st::Int64)
    @ Base ./array.jl:826
  [8] collect(itr::Base.Generator{Vector{Any}, BaseModelica.var"#eval_AST##8#eval_AST##9"})
    @ Base ./array.jl:800
  [9] eval_AST(model::BaseModelica.BaseModelicaModel)
    @ BaseModelica ~/.julia/packages/BaseModelica/2BnsC/src/evaluator.jl:454
 [10] eval_AST(package::BaseModelica.BaseModelicaPackage)
    @ BaseModelica ~/.julia/packages/BaseModelica/2BnsC/src/evaluator.jl:838
 [11] baseModelica_to_ModelingToolkit
    @ ~/.julia/packages/BaseModelica/2BnsC/src/evaluator.jl:888 [inlined]
 [12] (::BaseModelicaLibraryTesting.var"#run_parse##10#run_parse##11")()
    @ BaseModelicaLibraryTesting ~/work/BaseModelicaLibraryTesting.jl/BaseModelicaLibraryTesting.jl/src/parse_bm.jl:78
 [13] with_logstate(f::BaseModelicaLibraryTesting.var"#run_parse##10#run_parse##11", logstate::Base.CoreLogging.LogState)
    @ Base.CoreLogging ./logging/logging.jl:542
 [14] (::BaseModelicaLibraryTesting.var"#run_parse##8#run_parse##9")()
    @ BaseModelicaLibraryTesting ~/work/BaseModelicaLibraryTesting.jl/BaseModelicaLibraryTesting.jl/src/parse_bm.jl:77
 [15] (::Base.RedirectStdStream)(thunk::BaseModelicaLibraryTesting.var"#run_parse##8#run_parse##9", stream::Pipe)
    @ Base ./stream.jl:1464
 [16] (::Base.RedirectStdStream)(thunk::BaseModelicaLibraryTesting.var"#run_parse##6#run_parse##7"{Pipe}, stream::Pipe)
    @ Base ./stream.jl:1457
 [17] run_parse(bm_path::String, model_dir::String, model::String)
    @ BaseModelicaLibraryTesting ~/work/BaseModelicaLibraryTesting.jl/BaseModelicaLibraryTesting.jl/src/parse_bm.jl:28
 [18] test_model(omc::OMJulia.OMCSession, model::String, results_root::String, ref_root::String; sim_settings::SimulateSettings, csv_max_size_mb::Int64)
    @ BaseModelicaLibraryTesting ~/work/BaseModelicaLibraryTesting.jl/BaseModelicaLibraryTesting.jl/src/pipeline.jl:82
 [19] test_model
    @ ~/work/BaseModelicaLibraryTesting.jl/BaseModelicaLibraryTesting.jl/src/pipeline.jl:60 [inlined]
 [20] main(; library::String, version::String, filter::String, omc_exe::String, results_root::String, ref_root::String, bm_options::String, sim_settings::SimulateSettings, csv_max_size_mb::Int64)
    @ BaseModelicaLibraryTesting ~/work/BaseModelicaLibraryTesting.jl/BaseModelicaLibraryTesting.jl/src/pipeline.jl:220
 [21] top-level scope
    @ none:7
 [22] eval(m::Module, e::Any)
    @ Core ./boot.jl:489
 [23] exec_options(opts::Base.JLOptions)
    @ Base ./client.jl:283
 [24] _start()
    @ Base ./client.jl:550
