Model:  Modelica.Electrical.Analog.Examples.CauerLowPassSC
Time:    0.023 s
Success: false

--- Error ---
MethodError: no method matching eval_AST(::BaseModelica.BaseModelicaWhenEquation)
The function `eval_AST` exists, but no method is defined for this combination of argument types.

Closest candidates are:
  eval_AST(!Matched::BaseModelica.BaseModelicaFunctionArgs)
   @ BaseModelica ~/.julia/packages/BaseModelica/iBUGv/src/evaluator.jl:371
  eval_AST(!Matched::BaseModelica.BaseModelicaFunctionCall)
   @ BaseModelica ~/.julia/packages/BaseModelica/iBUGv/src/evaluator.jl:376
  eval_AST(!Matched::BaseModelica.BaseModelicaComponentReference)
   @ BaseModelica ~/.julia/packages/BaseModelica/iBUGv/src/evaluator.jl:392
  ...

Stacktrace:
  [1] (::BaseModelica.var"#eval_AST##7#eval_AST##8")(eq::BaseModelica.BaseModelicaWhenEquation)
    @ BaseModelica ./none:-1
  [2] iterate
    @ ./generator.jl:48 [inlined]
  [3] collect_to!(dest::Vector{Symbolics.Equation}, itr::Base.Generator{Vector{Any}, BaseModelica.var"#eval_AST##7#eval_AST##8"}, offs::Int64, st::Int64)
    @ Base ./array.jl:848
  [4] collect_to_with_first!(dest::Vector{Symbolics.Equation}, v1::Symbolics.Equation, itr::Base.Generator{Vector{Any}, BaseModelica.var"#eval_AST##7#eval_AST##8"}, st::Int64)
    @ Base ./array.jl:826
  [5] collect(itr::Base.Generator{Vector{Any}, BaseModelica.var"#eval_AST##7#eval_AST##8"})
    @ Base ./array.jl:800
  [6] eval_AST(model::BaseModelica.BaseModelicaModel)
    @ BaseModelica ~/.julia/packages/BaseModelica/iBUGv/src/evaluator.jl:326
  [7] eval_AST(package::BaseModelica.BaseModelicaPackage)
    @ BaseModelica ~/.julia/packages/BaseModelica/iBUGv/src/evaluator.jl:368
  [8] baseModelica_to_ModelingToolkit
    @ ~/.julia/packages/BaseModelica/iBUGv/src/evaluator.jl:409 [inlined]
  [9] (::BaseModelicaLibraryTesting.var"#run_parse##10#run_parse##11")()
    @ BaseModelicaLibraryTesting ~/work/BaseModelicaLibraryTesting.jl/BaseModelicaLibraryTesting.jl/src/parse_bm.jl:78
 [10] with_logstate(f::BaseModelicaLibraryTesting.var"#run_parse##10#run_parse##11", logstate::Base.CoreLogging.LogState)
    @ Base.CoreLogging ./logging/logging.jl:542
 [11] (::BaseModelicaLibraryTesting.var"#run_parse##8#run_parse##9")()
    @ BaseModelicaLibraryTesting ~/work/BaseModelicaLibraryTesting.jl/BaseModelicaLibraryTesting.jl/src/parse_bm.jl:77
 [12] (::Base.RedirectStdStream)(thunk::BaseModelicaLibraryTesting.var"#run_parse##8#run_parse##9", stream::Pipe)
    @ Base ./stream.jl:1464
 [13] (::Base.RedirectStdStream)(thunk::BaseModelicaLibraryTesting.var"#run_parse##6#run_parse##7"{Pipe}, stream::Pipe)
    @ Base ./stream.jl:1457
 [14] run_parse(bm_path::String, model_dir::String, model::String)
    @ BaseModelicaLibraryTesting ~/work/BaseModelicaLibraryTesting.jl/BaseModelicaLibraryTesting.jl/src/parse_bm.jl:28
 [15] test_model(omc::OMJulia.OMCSession, model::String, results_root::String, ref_root::String; sim_settings::SimulateSettings, csv_max_size_mb::Int64)
    @ BaseModelicaLibraryTesting ~/work/BaseModelicaLibraryTesting.jl/BaseModelicaLibraryTesting.jl/src/pipeline.jl:82
 [16] test_model
    @ ~/work/BaseModelicaLibraryTesting.jl/BaseModelicaLibraryTesting.jl/src/pipeline.jl:60 [inlined]
 [17] main(; library::String, version::String, filter::String, omc_exe::String, results_root::String, ref_root::String, bm_options::String, sim_settings::SimulateSettings, csv_max_size_mb::Int64)
    @ BaseModelicaLibraryTesting ~/work/BaseModelicaLibraryTesting.jl/BaseModelicaLibraryTesting.jl/src/pipeline.jl:220
 [18] top-level scope
    @ none:7
 [19] eval(m::Module, e::Any)
    @ Core ./boot.jl:489
 [20] exec_options(opts::Base.JLOptions)
    @ Base ./client.jl:283
 [21] _start()
    @ Base ./client.jl:550
