Model:   Modelica.Mechanics.MultiBody.Examples.Loops.PlanarFourbar
Time:    5.701 s
Success: false

--- Parser output ---
line 5:17 missing IDENT at '['
line 5:21 missing ';' at ''sequence''
line 5:31 extraneous input '(' expecting IDENT
line 5:64 mismatched input ')' expecting ';'
line 6:4 extraneous input 'input' expecting {'model', 'type', 'operator', 'record', 'pure', 'constant', 'impure', 'function', '@'}
line 40:14 missing IDENT at '['
line 40:18 missing ';' at ''e''
line 40:21 extraneous input '(' expecting IDENT
line 40:27 missing ';' at 'unit'
line 40:32 missing IDENT at '='
line 40:37 extraneous input ')' expecting ';'
line 50:14 missing IDENT at '['
line 50:18 extraneous input ''n_x'' expecting ';'
line 51:14 missing IDENT at '['
line 51:18 extraneous input ''n_y'' expecting ';'
line 52:15 missing IDENT at '['
line 52:22 extraneous input ''T'' expecting ';'
line 53:8 missing IDENT at '['
line 53:12 missing ';' at ''e_x''
line 53:17 extraneous input '(' expecting IDENT
line 53:23 missing ';' at 'unit'
line 53:28 missing IDENT at '='
line 53:33 mismatched input ')' expecting ';'
line 54:4 extraneous input 'Real' expecting {'model', 'type', 'operator', 'record', 'pure', 'constant', 'impure', 'function', '@'}
line 68:8 missing IDENT at '['
line 68:15 extraneous input ''T'' expecting ';'
line 69:8 missing IDENT at '['
line 69:12 missing ';' at ''w''
line 69:15 extraneous input '(' expecting IDENT
line 69:78 extraneous input ')' expecting ';'
line 4079:135 mismatched input '.' expecting ')'
line 4080:135 mismatched input '.' expecting ')'
line 4081:135 mismatched input '.' expecting ')'
line 4082:135 mismatched input '.' expecting ')'
line 4083:135 mismatched input '.' expecting ')'
line 4084:135 mismatched input '.' expecting ')'
line 4085:135 mismatched input '.' expecting ')'
line 4086:135 mismatched input '.' expecting ')'
line 4087:135 mismatched input '.' expecting ')'
line 4088:133 mismatched input '.' expecting ')'
line 4089:133 mismatched input '.' expecting ')'
line 4090:133 mismatched input '.' expecting ')'
line 4155:135 mismatched input '.' expecting ')'
line 4156:135 mismatched input '.' expecting ')'
line 4157:135 mismatched input '.' expecting ')'
line 4158:135 mismatched input '.' expecting ')'
line 4159:135 mismatched input '.' expecting ')'
line 4160:135 mismatched input '.' expecting ')'
line 4161:135 mismatched input '.' expecting ')'
line 4162:135 mismatched input '.' expecting ')'
line 4163:135 mismatched input '.' expecting ')'
line 4164:133 mismatched input '.' expecting ')'
line 4165:133 mismatched input '.' expecting ')'
line 4166:133 mismatched input '.' expecting ')'
line 4231:135 mismatched input '.' expecting ')'
line 4232:135 mismatched input '.' expecting ')'
line 4233:135 mismatched input '.' expecting ')'
line 4234:135 mismatched input '.' expecting ')'
line 4235:135 mismatched input '.' expecting ')'
line 4236:135 mismatched input '.' expecting ')'
line 4237:135 mismatched input '.' expecting ')'
line 4238:135 mismatched input '.' expecting ')'
line 4239:135 mismatched input '.' expecting ')'
line 4240:133 mismatched input '.' expecting ')'
line 4241:133 mismatched input '.' expecting ')'
line 4242:133 mismatched input '.' expecting ')'

--- Error ---
MethodError: no method matching +(::Nothing, ::Float64)
The function `+` exists, but no method is defined for this combination of argument types.

Closest candidates are:
  +(::Any, ::Any, !Matched::Any, !Matched::Any...)
   @ Base operators.jl:642
  +(!Matched::SymbolicUtils.BasicSymbolicImpl.var"typeof(BasicSymbolicImpl)"{SymbolicUtils.TreeReal}, ::Real)
   @ SymbolicUtils ~/.julia/packages/SymbolicUtils/Rs8cp/src/methods.jl:85
  +(!Matched::SymbolicUtils.BasicSymbolicImpl.var"typeof(BasicSymbolicImpl)"{SymbolicUtils.TreeReal}, ::Number)
   @ SymbolicUtils ~/.julia/packages/SymbolicUtils/Rs8cp/src/methods.jl:87
  ...

Stacktrace:
  [1] eval_AST(expr::BaseModelica.BaseModelicaSum)
    @ BaseModelica ~/.julia/packages/BaseModelica/G7VqY/src/evaluator.jl:28
  [2] eval_AST(expr::BaseModelica.BaseModelicaProd)
    @ BaseModelica ~/.julia/packages/BaseModelica/G7VqY/src/evaluator.jl:31
  [3] eval_AST(expr::BaseModelica.BaseModelicaSum) (repeats 2 times)
    @ BaseModelica ~/.julia/packages/BaseModelica/G7VqY/src/evaluator.jl:28
  [4] eval_AST(expr::BaseModelica.BaseModelicaDivide)
    @ BaseModelica ~/.julia/packages/BaseModelica/G7VqY/src/evaluator.jl:32
  [5] eval_AST(expr::BaseModelica.BaseModelicaProd)
    @ BaseModelica ~/.julia/packages/BaseModelica/G7VqY/src/evaluator.jl:31
  [6] eval_AST(expr::BaseModelica.BaseModelicaUnaryMinus)
    @ BaseModelica ~/.julia/packages/BaseModelica/G7VqY/src/evaluator.jl:30
  [7] build_nested_ifelse(if_expr::BaseModelica.BaseModelicaIfExpression, idx::Int64)
    @ BaseModelica ~/.julia/packages/BaseModelica/G7VqY/src/evaluator.jl:52
  [8] build_nested_ifelse
    @ ~/.julia/packages/BaseModelica/G7VqY/src/evaluator.jl:48 [inlined]
  [9] eval_AST(if_expr::BaseModelica.BaseModelicaIfExpression)
    @ BaseModelica ~/.julia/packages/BaseModelica/G7VqY/src/evaluator.jl:58
 [10] build_nested_ifelse(if_expr::BaseModelica.BaseModelicaIfExpression, idx::Int64)
    @ BaseModelica ~/.julia/packages/BaseModelica/G7VqY/src/evaluator.jl:49
 [11] build_nested_ifelse(if_expr::BaseModelica.BaseModelicaIfExpression, idx::Int64)
    @ BaseModelica ~/.julia/packages/BaseModelica/G7VqY/src/evaluator.jl:53
 [12] build_nested_ifelse
    @ ~/.julia/packages/BaseModelica/G7VqY/src/evaluator.jl:48 [inlined]
 [13] eval_AST(if_expr::BaseModelica.BaseModelicaIfExpression)
    @ BaseModelica ~/.julia/packages/BaseModelica/G7VqY/src/evaluator.jl:58
 [14] eval_AST(eq::BaseModelica.BaseModelicaSimpleEquation)
    @ BaseModelica ~/.julia/packages/BaseModelica/G7VqY/src/evaluator.jl:117
 [15] eval_AST(eq::BaseModelica.BaseModelicaAnyEquation)
    @ BaseModelica ~/.julia/packages/BaseModelica/G7VqY/src/evaluator.jl:75
 [16] (::BaseModelica.var"#eval_AST##6#eval_AST##7")(eq::BaseModelica.BaseModelicaAnyEquation)
    @ BaseModelica ./none:-1
 [17] iterate
    @ ./generator.jl:48 [inlined]
 [18] collect_to!(dest::Vector{Symbolics.Equation}, itr::Base.Generator{Vector{Any}, BaseModelica.var"#eval_AST##6#eval_AST##7"}, offs::Int64, st::Int64)
    @ Base ./array.jl:848
 [19] collect_to_with_first!(dest::Vector{Symbolics.Equation}, v1::Symbolics.Equation, itr::Base.Generator{Vector{Any}, BaseModelica.var"#eval_AST##6#eval_AST##7"}, st::Int64)
    @ Base ./array.jl:826
 [20] collect(itr::Base.Generator{Vector{Any}, BaseModelica.var"#eval_AST##6#eval_AST##7"})
    @ Base ./array.jl:800
 [21] eval_AST(model::BaseModelica.BaseModelicaModel)
    @ BaseModelica ~/.julia/packages/BaseModelica/G7VqY/src/evaluator.jl:391
 [22] eval_AST(package::BaseModelica.BaseModelicaPackage)
    @ BaseModelica ~/.julia/packages/BaseModelica/G7VqY/src/evaluator.jl:658
 [23] baseModelica_to_ModelingToolkit
    @ ~/.julia/packages/BaseModelica/G7VqY/src/evaluator.jl:708 [inlined]
 [24] create_odeproblem(filename::String; parser::Symbol, u0::Vector{Any}, kwargs::@Kwargs{})
    @ BaseModelica ~/.julia/packages/BaseModelica/G7VqY/src/BaseModelica.jl:160
 [25] create_odeproblem
    @ ~/.julia/packages/BaseModelica/G7VqY/src/BaseModelica.jl:149 [inlined]
 [26] #run_parse##4
    @ ~/work/BaseModelicaLibraryTesting.jl/BaseModelicaLibraryTesting.jl/src/parse_bm.jl:34 [inlined]
 [27] with_logstate(f::BaseModelicaLibraryTesting.var"#run_parse##4#run_parse##5"{String}, logstate::Base.CoreLogging.LogState)
    @ Base.CoreLogging ./logging/logging.jl:542
 [28] (::Base.RedirectStdStream)(thunk::BaseModelicaLibraryTesting.var"#run_parse##2#run_parse##3"{String, Base.CoreLogging.SimpleLogger}, stream::Pipe)
    @ Base ./stream.jl:1457
 [29] #run_parse##0
    @ ~/work/BaseModelicaLibraryTesting.jl/BaseModelicaLibraryTesting.jl/src/parse_bm.jl:32 [inlined]
 [30] (::Base.RedirectStdStream)(thunk::BaseModelicaLibraryTesting.var"#run_parse##0#run_parse##1"{String, Base.CoreLogging.SimpleLogger, Pipe}, stream::Pipe)
    @ Base ./stream.jl:1464
 [31] run_parse(bm_path::String, model_dir::String, model::String)
    @ BaseModelicaLibraryTesting ~/work/BaseModelicaLibraryTesting.jl/BaseModelicaLibraryTesting.jl/src/parse_bm.jl:31
 [32] test_model(omc::OMJulia.OMCSession, model::String, results_root::String, ref_root::String; csv_max_size_mb::Int64)
    @ BaseModelicaLibraryTesting ~/work/BaseModelicaLibraryTesting.jl/BaseModelicaLibraryTesting.jl/src/pipeline.jl:75
 [33] test_model
    @ ~/work/BaseModelicaLibraryTesting.jl/BaseModelicaLibraryTesting.jl/src/pipeline.jl:60 [inlined]
 [34] main(; library::String, version::String, filter::Nothing, omc_exe::String, results_root::String, ref_root::String, bm_options::String, csv_max_size_mb::Int64)
    @ BaseModelicaLibraryTesting ~/work/BaseModelicaLibraryTesting.jl/BaseModelicaLibraryTesting.jl/src/pipeline.jl:189
 [35] top-level scope
    @ none:3
 [36] eval(m::Module, e::Any)
    @ Core ./boot.jl:489
 [37] exec_options(opts::Base.JLOptions)
    @ Base ./client.jl:283
 [38] _start()
    @ Base ./client.jl:550
