Model:   Modelica.Electrical.Digital.Examples.DLATREGL
Time:    0.156 s
Success: false

--- Parser output ---
line 48:41 missing ';' at 'Modelica'
line 48:88 token recognition error at: '\'
line 48:89 missing ';' at ''U\'''
line 48:95 token recognition error at: '' = 1;\n'
line 48:94 mismatched input ']' expecting IDENT
line 49:88 token recognition error at: '\'
line 49:95 token recognition error at: '' = 4;\n'
line 50:88 token recognition error at: '\'
line 50:95 token recognition error at: '' = 2;\n'
line 51:88 token recognition error at: '\'
line 51:95 token recognition error at: '' = 3;\n'
line 52:88 token recognition error at: '\'
line 52:95 token recognition error at: '' = 4;\n'
line 53:88 token recognition error at: '\'
line 53:95 token recognition error at: '' = 4;\n'
line 54:88 token recognition error at: '\'
line 54:95 token recognition error at: '' = 2;\n'
line 55:88 token recognition error at: '\'
line 55:95 token recognition error at: '' = 3;\n'
line 56:88 token recognition error at: '\'
line 56:95 token recognition error at: '' = 4;\n'
line 57:69 mismatched input ')' expecting ';'
line 58:4 mismatched input 'parameter' expecting {'end', 'annotation'}
line 69:122 token recognition error at: '\'
line 69:184 token recognition error at: '' = 0 "Specification of delay according to signal change";\n'
line 70:122 token recognition error at: '\'
line 70:184 token recognition error at: '' = 0 "Specification of delay according to signal change";\n'
line 71:122 token recognition error at: '\'
line 71:184 token recognition error at: '' = -1 "Specification of delay according to signal change";\n'
line 72:122 token recognition error at: '\'
line 72:184 token recognition error at: '' = 1 "Specification of delay according to signal change";\n'
line 73:122 token recognition error at: '\'
line 73:184 token recognition error at: '' = 0 "Specification of delay according to signal change";\n'
line 74:122 token recognition error at: '\'
line 74:184 token recognition error at: '' = 0 "Specification of delay according to signal change";\n'
line 75:122 token recognition error at: '\'
line 75:184 token recognition error at: '' = -1 "Specification of delay according to signal change";\n'
line 76:122 token recognition error at: '\'
line 76:184 token recognition error at: '' = 1 "Specification of delay according to signal change";\n'
line 77:122 token recognition error at: '\'
line 77:184 token recognition error at: '' = 0 "Specification of delay according to signal change";\n'
line 78:122 token recognition error at: '\'
line 78:184 token recognition error at: '' = 0 "Specification of delay according to signal change";\n'
line 79:122 token recognition error at: '\'
line 79:184 token recognition error at: '' = 0 "Specification of delay according to signal change";\n'
line 80:122 token recognition error at: '\'
line 80:184 token recognition error at: '' = -1 "Specification of delay according to signal change";\n'
line 81:122 token recognition error at: '\'
line 81:184 token recognition error at: '' = 1 "Specification of delay according to signal change";\n'
line 82:122 token recognition error at: '\'
line 82:184 token recognition error at: '' = 0 "Specification of delay according to signal change";\n'
line 83:122 token recognition error at: '\'
line 83:184 token recognition error at: '' = 0 "Specification of delay according to signal change";\n'
line 84:122 token recognition error at: '\'
line 84:184 token recognition error at: '' = -1 "Specification of delay according to signal change";\n'
line 85:122 token recognition error at: '\'
line 85:184 token recognition error at: '' = 1 "Specification of delay according to signal change";\n'
line 86:122 token recognition error at: '\'
line 86:184 token recognition error at: '' = 0 "Specification of delay according to signal change";\n'
line 87:122 token recognition error at: '\'
line 87:184 token recognition error at: '' = 1 "Specification of delay according to signal change";\n'
line 88:122 token recognition error at: '\'
line 88:184 token recognition error at: '' = 1 "Specification of delay according to signal change";\n'
line 89:122 token recognition error at: '\'
line 89:184 token recognition error at: '' = 0 "Specification of delay according to signal change";\n'
line 90:122 token recognition error at: '\'
line 90:184 token recognition error at: '' = 1 "Specification of delay according to signal change";\n'
line 91:122 token recognition error at: '\'
line 91:184 token recognition error at: '' = 1 "Specification of delay according to signal change";\n'
line 92:122 token recognition error at: '\'
line 92:184 token recognition error at: '' = 1 "Specification of delay according to signal change";\n'
line 93:122 token recognition error at: '\'
line 93:184 token recognition error at: '' = 0 "Specification of delay according to signal change";\n'
line 94:122 token recognition error at: '\'
line 94:184 token recognition error at: '' = 1 "Specification of delay according to signal change";\n'
line 95:122 token recognition error at: '\'
line 95:184 token recognition error at: '' = 1 "Specification of delay according to signal change";\n'
line 96:122 token recognition error at: '\'
line 96:184 token recognition error at: '' = -1 "Specification of delay according to signal change";\n'
line 97:122 token recognition error at: '\'
line 97:184 token recognition error at: '' = -1 "Specification of delay according to signal change";\n'
line 98:122 token recognition error at: '\'
line 98:184 token recognition error at: '' = -1 "Specification of delay according to signal change";\n'
line 99:122 token recognition error at: '\'
line 99:184 token recognition error at: '' = 0 "Specification of delay according to signal change";\n'
line 100:122 token recognition error at: '\'
line 100:184 token recognition error at: '' = -1 "Specification of delay according to signal change";\n'
line 101:122 token recognition error at: '\'
line 101:184 token recognition error at: '' = -1 "Specification of delay according to signal change";\n'
line 102:122 token recognition error at: '\'
line 102:184 token recognition error at: '' = -1 "Specification of delay according to signal change";\n'
line 103:122 token recognition error at: '\'
line 103:184 token recognition error at: '' = 0 "Specification of delay according to signal change";\n'
line 104:122 token recognition error at: '\'
line 104:184 token recognition error at: '' = -1 "Specification of delay according to signal change";\n'
line 105:122 token recognition error at: '\'
line 105:184 token recognition error at: '' = 0 "Specification of delay according to signal change";\n'
line 106:122 token recognition error at: '\'
line 106:184 token recognition error at: '' = 0 "Specification of delay according to signal change";\n'
line 107:122 token recognition error at: '\'
line 107:184 token recognition error at: '' = -1 "Specification of delay according to signal change";\n'
line 108:122 token recognition error at: '\'
line 108:184 token recognition error at: '' = 1 "Specification of delay according to signal change";\n'
line 109:122 token recognition error at: '\'
line 109:184 token recognition error at: '' = 0 "Specification of delay according to signal change";\n'
line 110:122 token recognition error at: '\'
line 110:184 token recognition error at: '' = 0 "Specification of delay according to signal change";\n'
line 111:122 token recognition error at: '\'
line 111:184 token recognition error at: '' = -1 "Specification of delay according to signal change";\n'
line 112:122 token recognition error at: '\'
line 112:184 token recognition error at: '' = 1 "Specification of delay according to signal change";\n'
line 113:122 token recognition error at: '\'
line 113:184 token recognition error at: '' = 0 "Specification of delay according to signal change";\n'
line 114:122 token recognition error at: '\'
line 114:184 token recognition error at: '' = 0 "Specification of delay according to signal change";\n'
line 115:122 token recognition error at: '\'
line 115:184 token recognition error at: '' = 0 "Specification of delay according to signal change";\n'
line 116:122 token recognition error at: '\'
line 116:184 token recognition error at: '' = -1 "Specification of delay according to signal change";\n'
line 117:122 token recognition error at: '\'
line 117:184 token recognition error at: '' = 1 "Specification of delay according to signal change";\n'
line 118:122 token recognition error at: '\'
line 118:184 token recognition error at: '' = 0 "Specification of delay according to signal change";\n'
line 119:122 token recognition error at: '\'
line 119:184 token recognition error at: '' = 0 "Specification of delay according to signal change";\n'
line 120:122 token recognition error at: '\'
line 120:184 token recognition error at: '' = -1 "Specification of delay according to signal change";\n'
line 121:122 token recognition error at: '\'
line 121:184 token recognition error at: '' = 1 "Specification of delay according to signal change";\n'
line 122:122 token recognition error at: '\'
line 122:184 token recognition error at: '' = 0 "Specification of delay according to signal change";\n'
line 123:122 token recognition error at: '\'
line 123:184 token recognition error at: '' = 1 "Specification of delay according to signal change";\n'
line 124:122 token recognition error at: '\'
line 124:184 token recognition error at: '' = 1 "Specification of delay according to signal change";\n'
line 125:122 token recognition error at: '\'
line 125:184 token recognition error at: '' = 0 "Specification of delay according to signal change";\n'
line 126:122 token recognition error at: '\'
line 126:184 token recognition error at: '' = 1 "Specification of delay according to signal change";\n'
line 127:122 token recognition error at: '\'
line 127:184 token recognition error at: '' = 1 "Specification of delay according to signal change";\n'
line 128:122 token recognition error at: '\'
line 128:184 token recognition error at: '' = 1 "Specification of delay according to signal change";\n'
line 129:122 token recognition error at: '\'
line 129:184 token recognition error at: '' = 0 "Specification of delay according to signal change";\n'
line 130:122 token recognition error at: '\'
line 130:184 token recognition error at: '' = 1 "Specification of delay according to signal change";\n'
line 131:122 token recognition error at: '\'
line 131:184 token recognition error at: '' = 1 "Specification of delay according to signal change";\n'
line 132:122 token recognition error at: '\'
line 132:184 token recognition error at: '' = -1 "Specification of delay according to signal change";\n'
line 133:122 token recognition error at: '\'
line 133:184 token recognition error at: '' = -1 "Specification of delay according to signal change";\n'
line 134:122 token recognition error at: '\'
line 134:184 token recognition error at: '' = -1 "Specification of delay according to signal change";\n'
line 135:122 token recognition error at: '\'
line 135:184 token recognition error at: '' = 0 "Specification of delay according to signal change";\n'
line 136:122 token recognition error at: '\'
line 136:184 token recognition error at: '' = -1 "Specification of delay according to signal change";\n'
line 137:122 token recognition error at: '\'
line 137:184 token recognition error at: '' = -1 "Specification of delay according to signal change";\n'
line 138:122 token recognition error at: '\'
line 138:184 token recognition error at: '' = -1 "Specification of delay according to signal change";\n'
line 139:122 token recognition error at: '\'
line 139:184 token recognition error at: '' = 0 "Specification of delay according to signal change";\n'
line 140:122 token recognition error at: '\'
line 140:184 token recognition error at: '' = -1 "Specification of delay according to signal change";\n'
line 141:122 token recognition error at: '\'
line 141:184 token recognition error at: '' = 0 "Specification of delay according to signal change";\n'
line 142:122 token recognition error at: '\'
line 142:184 token recognition error at: '' = 0 "Specification of delay according to signal change";\n'
line 143:122 token recognition error at: '\'
line 143:184 token recognition error at: '' = -1 "Specification of delay according to signal change";\n'
line 144:122 token recognition error at: '\'
line 144:184 token recognition error at: '' = 1 "Specification of delay according to signal change";\n'
line 145:122 token recognition error at: '\'
line 145:184 token recognition error at: '' = 0 "Specification of delay according to signal change";\n'
line 146:122 token recognition error at: '\'
line 146:184 token recognition error at: '' = 0 "Specification of delay according to signal change";\n'
line 147:122 token recognition error at: '\'
line 147:184 token recognition error at: '' = -1 "Specification of delay according to signal change";\n'
line 148:122 token recognition error at: '\'
line 148:184 token recognition error at: '' = 1 "Specification of delay according to signal change";\n'
line 149:122 token recognition error at: '\'
line 149:184 token recognition error at: '' = 0 "Specification of delay according to signal change";\n'
line 160:122 token recognition error at: '\'
line 160:184 token recognition error at: '' = 0 "Specification of delay according to signal change";\n'
line 161:122 token recognition error at: '\'
line 161:184 token recognition error at: '' = 0 "Specification of delay according to signal change";\n'
line 162:122 token recognition error at: '\'
line 162:184 token recognition error at: '' = -1 "Specification of delay according to signal change";\n'
line 163:122 token recognition error at: '\'
line 163:184 token recognition error at: '' = 1 "Specification of delay according to signal change";\n'
line 164:122 token recognition error at: '\'
line 164:184 token recognition error at: '' = 0 "Specification of delay according to signal change";\n'
line 165:122 token recognition error at: '\'
line 165:184 token recognition error at: '' = 0 "Specification of delay according to signal change";\n'
line 166:122 token recognition error at: '\'
line 166:184 token recognition error at: '' = -1 "Specification of delay according to signal change";\n'
line 167:122 token recognition error at: '\'
line 167:184 token recognition error at: '' = 1 "Specification of delay according to signal change";\n'
line 168:122 token recognition error at: '\'
line 168:184 token recognition error at: '' = 0 "Specification of delay according to signal change";\n'
line 169:122 token recognition error at: '\'
line 169:184 token recognition error at: '' = 0 "Specification of delay according to signal change";\n'
line 170:122 token recognition error at: '\'
line 170:184 token recognition error at: '' = 0 "Specification of delay according to signal change";\n'
line 171:122 token recognition error at: '\'
line 171:184 token recognition error at: '' = -1 "Specification of delay according to signal change";\n'
line 172:122 token recognition error at: '\'
line 172:184 token recognition error at: '' = 1 "Specification of delay according to signal change";\n'
line 173:122 token recognition error at: '\'
line 173:184 token recognition error at: '' = 0 "Specification of delay according to signal change";\n'
line 174:122 token recognition error at: '\'
line 174:184 token recognition error at: '' = 0 "Specification of delay according to signal change";\n'
line 175:122 token recognition error at: '\'
line 175:184 token recognition error at: '' = -1 "Specification of delay according to signal change";\n'
line 176:122 token recognition error at: '\'
line 176:184 token recognition error at: '' = 1 "Specification of delay according to signal change";\n'
line 177:122 token recognition error at: '\'
line 177:184 token recognition error at: '' = 0 "Specification of delay according to signal change";\n'
line 178:122 token recognition error at: '\'
line 178:184 token recognition error at: '' = 1 "Specification of delay according to signal change";\n'
line 179:122 token recognition error at: '\'
line 179:184 token recognition error at: '' = 1 "Specification of delay according to signal change";\n'
line 180:122 token recognition error at: '\'
line 180:184 token recognition error at: '' = 0 "Specification of delay according to signal change";\n'
line 181:122 token recognition error at: '\'
line 181:184 token recognition error at: '' = 1 "Specification of delay according to signal change";\n'
line 182:122 token recognition error at: '\'
line 182:184 token recognition error at: '' = 1 "Specification of delay according to signal change";\n'
line 183:122 token recognition error at: '\'
line 183:184 token recognition error at: '' = 1 "Specification of delay according to signal change";\n'
line 184:122 token recognition error at: '\'
line 184:184 token recognition error at: '' = 0 "Specification of delay according to signal change";\n'
line 185:122 token recognition error at: '\'
line 185:184 token recognition error at: '' = 1 "Specification of delay according to signal change";\n'
line 186:122 token recognition error at: '\'
line 186:184 token recognition error at: '' = 1 "Specification of delay according to signal change";\n'
line 187:122 token recognition error at: '\'
line 187:184 token recognition error at: '' = -1 "Specification of delay according to signal change";\n'
line 188:122 token recognition error at: '\'
line 188:184 token recognition error at: '' = -1 "Specification of delay according to signal change";\n'
line 189:122 token recognition error at: '\'
line 189:184 token recognition error at: '' = -1 "Specification of delay according to signal change";\n'
line 190:122 token recognition error at: '\'
line 190:184 token recognition error at: '' = 0 "Specification of delay according to signal change";\n'
line 191:122 token recognition error at: '\'
line 191:184 token recognition error at: '' = -1 "Specification of delay according to signal change";\n'
line 192:122 token recognition error at: '\'
line 192:184 token recognition error at: '' = -1 "Specification of delay according to signal change";\n'
line 193:122 token recognition error at: '\'
line 193:184 token recognition error at: '' = -1 "Specification of delay according to signal change";\n'
line 194:122 token recognition error at: '\'
line 194:184 token recognition error at: '' = 0 "Specification of delay according to signal change";\n'
line 195:122 token recognition error at: '\'
line 195:184 token recognition error at: '' = -1 "Specification of delay according to signal change";\n'
line 196:122 token recognition error at: '\'
line 196:184 token recognition error at: '' = 0 "Specification of delay according to signal change";\n'
line 197:122 token recognition error at: '\'
line 197:184 token recognition error at: '' = 0 "Specification of delay according to signal change";\n'
line 198:122 token recognition error at: '\'
line 198:184 token recognition error at: '' = -1 "Specification of delay according to signal change";\n'
line 199:122 token recognition error at: '\'
line 199:184 token recognition error at: '' = 1 "Specification of delay according to signal change";\n'
line 200:122 token recognition error at: '\'
line 200:184 token recognition error at: '' = 0 "Specification of delay according to signal change";\n'
line 201:122 token recognition error at: '\'
line 201:184 token recognition error at: '' = 0 "Specification of delay according to signal change";\n'
line 202:122 token recognition error at: '\'
line 202:184 token recognition error at: '' = -1 "Specification of delay according to signal change";\n'
line 203:122 token recognition error at: '\'
line 203:184 token recognition error at: '' = 1 "Specification of delay according to signal change";\n'
line 204:122 token recognition error at: '\'
line 204:184 token recognition error at: '' = 0 "Specification of delay according to signal change";\n'
line 205:122 token recognition error at: '\'
line 205:184 token recognition error at: '' = 0 "Specification of delay according to signal change";\n'
line 206:122 token recognition error at: '\'
line 206:184 token recognition error at: '' = 0 "Specification of delay according to signal change";\n'
line 207:122 token recognition error at: '\'
line 207:184 token recognition error at: '' = -1 "Specification of delay according to signal change";\n'
line 208:122 token recognition error at: '\'
line 208:184 token recognition error at: '' = 1 "Specification of delay according to signal change";\n'
line 209:122 token recognition error at: '\'
line 209:184 token recognition error at: '' = 0 "Specification of delay according to signal change";\n'
line 210:122 token recognition error at: '\'
line 210:184 token recognition error at: '' = 0 "Specification of delay according to signal change";\n'
line 211:122 token recognition error at: '\'
line 211:184 token recognition error at: '' = -1 "Specification of delay according to signal change";\n'
line 212:122 token recognition error at: '\'
line 212:184 token recognition error at: '' = 1 "Specification of delay according to signal change";\n'
line 213:122 token recognition error at: '\'
line 213:184 token recognition error at: '' = 0 "Specification of delay according to signal change";\n'
line 214:122 token recognition error at: '\'
line 214:184 token recognition error at: '' = 1 "Specification of delay according to signal change";\n'
line 215:122 token recognition error at: '\'
line 215:184 token recognition error at: '' = 1 "Specification of delay according to signal change";\n'
line 216:122 token recognition error at: '\'
line 216:184 token recognition error at: '' = 0 "Specification of delay according to signal change";\n'
line 217:122 token recognition error at: '\'
line 217:184 token recognition error at: '' = 1 "Specification of delay according to signal change";\n'
line 218:122 token recognition error at: '\'
line 218:184 token recognition error at: '' = 1 "Specification of delay according to signal change";\n'
line 219:122 token recognition error at: '\'
line 219:184 token recognition error at: '' = 1 "Specification of delay according to signal change";\n'
line 220:122 token recognition error at: '\'
line 220:184 token recognition error at: '' = 0 "Specification of delay according to signal change";\n'
line 221:122 token recognition error at: '\'
line 221:184 token recognition error at: '' = 1 "Specification of delay according to signal change";\n'
line 222:122 token recognition error at: '\'
line 222:184 token recognition error at: '' = 1 "Specification of delay according to signal change";\n'
line 223:122 token recognition error at: '\'
line 223:184 token recognition error at: '' = -1 "Specification of delay according to signal change";\n'
line 224:122 token recognition error at: '\'
line 224:184 token recognition error at: '' = -1 "Specification of delay according to signal change";\n'
line 225:122 token recognition error at: '\'
line 225:184 token recognition error at: '' = -1 "Specification of delay according to signal change";\n'
line 226:122 token recognition error at: '\'
line 226:184 token recognition error at: '' = 0 "Specification of delay according to signal change";\n'
line 227:122 token recognition error at: '\'
line 227:184 token recognition error at: '' = -1 "Specification of delay according to signal change";\n'
line 228:122 token recognition error at: '\'
line 228:184 token recognition error at: '' = -1 "Specification of delay according to signal change";\n'
line 229:122 token recognition error at: '\'
line 229:184 token recognition error at: '' = -1 "Specification of delay according to signal change";\n'
line 230:122 token recognition error at: '\'
line 230:184 token recognition error at: '' = 0 "Specification of delay according to signal change";\n'
line 231:122 token recognition error at: '\'
line 231:184 token recognition error at: '' = -1 "Specification of delay according to signal change";\n'
line 232:122 token recognition error at: '\'
line 232:184 token recognition error at: '' = 0 "Specification of delay according to signal change";\n'
line 233:122 token recognition error at: '\'
line 233:184 token recognition error at: '' = 0 "Specification of delay according to signal change";\n'
line 234:122 token recognition error at: '\'
line 234:184 token recognition error at: '' = -1 "Specification of delay according to signal change";\n'
line 235:122 token recognition error at: '\'
line 235:184 token recognition error at: '' = 1 "Specification of delay according to signal change";\n'
line 236:122 token recognition error at: '\'
line 236:184 token recognition error at: '' = 0 "Specification of delay according to signal change";\n'
line 237:122 token recognition error at: '\'
line 237:184 token recognition error at: '' = 0 "Specification of delay according to signal change";\n'
line 238:122 token recognition error at: '\'
line 238:184 token recognition error at: '' = -1 "Specification of delay according to signal change";\n'
line 239:122 token recognition error at: '\'
line 239:184 token recognition error at: '' = 1 "Specification of delay according to signal change";\n'
line 240:122 token recognition error at: '\'
line 240:184 token recognition error at: '' = 0 "Specification of delay according to signal change";\n'
line 252:95 token recognition error at: '\'
line 252:102 token recognition error at: '' = 1 "Function selection, defaults for high active reset";\n'
line 253:95 token recognition error at: '\'
line 253:102 token recognition error at: '' = 4 "Function selection, defaults for high active reset";\n'
line 254:95 token recognition error at: '\'
line 254:102 token recognition error at: '' = 2 "Function selection, defaults for high active reset";\n'
line 255:95 token recognition error at: '\'
line 255:102 token recognition error at: '' = 3 "Function selection, defaults for high active reset";\n'
line 256:95 token recognition error at: '\'
line 256:102 token recognition error at: '' = 4 "Function selection, defaults for high active reset";\n'
line 257:95 token recognition error at: '\'
line 257:102 token recognition error at: '' = 4 "Function selection, defaults for high active reset";\n'
line 258:95 token recognition error at: '\'
line 258:102 token recognition error at: '' = 2 "Function selection, defaults for high active reset";\n'
line 259:95 token recognition error at: '\'
line 259:102 token recognition error at: '' = 3 "Function selection, defaults for high active reset";\n'
line 260:95 token recognition error at: '\'
line 260:102 token recognition error at: '' = 4 "Function selection, defaults for high active reset";\n'

--- Error ---
Could not evaluate value of parameter var"reset.y". Missing values for variables in expression var"reset.y".
Stacktrace:
  [1] error(s::LazyString)
    @ Base ./error.jl:44
  [2] ModelingToolkitBase.MTKParameters(sys::ModelingToolkitBase.System, op::ModelingToolkitBase.AtomicArrayDict{SymbolicUtils.BasicSymbolicImpl.var"typeof(BasicSymbolicImpl)"{SymbolicUtils.SymReal}, Dict{SymbolicUtils.BasicSymbolicImpl.var"typeof(BasicSymbolicImpl)"{SymbolicUtils.SymReal}, SymbolicUtils.BasicSymbolicImpl.var"typeof(BasicSymbolicImpl)"{SymbolicUtils.SymReal}}}; tofloat::Bool, t0::Nothing, substitution_limit::Int64, floatT::Type, p_constructor::Function, fast_path::Bool)
    @ ModelingToolkitBase ~/.julia/packages/ModelingToolkitBase/yP1tD/src/systems/parameter_buffer.jl:187
  [3] process_SciMLProblem(constructor::Type, sys::ModelingToolkitBase.System, op::ModelingToolkitBase.AtomicArrayDict{SymbolicUtils.BasicSymbolicImpl.var"typeof(BasicSymbolicImpl)"{SymbolicUtils.SymReal}, Dict{SymbolicUtils.BasicSymbolicImpl.var"typeof(BasicSymbolicImpl)"{SymbolicUtils.SymReal}, SymbolicUtils.BasicSymbolicImpl.var"typeof(BasicSymbolicImpl)"{SymbolicUtils.SymReal}}}; build_initializeprob::Bool, implicit_dae::Bool, t::Nothing, guesses::Dict{Any, Any}, warn_initialize_determined::Bool, initialization_eqs::Vector{Any}, eval_expression::Bool, eval_module::Module, fully_determined::Nothing, check_initialization_units::Bool, u0_eltype::Nothing, tofloat::Bool, u0_constructor::typeof(identity), p_constructor::typeof(identity), check_length::Bool, symbolic_u0::Bool, warn_cyclic_dependency::Bool, circular_dependency_max_cycle_length::Int64, circular_dependency_max_cycles::Int64, initsys_mtkcompile_kwargs::@NamedTuple{}, substitution_limit::Int64, use_scc::Bool, time_dependent_init::Bool, algebraic_only::Bool, missing_guess_value::ModelingToolkitBase.MissingGuessValue.var"typeof(MissingGuessValue)", allow_incomplete::Bool, is_initializeprob::Bool, is_steadystateprob::Bool, return_operating_point::Bool, kwargs::@Kwargs{check_compatibility::Bool, expression::DataType})
    @ ModelingToolkitBase ~/.julia/packages/ModelingToolkitBase/yP1tD/src/systems/problem_utils.jl:1641
  [4] (SciMLBase.NonlinearProblem{true, SciMLBase.AutoSpecialize})(sys::ModelingToolkitBase.System, op::ModelingToolkitBase.AtomicArrayDict{SymbolicUtils.BasicSymbolicImpl.var"typeof(BasicSymbolicImpl)"{SymbolicUtils.SymReal}, Dict{SymbolicUtils.BasicSymbolicImpl.var"typeof(BasicSymbolicImpl)"{SymbolicUtils.SymReal}, SymbolicUtils.BasicSymbolicImpl.var"typeof(BasicSymbolicImpl)"{SymbolicUtils.SymReal}}}; expression::Type, check_length::Bool, check_compatibility::Bool, kwargs::@Kwargs{use_scc::Bool, u0_constructor::typeof(identity), p_constructor::typeof(identity), eval_expression::Bool, eval_module::Module, missing_guess_value::ModelingToolkitBase.MissingGuessValue.var"typeof(MissingGuessValue)", warn_cyclic_dependency::Bool, circular_dependency_max_cycle_length::Int64, circular_dependency_max_cycles::Int64, build_initializeprob::Bool, is_initializeprob::Bool})
    @ ModelingToolkitBase ~/.julia/packages/ModelingToolkitBase/yP1tD/src/problems/nonlinearproblem.jl:74
  [5] NonlinearProblem
    @ ~/.julia/packages/ModelingToolkitBase/yP1tD/src/problems/nonlinearproblem.jl:64 [inlined]
  [6] #_#854
    @ ./none:-1 [inlined]
  [7] ModelingToolkitBase.InitializationProblem{true, SciMLBase.AutoSpecialize}(sys::ModelingToolkitBase.System, t::Float64, op::ModelingToolkitBase.AtomicArrayDict{SymbolicUtils.BasicSymbolicImpl.var"typeof(BasicSymbolicImpl)"{SymbolicUtils.SymReal}, Dict{SymbolicUtils.BasicSymbolicImpl.var"typeof(BasicSymbolicImpl)"{SymbolicUtils.SymReal}, SymbolicUtils.BasicSymbolicImpl.var"typeof(BasicSymbolicImpl)"{SymbolicUtils.SymReal}}}; fast_path::Bool, guesses::Dict{Any, Any}, check_length::Bool, warn_initialize_determined::Bool, initialization_eqs::Vector{Any}, fully_determined::Nothing, check_units::Bool, allow_incomplete::Bool, algebraic_only::Bool, time_dependent_init::Bool, initsys_mtkcompile_kwargs::@NamedTuple{}, is_steadystateprob::Bool, kwargs::@Kwargs{use_scc::Bool, u0_constructor::typeof(identity), p_constructor::typeof(identity), eval_expression::Bool, eval_module::Module, missing_guess_value::ModelingToolkitBase.MissingGuessValue.var"typeof(MissingGuessValue)", warn_cyclic_dependency::Bool, circular_dependency_max_cycle_length::Int64, circular_dependency_max_cycles::Int64, check_compatibility::Bool})
    @ ModelingToolkitBase ~/.julia/packages/ModelingToolkitBase/yP1tD/src/problems/initializationproblem.jl:125
  [8] InitializationProblem
    @ ~/.julia/packages/ModelingToolkitBase/yP1tD/src/problems/initializationproblem.jl:22 [inlined]
  [9] #_#925
    @ ./none:-1 [inlined]
 [10] maybe_build_initialization_problem(sys::ModelingToolkitBase.System, iip::Bool, op::ModelingToolkitBase.AtomicArrayDict{SymbolicUtils.BasicSymbolicImpl.var"typeof(BasicSymbolicImpl)"{SymbolicUtils.SymReal}, Dict{SymbolicUtils.BasicSymbolicImpl.var"typeof(BasicSymbolicImpl)"{SymbolicUtils.SymReal}, SymbolicUtils.BasicSymbolicImpl.var"typeof(BasicSymbolicImpl)"{SymbolicUtils.SymReal}}}, t::Float64, guesses::Dict{Any, Any}; time_dependent_init::Bool, u0_constructor::Function, p_constructor::Function, floatT::Type, initialization_eqs::Vector{Any}, use_scc::Bool, eval_expression::Bool, eval_module::Module, missing_guess_value::ModelingToolkitBase.MissingGuessValue.var"typeof(MissingGuessValue)", implicit_dae::Bool, is_steadystateprob::Bool, expression::Type, kwargs::@Kwargs{initsys_mtkcompile_kwargs::@NamedTuple{}, warn_initialize_determined::Bool, fully_determined::Nothing, warn_cyclic_dependency::Bool, check_units::Bool, circular_dependency_max_cycle_length::Int64, circular_dependency_max_cycles::Int64, algebraic_only::Bool, allow_incomplete::Bool, check_compatibility::Bool})
    @ ModelingToolkitBase ~/.julia/packages/ModelingToolkitBase/yP1tD/src/systems/problem_utils.jl:1186
 [11] process_SciMLProblem(constructor::Type, sys::ModelingToolkitBase.System, op::Vector{Any}; build_initializeprob::Bool, implicit_dae::Bool, t::Float64, guesses::Dict{Any, Any}, warn_initialize_determined::Bool, initialization_eqs::Vector{Any}, eval_expression::Bool, eval_module::Module, fully_determined::Nothing, check_initialization_units::Bool, u0_eltype::Nothing, tofloat::Bool, u0_constructor::typeof(identity), p_constructor::typeof(identity), check_length::Bool, symbolic_u0::Bool, warn_cyclic_dependency::Bool, circular_dependency_max_cycle_length::Int64, circular_dependency_max_cycles::Int64, initsys_mtkcompile_kwargs::@NamedTuple{}, substitution_limit::Int64, use_scc::Bool, time_dependent_init::Bool, algebraic_only::Bool, missing_guess_value::ModelingToolkitBase.MissingGuessValue.var"typeof(MissingGuessValue)", allow_incomplete::Bool, is_initializeprob::Bool, is_steadystateprob::Bool, return_operating_point::Bool, kwargs::@Kwargs{expression::DataType, check_compatibility::Bool})
    @ ModelingToolkitBase ~/.julia/packages/ModelingToolkitBase/yP1tD/src/systems/problem_utils.jl:1555
 [12] (SciMLBase.ODEProblem{true, SciMLBase.AutoSpecialize})(sys::ModelingToolkitBase.System, op::Any, tspan::Tuple{Float64, Float64}; callback::Any, check_length::Bool, eval_expression::Bool, expression::Type, eval_module::Module, check_compatibility::Bool, _skip_events::Bool, kwargs::@Kwargs{missing_guess_value::ModelingToolkitBase.MissingGuessValue.var"typeof(MissingGuessValue)"})
    @ ModelingToolkitBase ~/.julia/packages/ModelingToolkitBase/yP1tD/src/problems/odeproblem.jl:110
 [13] create_odeproblem(filename::String; parser::Symbol, u0::Vector{Any}, kwargs::@Kwargs{})
    @ BaseModelica ~/.julia/packages/BaseModelica/G7VqY/src/BaseModelica.jl:149
 [14] create_odeproblem
    @ ~/.julia/packages/BaseModelica/G7VqY/src/BaseModelica.jl:149 [inlined]
 [15] #run_parse##4
    @ ~/work/BaseModelicaLibraryTesting.jl/BaseModelicaLibraryTesting.jl/src/parse_bm.jl:34 [inlined]
 [16] with_logstate(f::BaseModelicaLibraryTesting.var"#run_parse##4#run_parse##5"{String}, logstate::Base.CoreLogging.LogState)
    @ Base.CoreLogging ./logging/logging.jl:542
 [17] (::Base.RedirectStdStream)(thunk::BaseModelicaLibraryTesting.var"#run_parse##2#run_parse##3"{String, Base.CoreLogging.SimpleLogger}, stream::Pipe)
    @ Base ./stream.jl:1457
 [18] #run_parse##0
    @ ~/work/BaseModelicaLibraryTesting.jl/BaseModelicaLibraryTesting.jl/src/parse_bm.jl:32 [inlined]
 [19] (::Base.RedirectStdStream)(thunk::BaseModelicaLibraryTesting.var"#run_parse##0#run_parse##1"{String, Base.CoreLogging.SimpleLogger, Pipe}, stream::Pipe)
    @ Base ./stream.jl:1464
 [20] run_parse(bm_path::String, model_dir::String, model::String)
    @ BaseModelicaLibraryTesting ~/work/BaseModelicaLibraryTesting.jl/BaseModelicaLibraryTesting.jl/src/parse_bm.jl:31
 [21] test_model(omc::OMJulia.OMCSession, model::String, results_root::String, ref_root::String; csv_max_size_mb::Int64)
    @ BaseModelicaLibraryTesting ~/work/BaseModelicaLibraryTesting.jl/BaseModelicaLibraryTesting.jl/src/pipeline.jl:75
 [22] test_model
    @ ~/work/BaseModelicaLibraryTesting.jl/BaseModelicaLibraryTesting.jl/src/pipeline.jl:60 [inlined]
 [23] main(; library::String, version::String, filter::Nothing, omc_exe::String, results_root::String, ref_root::String, bm_options::String, csv_max_size_mb::Int64)
    @ BaseModelicaLibraryTesting ~/work/BaseModelicaLibraryTesting.jl/BaseModelicaLibraryTesting.jl/src/pipeline.jl:189
 [24] top-level scope
    @ none:3
 [25] eval(m::Module, e::Any)
    @ Core ./boot.jl:489
 [26] exec_options(opts::Base.JLOptions)
    @ Base ./client.jl:283
 [27] _start()
    @ Base ./client.jl:550
