Model:   Modelica.Electrical.Digital.Examples.DFFREG
Time:    0.154 s
Success: false

--- Parser output ---
line 52:39 missing ';' at 'Modelica'
line 52:86 token recognition error at: '\'
line 52:87 missing ';' at ''U\'''
line 52:93 token recognition error at: '' = 1;\n'
line 52:92 mismatched input ']' expecting IDENT
line 53:86 token recognition error at: '\'
line 53:93 token recognition error at: '' = 4;\n'
line 54:86 token recognition error at: '\'
line 54:93 token recognition error at: '' = 3;\n'
line 55:86 token recognition error at: '\'
line 55:93 token recognition error at: '' = 2;\n'
line 56:86 token recognition error at: '\'
line 56:93 token recognition error at: '' = 4;\n'
line 57:86 token recognition error at: '\'
line 57:93 token recognition error at: '' = 4;\n'
line 58:86 token recognition error at: '\'
line 58:93 token recognition error at: '' = 3;\n'
line 59:86 token recognition error at: '\'
line 59:93 token recognition error at: '' = 2;\n'
line 60:86 token recognition error at: '\'
line 60:93 token recognition error at: '' = 4;\n'
line 61:67 mismatched input ')' expecting ';'
line 62:4 mismatched input 'parameter' expecting {'end', 'annotation'}
line 73:120 token recognition error at: '\'
line 73:182 token recognition error at: '' = 0 "Specification of delay according to signal change";\n'
line 74:120 token recognition error at: '\'
line 74:182 token recognition error at: '' = 0 "Specification of delay according to signal change";\n'
line 75:120 token recognition error at: '\'
line 75:182 token recognition error at: '' = -1 "Specification of delay according to signal change";\n'
line 76:120 token recognition error at: '\'
line 76:182 token recognition error at: '' = 1 "Specification of delay according to signal change";\n'
line 77:120 token recognition error at: '\'
line 77:182 token recognition error at: '' = 0 "Specification of delay according to signal change";\n'
line 78:120 token recognition error at: '\'
line 78:182 token recognition error at: '' = 0 "Specification of delay according to signal change";\n'
line 79:120 token recognition error at: '\'
line 79:182 token recognition error at: '' = -1 "Specification of delay according to signal change";\n'
line 80:120 token recognition error at: '\'
line 80:182 token recognition error at: '' = 1 "Specification of delay according to signal change";\n'
line 81:120 token recognition error at: '\'
line 81:182 token recognition error at: '' = 0 "Specification of delay according to signal change";\n'
line 82:120 token recognition error at: '\'
line 82:182 token recognition error at: '' = 0 "Specification of delay according to signal change";\n'
line 83:120 token recognition error at: '\'
line 83:182 token recognition error at: '' = 0 "Specification of delay according to signal change";\n'
line 84:120 token recognition error at: '\'
line 84:182 token recognition error at: '' = -1 "Specification of delay according to signal change";\n'
line 85:120 token recognition error at: '\'
line 85:182 token recognition error at: '' = 1 "Specification of delay according to signal change";\n'
line 86:120 token recognition error at: '\'
line 86:182 token recognition error at: '' = 0 "Specification of delay according to signal change";\n'
line 87:120 token recognition error at: '\'
line 87:182 token recognition error at: '' = 0 "Specification of delay according to signal change";\n'
line 88:120 token recognition error at: '\'
line 88:182 token recognition error at: '' = -1 "Specification of delay according to signal change";\n'
line 89:120 token recognition error at: '\'
line 89:182 token recognition error at: '' = 1 "Specification of delay according to signal change";\n'
line 90:120 token recognition error at: '\'
line 90:182 token recognition error at: '' = 0 "Specification of delay according to signal change";\n'
line 91:120 token recognition error at: '\'
line 91:182 token recognition error at: '' = 1 "Specification of delay according to signal change";\n'
line 92:120 token recognition error at: '\'
line 92:182 token recognition error at: '' = 1 "Specification of delay according to signal change";\n'
line 93:120 token recognition error at: '\'
line 93:182 token recognition error at: '' = 0 "Specification of delay according to signal change";\n'
line 94:120 token recognition error at: '\'
line 94:182 token recognition error at: '' = 1 "Specification of delay according to signal change";\n'
line 95:120 token recognition error at: '\'
line 95:182 token recognition error at: '' = 1 "Specification of delay according to signal change";\n'
line 96:120 token recognition error at: '\'
line 96:182 token recognition error at: '' = 1 "Specification of delay according to signal change";\n'
line 97:120 token recognition error at: '\'
line 97:182 token recognition error at: '' = 0 "Specification of delay according to signal change";\n'
line 98:120 token recognition error at: '\'
line 98:182 token recognition error at: '' = 1 "Specification of delay according to signal change";\n'
line 99:120 token recognition error at: '\'
line 99:182 token recognition error at: '' = 1 "Specification of delay according to signal change";\n'
line 100:120 token recognition error at: '\'
line 100:182 token recognition error at: '' = -1 "Specification of delay according to signal change";\n'
line 101:120 token recognition error at: '\'
line 101:182 token recognition error at: '' = -1 "Specification of delay according to signal change";\n'
line 102:120 token recognition error at: '\'
line 102:182 token recognition error at: '' = -1 "Specification of delay according to signal change";\n'
line 103:120 token recognition error at: '\'
line 103:182 token recognition error at: '' = 0 "Specification of delay according to signal change";\n'
line 104:120 token recognition error at: '\'
line 104:182 token recognition error at: '' = -1 "Specification of delay according to signal change";\n'
line 105:120 token recognition error at: '\'
line 105:182 token recognition error at: '' = -1 "Specification of delay according to signal change";\n'
line 106:120 token recognition error at: '\'
line 106:182 token recognition error at: '' = -1 "Specification of delay according to signal change";\n'
line 107:120 token recognition error at: '\'
line 107:182 token recognition error at: '' = 0 "Specification of delay according to signal change";\n'
line 108:120 token recognition error at: '\'
line 108:182 token recognition error at: '' = -1 "Specification of delay according to signal change";\n'
line 109:120 token recognition error at: '\'
line 109:182 token recognition error at: '' = 0 "Specification of delay according to signal change";\n'
line 110:120 token recognition error at: '\'
line 110:182 token recognition error at: '' = 0 "Specification of delay according to signal change";\n'
line 111:120 token recognition error at: '\'
line 111:182 token recognition error at: '' = -1 "Specification of delay according to signal change";\n'
line 112:120 token recognition error at: '\'
line 112:182 token recognition error at: '' = 1 "Specification of delay according to signal change";\n'
line 113:120 token recognition error at: '\'
line 113:182 token recognition error at: '' = 0 "Specification of delay according to signal change";\n'
line 114:120 token recognition error at: '\'
line 114:182 token recognition error at: '' = 0 "Specification of delay according to signal change";\n'
line 115:120 token recognition error at: '\'
line 115:182 token recognition error at: '' = -1 "Specification of delay according to signal change";\n'
line 116:120 token recognition error at: '\'
line 116:182 token recognition error at: '' = 1 "Specification of delay according to signal change";\n'
line 117:120 token recognition error at: '\'
line 117:182 token recognition error at: '' = 0 "Specification of delay according to signal change";\n'
line 118:120 token recognition error at: '\'
line 118:182 token recognition error at: '' = 0 "Specification of delay according to signal change";\n'
line 119:120 token recognition error at: '\'
line 119:182 token recognition error at: '' = 0 "Specification of delay according to signal change";\n'
line 120:120 token recognition error at: '\'
line 120:182 token recognition error at: '' = -1 "Specification of delay according to signal change";\n'
line 121:120 token recognition error at: '\'
line 121:182 token recognition error at: '' = 1 "Specification of delay according to signal change";\n'
line 122:120 token recognition error at: '\'
line 122:182 token recognition error at: '' = 0 "Specification of delay according to signal change";\n'
line 123:120 token recognition error at: '\'
line 123:182 token recognition error at: '' = 0 "Specification of delay according to signal change";\n'
line 124:120 token recognition error at: '\'
line 124:182 token recognition error at: '' = -1 "Specification of delay according to signal change";\n'
line 125:120 token recognition error at: '\'
line 125:182 token recognition error at: '' = 1 "Specification of delay according to signal change";\n'
line 126:120 token recognition error at: '\'
line 126:182 token recognition error at: '' = 0 "Specification of delay according to signal change";\n'
line 127:120 token recognition error at: '\'
line 127:182 token recognition error at: '' = 1 "Specification of delay according to signal change";\n'
line 128:120 token recognition error at: '\'
line 128:182 token recognition error at: '' = 1 "Specification of delay according to signal change";\n'
line 129:120 token recognition error at: '\'
line 129:182 token recognition error at: '' = 0 "Specification of delay according to signal change";\n'
line 130:120 token recognition error at: '\'
line 130:182 token recognition error at: '' = 1 "Specification of delay according to signal change";\n'
line 131:120 token recognition error at: '\'
line 131:182 token recognition error at: '' = 1 "Specification of delay according to signal change";\n'
line 132:120 token recognition error at: '\'
line 132:182 token recognition error at: '' = 1 "Specification of delay according to signal change";\n'
line 133:120 token recognition error at: '\'
line 133:182 token recognition error at: '' = 0 "Specification of delay according to signal change";\n'
line 134:120 token recognition error at: '\'
line 134:182 token recognition error at: '' = 1 "Specification of delay according to signal change";\n'
line 135:120 token recognition error at: '\'
line 135:182 token recognition error at: '' = 1 "Specification of delay according to signal change";\n'
line 136:120 token recognition error at: '\'
line 136:182 token recognition error at: '' = -1 "Specification of delay according to signal change";\n'
line 137:120 token recognition error at: '\'
line 137:182 token recognition error at: '' = -1 "Specification of delay according to signal change";\n'
line 138:120 token recognition error at: '\'
line 138:182 token recognition error at: '' = -1 "Specification of delay according to signal change";\n'
line 139:120 token recognition error at: '\'
line 139:182 token recognition error at: '' = 0 "Specification of delay according to signal change";\n'
line 140:120 token recognition error at: '\'
line 140:182 token recognition error at: '' = -1 "Specification of delay according to signal change";\n'
line 141:120 token recognition error at: '\'
line 141:182 token recognition error at: '' = -1 "Specification of delay according to signal change";\n'
line 142:120 token recognition error at: '\'
line 142:182 token recognition error at: '' = -1 "Specification of delay according to signal change";\n'
line 143:120 token recognition error at: '\'
line 143:182 token recognition error at: '' = 0 "Specification of delay according to signal change";\n'
line 144:120 token recognition error at: '\'
line 144:182 token recognition error at: '' = -1 "Specification of delay according to signal change";\n'
line 145:120 token recognition error at: '\'
line 145:182 token recognition error at: '' = 0 "Specification of delay according to signal change";\n'
line 146:120 token recognition error at: '\'
line 146:182 token recognition error at: '' = 0 "Specification of delay according to signal change";\n'
line 147:120 token recognition error at: '\'
line 147:182 token recognition error at: '' = -1 "Specification of delay according to signal change";\n'
line 148:120 token recognition error at: '\'
line 148:182 token recognition error at: '' = 1 "Specification of delay according to signal change";\n'
line 149:120 token recognition error at: '\'
line 149:182 token recognition error at: '' = 0 "Specification of delay according to signal change";\n'
line 150:120 token recognition error at: '\'
line 150:182 token recognition error at: '' = 0 "Specification of delay according to signal change";\n'
line 151:120 token recognition error at: '\'
line 151:182 token recognition error at: '' = -1 "Specification of delay according to signal change";\n'
line 152:120 token recognition error at: '\'
line 152:182 token recognition error at: '' = 1 "Specification of delay according to signal change";\n'
line 153:120 token recognition error at: '\'
line 153:182 token recognition error at: '' = 0 "Specification of delay according to signal change";\n'
line 164:120 token recognition error at: '\'
line 164:182 token recognition error at: '' = 0 "Specification of delay according to signal change";\n'
line 165:120 token recognition error at: '\'
line 165:182 token recognition error at: '' = 0 "Specification of delay according to signal change";\n'
line 166:120 token recognition error at: '\'
line 166:182 token recognition error at: '' = -1 "Specification of delay according to signal change";\n'
line 167:120 token recognition error at: '\'
line 167:182 token recognition error at: '' = 1 "Specification of delay according to signal change";\n'
line 168:120 token recognition error at: '\'
line 168:182 token recognition error at: '' = 0 "Specification of delay according to signal change";\n'
line 169:120 token recognition error at: '\'
line 169:182 token recognition error at: '' = 0 "Specification of delay according to signal change";\n'
line 170:120 token recognition error at: '\'
line 170:182 token recognition error at: '' = -1 "Specification of delay according to signal change";\n'
line 171:120 token recognition error at: '\'
line 171:182 token recognition error at: '' = 1 "Specification of delay according to signal change";\n'
line 172:120 token recognition error at: '\'
line 172:182 token recognition error at: '' = 0 "Specification of delay according to signal change";\n'
line 173:120 token recognition error at: '\'
line 173:182 token recognition error at: '' = 0 "Specification of delay according to signal change";\n'
line 174:120 token recognition error at: '\'
line 174:182 token recognition error at: '' = 0 "Specification of delay according to signal change";\n'
line 175:120 token recognition error at: '\'
line 175:182 token recognition error at: '' = -1 "Specification of delay according to signal change";\n'
line 176:120 token recognition error at: '\'
line 176:182 token recognition error at: '' = 1 "Specification of delay according to signal change";\n'
line 177:120 token recognition error at: '\'
line 177:182 token recognition error at: '' = 0 "Specification of delay according to signal change";\n'
line 178:120 token recognition error at: '\'
line 178:182 token recognition error at: '' = 0 "Specification of delay according to signal change";\n'
line 179:120 token recognition error at: '\'
line 179:182 token recognition error at: '' = -1 "Specification of delay according to signal change";\n'
line 180:120 token recognition error at: '\'
line 180:182 token recognition error at: '' = 1 "Specification of delay according to signal change";\n'
line 181:120 token recognition error at: '\'
line 181:182 token recognition error at: '' = 0 "Specification of delay according to signal change";\n'
line 182:120 token recognition error at: '\'
line 182:182 token recognition error at: '' = 1 "Specification of delay according to signal change";\n'
line 183:120 token recognition error at: '\'
line 183:182 token recognition error at: '' = 1 "Specification of delay according to signal change";\n'
line 184:120 token recognition error at: '\'
line 184:182 token recognition error at: '' = 0 "Specification of delay according to signal change";\n'
line 185:120 token recognition error at: '\'
line 185:182 token recognition error at: '' = 1 "Specification of delay according to signal change";\n'
line 186:120 token recognition error at: '\'
line 186:182 token recognition error at: '' = 1 "Specification of delay according to signal change";\n'
line 187:120 token recognition error at: '\'
line 187:182 token recognition error at: '' = 1 "Specification of delay according to signal change";\n'
line 188:120 token recognition error at: '\'
line 188:182 token recognition error at: '' = 0 "Specification of delay according to signal change";\n'
line 189:120 token recognition error at: '\'
line 189:182 token recognition error at: '' = 1 "Specification of delay according to signal change";\n'
line 190:120 token recognition error at: '\'
line 190:182 token recognition error at: '' = 1 "Specification of delay according to signal change";\n'
line 191:120 token recognition error at: '\'
line 191:182 token recognition error at: '' = -1 "Specification of delay according to signal change";\n'
line 192:120 token recognition error at: '\'
line 192:182 token recognition error at: '' = -1 "Specification of delay according to signal change";\n'
line 193:120 token recognition error at: '\'
line 193:182 token recognition error at: '' = -1 "Specification of delay according to signal change";\n'
line 194:120 token recognition error at: '\'
line 194:182 token recognition error at: '' = 0 "Specification of delay according to signal change";\n'
line 195:120 token recognition error at: '\'
line 195:182 token recognition error at: '' = -1 "Specification of delay according to signal change";\n'
line 196:120 token recognition error at: '\'
line 196:182 token recognition error at: '' = -1 "Specification of delay according to signal change";\n'
line 197:120 token recognition error at: '\'
line 197:182 token recognition error at: '' = -1 "Specification of delay according to signal change";\n'
line 198:120 token recognition error at: '\'
line 198:182 token recognition error at: '' = 0 "Specification of delay according to signal change";\n'
line 199:120 token recognition error at: '\'
line 199:182 token recognition error at: '' = -1 "Specification of delay according to signal change";\n'
line 200:120 token recognition error at: '\'
line 200:182 token recognition error at: '' = 0 "Specification of delay according to signal change";\n'
line 201:120 token recognition error at: '\'
line 201:182 token recognition error at: '' = 0 "Specification of delay according to signal change";\n'
line 202:120 token recognition error at: '\'
line 202:182 token recognition error at: '' = -1 "Specification of delay according to signal change";\n'
line 203:120 token recognition error at: '\'
line 203:182 token recognition error at: '' = 1 "Specification of delay according to signal change";\n'
line 204:120 token recognition error at: '\'
line 204:182 token recognition error at: '' = 0 "Specification of delay according to signal change";\n'
line 205:120 token recognition error at: '\'
line 205:182 token recognition error at: '' = 0 "Specification of delay according to signal change";\n'
line 206:120 token recognition error at: '\'
line 206:182 token recognition error at: '' = -1 "Specification of delay according to signal change";\n'
line 207:120 token recognition error at: '\'
line 207:182 token recognition error at: '' = 1 "Specification of delay according to signal change";\n'
line 208:120 token recognition error at: '\'
line 208:182 token recognition error at: '' = 0 "Specification of delay according to signal change";\n'
line 209:120 token recognition error at: '\'
line 209:182 token recognition error at: '' = 0 "Specification of delay according to signal change";\n'
line 210:120 token recognition error at: '\'
line 210:182 token recognition error at: '' = 0 "Specification of delay according to signal change";\n'
line 211:120 token recognition error at: '\'
line 211:182 token recognition error at: '' = -1 "Specification of delay according to signal change";\n'
line 212:120 token recognition error at: '\'
line 212:182 token recognition error at: '' = 1 "Specification of delay according to signal change";\n'
line 213:120 token recognition error at: '\'
line 213:182 token recognition error at: '' = 0 "Specification of delay according to signal change";\n'
line 214:120 token recognition error at: '\'
line 214:182 token recognition error at: '' = 0 "Specification of delay according to signal change";\n'
line 215:120 token recognition error at: '\'
line 215:182 token recognition error at: '' = -1 "Specification of delay according to signal change";\n'
line 216:120 token recognition error at: '\'
line 216:182 token recognition error at: '' = 1 "Specification of delay according to signal change";\n'
line 217:120 token recognition error at: '\'
line 217:182 token recognition error at: '' = 0 "Specification of delay according to signal change";\n'
line 218:120 token recognition error at: '\'
line 218:182 token recognition error at: '' = 1 "Specification of delay according to signal change";\n'
line 219:120 token recognition error at: '\'
line 219:182 token recognition error at: '' = 1 "Specification of delay according to signal change";\n'
line 220:120 token recognition error at: '\'
line 220:182 token recognition error at: '' = 0 "Specification of delay according to signal change";\n'
line 221:120 token recognition error at: '\'
line 221:182 token recognition error at: '' = 1 "Specification of delay according to signal change";\n'
line 222:120 token recognition error at: '\'
line 222:182 token recognition error at: '' = 1 "Specification of delay according to signal change";\n'
line 223:120 token recognition error at: '\'
line 223:182 token recognition error at: '' = 1 "Specification of delay according to signal change";\n'
line 224:120 token recognition error at: '\'
line 224:182 token recognition error at: '' = 0 "Specification of delay according to signal change";\n'
line 225:120 token recognition error at: '\'
line 225:182 token recognition error at: '' = 1 "Specification of delay according to signal change";\n'
line 226:120 token recognition error at: '\'
line 226:182 token recognition error at: '' = 1 "Specification of delay according to signal change";\n'
line 227:120 token recognition error at: '\'
line 227:182 token recognition error at: '' = -1 "Specification of delay according to signal change";\n'
line 228:120 token recognition error at: '\'
line 228:182 token recognition error at: '' = -1 "Specification of delay according to signal change";\n'
line 229:120 token recognition error at: '\'
line 229:182 token recognition error at: '' = -1 "Specification of delay according to signal change";\n'
line 230:120 token recognition error at: '\'
line 230:182 token recognition error at: '' = 0 "Specification of delay according to signal change";\n'
line 231:120 token recognition error at: '\'
line 231:182 token recognition error at: '' = -1 "Specification of delay according to signal change";\n'
line 232:120 token recognition error at: '\'
line 232:182 token recognition error at: '' = -1 "Specification of delay according to signal change";\n'
line 233:120 token recognition error at: '\'
line 233:182 token recognition error at: '' = -1 "Specification of delay according to signal change";\n'
line 234:120 token recognition error at: '\'
line 234:182 token recognition error at: '' = 0 "Specification of delay according to signal change";\n'
line 235:120 token recognition error at: '\'
line 235:182 token recognition error at: '' = -1 "Specification of delay according to signal change";\n'
line 236:120 token recognition error at: '\'
line 236:182 token recognition error at: '' = 0 "Specification of delay according to signal change";\n'
line 237:120 token recognition error at: '\'
line 237:182 token recognition error at: '' = 0 "Specification of delay according to signal change";\n'
line 238:120 token recognition error at: '\'
line 238:182 token recognition error at: '' = -1 "Specification of delay according to signal change";\n'
line 239:120 token recognition error at: '\'
line 239:182 token recognition error at: '' = 1 "Specification of delay according to signal change";\n'
line 240:120 token recognition error at: '\'
line 240:182 token recognition error at: '' = 0 "Specification of delay according to signal change";\n'
line 241:120 token recognition error at: '\'
line 241:182 token recognition error at: '' = 0 "Specification of delay according to signal change";\n'
line 242:120 token recognition error at: '\'
line 242:182 token recognition error at: '' = -1 "Specification of delay according to signal change";\n'
line 243:120 token recognition error at: '\'
line 243:182 token recognition error at: '' = 1 "Specification of delay according to signal change";\n'
line 244:120 token recognition error at: '\'
line 244:182 token recognition error at: '' = 0 "Specification of delay according to signal change";\n'
line 256:92 token recognition error at: '\'
line 256:99 token recognition error at: '' = 1 "Function selection, defaults for high active reset";\n'
line 257:92 token recognition error at: '\'
line 257:99 token recognition error at: '' = 4 "Function selection, defaults for high active reset";\n'
line 258:92 token recognition error at: '\'
line 258:99 token recognition error at: '' = 3 "Function selection, defaults for high active reset";\n'
line 259:92 token recognition error at: '\'
line 259:99 token recognition error at: '' = 2 "Function selection, defaults for high active reset";\n'
line 260:92 token recognition error at: '\'
line 260:99 token recognition error at: '' = 4 "Function selection, defaults for high active reset";\n'
line 261:92 token recognition error at: '\'
line 261:99 token recognition error at: '' = 4 "Function selection, defaults for high active reset";\n'
line 262:92 token recognition error at: '\'
line 262:99 token recognition error at: '' = 3 "Function selection, defaults for high active reset";\n'
line 263:92 token recognition error at: '\'
line 263:99 token recognition error at: '' = 2 "Function selection, defaults for high active reset";\n'
line 264:92 token recognition error at: '\'
line 264:99 token recognition error at: '' = 4 "Function selection, defaults for high active reset";\n'

--- Error ---
Could not evaluate value of parameter var"clock.y". Missing values for variables in expression var"clock.y".
Stacktrace:
  [1] error(s::LazyString)
    @ Base ./error.jl:44
  [2] ModelingToolkitBase.MTKParameters(sys::ModelingToolkitBase.System, op::ModelingToolkitBase.AtomicArrayDict{SymbolicUtils.BasicSymbolicImpl.var"typeof(BasicSymbolicImpl)"{SymbolicUtils.SymReal}, Dict{SymbolicUtils.BasicSymbolicImpl.var"typeof(BasicSymbolicImpl)"{SymbolicUtils.SymReal}, SymbolicUtils.BasicSymbolicImpl.var"typeof(BasicSymbolicImpl)"{SymbolicUtils.SymReal}}}; tofloat::Bool, t0::Nothing, substitution_limit::Int64, floatT::Type, p_constructor::Function, fast_path::Bool)
    @ ModelingToolkitBase ~/.julia/packages/ModelingToolkitBase/yP1tD/src/systems/parameter_buffer.jl:187
  [3] process_SciMLProblem(constructor::Type, sys::ModelingToolkitBase.System, op::ModelingToolkitBase.AtomicArrayDict{SymbolicUtils.BasicSymbolicImpl.var"typeof(BasicSymbolicImpl)"{SymbolicUtils.SymReal}, Dict{SymbolicUtils.BasicSymbolicImpl.var"typeof(BasicSymbolicImpl)"{SymbolicUtils.SymReal}, SymbolicUtils.BasicSymbolicImpl.var"typeof(BasicSymbolicImpl)"{SymbolicUtils.SymReal}}}; build_initializeprob::Bool, implicit_dae::Bool, t::Nothing, guesses::Dict{Any, Any}, warn_initialize_determined::Bool, initialization_eqs::Vector{Any}, eval_expression::Bool, eval_module::Module, fully_determined::Nothing, check_initialization_units::Bool, u0_eltype::Nothing, tofloat::Bool, u0_constructor::typeof(identity), p_constructor::typeof(identity), check_length::Bool, symbolic_u0::Bool, warn_cyclic_dependency::Bool, circular_dependency_max_cycle_length::Int64, circular_dependency_max_cycles::Int64, initsys_mtkcompile_kwargs::@NamedTuple{}, substitution_limit::Int64, use_scc::Bool, time_dependent_init::Bool, algebraic_only::Bool, missing_guess_value::ModelingToolkitBase.MissingGuessValue.var"typeof(MissingGuessValue)", allow_incomplete::Bool, is_initializeprob::Bool, is_steadystateprob::Bool, return_operating_point::Bool, kwargs::@Kwargs{check_compatibility::Bool, expression::DataType})
    @ ModelingToolkitBase ~/.julia/packages/ModelingToolkitBase/yP1tD/src/systems/problem_utils.jl:1641
  [4] (SciMLBase.NonlinearProblem{true, SciMLBase.AutoSpecialize})(sys::ModelingToolkitBase.System, op::ModelingToolkitBase.AtomicArrayDict{SymbolicUtils.BasicSymbolicImpl.var"typeof(BasicSymbolicImpl)"{SymbolicUtils.SymReal}, Dict{SymbolicUtils.BasicSymbolicImpl.var"typeof(BasicSymbolicImpl)"{SymbolicUtils.SymReal}, SymbolicUtils.BasicSymbolicImpl.var"typeof(BasicSymbolicImpl)"{SymbolicUtils.SymReal}}}; expression::Type, check_length::Bool, check_compatibility::Bool, kwargs::@Kwargs{use_scc::Bool, u0_constructor::typeof(identity), p_constructor::typeof(identity), eval_expression::Bool, eval_module::Module, missing_guess_value::ModelingToolkitBase.MissingGuessValue.var"typeof(MissingGuessValue)", warn_cyclic_dependency::Bool, circular_dependency_max_cycle_length::Int64, circular_dependency_max_cycles::Int64, build_initializeprob::Bool, is_initializeprob::Bool})
    @ ModelingToolkitBase ~/.julia/packages/ModelingToolkitBase/yP1tD/src/problems/nonlinearproblem.jl:74
  [5] NonlinearProblem
    @ ~/.julia/packages/ModelingToolkitBase/yP1tD/src/problems/nonlinearproblem.jl:64 [inlined]
  [6] #_#854
    @ ./none:-1 [inlined]
  [7] ModelingToolkitBase.InitializationProblem{true, SciMLBase.AutoSpecialize}(sys::ModelingToolkitBase.System, t::Float64, op::ModelingToolkitBase.AtomicArrayDict{SymbolicUtils.BasicSymbolicImpl.var"typeof(BasicSymbolicImpl)"{SymbolicUtils.SymReal}, Dict{SymbolicUtils.BasicSymbolicImpl.var"typeof(BasicSymbolicImpl)"{SymbolicUtils.SymReal}, SymbolicUtils.BasicSymbolicImpl.var"typeof(BasicSymbolicImpl)"{SymbolicUtils.SymReal}}}; fast_path::Bool, guesses::Dict{Any, Any}, check_length::Bool, warn_initialize_determined::Bool, initialization_eqs::Vector{Any}, fully_determined::Nothing, check_units::Bool, allow_incomplete::Bool, algebraic_only::Bool, time_dependent_init::Bool, initsys_mtkcompile_kwargs::@NamedTuple{}, is_steadystateprob::Bool, kwargs::@Kwargs{use_scc::Bool, u0_constructor::typeof(identity), p_constructor::typeof(identity), eval_expression::Bool, eval_module::Module, missing_guess_value::ModelingToolkitBase.MissingGuessValue.var"typeof(MissingGuessValue)", warn_cyclic_dependency::Bool, circular_dependency_max_cycle_length::Int64, circular_dependency_max_cycles::Int64, check_compatibility::Bool})
    @ ModelingToolkitBase ~/.julia/packages/ModelingToolkitBase/yP1tD/src/problems/initializationproblem.jl:125
  [8] InitializationProblem
    @ ~/.julia/packages/ModelingToolkitBase/yP1tD/src/problems/initializationproblem.jl:22 [inlined]
  [9] #_#925
    @ ./none:-1 [inlined]
 [10] maybe_build_initialization_problem(sys::ModelingToolkitBase.System, iip::Bool, op::ModelingToolkitBase.AtomicArrayDict{SymbolicUtils.BasicSymbolicImpl.var"typeof(BasicSymbolicImpl)"{SymbolicUtils.SymReal}, Dict{SymbolicUtils.BasicSymbolicImpl.var"typeof(BasicSymbolicImpl)"{SymbolicUtils.SymReal}, SymbolicUtils.BasicSymbolicImpl.var"typeof(BasicSymbolicImpl)"{SymbolicUtils.SymReal}}}, t::Float64, guesses::Dict{Any, Any}; time_dependent_init::Bool, u0_constructor::Function, p_constructor::Function, floatT::Type, initialization_eqs::Vector{Any}, use_scc::Bool, eval_expression::Bool, eval_module::Module, missing_guess_value::ModelingToolkitBase.MissingGuessValue.var"typeof(MissingGuessValue)", implicit_dae::Bool, is_steadystateprob::Bool, expression::Type, kwargs::@Kwargs{initsys_mtkcompile_kwargs::@NamedTuple{}, warn_initialize_determined::Bool, fully_determined::Nothing, warn_cyclic_dependency::Bool, check_units::Bool, circular_dependency_max_cycle_length::Int64, circular_dependency_max_cycles::Int64, algebraic_only::Bool, allow_incomplete::Bool, check_compatibility::Bool})
    @ ModelingToolkitBase ~/.julia/packages/ModelingToolkitBase/yP1tD/src/systems/problem_utils.jl:1186
 [11] process_SciMLProblem(constructor::Type, sys::ModelingToolkitBase.System, op::Vector{Any}; build_initializeprob::Bool, implicit_dae::Bool, t::Float64, guesses::Dict{Any, Any}, warn_initialize_determined::Bool, initialization_eqs::Vector{Any}, eval_expression::Bool, eval_module::Module, fully_determined::Nothing, check_initialization_units::Bool, u0_eltype::Nothing, tofloat::Bool, u0_constructor::typeof(identity), p_constructor::typeof(identity), check_length::Bool, symbolic_u0::Bool, warn_cyclic_dependency::Bool, circular_dependency_max_cycle_length::Int64, circular_dependency_max_cycles::Int64, initsys_mtkcompile_kwargs::@NamedTuple{}, substitution_limit::Int64, use_scc::Bool, time_dependent_init::Bool, algebraic_only::Bool, missing_guess_value::ModelingToolkitBase.MissingGuessValue.var"typeof(MissingGuessValue)", allow_incomplete::Bool, is_initializeprob::Bool, is_steadystateprob::Bool, return_operating_point::Bool, kwargs::@Kwargs{expression::DataType, check_compatibility::Bool})
    @ ModelingToolkitBase ~/.julia/packages/ModelingToolkitBase/yP1tD/src/systems/problem_utils.jl:1555
 [12] (SciMLBase.ODEProblem{true, SciMLBase.AutoSpecialize})(sys::ModelingToolkitBase.System, op::Any, tspan::Tuple{Float64, Float64}; callback::Any, check_length::Bool, eval_expression::Bool, expression::Type, eval_module::Module, check_compatibility::Bool, _skip_events::Bool, kwargs::@Kwargs{missing_guess_value::ModelingToolkitBase.MissingGuessValue.var"typeof(MissingGuessValue)"})
    @ ModelingToolkitBase ~/.julia/packages/ModelingToolkitBase/yP1tD/src/problems/odeproblem.jl:110
 [13] create_odeproblem(filename::String; parser::Symbol, u0::Vector{Any}, kwargs::@Kwargs{})
    @ BaseModelica ~/.julia/packages/BaseModelica/G7VqY/src/BaseModelica.jl:149
 [14] create_odeproblem
    @ ~/.julia/packages/BaseModelica/G7VqY/src/BaseModelica.jl:149 [inlined]
 [15] #run_parse##4
    @ ~/work/BaseModelicaLibraryTesting.jl/BaseModelicaLibraryTesting.jl/src/parse_bm.jl:34 [inlined]
 [16] with_logstate(f::BaseModelicaLibraryTesting.var"#run_parse##4#run_parse##5"{String}, logstate::Base.CoreLogging.LogState)
    @ Base.CoreLogging ./logging/logging.jl:542
 [17] (::Base.RedirectStdStream)(thunk::BaseModelicaLibraryTesting.var"#run_parse##2#run_parse##3"{String, Base.CoreLogging.SimpleLogger}, stream::Pipe)
    @ Base ./stream.jl:1457
 [18] #run_parse##0
    @ ~/work/BaseModelicaLibraryTesting.jl/BaseModelicaLibraryTesting.jl/src/parse_bm.jl:32 [inlined]
 [19] (::Base.RedirectStdStream)(thunk::BaseModelicaLibraryTesting.var"#run_parse##0#run_parse##1"{String, Base.CoreLogging.SimpleLogger, Pipe}, stream::Pipe)
    @ Base ./stream.jl:1464
 [20] run_parse(bm_path::String, model_dir::String, model::String)
    @ BaseModelicaLibraryTesting ~/work/BaseModelicaLibraryTesting.jl/BaseModelicaLibraryTesting.jl/src/parse_bm.jl:31
 [21] test_model(omc::OMJulia.OMCSession, model::String, results_root::String, ref_root::String; csv_max_size_mb::Int64)
    @ BaseModelicaLibraryTesting ~/work/BaseModelicaLibraryTesting.jl/BaseModelicaLibraryTesting.jl/src/pipeline.jl:75
 [22] test_model
    @ ~/work/BaseModelicaLibraryTesting.jl/BaseModelicaLibraryTesting.jl/src/pipeline.jl:60 [inlined]
 [23] main(; library::String, version::String, filter::Nothing, omc_exe::String, results_root::String, ref_root::String, bm_options::String, csv_max_size_mb::Int64)
    @ BaseModelicaLibraryTesting ~/work/BaseModelicaLibraryTesting.jl/BaseModelicaLibraryTesting.jl/src/pipeline.jl:189
 [24] top-level scope
    @ none:3
 [25] eval(m::Module, e::Any)
    @ Core ./boot.jl:489
 [26] exec_options(opts::Base.JLOptions)
    @ Base ./client.jl:283
 [27] _start()
    @ Base ./client.jl:550
