Model:   Modelica.Media.Examples.SolveOneNonlinearEquation.Inverse_sh_T
Time:    0.0 s
Success: false

--- Error ---
UndefVarError: `create_odeproblem` not defined in `BaseModelica`
Suggestion: check for spelling errors or missing imports.
Stacktrace:
  [1] getproperty
    @ ./Base_compiler.jl:47 [inlined]
  [2] run_parse(bm_path::String, model_dir::String, model::String)
    @ BaseModelicaLibraryTesting ~/workdir/OM/BaseModelicaLibraryTesting/src/parse_bm.jl:24
  [3] test_model(omc::OMJulia.OMCSession, model::String, results_root::String, ref_root::String)
    @ BaseModelicaLibraryTesting ~/workdir/OM/BaseModelicaLibraryTesting/src/pipeline.jl:23
  [4] main(; library::String, version::String, filter::Nothing, omc_exe::String, results_root::String, ref_root::String)
    @ BaseModelicaLibraryTesting ~/workdir/OM/BaseModelicaLibraryTesting/src/pipeline.jl:125
  [5] top-level scope
    @ REPL[6]:1
  [6] __repl_entry_eval_expanded_with_loc(mod::Module, ast::Any, toplevel_file::Ref{Ptr{UInt8}}, toplevel_line::Ref{Int32})
    @ REPL ~/.julia/juliaup/julia-1.12.5+0.x64.linux.gnu/share/julia/stdlib/v1.12/REPL/src/REPL.jl:301
  [7] toplevel_eval_with_hooks(mod::Module, ast::Any, toplevel_file::Any, toplevel_line::Any)
    @ REPL ~/.julia/juliaup/julia-1.12.5+0.x64.linux.gnu/share/julia/stdlib/v1.12/REPL/src/REPL.jl:308
  [8] toplevel_eval_with_hooks(mod::Module, ast::Any, toplevel_file::Any, toplevel_line::Any) (repeats 2 times)
    @ REPL ~/.julia/juliaup/julia-1.12.5+0.x64.linux.gnu/share/julia/stdlib/v1.12/REPL/src/REPL.jl:312
  [9] toplevel_eval_with_hooks
    @ ~/.julia/juliaup/julia-1.12.5+0.x64.linux.gnu/share/julia/stdlib/v1.12/REPL/src/REPL.jl:305 [inlined]
 [10] eval_user_input(ast::Any, backend::REPL.REPLBackend, mod::Module)
    @ REPL ~/.julia/juliaup/julia-1.12.5+0.x64.linux.gnu/share/julia/stdlib/v1.12/REPL/src/REPL.jl:330
 [11] repl_backend_loop(backend::REPL.REPLBackend, get_module::Function)
    @ REPL ~/.julia/juliaup/julia-1.12.5+0.x64.linux.gnu/share/julia/stdlib/v1.12/REPL/src/REPL.jl:452
 [12] start_repl_backend(backend::REPL.REPLBackend, consumer::Any; get_module::Function)
    @ REPL ~/.julia/juliaup/julia-1.12.5+0.x64.linux.gnu/share/julia/stdlib/v1.12/REPL/src/REPL.jl:427
 [13] start_repl_backend
    @ ~/.julia/juliaup/julia-1.12.5+0.x64.linux.gnu/share/julia/stdlib/v1.12/REPL/src/REPL.jl:424 [inlined]
 [14] run_repl(repl::REPL.AbstractREPL, consumer::Any; backend_on_current_task::Bool, backend::Any)
    @ REPL ~/.julia/juliaup/julia-1.12.5+0.x64.linux.gnu/share/julia/stdlib/v1.12/REPL/src/REPL.jl:653
 [15] run_repl(repl::REPL.AbstractREPL, consumer::Any)
    @ REPL ~/.julia/juliaup/julia-1.12.5+0.x64.linux.gnu/share/julia/stdlib/v1.12/REPL/src/REPL.jl:639
 [16] run_std_repl(REPL::Module, quiet::Bool, banner::Symbol, history_file::Bool)
    @ Base ./client.jl:478
 [17] run_main_repl(interactive::Bool, quiet::Bool, banner::Symbol, history_file::Bool)
    @ Base ./client.jl:499
 [18] repl_main
    @ ./client.jl:586 [inlined]
 [19] _start()
    @ Base ./client.jl:561
