Model:   Modelica.Blocks.Examples.BooleanNetwork1
Time:    0.224 s
Success: false

--- Error ---
MethodError: no method matching !(::SymbolicUtils.BasicSymbolicImpl.var"typeof(BasicSymbolicImpl)"{SymbolicUtils.SymReal})
This error has been manually thrown, explicitly, so the method may exist but be intentionally marked as unimplemented.

Closest candidates are:
  !(::SymbolicUtils.BasicSymbolicImpl.var"typeof(BasicSymbolicImpl)"{T}) where T
   @ SymbolicUtils ~/.julia/packages/SymbolicUtils/OjG8E/src/methods.jl:598
  !(!Matched::Bool)
   @ Base bool.jl:37
  !(!Matched::Missing)
   @ Base missing.jl:101
  ...

Stacktrace:
  [1] !(s::SymbolicUtils.BasicSymbolicImpl.var"typeof(BasicSymbolicImpl)"{SymbolicUtils.SymReal})
    @ SymbolicUtils ~/.julia/packages/SymbolicUtils/OjG8E/src/methods.jl:601
  [2] !(x::Symbolics.Num)
    @ Symbolics ~/.julia/packages/Symbolics/29fkz/src/num.jl:270
  [3] eval_AST(expr::BaseModelica.BaseModelicaNot)
    @ BaseModelica ~/.julia/packages/BaseModelica/bGd9z/src/evaluator.jl:33
  [4] eval_AST(model::BaseModelica.BaseModelicaModel)
    @ BaseModelica ~/.julia/packages/BaseModelica/bGd9z/src/evaluator.jl:373
  [5] eval_AST(package::BaseModelica.BaseModelicaPackage)
    @ BaseModelica ~/.julia/packages/BaseModelica/bGd9z/src/evaluator.jl:500
  [6] baseModelica_to_ModelingToolkit
    @ ~/.julia/packages/BaseModelica/bGd9z/src/evaluator.jl:541 [inlined]
  [7] create_odeproblem(filename::String; parser::Symbol, u0::Vector{Any}, kwargs::@Kwargs{})
    @ BaseModelica ~/.julia/packages/BaseModelica/bGd9z/src/BaseModelica.jl:160
  [8] create_odeproblem
    @ ~/.julia/packages/BaseModelica/bGd9z/src/BaseModelica.jl:149 [inlined]
  [9] run_parse(bm_path::String, model_dir::String, model::String)
    @ BaseModelicaLibraryTesting ~/work/BaseModelicaLibraryTesting.jl/BaseModelicaLibraryTesting.jl/src/parse_bm.jl:24
 [10] test_model(omc::OMJulia.OMCSession, model::String, results_root::String, ref_root::String)
    @ BaseModelicaLibraryTesting ~/work/BaseModelicaLibraryTesting.jl/BaseModelicaLibraryTesting.jl/src/pipeline.jl:23
 [11] main(; library::String, version::String, filter::Nothing, omc_exe::String, results_root::String, ref_root::String)
    @ BaseModelicaLibraryTesting ~/work/BaseModelicaLibraryTesting.jl/BaseModelicaLibraryTesting.jl/src/pipeline.jl:125
 [12] top-level scope
    @ none:3
 [13] eval(m::Module, e::Any)
    @ Core ./boot.jl:489
 [14] exec_options(opts::Base.JLOptions)
    @ Base ./client.jl:283
 [15] _start()
    @ Base ./client.jl:550
