Model:   Modelica.Mechanics.MultiBody.Examples.Constraints.PrismaticConstraint
Time:    2.919 s
Success: false

--- Parser output ---
line 5:17 missing IDENT at '['
line 5:21 missing ';' at ''sequence''
line 5:31 extraneous input '(' expecting IDENT
line 5:64 mismatched input ')' expecting ';'
line 6:4 extraneous input 'input' expecting {'model', 'type', 'operator', 'record', 'pure', 'constant', 'impure', 'function', '@'}
line 40:14 missing IDENT at '['
line 40:18 extraneous input ''n_x'' expecting ';'
line 41:14 missing IDENT at '['
line 41:18 extraneous input ''n_y'' expecting ';'
line 42:15 missing IDENT at '['
line 42:22 extraneous input ''T'' expecting ';'
line 43:8 missing IDENT at '['
line 43:12 missing ';' at ''e_x''
line 43:17 extraneous input '(' expecting IDENT
line 43:23 missing ';' at 'unit'
line 43:28 missing IDENT at '='
line 43:33 mismatched input ')' expecting ';'
line 44:4 extraneous input 'Real' expecting {'model', 'type', 'operator', 'record', 'pure', 'constant', 'impure', 'function', '@'}
line 62:8 missing IDENT at '['
line 62:15 extraneous input ''T'' expecting ';'
line 63:8 missing IDENT at '['
line 63:12 missing ';' at ''w''
line 63:15 extraneous input '(' expecting IDENT
line 63:78 extraneous input ')' expecting ';'

--- Error ---
MethodError: no method matching *(::Nothing, ::Nothing)
The function `*` exists, but no method is defined for this combination of argument types.

Closest candidates are:
  *(::Any, ::Any, !Matched::Any, !Matched::Any...)
   @ Base operators.jl:642
  *(!Matched::ChainRulesCore.NotImplemented, ::Any)
   @ ChainRulesCore ~/.julia/packages/ChainRulesCore/Vsbj9/src/tangent_arithmetic.jl:37
  *(!Matched::Symbolics.Differential, ::Any)
   @ Symbolics ~/.julia/packages/Symbolics/eUt8E/src/diff.jl:77
  ...

Stacktrace:
  [1] eval_AST(expr::BaseModelica.BaseModelicaProd)
    @ BaseModelica ~/.julia/packages/BaseModelica/G7VqY/src/evaluator.jl:31
  [2] eval_AST(expr::BaseModelica.BaseModelicaSum) (repeats 3 times)
    @ BaseModelica ~/.julia/packages/BaseModelica/G7VqY/src/evaluator.jl:28
  [3] eval_AST(eq::BaseModelica.BaseModelicaSimpleEquation)
    @ BaseModelica ~/.julia/packages/BaseModelica/G7VqY/src/evaluator.jl:117
  [4] eval_AST(eq::BaseModelica.BaseModelicaAnyEquation)
    @ BaseModelica ~/.julia/packages/BaseModelica/G7VqY/src/evaluator.jl:75
  [5] (::BaseModelica.var"#eval_AST##6#eval_AST##7")(eq::BaseModelica.BaseModelicaAnyEquation)
    @ BaseModelica ./none:-1
  [6] iterate
    @ ./generator.jl:48 [inlined]
  [7] collect_to!(dest::Vector{Symbolics.Equation}, itr::Base.Generator{Vector{Any}, BaseModelica.var"#eval_AST##6#eval_AST##7"}, offs::Int64, st::Int64)
    @ Base ./array.jl:848
  [8] collect_to_with_first!(dest::Vector{Symbolics.Equation}, v1::Symbolics.Equation, itr::Base.Generator{Vector{Any}, BaseModelica.var"#eval_AST##6#eval_AST##7"}, st::Int64)
    @ Base ./array.jl:826
  [9] collect(itr::Base.Generator{Vector{Any}, BaseModelica.var"#eval_AST##6#eval_AST##7"})
    @ Base ./array.jl:800
 [10] eval_AST(model::BaseModelica.BaseModelicaModel)
    @ BaseModelica ~/.julia/packages/BaseModelica/G7VqY/src/evaluator.jl:391
 [11] eval_AST(package::BaseModelica.BaseModelicaPackage)
    @ BaseModelica ~/.julia/packages/BaseModelica/G7VqY/src/evaluator.jl:658
 [12] baseModelica_to_ModelingToolkit
    @ ~/.julia/packages/BaseModelica/G7VqY/src/evaluator.jl:708 [inlined]
 [13] create_odeproblem(filename::String; parser::Symbol, u0::Vector{Any}, kwargs::@Kwargs{})
    @ BaseModelica ~/.julia/packages/BaseModelica/G7VqY/src/BaseModelica.jl:160
 [14] create_odeproblem
    @ ~/.julia/packages/BaseModelica/G7VqY/src/BaseModelica.jl:149 [inlined]
 [15] #run_parse##4
    @ ~/work/BaseModelicaLibraryTesting.jl/BaseModelicaLibraryTesting.jl/src/parse_bm.jl:34 [inlined]
 [16] with_logstate(f::BaseModelicaLibraryTesting.var"#run_parse##4#run_parse##5"{String}, logstate::Base.CoreLogging.LogState)
    @ Base.CoreLogging ./logging/logging.jl:542
 [17] (::Base.RedirectStdStream)(thunk::BaseModelicaLibraryTesting.var"#run_parse##2#run_parse##3"{String, Base.CoreLogging.SimpleLogger}, stream::Pipe)
    @ Base ./stream.jl:1457
 [18] #run_parse##0
    @ ~/work/BaseModelicaLibraryTesting.jl/BaseModelicaLibraryTesting.jl/src/parse_bm.jl:32 [inlined]
 [19] (::Base.RedirectStdStream)(thunk::BaseModelicaLibraryTesting.var"#run_parse##0#run_parse##1"{String, Base.CoreLogging.SimpleLogger, Pipe}, stream::Pipe)
    @ Base ./stream.jl:1464
 [20] run_parse(bm_path::String, model_dir::String, model::String)
    @ BaseModelicaLibraryTesting ~/work/BaseModelicaLibraryTesting.jl/BaseModelicaLibraryTesting.jl/src/parse_bm.jl:31
 [21] test_model(omc::OMJulia.OMCSession, model::String, results_root::String, ref_root::String; csv_max_size_mb::Int64)
    @ BaseModelicaLibraryTesting ~/work/BaseModelicaLibraryTesting.jl/BaseModelicaLibraryTesting.jl/src/pipeline.jl:75
 [22] test_model
    @ ~/work/BaseModelicaLibraryTesting.jl/BaseModelicaLibraryTesting.jl/src/pipeline.jl:60 [inlined]
 [23] main(; library::String, version::String, filter::String, omc_exe::String, results_root::String, ref_root::String, bm_options::String, csv_max_size_mb::Int64)
    @ BaseModelicaLibraryTesting ~/work/BaseModelicaLibraryTesting.jl/BaseModelicaLibraryTesting.jl/src/pipeline.jl:203
 [24] top-level scope
    @ none:4
 [25] eval(m::Module, e::Any)
    @ Core ./boot.jl:489
 [26] exec_options(opts::Base.JLOptions)
    @ Base ./client.jl:283
 [27] _start()
    @ Base ./client.jl:550
