Model:   Modelica.Electrical.Analog.Examples.DifferenceAmplifier
┌ Warning: Did not converge after `maxiters = 100` substitutions. Either there \
│ is a cycle in the rules or `maxiters` needs to be higher.
└ @ Symbolics /home/runner/.julia/packages/Symbolics/29fkz/src/variable.jl:443
┌ Warning: Did not converge after `maxiters = 100` substitutions. Either there \
│ is a cycle in the rules or `maxiters` needs to be higher.
└ @ Symbolics /home/runner/.julia/packages/Symbolics/29fkz/src/variable.jl:443
┌ Warning: Did not converge after `maxiters = 100` substitutions. Either there \
│ is a cycle in the rules or `maxiters` needs to be higher.
└ @ Symbolics /home/runner/.julia/packages/Symbolics/29fkz/src/variable.jl:443
┌ Warning: Did not converge after `maxiters = 100` substitutions. Either there \
│ is a cycle in the rules or `maxiters` needs to be higher.
└ @ Symbolics /home/runner/.julia/packages/Symbolics/29fkz/src/variable.jl:443
┌ Warning: Did not converge after `maxiters = 100` substitutions. Either there \
│ is a cycle in the rules or `maxiters` needs to be higher.
└ @ Symbolics /home/runner/.julia/packages/Symbolics/29fkz/src/variable.jl:443
┌ Warning: Did not converge after `maxiters = 100` substitutions. Either there \
│ is a cycle in the rules or `maxiters` needs to be higher.
└ @ Symbolics /home/runner/.julia/packages/Symbolics/29fkz/src/variable.jl:443
┌ Warning: Did not converge after `maxiters = 100` substitutions. Either there \
│ is a cycle in the rules or `maxiters` needs to be higher.
└ @ Symbolics /home/runner/.julia/packages/Symbolics/29fkz/src/variable.jl:443
Time:    2.158 s
Success: true
