Model:   Modelica.Magnetic.QuasiStatic.FluxTubes.Examples.FixedShapes.CuboidSections
Time:    0.367 s
Success: false

--- Error ---
Initial condition underdefined. Some are missing from the variable map.
Please provide a default (`u0`), initialization equation, or guess
for the following variables:

var"cuboidLeft.Phi.im"(t), var"source.port_p.reference.gamma"(t), var"cuboidLeft.Phi.re"(t)

Stacktrace:
  [1] varmap_to_vars(varmap::ModelingToolkitBase.AtomicArrayDict{SymbolicUtils.BasicSymbolicImpl.var"typeof(BasicSymbolicImpl)"{SymbolicUtils.SymReal}, Dict{SymbolicUtils.BasicSymbolicImpl.var"typeof(BasicSymbolicImpl)"{SymbolicUtils.SymReal}, SymbolicUtils.BasicSymbolicImpl.var"typeof(BasicSymbolicImpl)"{SymbolicUtils.SymReal}}}, vars::Vector{SymbolicUtils.BasicSymbolicImpl.var"typeof(BasicSymbolicImpl)"{SymbolicUtils.SymReal}}; tofloat::Bool, use_union::Bool, container_type::Type, buffer_eltype::Type, toterm::Function, check::Bool, allow_symbolic::Bool, is_initializeprob::Bool, substitution_limit::Int64, missing_values::ModelingToolkitBase.MissingGuessValue.var"typeof(MissingGuessValue)")
    @ ModelingToolkitBase ~/.julia/packages/ModelingToolkitBase/SaEZ4/src/systems/problem_utils.jl:378
  [2] process_SciMLProblem(constructor::Type, sys::ModelingToolkitBase.System, op::Vector{Any}; build_initializeprob::Bool, implicit_dae::Bool, t::Float64, guesses::Dict{Any, Any}, warn_initialize_determined::Bool, initialization_eqs::Vector{Any}, eval_expression::Bool, eval_module::Module, fully_determined::Nothing, check_initialization_units::Bool, u0_eltype::Nothing, tofloat::Bool, u0_constructor::typeof(identity), p_constructor::typeof(identity), check_length::Bool, symbolic_u0::Bool, warn_cyclic_dependency::Bool, circular_dependency_max_cycle_length::Int64, circular_dependency_max_cycles::Int64, initsys_mtkcompile_kwargs::@NamedTuple{}, substitution_limit::Int64, use_scc::Bool, time_dependent_init::Bool, algebraic_only::Bool, missing_guess_value::ModelingToolkitBase.MissingGuessValue.var"typeof(MissingGuessValue)", allow_incomplete::Bool, is_initializeprob::Bool, is_steadystateprob::Bool, return_operating_point::Bool, kwargs::@Kwargs{expression::DataType, check_compatibility::Bool, reltol::Float64, saveat::Float64})
    @ ModelingToolkitBase ~/.julia/packages/ModelingToolkitBase/SaEZ4/src/systems/problem_utils.jl:1596
  [3] (SciMLBase.ODEProblem{true, SciMLBase.AutoSpecialize})(sys::ModelingToolkitBase.System, op::Any, tspan::Tuple{Float64, Float64}; callback::Any, check_length::Bool, eval_expression::Bool, expression::Type, eval_module::Module, check_compatibility::Bool, _skip_events::Bool, kwargs::@Kwargs{build_initializeprob::Bool, reltol::Float64, saveat::Float64})
    @ ModelingToolkitBase ~/.julia/packages/ModelingToolkitBase/SaEZ4/src/problems/odeproblem.jl:110
  [4] ODEProblem
    @ ~/.julia/packages/ModelingToolkitBase/SaEZ4/src/problems/odeproblem.jl:101 [inlined]
  [5] ODEProblem
    @ ./none:-1 [inlined]
  [6] #ODEProblem#803
    @ ./none:-1 [inlined]
  [7] create_odeproblem(filename::String; parser::Symbol, u0::Vector{Any}, kwargs::@Kwargs{})
    @ BaseModelica ~/.julia/packages/BaseModelica/BAR37/src/BaseModelica.jl:196
  [8] create_odeproblem
    @ ~/.julia/packages/BaseModelica/BAR37/src/BaseModelica.jl:149 [inlined]
  [9] run_parse(bm_path::String, model_dir::String, model::String)
    @ BaseModelicaLibraryTesting ~/work/BaseModelicaLibraryTesting.jl/BaseModelicaLibraryTesting.jl/src/parse_bm.jl:24
 [10] test_model(omc::OMJulia.OMCSession, model::String, results_root::String, ref_root::String)
    @ BaseModelicaLibraryTesting ~/work/BaseModelicaLibraryTesting.jl/BaseModelicaLibraryTesting.jl/src/pipeline.jl:23
 [11] main(; library::String, version::String, filter::Nothing, omc_exe::String, results_root::String, ref_root::String)
    @ BaseModelicaLibraryTesting ~/work/BaseModelicaLibraryTesting.jl/BaseModelicaLibraryTesting.jl/src/pipeline.jl:125
 [12] top-level scope
    @ none:3
 [13] eval(m::Module, e::Any)
    @ Core ./boot.jl:489
 [14] exec_options(opts::Base.JLOptions)
    @ Base ./client.jl:283
 [15] _start()
    @ Base ./client.jl:550
