Model:  Modelica.Mechanics.MultiBody.Examples.Constraints.SphericalConstraint
Time:    0.116 s
Success: false

--- Error ---
MethodError: no method matching *(::Nothing, ::Nothing)
The function `*` exists, but no method is defined for this combination of argument types.

Closest candidates are:
  *(::Any, ::Any, !Matched::Any, !Matched::Any...)
   @ Base operators.jl:642
  *(!Matched::Graphs.LinAlg.Noop, ::Any)
   @ Graphs ~/.julia/packages/Graphs/nH2e0/src/linalg/graphmatrices.jl:216
  *(!Matched::Symbolics.Differential, ::Any)
   @ Symbolics ~/.julia/packages/Symbolics/uDcYK/src/diff.jl:77
  ...

Stacktrace:
  [1] eval_AST(expr::BaseModelica.BaseModelicaProd)
    @ BaseModelica ~/.julia/packages/BaseModelica/NmPPa/src/evaluator.jl:44
  [2] eval_AST(expr::BaseModelica.BaseModelicaSum) (repeats 3 times)
    @ BaseModelica ~/.julia/packages/BaseModelica/NmPPa/src/evaluator.jl:41
  [3] eval_AST(eq::BaseModelica.BaseModelicaSimpleEquation)
    @ BaseModelica ~/.julia/packages/BaseModelica/NmPPa/src/evaluator.jl:130
  [4] eval_AST(eq::BaseModelica.BaseModelicaAnyEquation)
    @ BaseModelica ~/.julia/packages/BaseModelica/NmPPa/src/evaluator.jl:88
  [5] (::BaseModelica.var"#eval_AST##8#eval_AST##9")(eq::BaseModelica.BaseModelicaAnyEquation)
    @ BaseModelica ./none:-1
  [6] iterate
    @ ./generator.jl:48 [inlined]
  [7] collect_to!(dest::Vector{Symbolics.Equation}, itr::Base.Generator{Vector{Any}, BaseModelica.var"#eval_AST##8#eval_AST##9"}, offs::Int64, st::Int64)
    @ Base ./array.jl:848
  [8] collect_to_with_first!(dest::Vector{Symbolics.Equation}, v1::Symbolics.Equation, itr::Base.Generator{Vector{Any}, BaseModelica.var"#eval_AST##8#eval_AST##9"}, st::Int64)
    @ Base ./array.jl:826
  [9] collect(itr::Base.Generator{Vector{Any}, BaseModelica.var"#eval_AST##8#eval_AST##9"})
    @ Base ./array.jl:800
 [10] eval_AST(model::BaseModelica.BaseModelicaModel)
    @ BaseModelica ~/.julia/packages/BaseModelica/NmPPa/src/evaluator.jl:666
 [11] eval_AST(package::BaseModelica.BaseModelicaPackage)
    @ BaseModelica ~/.julia/packages/BaseModelica/NmPPa/src/evaluator.jl:838
 [12] baseModelica_to_ModelingToolkit
    @ ~/.julia/packages/BaseModelica/NmPPa/src/evaluator.jl:888 [inlined]
 [13] (::BaseModelicaLibraryTesting.var"#run_parse##10#run_parse##11")()
    @ BaseModelicaLibraryTesting ~/work/BaseModelicaLibraryTesting.jl/BaseModelicaLibraryTesting.jl/src/parse_bm.jl:78
 [14] with_logstate(f::BaseModelicaLibraryTesting.var"#run_parse##10#run_parse##11", logstate::Base.CoreLogging.LogState)
    @ Base.CoreLogging ./logging/logging.jl:542
 [15] with_logger
    @ ./logging/logging.jl:653 [inlined]
 [16] (::BaseModelicaLibraryTesting.var"#run_parse##8#run_parse##9")()
    @ BaseModelicaLibraryTesting ~/work/BaseModelicaLibraryTesting.jl/BaseModelicaLibraryTesting.jl/src/parse_bm.jl:77
 [17] (::Base.RedirectStdStream)(thunk::BaseModelicaLibraryTesting.var"#run_parse##8#run_parse##9", stream::Pipe)
    @ Base ./stream.jl:1464
 [18] #run_parse##6
    @ ~/work/BaseModelicaLibraryTesting.jl/BaseModelicaLibraryTesting.jl/src/parse_bm.jl:76 [inlined]
 [19] (::Base.RedirectStdStream)(thunk::BaseModelicaLibraryTesting.var"#run_parse##6#run_parse##7"{Pipe}, stream::Pipe)
    @ Base ./stream.jl:1464
 [20] run_parse(bm_path::String, model_dir::String, model::String)
    @ BaseModelicaLibraryTesting ~/work/BaseModelicaLibraryTesting.jl/BaseModelicaLibraryTesting.jl/src/parse_bm.jl:75
 [21] test_model(omc::OMJulia.OMCSession, model::String, results_root::String, ref_root::String; sim_settings::SimulateSettings, csv_max_size_mb::Int64)
    @ BaseModelicaLibraryTesting ~/work/BaseModelicaLibraryTesting.jl/BaseModelicaLibraryTesting.jl/src/pipeline.jl:82
 [22] test_model
    @ ~/work/BaseModelicaLibraryTesting.jl/BaseModelicaLibraryTesting.jl/src/pipeline.jl:60 [inlined]
 [23] main(; library::String, version::String, filter::String, omc_exe::String, results_root::String, ref_root::String, bm_options::String, sim_settings::SimulateSettings, csv_max_size_mb::Int64)
    @ BaseModelicaLibraryTesting ~/work/BaseModelicaLibraryTesting.jl/BaseModelicaLibraryTesting.jl/src/pipeline.jl:220
 [24] top-level scope
    @ none:7
 [25] eval(m::Module, e::Any)
    @ Core ./boot.jl:489
 [26] exec_options(opts::Base.JLOptions)
    @ Base ./client.jl:283
 [27] _start()
    @ Base ./client.jl:550
