Model:   Modelica.Electrical.Analog.Examples.GenerationOfFMUs
Time:    0.528 s
Success: false

--- Error ---
MethodError: Cannot `convert` an object of type String to an object of type Float64
The function `convert` exists, but no method is defined for this combination of argument types.

Closest candidates are:
  convert(::Type{Float64}, !Matched::SymbolicUtils.BasicSymbolicImpl.var"typeof(BasicSymbolicImpl)"{T} where T)
   @ SymbolicUtils ~/.julia/packages/SymbolicUtils/WyBJ6/src/despecialize.jl:36
  convert(::Type{T}, !Matched::Union{Static.StaticBool{N}, Static.StaticFloat64{N}, Static.StaticInt{N}} where N) where T<:Number
   @ Static ~/.julia/packages/Static/d7YOk/src/Static.jl:435
  convert(::Type{N}, !Matched::D) where {N<:Real, P, T, D<:SparseConnectivityTracer.Dual{P, T}}
   @ SparseConnectivityTracer ~/.julia/packages/SparseConnectivityTracer/aVAZL/src/overloads/conversion.jl:31
  ...

Stacktrace:
  [1] symconvert(::Type{Float64}, ::Type{Float64}, x::String)
    @ ModelingToolkitBase ~/.julia/packages/ModelingToolkitBase/cUk4Z/src/systems/parameter_buffer.jl:2
  [2] ModelingToolkitBase.MTKParameters(sys::ModelingToolkitBase.System, op::ModelingToolkitBase.AtomicArrayDict{SymbolicUtils.BasicSymbolicImpl.var"typeof(BasicSymbolicImpl)"{SymbolicUtils.SymReal}, Dict{SymbolicUtils.BasicSymbolicImpl.var"typeof(BasicSymbolicImpl)"{SymbolicUtils.SymReal}, SymbolicUtils.BasicSymbolicImpl.var"typeof(BasicSymbolicImpl)"{SymbolicUtils.SymReal}}}; tofloat::Bool, t0::Nothing, substitution_limit::Int64, floatT::Type, p_constructor::Function, fast_path::Bool)
    @ ModelingToolkitBase ~/.julia/packages/ModelingToolkitBase/cUk4Z/src/systems/parameter_buffer.jl:188
  [3] process_SciMLProblem(constructor::Type, sys::ModelingToolkitBase.System, op::ModelingToolkitBase.AtomicArrayDict{SymbolicUtils.BasicSymbolicImpl.var"typeof(BasicSymbolicImpl)"{SymbolicUtils.SymReal}, Dict{SymbolicUtils.BasicSymbolicImpl.var"typeof(BasicSymbolicImpl)"{SymbolicUtils.SymReal}, SymbolicUtils.BasicSymbolicImpl.var"typeof(BasicSymbolicImpl)"{SymbolicUtils.SymReal}}}; build_initializeprob::Bool, implicit_dae::Bool, t::Nothing, guesses::Dict{Any, Any}, warn_initialize_determined::Bool, initialization_eqs::Vector{Any}, eval_expression::Bool, eval_module::Module, fully_determined::Nothing, check_initialization_units::Bool, u0_eltype::Nothing, tofloat::Bool, u0_constructor::typeof(identity), p_constructor::typeof(identity), check_length::Bool, symbolic_u0::Bool, warn_cyclic_dependency::Bool, circular_dependency_max_cycle_length::Int64, circular_dependency_max_cycles::Int64, initsys_mtkcompile_kwargs::@NamedTuple{}, substitution_limit::Int64, use_scc::Bool, time_dependent_init::Bool, algebraic_only::Bool, missing_guess_value::ModelingToolkitBase.MissingGuessValue.var"typeof(MissingGuessValue)", allow_incomplete::Bool, is_initializeprob::Bool, is_steadystateprob::Bool, return_operating_point::Bool, kwargs::@Kwargs{expression::DataType, reltol::Float64, saveat::Float64})
    @ ModelingToolkitBase ~/.julia/packages/ModelingToolkitBase/cUk4Z/src/systems/problem_utils.jl:1627
  [4] (SciMLBase.NonlinearLeastSquaresProblem{true, SciMLBase.AutoSpecialize})(sys::ModelingToolkitBase.System, op::ModelingToolkitBase.AtomicArrayDict{SymbolicUtils.BasicSymbolicImpl.var"typeof(BasicSymbolicImpl)"{SymbolicUtils.SymReal}, Dict{SymbolicUtils.BasicSymbolicImpl.var"typeof(BasicSymbolicImpl)"{SymbolicUtils.SymReal}, SymbolicUtils.BasicSymbolicImpl.var"typeof(BasicSymbolicImpl)"{SymbolicUtils.SymReal}}}; check_length::Bool, check_compatibility::Bool, expression::Type, kwargs::@Kwargs{use_scc::Bool, u0_constructor::typeof(identity), p_constructor::typeof(identity), eval_expression::Bool, eval_module::Module, missing_guess_value::ModelingToolkitBase.MissingGuessValue.var"typeof(MissingGuessValue)", warn_cyclic_dependency::Bool, circular_dependency_max_cycle_length::Int64, circular_dependency_max_cycles::Int64, reltol::Float64, saveat::Float64, build_initializeprob::Bool, is_initializeprob::Bool})
    @ ModelingToolkitBase ~/.julia/packages/ModelingToolkitBase/cUk4Z/src/problems/nonlinearproblem.jl:94
  [5] NonlinearLeastSquaresProblem
    @ ~/.julia/packages/ModelingToolkitBase/cUk4Z/src/problems/nonlinearproblem.jl:87 [inlined]
  [6] #_#857
    @ ./none:-1 [inlined]
  [7] ModelingToolkitBase.InitializationProblem{true, SciMLBase.AutoSpecialize}(sys::ModelingToolkitBase.System, t::Float64, op::ModelingToolkitBase.AtomicArrayDict{SymbolicUtils.BasicSymbolicImpl.var"typeof(BasicSymbolicImpl)"{SymbolicUtils.SymReal}, Dict{SymbolicUtils.BasicSymbolicImpl.var"typeof(BasicSymbolicImpl)"{SymbolicUtils.SymReal}, SymbolicUtils.BasicSymbolicImpl.var"typeof(BasicSymbolicImpl)"{SymbolicUtils.SymReal}}}; fast_path::Bool, guesses::Dict{Any, Any}, check_length::Bool, warn_initialize_determined::Bool, initialization_eqs::Vector{Any}, fully_determined::Nothing, check_units::Bool, allow_incomplete::Bool, algebraic_only::Bool, time_dependent_init::Bool, initsys_mtkcompile_kwargs::@NamedTuple{}, is_steadystateprob::Bool, kwargs::@Kwargs{use_scc::Bool, u0_constructor::typeof(identity), p_constructor::typeof(identity), eval_expression::Bool, eval_module::Module, missing_guess_value::ModelingToolkitBase.MissingGuessValue.var"typeof(MissingGuessValue)", warn_cyclic_dependency::Bool, circular_dependency_max_cycle_length::Int64, circular_dependency_max_cycles::Int64, check_compatibility::Bool, reltol::Float64, saveat::Float64})
    @ ModelingToolkitBase ~/.julia/packages/ModelingToolkitBase/cUk4Z/src/problems/initializationproblem.jl:123
  [8] InitializationProblem
    @ ~/.julia/packages/ModelingToolkitBase/cUk4Z/src/problems/initializationproblem.jl:20 [inlined]
  [9] #_#924
    @ ./none:-1 [inlined]
 [10] maybe_build_initialization_problem(sys::ModelingToolkitBase.System, iip::Bool, op::ModelingToolkitBase.AtomicArrayDict{SymbolicUtils.BasicSymbolicImpl.var"typeof(BasicSymbolicImpl)"{SymbolicUtils.SymReal}, Dict{SymbolicUtils.BasicSymbolicImpl.var"typeof(BasicSymbolicImpl)"{SymbolicUtils.SymReal}, SymbolicUtils.BasicSymbolicImpl.var"typeof(BasicSymbolicImpl)"{SymbolicUtils.SymReal}}}, t::Float64, guesses::Dict{Any, Any}; time_dependent_init::Bool, u0_constructor::Function, p_constructor::Function, floatT::Type, initialization_eqs::Vector{Any}, use_scc::Bool, eval_expression::Bool, eval_module::Module, missing_guess_value::ModelingToolkitBase.MissingGuessValue.var"typeof(MissingGuessValue)", implicit_dae::Bool, is_steadystateprob::Bool, expression::Type, kwargs::@Kwargs{initsys_mtkcompile_kwargs::@NamedTuple{}, warn_initialize_determined::Bool, fully_determined::Nothing, warn_cyclic_dependency::Bool, check_units::Bool, circular_dependency_max_cycle_length::Int64, circular_dependency_max_cycles::Int64, algebraic_only::Bool, allow_incomplete::Bool, check_compatibility::Bool, reltol::Float64, saveat::Float64})
    @ ModelingToolkitBase ~/.julia/packages/ModelingToolkitBase/cUk4Z/src/systems/problem_utils.jl:1173
 [11] process_SciMLProblem(constructor::Type, sys::ModelingToolkitBase.System, op::Vector{Any}; build_initializeprob::Bool, implicit_dae::Bool, t::Float64, guesses::Dict{Any, Any}, warn_initialize_determined::Bool, initialization_eqs::Vector{Any}, eval_expression::Bool, eval_module::Module, fully_determined::Nothing, check_initialization_units::Bool, u0_eltype::Nothing, tofloat::Bool, u0_constructor::typeof(identity), p_constructor::typeof(identity), check_length::Bool, symbolic_u0::Bool, warn_cyclic_dependency::Bool, circular_dependency_max_cycle_length::Int64, circular_dependency_max_cycles::Int64, initsys_mtkcompile_kwargs::@NamedTuple{}, substitution_limit::Int64, use_scc::Bool, time_dependent_init::Bool, algebraic_only::Bool, missing_guess_value::ModelingToolkitBase.MissingGuessValue.var"typeof(MissingGuessValue)", allow_incomplete::Bool, is_initializeprob::Bool, is_steadystateprob::Bool, return_operating_point::Bool, kwargs::@Kwargs{expression::DataType, check_compatibility::Bool, reltol::Float64, saveat::Float64})
    @ ModelingToolkitBase ~/.julia/packages/ModelingToolkitBase/cUk4Z/src/systems/problem_utils.jl:1541
 [12] (SciMLBase.ODEProblem{true, SciMLBase.AutoSpecialize})(sys::ModelingToolkitBase.System, op::Any, tspan::Tuple{Float64, Float64}; callback::Any, check_length::Bool, eval_expression::Bool, expression::Type, eval_module::Module, check_compatibility::Bool, _skip_events::Bool, kwargs::@Kwargs{missing_guess_value::ModelingToolkitBase.MissingGuessValue.var"typeof(MissingGuessValue)", reltol::Float64, saveat::Float64})
    @ ModelingToolkitBase ~/.julia/packages/ModelingToolkitBase/cUk4Z/src/problems/odeproblem.jl:110
 [13] ODEProblem
    @ ~/.julia/packages/ModelingToolkitBase/cUk4Z/src/problems/odeproblem.jl:101 [inlined]
 [14] ODEProblem
    @ ./none:-1 [inlined]
 [15] #ODEProblem#811
    @ ./none:-1 [inlined]
 [16] create_odeproblem(filename::String; parser::Symbol, u0::Vector{Any}, kwargs::@Kwargs{})
    @ BaseModelica ~/.julia/packages/BaseModelica/waq8E/src/BaseModelica.jl:195
 [17] create_odeproblem
    @ ~/.julia/packages/BaseModelica/waq8E/src/BaseModelica.jl:149 [inlined]
 [18] run_parse(bm_path::String, model_dir::String, model::String)
    @ BaseModelicaLibraryTesting ~/work/BaseModelicaLibraryTesting.jl/BaseModelicaLibraryTesting.jl/src/parse_bm.jl:24
 [19] test_model(omc::OMJulia.OMCSession, model::String, results_root::String, ref_root::String)
    @ BaseModelicaLibraryTesting ~/work/BaseModelicaLibraryTesting.jl/BaseModelicaLibraryTesting.jl/src/pipeline.jl:76
 [20] main(; library::String, version::String, filter::Nothing, omc_exe::String, results_root::String, ref_root::String, bm_options::String)
    @ BaseModelicaLibraryTesting ~/work/BaseModelicaLibraryTesting.jl/BaseModelicaLibraryTesting.jl/src/pipeline.jl:189
 [21] top-level scope
    @ none:3
 [22] eval(m::Module, e::Any)
    @ Core ./boot.jl:489
 [23] exec_options(opts::Base.JLOptions)
    @ Base ./client.jl:283
 [24] _start()
    @ Base ./client.jl:550
