Model:  Modelica.Electrical.Batteries.Examples.CCCV_Cell
Time:    0.005 s
Success: false

--- Error ---
MethodError: no method matching eval_AST(::BaseModelica.BaseModelicaString)
The function `eval_AST` exists, but no method is defined for this combination of argument types.

Closest candidates are:
  eval_AST(!Matched::BaseModelica.BaseModelicaFunctionArgs)
   @ BaseModelica ~/.julia/packages/BaseModelica/iBUGv/src/evaluator.jl:371
  eval_AST(!Matched::BaseModelica.BaseModelicaFunctionCall)
   @ BaseModelica ~/.julia/packages/BaseModelica/iBUGv/src/evaluator.jl:376
  eval_AST(!Matched::BaseModelica.BaseModelicaComponentReference)
   @ BaseModelica ~/.julia/packages/BaseModelica/iBUGv/src/evaluator.jl:392
  ...

Stacktrace:
  [1] eval_AST(model::BaseModelica.BaseModelicaModel)
    @ BaseModelica ~/.julia/packages/BaseModelica/iBUGv/src/evaluator.jl:292
  [2] eval_AST(package::BaseModelica.BaseModelicaPackage)
    @ BaseModelica ~/.julia/packages/BaseModelica/iBUGv/src/evaluator.jl:368
  [3] baseModelica_to_ModelingToolkit
    @ ~/.julia/packages/BaseModelica/iBUGv/src/evaluator.jl:409 [inlined]
  [4] (::BaseModelicaLibraryTesting.var"#run_parse##10#run_parse##11")()
    @ BaseModelicaLibraryTesting ~/work/BaseModelicaLibraryTesting.jl/BaseModelicaLibraryTesting.jl/src/parse_bm.jl:78
  [5] with_logstate(f::BaseModelicaLibraryTesting.var"#run_parse##10#run_parse##11", logstate::Base.CoreLogging.LogState)
    @ Base.CoreLogging ./logging/logging.jl:542
  [6] (::BaseModelicaLibraryTesting.var"#run_parse##8#run_parse##9")()
    @ BaseModelicaLibraryTesting ~/work/BaseModelicaLibraryTesting.jl/BaseModelicaLibraryTesting.jl/src/parse_bm.jl:77
  [7] (::Base.RedirectStdStream)(thunk::BaseModelicaLibraryTesting.var"#run_parse##8#run_parse##9", stream::Pipe)
    @ Base ./stream.jl:1464
  [8] (::Base.RedirectStdStream)(thunk::BaseModelicaLibraryTesting.var"#run_parse##6#run_parse##7"{Pipe}, stream::Pipe)
    @ Base ./stream.jl:1457
  [9] run_parse(bm_path::String, model_dir::String, model::String)
    @ BaseModelicaLibraryTesting ~/work/BaseModelicaLibraryTesting.jl/BaseModelicaLibraryTesting.jl/src/parse_bm.jl:28
 [10] test_model(omc::OMJulia.OMCSession, model::String, results_root::String, ref_root::String; sim_settings::SimulateSettings, csv_max_size_mb::Int64)
    @ BaseModelicaLibraryTesting ~/work/BaseModelicaLibraryTesting.jl/BaseModelicaLibraryTesting.jl/src/pipeline.jl:82
 [11] test_model
    @ ~/work/BaseModelicaLibraryTesting.jl/BaseModelicaLibraryTesting.jl/src/pipeline.jl:60 [inlined]
 [12] main(; library::String, version::String, filter::String, omc_exe::String, results_root::String, ref_root::String, bm_options::String, sim_settings::SimulateSettings, csv_max_size_mb::Int64)
    @ BaseModelicaLibraryTesting ~/work/BaseModelicaLibraryTesting.jl/BaseModelicaLibraryTesting.jl/src/pipeline.jl:220
 [13] top-level scope
    @ none:7
 [14] eval(m::Module, e::Any)
    @ Core ./boot.jl:489
 [15] exec_options(opts::Base.JLOptions)
    @ Base ./client.jl:283
 [16] _start()
    @ Base ./client.jl:550
