Model:  Modelica.Media.Examples.SolveOneNonlinearEquation.Inverse_sh_TX
Time:    0.226 s
Success: true

--- Parser output ---
line 109:21 mismatched input 'unit' expecting ')'
line 109:37 mismatched input ')' expecting ';'
line 110:2 extraneous input 'algorithm' expecting {'model', 'type', 'record', 'pure', 'constant', 'impure', 'function', '@'}
line 123:2 extraneous input 'partial' expecting {'model', 'type', 'record', 'pure', 'constant', 'impure', 'function', '@'}
line 150:1369 missing ';' at '.'
line 151:1063 missing ';' at '.'
line 152:358 missing ';' at '.'
line 152:725 missing 'then' at '.'
line 152:770 mismatched input 'then' expecting {'elseif', 'else'}
line 152:853 extraneous input '}' expecting ')'
line 152:1212 mismatched input '.' expecting ')'
line 152:2122 mismatched input '.' expecting ')'
line 152:2475 mismatched input '.' expecting ')'
line 152:3258 mismatched input '.' expecting ')'
line 152:4047 mismatched input '.' expecting ')'
line 152:4851 mismatched input '.' expecting ')'
line 152:6077 mismatched input '.' expecting ')'
line 152:6080 no viable alternative at input ')'
line 152:6514 mismatched input ')' expecting ';'
line 153:4 mismatched input ''s2'' expecting {'end', 'annotation'}
