Model:   Modelica.Electrical.Digital.Examples.VectorDelay
Time:    0.297 s
Success: false

--- Parser output ---
line 438:102 token recognition error at: '\'
line 20:66 missing ';' at 'Modelica'
line 20:113 token recognition error at: '\'
line 20:114 missing ';' at ''U\'''
line 20:119 extraneous input ',' expecting IDENT
line 20:166 missing ';' at '.'
line 20:175 token recognition error at: '' = 0 "Specification of delay according to signal change";\n'
line 20:174 mismatched input ']' expecting IDENT
line 21:113 token recognition error at: '\'
line 21:166 missing ';' at '.'
line 21:175 token recognition error at: '' = 0 "Specification of delay according to signal change";\n'
line 21:174 mismatched input ']' expecting IDENT
line 22:113 token recognition error at: '\'
line 22:166 missing ';' at '.'
line 22:175 token recognition error at: '' = -1 "Specification of delay according to signal change";\n'
line 22:174 mismatched input ']' expecting IDENT
line 23:113 token recognition error at: '\'
line 23:166 missing ';' at '.'
line 23:175 token recognition error at: '' = 1 "Specification of delay according to signal change";\n'
line 23:174 mismatched input ']' expecting IDENT
line 24:113 token recognition error at: '\'
line 24:166 missing ';' at '.'
line 24:175 token recognition error at: '' = 0 "Specification of delay according to signal change";\n'
line 24:174 mismatched input ']' expecting IDENT
line 25:113 token recognition error at: '\'
line 25:166 missing ';' at '.'
line 25:175 token recognition error at: '' = 0 "Specification of delay according to signal change";\n'
line 25:174 mismatched input ']' expecting IDENT
line 26:113 token recognition error at: '\'
line 26:166 missing ';' at '.'
line 26:175 token recognition error at: '' = -1 "Specification of delay according to signal change";\n'
line 26:174 mismatched input ']' expecting IDENT
line 27:113 token recognition error at: '\'
line 27:166 missing ';' at '.'
line 27:175 token recognition error at: '' = 1 "Specification of delay according to signal change";\n'
line 27:174 mismatched input ']' expecting IDENT
line 28:113 token recognition error at: '\'
line 28:166 missing ';' at '.'
line 28:175 token recognition error at: '' = 0 "Specification of delay according to signal change";\n'
line 28:174 mismatched input ']' expecting IDENT
line 29:113 token recognition error at: '\'
line 29:166 missing ';' at '.'
line 29:175 token recognition error at: '' = 0 "Specification of delay according to signal change";\n'
line 29:174 mismatched input ']' expecting IDENT
line 30:113 token recognition error at: '\'
line 30:166 missing ';' at '.'
line 30:175 token recognition error at: '' = 0 "Specification of delay according to signal change";\n'
line 30:174 mismatched input ']' expecting IDENT
line 31:113 token recognition error at: '\'
line 31:166 missing ';' at '.'
line 31:175 token recognition error at: '' = -1 "Specification of delay according to signal change";\n'
line 31:174 mismatched input ']' expecting IDENT
line 32:113 token recognition error at: '\'
line 32:166 missing ';' at '.'
line 32:175 token recognition error at: '' = 1 "Specification of delay according to signal change";\n'
line 32:174 mismatched input ']' expecting IDENT
line 33:113 token recognition error at: '\'
line 33:166 missing ';' at '.'
line 33:175 token recognition error at: '' = 0 "Specification of delay according to signal change";\n'
line 33:174 mismatched input ']' expecting IDENT
line 34:113 token recognition error at: '\'
line 34:166 missing ';' at '.'
line 34:175 token recognition error at: '' = 0 "Specification of delay according to signal change";\n'
line 34:174 mismatched input ']' expecting IDENT
line 35:113 token recognition error at: '\'
line 35:166 missing ';' at '.'
line 35:175 token recognition error at: '' = -1 "Specification of delay according to signal change";\n'
line 35:174 mismatched input ']' expecting IDENT
line 36:113 token recognition error at: '\'
line 36:166 missing ';' at '.'
line 36:175 token recognition error at: '' = 1 "Specification of delay according to signal change";\n'
line 36:174 mismatched input ']' expecting IDENT
line 37:113 token recognition error at: '\'
line 37:166 missing ';' at '.'
line 37:175 token recognition error at: '' = 0 "Specification of delay according to signal change";\n'
line 37:174 mismatched input ']' expecting IDENT
line 38:113 token recognition error at: '\'
line 38:166 missing ';' at '.'
line 38:175 token recognition error at: '' = 1 "Specification of delay according to signal change";\n'
line 38:174 mismatched input ']' expecting IDENT
line 39:113 token recognition error at: '\'
line 39:166 missing ';' at '.'
line 39:175 token recognition error at: '' = 1 "Specification of delay according to signal change";\n'
line 39:174 mismatched input ']' expecting IDENT
line 40:113 token recognition error at: '\'
line 40:166 missing ';' at '.'
line 40:175 token recognition error at: '' = 0 "Specification of delay according to signal change";\n'
line 40:174 mismatched input ']' expecting IDENT
line 41:113 token recognition error at: '\'
line 41:166 missing ';' at '.'
line 41:175 token recognition error at: '' = 1 "Specification of delay according to signal change";\n'
line 41:174 mismatched input ']' expecting IDENT
line 42:113 token recognition error at: '\'
line 42:166 missing ';' at '.'
line 42:175 token recognition error at: '' = 1 "Specification of delay according to signal change";\n'
line 42:174 mismatched input ']' expecting IDENT
line 43:113 token recognition error at: '\'
line 43:166 missing ';' at '.'
line 43:175 token recognition error at: '' = 1 "Specification of delay according to signal change";\n'
line 43:174 mismatched input ']' expecting IDENT
line 44:113 token recognition error at: '\'
line 44:166 missing ';' at '.'
line 44:175 token recognition error at: '' = 0 "Specification of delay according to signal change";\n'
line 44:174 mismatched input ']' expecting IDENT
line 45:113 token recognition error at: '\'
line 45:166 missing ';' at '.'
line 45:175 token recognition error at: '' = 1 "Specification of delay according to signal change";\n'
line 45:174 mismatched input ']' expecting IDENT
line 46:113 token recognition error at: '\'
line 46:166 missing ';' at '.'
line 46:175 token recognition error at: '' = 1 "Specification of delay according to signal change";\n'
line 46:174 mismatched input ']' expecting IDENT
line 47:113 token recognition error at: '\'
line 47:166 missing ';' at '.'
line 47:175 token recognition error at: '' = -1 "Specification of delay according to signal change";\n'
line 47:174 mismatched input ']' expecting IDENT
line 48:113 token recognition error at: '\'
line 48:166 missing ';' at '.'
line 48:175 token recognition error at: '' = -1 "Specification of delay according to signal change";\n'
line 48:174 mismatched input ']' expecting IDENT
line 49:113 token recognition error at: '\'
line 49:166 missing ';' at '.'
line 49:175 token recognition error at: '' = -1 "Specification of delay according to signal change";\n'
line 49:174 mismatched input ']' expecting IDENT
line 50:113 token recognition error at: '\'
line 50:166 missing ';' at '.'
line 50:175 token recognition error at: '' = 0 "Specification of delay according to signal change";\n'
line 50:174 mismatched input ']' expecting IDENT
line 51:113 token recognition error at: '\'
line 51:166 missing ';' at '.'
line 51:175 token recognition error at: '' = -1 "Specification of delay according to signal change";\n'
line 51:174 mismatched input ']' expecting IDENT
line 52:113 token recognition error at: '\'
line 52:166 missing ';' at '.'
line 52:175 token recognition error at: '' = -1 "Specification of delay according to signal change";\n'
line 52:174 mismatched input ']' expecting IDENT
line 53:113 token recognition error at: '\'
line 53:166 missing ';' at '.'
line 53:175 token recognition error at: '' = -1 "Specification of delay according to signal change";\n'
line 53:174 mismatched input ']' expecting IDENT
line 54:113 token recognition error at: '\'
line 54:166 missing ';' at '.'
line 54:175 token recognition error at: '' = 0 "Specification of delay according to signal change";\n'
line 54:174 mismatched input ']' expecting IDENT
line 55:113 token recognition error at: '\'
line 55:166 missing ';' at '.'
line 55:175 token recognition error at: '' = -1 "Specification of delay according to signal change";\n'
line 55:174 mismatched input ']' expecting IDENT
line 56:113 token recognition error at: '\'
line 56:166 missing ';' at '.'
line 56:175 token recognition error at: '' = 0 "Specification of delay according to signal change";\n'
line 56:174 mismatched input ']' expecting IDENT
line 57:113 token recognition error at: '\'
line 57:166 missing ';' at '.'
line 57:175 token recognition error at: '' = 0 "Specification of delay according to signal change";\n'
line 57:174 mismatched input ']' expecting IDENT
line 58:113 token recognition error at: '\'
line 58:166 missing ';' at '.'
line 58:175 token recognition error at: '' = -1 "Specification of delay according to signal change";\n'
line 58:174 mismatched input ']' expecting IDENT
line 59:113 token recognition error at: '\'
line 59:166 missing ';' at '.'
line 59:175 token recognition error at: '' = 1 "Specification of delay according to signal change";\n'
line 59:174 mismatched input ']' expecting IDENT
line 60:113 token recognition error at: '\'
line 60:166 missing ';' at '.'
line 60:175 token recognition error at: '' = 0 "Specification of delay according to signal change";\n'
line 60:174 mismatched input ']' expecting IDENT
line 61:113 token recognition error at: '\'
line 61:166 missing ';' at '.'
line 61:175 token recognition error at: '' = 0 "Specification of delay according to signal change";\n'
line 61:174 mismatched input ']' expecting IDENT
line 62:113 token recognition error at: '\'
line 62:166 missing ';' at '.'
line 62:175 token recognition error at: '' = -1 "Specification of delay according to signal change";\n'
line 62:174 mismatched input ']' expecting IDENT
line 63:113 token recognition error at: '\'
line 63:166 missing ';' at '.'
line 63:175 token recognition error at: '' = 1 "Specification of delay according to signal change";\n'
line 63:174 mismatched input ']' expecting IDENT
line 64:113 token recognition error at: '\'
line 64:166 missing ';' at '.'
line 64:175 token recognition error at: '' = 0 "Specification of delay according to signal change";\n'
line 64:174 mismatched input ']' expecting IDENT
line 65:113 token recognition error at: '\'
line 65:166 missing ';' at '.'
line 65:175 token recognition error at: '' = 0 "Specification of delay according to signal change";\n'
line 65:174 mismatched input ']' expecting IDENT
line 66:113 token recognition error at: '\'
line 66:166 missing ';' at '.'
line 66:175 token recognition error at: '' = 0 "Specification of delay according to signal change";\n'
line 66:174 mismatched input ']' expecting IDENT
line 67:113 token recognition error at: '\'
line 67:166 missing ';' at '.'
line 67:175 token recognition error at: '' = -1 "Specification of delay according to signal change";\n'
line 67:174 mismatched input ']' expecting IDENT
line 68:113 token recognition error at: '\'
line 68:166 missing ';' at '.'
line 68:175 token recognition error at: '' = 1 "Specification of delay according to signal change";\n'
line 68:174 mismatched input ']' expecting IDENT
line 69:113 token recognition error at: '\'
line 69:166 missing ';' at '.'
line 69:175 token recognition error at: '' = 0 "Specification of delay according to signal change";\n'
line 69:174 mismatched input ']' expecting IDENT
line 70:113 token recognition error at: '\'
line 70:166 missing ';' at '.'
line 70:175 token recognition error at: '' = 0 "Specification of delay according to signal change";\n'
line 70:174 mismatched input ']' expecting IDENT
line 71:113 token recognition error at: '\'
line 71:166 missing ';' at '.'
line 71:175 token recognition error at: '' = -1 "Specification of delay according to signal change";\n'
line 71:174 mismatched input ']' expecting IDENT
line 72:113 token recognition error at: '\'
line 72:166 missing ';' at '.'
line 72:175 token recognition error at: '' = 1 "Specification of delay according to signal change";\n'
line 72:174 mismatched input ']' expecting IDENT
line 73:113 token recognition error at: '\'
line 73:166 missing ';' at '.'
line 73:175 token recognition error at: '' = 0 "Specification of delay according to signal change";\n'
line 73:174 mismatched input ']' expecting IDENT
line 74:113 token recognition error at: '\'
line 74:166 missing ';' at '.'
line 74:175 token recognition error at: '' = 1 "Specification of delay according to signal change";\n'
line 74:174 mismatched input ']' expecting IDENT
line 75:113 token recognition error at: '\'
line 75:166 missing ';' at '.'
line 75:175 token recognition error at: '' = 1 "Specification of delay according to signal change";\n'
line 75:174 mismatched input ']' expecting IDENT
line 76:113 token recognition error at: '\'
line 76:166 missing ';' at '.'
line 76:175 token recognition error at: '' = 0 "Specification of delay according to signal change";\n'
line 76:174 mismatched input ']' expecting IDENT
line 77:113 token recognition error at: '\'
line 77:166 missing ';' at '.'
line 77:175 token recognition error at: '' = 1 "Specification of delay according to signal change";\n'
line 77:174 mismatched input ']' expecting IDENT
line 78:113 token recognition error at: '\'
line 78:166 missing ';' at '.'
line 78:175 token recognition error at: '' = 1 "Specification of delay according to signal change";\n'
line 78:174 mismatched input ']' expecting IDENT
line 79:113 token recognition error at: '\'
line 79:166 missing ';' at '.'
line 79:175 token recognition error at: '' = 1 "Specification of delay according to signal change";\n'
line 79:174 mismatched input ']' expecting IDENT
line 80:113 token recognition error at: '\'
line 80:166 missing ';' at '.'
line 80:175 token recognition error at: '' = 0 "Specification of delay according to signal change";\n'
line 80:174 mismatched input ']' expecting IDENT
line 81:113 token recognition error at: '\'
line 81:166 missing ';' at '.'
line 81:175 token recognition error at: '' = 1 "Specification of delay according to signal change";\n'
line 81:174 mismatched input ']' expecting IDENT
line 82:113 token recognition error at: '\'
line 82:166 missing ';' at '.'
line 82:175 token recognition error at: '' = 1 "Specification of delay according to signal change";\n'
line 82:174 mismatched input ']' expecting IDENT
line 83:113 token recognition error at: '\'
line 83:166 missing ';' at '.'
line 83:175 token recognition error at: '' = -1 "Specification of delay according to signal change";\n'
line 83:174 mismatched input ']' expecting IDENT
line 84:113 token recognition error at: '\'
line 84:166 missing ';' at '.'
line 84:175 token recognition error at: '' = -1 "Specification of delay according to signal change";\n'
line 84:174 mismatched input ']' expecting IDENT
line 85:113 token recognition error at: '\'
line 85:166 missing ';' at '.'
line 85:175 token recognition error at: '' = -1 "Specification of delay according to signal change";\n'
line 85:174 mismatched input ']' expecting IDENT
line 86:113 token recognition error at: '\'
line 86:166 missing ';' at '.'
line 86:175 token recognition error at: '' = 0 "Specification of delay according to signal change";\n'
line 86:174 mismatched input ']' expecting IDENT
line 87:113 token recognition error at: '\'
line 87:166 missing ';' at '.'
line 87:175 token recognition error at: '' = -1 "Specification of delay according to signal change";\n'
line 87:174 mismatched input ']' expecting IDENT
line 88:113 token recognition error at: '\'
line 88:166 missing ';' at '.'
line 88:175 token recognition error at: '' = -1 "Specification of delay according to signal change";\n'
line 88:174 mismatched input ']' expecting IDENT
line 89:113 token recognition error at: '\'
line 89:166 missing ';' at '.'
line 89:175 token recognition error at: '' = -1 "Specification of delay according to signal change";\n'
line 89:174 mismatched input ']' expecting IDENT
line 90:113 token recognition error at: '\'
line 90:166 missing ';' at '.'
line 90:175 token recognition error at: '' = 0 "Specification of delay according to signal change";\n'
line 90:174 mismatched input ']' expecting IDENT
line 91:113 token recognition error at: '\'
line 91:166 missing ';' at '.'
line 91:175 token recognition error at: '' = -1 "Specification of delay according to signal change";\n'
line 91:174 mismatched input ']' expecting IDENT
line 92:113 token recognition error at: '\'
line 92:166 missing ';' at '.'
line 92:175 token recognition error at: '' = 0 "Specification of delay according to signal change";\n'
line 92:174 mismatched input ']' expecting IDENT
line 93:113 token recognition error at: '\'
line 93:166 missing ';' at '.'
line 93:175 token recognition error at: '' = 0 "Specification of delay according to signal change";\n'
line 93:174 mismatched input ']' expecting IDENT
line 94:113 token recognition error at: '\'
line 94:166 missing ';' at '.'
line 94:175 token recognition error at: '' = -1 "Specification of delay according to signal change";\n'
line 94:174 mismatched input ']' expecting IDENT
line 95:113 token recognition error at: '\'
line 95:166 missing ';' at '.'
line 95:175 token recognition error at: '' = 1 "Specification of delay according to signal change";\n'
line 95:174 mismatched input ']' expecting IDENT
line 96:113 token recognition error at: '\'
line 96:166 missing ';' at '.'
line 96:175 token recognition error at: '' = 0 "Specification of delay according to signal change";\n'
line 96:174 mismatched input ']' expecting IDENT
line 97:113 token recognition error at: '\'
line 97:166 missing ';' at '.'
line 97:175 token recognition error at: '' = 0 "Specification of delay according to signal change";\n'
line 97:174 mismatched input ']' expecting IDENT
line 98:113 token recognition error at: '\'
line 98:166 missing ';' at '.'
line 98:175 token recognition error at: '' = -1 "Specification of delay according to signal change";\n'
line 98:174 mismatched input ']' expecting IDENT
line 99:113 token recognition error at: '\'
line 99:166 missing ';' at '.'
line 99:175 token recognition error at: '' = 1 "Specification of delay according to signal change";\n'
line 99:174 mismatched input ']' expecting IDENT
line 100:113 token recognition error at: '\'
line 100:166 missing ';' at '.'
line 100:175 token recognition error at: '' = 0 "Specification of delay according to signal change";\n'
line 100:174 extraneous input ']' expecting IDENT
line 101:9 missing ';' at ''delay.inertialDelaySensitive[1].delayTime''
line 101:52 extraneous input '(' expecting IDENT
line 101:82 extraneous input ')' expecting ';'
line 111:66 missing ';' at 'Modelica'
line 111:113 token recognition error at: '\'
line 111:114 missing ';' at ''U\'''
line 111:119 extraneous input ',' expecting IDENT
line 111:166 missing ';' at '.'
line 111:175 token recognition error at: '' = 0 "Specification of delay according to signal change";\n'
line 111:174 mismatched input ']' expecting IDENT
line 112:113 token recognition error at: '\'
line 112:166 missing ';' at '.'
line 112:175 token recognition error at: '' = 0 "Specification of delay according to signal change";\n'
line 112:174 mismatched input ']' expecting IDENT
line 113:113 token recognition error at: '\'
line 113:166 missing ';' at '.'
line 113:175 token recognition error at: '' = -1 "Specification of delay according to signal change";\n'
line 113:174 mismatched input ']' expecting IDENT
line 114:113 token recognition error at: '\'
line 114:166 missing ';' at '.'
line 114:175 token recognition error at: '' = 1 "Specification of delay according to signal change";\n'
line 114:174 mismatched input ']' expecting IDENT
line 115:113 token recognition error at: '\'
line 115:166 missing ';' at '.'
line 115:175 token recognition error at: '' = 0 "Specification of delay according to signal change";\n'
line 115:174 mismatched input ']' expecting IDENT
line 116:113 token recognition error at: '\'
line 116:166 missing ';' at '.'
line 116:175 token recognition error at: '' = 0 "Specification of delay according to signal change";\n'
line 116:174 mismatched input ']' expecting IDENT
line 117:113 token recognition error at: '\'
line 117:166 missing ';' at '.'
line 117:175 token recognition error at: '' = -1 "Specification of delay according to signal change";\n'
line 117:174 mismatched input ']' expecting IDENT
line 118:113 token recognition error at: '\'
line 118:166 missing ';' at '.'
line 118:175 token recognition error at: '' = 1 "Specification of delay according to signal change";\n'
line 118:174 mismatched input ']' expecting IDENT
line 119:113 token recognition error at: '\'
line 119:166 missing ';' at '.'
line 119:175 token recognition error at: '' = 0 "Specification of delay according to signal change";\n'
line 119:174 mismatched input ']' expecting IDENT
line 120:113 token recognition error at: '\'
line 120:166 missing ';' at '.'
line 120:175 token recognition error at: '' = 0 "Specification of delay according to signal change";\n'
line 120:174 mismatched input ']' expecting IDENT
line 121:113 token recognition error at: '\'
line 121:166 missing ';' at '.'
line 121:175 token recognition error at: '' = 0 "Specification of delay according to signal change";\n'
line 121:174 mismatched input ']' expecting IDENT
line 122:113 token recognition error at: '\'
line 122:166 missing ';' at '.'
line 122:175 token recognition error at: '' = -1 "Specification of delay according to signal change";\n'
line 122:174 mismatched input ']' expecting IDENT
line 123:113 token recognition error at: '\'
line 123:166 missing ';' at '.'
line 123:175 token recognition error at: '' = 1 "Specification of delay according to signal change";\n'
line 123:174 mismatched input ']' expecting IDENT
line 124:113 token recognition error at: '\'
line 124:166 missing ';' at '.'
line 124:175 token recognition error at: '' = 0 "Specification of delay according to signal change";\n'
line 124:174 mismatched input ']' expecting IDENT
line 125:113 token recognition error at: '\'
line 125:166 missing ';' at '.'
line 125:175 token recognition error at: '' = 0 "Specification of delay according to signal change";\n'
line 125:174 mismatched input ']' expecting IDENT
line 126:113 token recognition error at: '\'
line 126:166 missing ';' at '.'
line 126:175 token recognition error at: '' = -1 "Specification of delay according to signal change";\n'
line 126:174 mismatched input ']' expecting IDENT
line 127:113 token recognition error at: '\'
line 127:166 missing ';' at '.'
line 127:175 token recognition error at: '' = 1 "Specification of delay according to signal change";\n'
line 127:174 mismatched input ']' expecting IDENT
line 128:113 token recognition error at: '\'
line 128:166 missing ';' at '.'
line 128:175 token recognition error at: '' = 0 "Specification of delay according to signal change";\n'
line 128:174 mismatched input ']' expecting IDENT
line 129:113 token recognition error at: '\'
line 129:166 missing ';' at '.'
line 129:175 token recognition error at: '' = 1 "Specification of delay according to signal change";\n'
line 129:174 mismatched input ']' expecting IDENT
line 130:113 token recognition error at: '\'
line 130:166 missing ';' at '.'
line 130:175 token recognition error at: '' = 1 "Specification of delay according to signal change";\n'
line 130:174 mismatched input ']' expecting IDENT
line 131:113 token recognition error at: '\'
line 131:166 missing ';' at '.'
line 131:175 token recognition error at: '' = 0 "Specification of delay according to signal change";\n'
line 131:174 mismatched input ']' expecting IDENT
line 132:113 token recognition error at: '\'
line 132:166 missing ';' at '.'
line 132:175 token recognition error at: '' = 1 "Specification of delay according to signal change";\n'
line 132:174 mismatched input ']' expecting IDENT
line 133:113 token recognition error at: '\'
line 133:166 missing ';' at '.'
line 133:175 token recognition error at: '' = 1 "Specification of delay according to signal change";\n'
line 133:174 mismatched input ']' expecting IDENT
line 134:113 token recognition error at: '\'
line 134:166 missing ';' at '.'
line 134:175 token recognition error at: '' = 1 "Specification of delay according to signal change";\n'
line 134:174 mismatched input ']' expecting IDENT
line 135:113 token recognition error at: '\'
line 135:166 missing ';' at '.'
line 135:175 token recognition error at: '' = 0 "Specification of delay according to signal change";\n'
line 135:174 mismatched input ']' expecting IDENT
line 136:113 token recognition error at: '\'
line 136:166 missing ';' at '.'
line 136:175 token recognition error at: '' = 1 "Specification of delay according to signal change";\n'
line 136:174 mismatched input ']' expecting IDENT
line 137:113 token recognition error at: '\'
line 137:166 missing ';' at '.'
line 137:175 token recognition error at: '' = 1 "Specification of delay according to signal change";\n'
line 137:174 mismatched input ']' expecting IDENT
line 138:113 token recognition error at: '\'
line 138:166 missing ';' at '.'
line 138:175 token recognition error at: '' = -1 "Specification of delay according to signal change";\n'
line 138:174 mismatched input ']' expecting IDENT
line 139:113 token recognition error at: '\'
line 139:166 missing ';' at '.'
line 139:175 token recognition error at: '' = -1 "Specification of delay according to signal change";\n'
line 139:174 mismatched input ']' expecting IDENT
line 140:113 token recognition error at: '\'
line 140:166 missing ';' at '.'
line 140:175 token recognition error at: '' = -1 "Specification of delay according to signal change";\n'
line 140:174 mismatched input ']' expecting IDENT
line 141:113 token recognition error at: '\'
line 141:166 missing ';' at '.'
line 141:175 token recognition error at: '' = 0 "Specification of delay according to signal change";\n'
line 141:174 mismatched input ']' expecting IDENT
line 142:113 token recognition error at: '\'
line 142:166 missing ';' at '.'
line 142:175 token recognition error at: '' = -1 "Specification of delay according to signal change";\n'
line 142:174 mismatched input ']' expecting IDENT
line 143:113 token recognition error at: '\'
line 143:166 missing ';' at '.'
line 143:175 token recognition error at: '' = -1 "Specification of delay according to signal change";\n'
line 143:174 mismatched input ']' expecting IDENT
line 144:113 token recognition error at: '\'
line 144:166 missing ';' at '.'
line 144:175 token recognition error at: '' = -1 "Specification of delay according to signal change";\n'
line 144:174 mismatched input ']' expecting IDENT
line 145:113 token recognition error at: '\'
line 145:166 missing ';' at '.'
line 145:175 token recognition error at: '' = 0 "Specification of delay according to signal change";\n'
line 145:174 mismatched input ']' expecting IDENT
line 146:113 token recognition error at: '\'
line 146:166 missing ';' at '.'
line 146:175 token recognition error at: '' = -1 "Specification of delay according to signal change";\n'
line 146:174 mismatched input ']' expecting IDENT
line 147:113 token recognition error at: '\'
line 147:166 missing ';' at '.'
line 147:175 token recognition error at: '' = 0 "Specification of delay according to signal change";\n'
line 147:174 mismatched input ']' expecting IDENT
line 148:113 token recognition error at: '\'
line 148:166 missing ';' at '.'
line 148:175 token recognition error at: '' = 0 "Specification of delay according to signal change";\n'
line 148:174 mismatched input ']' expecting IDENT
line 149:113 token recognition error at: '\'
line 149:166 missing ';' at '.'
line 149:175 token recognition error at: '' = -1 "Specification of delay according to signal change";\n'
line 149:174 mismatched input ']' expecting IDENT
line 150:113 token recognition error at: '\'
line 150:166 missing ';' at '.'
line 150:175 token recognition error at: '' = 1 "Specification of delay according to signal change";\n'
line 150:174 mismatched input ']' expecting IDENT
line 151:113 token recognition error at: '\'
line 151:166 missing ';' at '.'
line 151:175 token recognition error at: '' = 0 "Specification of delay according to signal change";\n'
line 151:174 mismatched input ']' expecting IDENT
line 152:113 token recognition error at: '\'
line 152:166 missing ';' at '.'
line 152:175 token recognition error at: '' = 0 "Specification of delay according to signal change";\n'
line 152:174 mismatched input ']' expecting IDENT
line 153:113 token recognition error at: '\'
line 153:166 missing ';' at '.'
line 153:175 token recognition error at: '' = -1 "Specification of delay according to signal change";\n'
line 153:174 mismatched input ']' expecting IDENT
line 154:113 token recognition error at: '\'
line 154:166 missing ';' at '.'
line 154:175 token recognition error at: '' = 1 "Specification of delay according to signal change";\n'
line 154:174 mismatched input ']' expecting IDENT
line 155:113 token recognition error at: '\'
line 155:166 missing ';' at '.'
line 155:175 token recognition error at: '' = 0 "Specification of delay according to signal change";\n'
line 155:174 mismatched input ']' expecting IDENT
line 156:113 token recognition error at: '\'
line 156:166 missing ';' at '.'
line 156:175 token recognition error at: '' = 0 "Specification of delay according to signal change";\n'
line 156:174 mismatched input ']' expecting IDENT
line 157:113 token recognition error at: '\'
line 157:166 missing ';' at '.'
line 157:175 token recognition error at: '' = 0 "Specification of delay according to signal change";\n'
line 157:174 mismatched input ']' expecting IDENT
line 158:113 token recognition error at: '\'
line 158:166 missing ';' at '.'
line 158:175 token recognition error at: '' = -1 "Specification of delay according to signal change";\n'
line 158:174 mismatched input ']' expecting IDENT
line 159:113 token recognition error at: '\'
line 159:166 missing ';' at '.'
line 159:175 token recognition error at: '' = 1 "Specification of delay according to signal change";\n'
line 159:174 mismatched input ']' expecting IDENT
line 160:113 token recognition error at: '\'
line 160:166 missing ';' at '.'
line 160:175 token recognition error at: '' = 0 "Specification of delay according to signal change";\n'
line 160:174 mismatched input ']' expecting IDENT
line 161:113 token recognition error at: '\'
line 161:166 missing ';' at '.'
line 161:175 token recognition error at: '' = 0 "Specification of delay according to signal change";\n'
line 161:174 mismatched input ']' expecting IDENT
line 162:113 token recognition error at: '\'
line 162:166 missing ';' at '.'
line 162:175 token recognition error at: '' = -1 "Specification of delay according to signal change";\n'
line 162:174 mismatched input ']' expecting IDENT
line 163:113 token recognition error at: '\'
line 163:166 missing ';' at '.'
line 163:175 token recognition error at: '' = 1 "Specification of delay according to signal change";\n'
line 163:174 mismatched input ']' expecting IDENT
line 164:113 token recognition error at: '\'
line 164:166 missing ';' at '.'
line 164:175 token recognition error at: '' = 0 "Specification of delay according to signal change";\n'
line 164:174 mismatched input ']' expecting IDENT
line 165:113 token recognition error at: '\'
line 165:166 missing ';' at '.'
line 165:175 token recognition error at: '' = 1 "Specification of delay according to signal change";\n'
line 165:174 mismatched input ']' expecting IDENT
line 166:113 token recognition error at: '\'
line 166:166 missing ';' at '.'
line 166:175 token recognition error at: '' = 1 "Specification of delay according to signal change";\n'
line 166:174 mismatched input ']' expecting IDENT
line 167:113 token recognition error at: '\'
line 167:166 missing ';' at '.'
line 167:175 token recognition error at: '' = 0 "Specification of delay according to signal change";\n'
line 167:174 mismatched input ']' expecting IDENT
line 168:113 token recognition error at: '\'
line 168:166 missing ';' at '.'
line 168:175 token recognition error at: '' = 1 "Specification of delay according to signal change";\n'
line 168:174 mismatched input ']' expecting IDENT
line 169:113 token recognition error at: '\'
line 169:166 missing ';' at '.'
line 169:175 token recognition error at: '' = 1 "Specification of delay according to signal change";\n'
line 169:174 mismatched input ']' expecting IDENT
line 170:113 token recognition error at: '\'
line 170:166 missing ';' at '.'
line 170:175 token recognition error at: '' = 1 "Specification of delay according to signal change";\n'
line 170:174 mismatched input ']' expecting IDENT
line 171:113 token recognition error at: '\'
line 171:166 missing ';' at '.'
line 171:175 token recognition error at: '' = 0 "Specification of delay according to signal change";\n'
line 171:174 mismatched input ']' expecting IDENT
line 172:113 token recognition error at: '\'
line 172:166 missing ';' at '.'
line 172:175 token recognition error at: '' = 1 "Specification of delay according to signal change";\n'
line 172:174 mismatched input ']' expecting IDENT
line 173:113 token recognition error at: '\'
line 173:166 missing ';' at '.'
line 173:175 token recognition error at: '' = 1 "Specification of delay according to signal change";\n'
line 173:174 mismatched input ']' expecting IDENT
line 174:113 token recognition error at: '\'
line 174:166 missing ';' at '.'
line 174:175 token recognition error at: '' = -1 "Specification of delay according to signal change";\n'
line 174:174 mismatched input ']' expecting IDENT
line 175:113 token recognition error at: '\'
line 175:166 missing ';' at '.'
line 175:175 token recognition error at: '' = -1 "Specification of delay according to signal change";\n'
line 175:174 mismatched input ']' expecting IDENT
line 176:113 token recognition error at: '\'
line 176:166 missing ';' at '.'
line 176:175 token recognition error at: '' = -1 "Specification of delay according to signal change";\n'
line 176:174 mismatched input ']' expecting IDENT
line 177:113 token recognition error at: '\'
line 177:166 missing ';' at '.'
line 177:175 token recognition error at: '' = 0 "Specification of delay according to signal change";\n'
line 177:174 mismatched input ']' expecting IDENT
line 178:113 token recognition error at: '\'
line 178:166 missing ';' at '.'
line 178:175 token recognition error at: '' = -1 "Specification of delay according to signal change";\n'
line 178:174 mismatched input ']' expecting IDENT
line 179:113 token recognition error at: '\'
line 179:166 missing ';' at '.'
line 179:175 token recognition error at: '' = -1 "Specification of delay according to signal change";\n'
line 179:174 mismatched input ']' expecting IDENT
line 180:113 token recognition error at: '\'
line 180:166 missing ';' at '.'
line 180:175 token recognition error at: '' = -1 "Specification of delay according to signal change";\n'
line 180:174 mismatched input ']' expecting IDENT
line 181:113 token recognition error at: '\'
line 181:166 missing ';' at '.'
line 181:175 token recognition error at: '' = 0 "Specification of delay according to signal change";\n'
line 181:174 mismatched input ']' expecting IDENT
line 182:113 token recognition error at: '\'
line 182:166 missing ';' at '.'
line 182:175 token recognition error at: '' = -1 "Specification of delay according to signal change";\n'
line 182:174 mismatched input ']' expecting IDENT
line 183:113 token recognition error at: '\'
line 183:166 missing ';' at '.'
line 183:175 token recognition error at: '' = 0 "Specification of delay according to signal change";\n'
line 183:174 mismatched input ']' expecting IDENT
line 184:113 token recognition error at: '\'
line 184:166 missing ';' at '.'
line 184:175 token recognition error at: '' = 0 "Specification of delay according to signal change";\n'
line 184:174 mismatched input ']' expecting IDENT
line 185:113 token recognition error at: '\'
line 185:166 missing ';' at '.'
line 185:175 token recognition error at: '' = -1 "Specification of delay according to signal change";\n'
line 185:174 mismatched input ']' expecting IDENT
line 186:113 token recognition error at: '\'
line 186:166 missing ';' at '.'
line 186:175 token recognition error at: '' = 1 "Specification of delay according to signal change";\n'
line 186:174 mismatched input ']' expecting IDENT
line 187:113 token recognition error at: '\'
line 187:166 missing ';' at '.'
line 187:175 token recognition error at: '' = 0 "Specification of delay according to signal change";\n'
line 187:174 mismatched input ']' expecting IDENT
line 188:113 token recognition error at: '\'
line 188:166 missing ';' at '.'
line 188:175 token recognition error at: '' = 0 "Specification of delay according to signal change";\n'
line 188:174 mismatched input ']' expecting IDENT
line 189:113 token recognition error at: '\'
line 189:166 missing ';' at '.'
line 189:175 token recognition error at: '' = -1 "Specification of delay according to signal change";\n'
line 189:174 mismatched input ']' expecting IDENT
line 190:113 token recognition error at: '\'
line 190:166 missing ';' at '.'
line 190:175 token recognition error at: '' = 1 "Specification of delay according to signal change";\n'
line 190:174 mismatched input ']' expecting IDENT
line 191:113 token recognition error at: '\'
line 191:166 missing ';' at '.'
line 191:175 token recognition error at: '' = 0 "Specification of delay according to signal change";\n'
line 191:174 extraneous input ']' expecting IDENT
line 192:9 missing ';' at ''delay.inertialDelaySensitive[2].delayTime''
line 192:52 extraneous input '(' expecting IDENT
line 192:82 extraneous input ')' expecting ';'
line 202:66 missing ';' at 'Modelica'
line 202:113 token recognition error at: '\'
line 202:114 missing ';' at ''U\'''
line 202:119 extraneous input ',' expecting IDENT
line 202:166 missing ';' at '.'
line 202:175 token recognition error at: '' = 0 "Specification of delay according to signal change";\n'
line 202:174 mismatched input ']' expecting IDENT
line 203:113 token recognition error at: '\'
line 203:166 missing ';' at '.'
line 203:175 token recognition error at: '' = 0 "Specification of delay according to signal change";\n'
line 203:174 mismatched input ']' expecting IDENT
line 204:113 token recognition error at: '\'
line 204:166 missing ';' at '.'
line 204:175 token recognition error at: '' = -1 "Specification of delay according to signal change";\n'
line 204:174 mismatched input ']' expecting IDENT
line 205:113 token recognition error at: '\'
line 205:166 missing ';' at '.'
line 205:175 token recognition error at: '' = 1 "Specification of delay according to signal change";\n'
line 205:174 mismatched input ']' expecting IDENT
line 206:113 token recognition error at: '\'
line 206:166 missing ';' at '.'
line 206:175 token recognition error at: '' = 0 "Specification of delay according to signal change";\n'
line 206:174 mismatched input ']' expecting IDENT
line 207:113 token recognition error at: '\'
line 207:166 missing ';' at '.'
line 207:175 token recognition error at: '' = 0 "Specification of delay according to signal change";\n'
line 207:174 mismatched input ']' expecting IDENT
line 208:113 token recognition error at: '\'
line 208:166 missing ';' at '.'
line 208:175 token recognition error at: '' = -1 "Specification of delay according to signal change";\n'
line 208:174 mismatched input ']' expecting IDENT
line 209:113 token recognition error at: '\'
line 209:166 missing ';' at '.'
line 209:175 token recognition error at: '' = 1 "Specification of delay according to signal change";\n'
line 209:174 mismatched input ']' expecting IDENT
line 210:113 token recognition error at: '\'
line 210:166 missing ';' at '.'
line 210:175 token recognition error at: '' = 0 "Specification of delay according to signal change";\n'
line 210:174 mismatched input ']' expecting IDENT
line 211:113 token recognition error at: '\'
line 211:166 missing ';' at '.'
line 211:175 token recognition error at: '' = 0 "Specification of delay according to signal change";\n'
line 211:174 mismatched input ']' expecting IDENT
line 212:113 token recognition error at: '\'
line 212:166 missing ';' at '.'
line 212:175 token recognition error at: '' = 0 "Specification of delay according to signal change";\n'
line 212:174 mismatched input ']' expecting IDENT
line 213:113 token recognition error at: '\'
line 213:166 missing ';' at '.'
line 213:175 token recognition error at: '' = -1 "Specification of delay according to signal change";\n'
line 213:174 mismatched input ']' expecting IDENT
line 214:113 token recognition error at: '\'
line 214:166 missing ';' at '.'
line 214:175 token recognition error at: '' = 1 "Specification of delay according to signal change";\n'
line 214:174 mismatched input ']' expecting IDENT
line 215:113 token recognition error at: '\'
line 215:166 missing ';' at '.'
line 215:175 token recognition error at: '' = 0 "Specification of delay according to signal change";\n'
line 215:174 mismatched input ']' expecting IDENT
line 216:113 token recognition error at: '\'
line 216:166 missing ';' at '.'
line 216:175 token recognition error at: '' = 0 "Specification of delay according to signal change";\n'
line 216:174 mismatched input ']' expecting IDENT
line 217:113 token recognition error at: '\'
line 217:166 missing ';' at '.'
line 217:175 token recognition error at: '' = -1 "Specification of delay according to signal change";\n'
line 217:174 mismatched input ']' expecting IDENT
line 218:113 token recognition error at: '\'
line 218:166 missing ';' at '.'
line 218:175 token recognition error at: '' = 1 "Specification of delay according to signal change";\n'
line 218:174 mismatched input ']' expecting IDENT
line 219:113 token recognition error at: '\'
line 219:166 missing ';' at '.'
line 219:175 token recognition error at: '' = 0 "Specification of delay according to signal change";\n'
line 219:174 mismatched input ']' expecting IDENT
line 220:113 token recognition error at: '\'
line 220:166 missing ';' at '.'
line 220:175 token recognition error at: '' = 1 "Specification of delay according to signal change";\n'
line 220:174 mismatched input ']' expecting IDENT
line 221:113 token recognition error at: '\'
line 221:166 missing ';' at '.'
line 221:175 token recognition error at: '' = 1 "Specification of delay according to signal change";\n'
line 221:174 mismatched input ']' expecting IDENT
line 222:113 token recognition error at: '\'
line 222:166 missing ';' at '.'
line 222:175 token recognition error at: '' = 0 "Specification of delay according to signal change";\n'
line 222:174 mismatched input ']' expecting IDENT
line 223:113 token recognition error at: '\'
line 223:166 missing ';' at '.'
line 223:175 token recognition error at: '' = 1 "Specification of delay according to signal change";\n'
line 223:174 mismatched input ']' expecting IDENT
line 224:113 token recognition error at: '\'
line 224:166 missing ';' at '.'
line 224:175 token recognition error at: '' = 1 "Specification of delay according to signal change";\n'
line 224:174 mismatched input ']' expecting IDENT
line 225:113 token recognition error at: '\'
line 225:166 missing ';' at '.'
line 225:175 token recognition error at: '' = 1 "Specification of delay according to signal change";\n'
line 225:174 mismatched input ']' expecting IDENT
line 226:113 token recognition error at: '\'
line 226:166 missing ';' at '.'
line 226:175 token recognition error at: '' = 0 "Specification of delay according to signal change";\n'
line 226:174 mismatched input ']' expecting IDENT
line 227:113 token recognition error at: '\'
line 227:166 missing ';' at '.'
line 227:175 token recognition error at: '' = 1 "Specification of delay according to signal change";\n'
line 227:174 mismatched input ']' expecting IDENT
line 228:113 token recognition error at: '\'
line 228:166 missing ';' at '.'
line 228:175 token recognition error at: '' = 1 "Specification of delay according to signal change";\n'
line 228:174 mismatched input ']' expecting IDENT
line 229:113 token recognition error at: '\'
line 229:166 missing ';' at '.'
line 229:175 token recognition error at: '' = -1 "Specification of delay according to signal change";\n'
line 229:174 mismatched input ']' expecting IDENT
line 230:113 token recognition error at: '\'
line 230:166 missing ';' at '.'
line 230:175 token recognition error at: '' = -1 "Specification of delay according to signal change";\n'
line 230:174 mismatched input ']' expecting IDENT
line 231:113 token recognition error at: '\'
line 231:166 missing ';' at '.'
line 231:175 token recognition error at: '' = -1 "Specification of delay according to signal change";\n'
line 231:174 mismatched input ']' expecting IDENT
line 232:113 token recognition error at: '\'
line 232:166 missing ';' at '.'
line 232:175 token recognition error at: '' = 0 "Specification of delay according to signal change";\n'
line 232:174 mismatched input ']' expecting IDENT
line 233:113 token recognition error at: '\'
line 233:166 missing ';' at '.'
line 233:175 token recognition error at: '' = -1 "Specification of delay according to signal change";\n'
line 233:174 mismatched input ']' expecting IDENT
line 234:113 token recognition error at: '\'
line 234:166 missing ';' at '.'
line 234:175 token recognition error at: '' = -1 "Specification of delay according to signal change";\n'
line 234:174 mismatched input ']' expecting IDENT
line 235:113 token recognition error at: '\'
line 235:166 missing ';' at '.'
line 235:175 token recognition error at: '' = -1 "Specification of delay according to signal change";\n'
line 235:174 mismatched input ']' expecting IDENT
line 236:113 token recognition error at: '\'
line 236:166 missing ';' at '.'
line 236:175 token recognition error at: '' = 0 "Specification of delay according to signal change";\n'
line 236:174 mismatched input ']' expecting IDENT
line 237:113 token recognition error at: '\'
line 237:166 missing ';' at '.'
line 237:175 token recognition error at: '' = -1 "Specification of delay according to signal change";\n'
line 237:174 mismatched input ']' expecting IDENT
line 238:113 token recognition error at: '\'
line 238:166 missing ';' at '.'
line 238:175 token recognition error at: '' = 0 "Specification of delay according to signal change";\n'
line 238:174 mismatched input ']' expecting IDENT
line 239:113 token recognition error at: '\'
line 239:166 missing ';' at '.'
line 239:175 token recognition error at: '' = 0 "Specification of delay according to signal change";\n'
line 239:174 mismatched input ']' expecting IDENT
line 240:113 token recognition error at: '\'
line 240:166 missing ';' at '.'
line 240:175 token recognition error at: '' = -1 "Specification of delay according to signal change";\n'
line 240:174 mismatched input ']' expecting IDENT
line 241:113 token recognition error at: '\'
line 241:166 missing ';' at '.'
line 241:175 token recognition error at: '' = 1 "Specification of delay according to signal change";\n'
line 241:174 mismatched input ']' expecting IDENT
line 242:113 token recognition error at: '\'
line 242:166 missing ';' at '.'
line 242:175 token recognition error at: '' = 0 "Specification of delay according to signal change";\n'
line 242:174 mismatched input ']' expecting IDENT
line 243:113 token recognition error at: '\'
line 243:166 missing ';' at '.'
line 243:175 token recognition error at: '' = 0 "Specification of delay according to signal change";\n'
line 243:174 mismatched input ']' expecting IDENT
line 244:113 token recognition error at: '\'
line 244:166 missing ';' at '.'
line 244:175 token recognition error at: '' = -1 "Specification of delay according to signal change";\n'
line 244:174 mismatched input ']' expecting IDENT
line 245:113 token recognition error at: '\'
line 245:166 missing ';' at '.'
line 245:175 token recognition error at: '' = 1 "Specification of delay according to signal change";\n'
line 245:174 mismatched input ']' expecting IDENT
line 246:113 token recognition error at: '\'
line 246:166 missing ';' at '.'
line 246:175 token recognition error at: '' = 0 "Specification of delay according to signal change";\n'
line 246:174 mismatched input ']' expecting IDENT
line 247:113 token recognition error at: '\'
line 247:166 missing ';' at '.'
line 247:175 token recognition error at: '' = 0 "Specification of delay according to signal change";\n'
line 247:174 mismatched input ']' expecting IDENT
line 248:113 token recognition error at: '\'
line 248:166 missing ';' at '.'
line 248:175 token recognition error at: '' = 0 "Specification of delay according to signal change";\n'
line 248:174 mismatched input ']' expecting IDENT
line 249:113 token recognition error at: '\'
line 249:166 missing ';' at '.'
line 249:175 token recognition error at: '' = -1 "Specification of delay according to signal change";\n'
line 249:174 mismatched input ']' expecting IDENT
line 250:113 token recognition error at: '\'
line 250:166 missing ';' at '.'
line 250:175 token recognition error at: '' = 1 "Specification of delay according to signal change";\n'
line 250:174 mismatched input ']' expecting IDENT
line 251:113 token recognition error at: '\'
line 251:166 missing ';' at '.'
line 251:175 token recognition error at: '' = 0 "Specification of delay according to signal change";\n'
line 251:174 mismatched input ']' expecting IDENT
line 252:113 token recognition error at: '\'
line 252:166 missing ';' at '.'
line 252:175 token recognition error at: '' = 0 "Specification of delay according to signal change";\n'
line 252:174 mismatched input ']' expecting IDENT
line 253:113 token recognition error at: '\'
line 253:166 missing ';' at '.'
line 253:175 token recognition error at: '' = -1 "Specification of delay according to signal change";\n'
line 253:174 mismatched input ']' expecting IDENT
line 254:113 token recognition error at: '\'
line 254:166 missing ';' at '.'
line 254:175 token recognition error at: '' = 1 "Specification of delay according to signal change";\n'
line 254:174 mismatched input ']' expecting IDENT
line 255:113 token recognition error at: '\'
line 255:166 missing ';' at '.'
line 255:175 token recognition error at: '' = 0 "Specification of delay according to signal change";\n'
line 255:174 mismatched input ']' expecting IDENT
line 256:113 token recognition error at: '\'
line 256:166 missing ';' at '.'
line 256:175 token recognition error at: '' = 1 "Specification of delay according to signal change";\n'
line 256:174 mismatched input ']' expecting IDENT
line 257:113 token recognition error at: '\'
line 257:166 missing ';' at '.'
line 257:175 token recognition error at: '' = 1 "Specification of delay according to signal change";\n'
line 257:174 mismatched input ']' expecting IDENT
line 258:113 token recognition error at: '\'
line 258:166 missing ';' at '.'
line 258:175 token recognition error at: '' = 0 "Specification of delay according to signal change";\n'
line 258:174 mismatched input ']' expecting IDENT
line 259:113 token recognition error at: '\'
line 259:166 missing ';' at '.'
line 259:175 token recognition error at: '' = 1 "Specification of delay according to signal change";\n'
line 259:174 mismatched input ']' expecting IDENT
line 260:113 token recognition error at: '\'
line 260:166 missing ';' at '.'
line 260:175 token recognition error at: '' = 1 "Specification of delay according to signal change";\n'
line 260:174 mismatched input ']' expecting IDENT
line 261:113 token recognition error at: '\'
line 261:166 missing ';' at '.'
line 261:175 token recognition error at: '' = 1 "Specification of delay according to signal change";\n'
line 261:174 mismatched input ']' expecting IDENT
line 262:113 token recognition error at: '\'
line 262:166 missing ';' at '.'
line 262:175 token recognition error at: '' = 0 "Specification of delay according to signal change";\n'
line 262:174 mismatched input ']' expecting IDENT
line 263:113 token recognition error at: '\'
line 263:166 missing ';' at '.'
line 263:175 token recognition error at: '' = 1 "Specification of delay according to signal change";\n'
line 263:174 mismatched input ']' expecting IDENT
line 264:113 token recognition error at: '\'
line 264:166 missing ';' at '.'
line 264:175 token recognition error at: '' = 1 "Specification of delay according to signal change";\n'
line 264:174 mismatched input ']' expecting IDENT
line 265:113 token recognition error at: '\'
line 265:166 missing ';' at '.'
line 265:175 token recognition error at: '' = -1 "Specification of delay according to signal change";\n'
line 265:174 mismatched input ']' expecting IDENT
line 266:113 token recognition error at: '\'
line 266:166 missing ';' at '.'
line 266:175 token recognition error at: '' = -1 "Specification of delay according to signal change";\n'
line 266:174 mismatched input ']' expecting IDENT
line 267:113 token recognition error at: '\'
line 267:166 missing ';' at '.'
line 267:175 token recognition error at: '' = -1 "Specification of delay according to signal change";\n'
line 267:174 mismatched input ']' expecting IDENT
line 268:113 token recognition error at: '\'
line 268:166 missing ';' at '.'
line 268:175 token recognition error at: '' = 0 "Specification of delay according to signal change";\n'
line 268:174 mismatched input ']' expecting IDENT
line 269:113 token recognition error at: '\'
line 269:166 missing ';' at '.'
line 269:175 token recognition error at: '' = -1 "Specification of delay according to signal change";\n'
line 269:174 mismatched input ']' expecting IDENT
line 270:113 token recognition error at: '\'
line 270:166 missing ';' at '.'
line 270:175 token recognition error at: '' = -1 "Specification of delay according to signal change";\n'
line 270:174 mismatched input ']' expecting IDENT
line 271:113 token recognition error at: '\'
line 271:166 missing ';' at '.'
line 271:175 token recognition error at: '' = -1 "Specification of delay according to signal change";\n'
line 271:174 mismatched input ']' expecting IDENT
line 272:113 token recognition error at: '\'
line 272:166 missing ';' at '.'
line 272:175 token recognition error at: '' = 0 "Specification of delay according to signal change";\n'
line 272:174 mismatched input ']' expecting IDENT
line 273:113 token recognition error at: '\'
line 273:166 missing ';' at '.'
line 273:175 token recognition error at: '' = -1 "Specification of delay according to signal change";\n'
line 273:174 mismatched input ']' expecting IDENT
line 274:113 token recognition error at: '\'
line 274:166 missing ';' at '.'
line 274:175 token recognition error at: '' = 0 "Specification of delay according to signal change";\n'
line 274:174 mismatched input ']' expecting IDENT
line 275:113 token recognition error at: '\'
line 275:166 missing ';' at '.'
line 275:175 token recognition error at: '' = 0 "Specification of delay according to signal change";\n'
line 275:174 mismatched input ']' expecting IDENT
line 276:113 token recognition error at: '\'
line 276:166 missing ';' at '.'
line 276:175 token recognition error at: '' = -1 "Specification of delay according to signal change";\n'
line 276:174 mismatched input ']' expecting IDENT
line 277:113 token recognition error at: '\'
line 277:166 missing ';' at '.'
line 277:175 token recognition error at: '' = 1 "Specification of delay according to signal change";\n'
line 277:174 mismatched input ']' expecting IDENT
line 278:113 token recognition error at: '\'
line 278:166 missing ';' at '.'
line 278:175 token recognition error at: '' = 0 "Specification of delay according to signal change";\n'
line 278:174 mismatched input ']' expecting IDENT
line 279:113 token recognition error at: '\'
line 279:166 missing ';' at '.'
line 279:175 token recognition error at: '' = 0 "Specification of delay according to signal change";\n'
line 279:174 mismatched input ']' expecting IDENT
line 280:113 token recognition error at: '\'
line 280:166 missing ';' at '.'
line 280:175 token recognition error at: '' = -1 "Specification of delay according to signal change";\n'
line 280:174 mismatched input ']' expecting IDENT
line 281:113 token recognition error at: '\'
line 281:166 missing ';' at '.'
line 281:175 token recognition error at: '' = 1 "Specification of delay according to signal change";\n'
line 281:174 mismatched input ']' expecting IDENT
line 282:113 token recognition error at: '\'
line 282:166 missing ';' at '.'
line 282:175 token recognition error at: '' = 0 "Specification of delay according to signal change";\n'
line 282:174 extraneous input ']' expecting IDENT
line 283:9 missing ';' at ''delay.inertialDelaySensitive[3].delayTime''
line 283:52 extraneous input '(' expecting IDENT
line 283:82 extraneous input ')' expecting ';'

--- Error ---
The equations of a system must involve the unknowns/observables. The following equations were found to have no unknowns/observables:
var"delay.x[1]" ~ var"delay.inertialDelaySensitive[1].x"
var"delay.inertialDelaySensitive[1].y" ~ var"delay.y[1]"
var"delay.x[2]" ~ var"delay.inertialDelaySensitive[2].x"
var"delay.inertialDelaySensitive[2].y" ~ var"delay.y[2]"
var"delay.x[3]" ~ var"delay.inertialDelaySensitive[3].x"
var"delay.inertialDelaySensitive[3].y" ~ var"delay.y[3]"
var"table.y" ~ var"delay.x[1]"
var"table1.y" ~ var"delay.x[2]"
var"table2.y" ~ var"delay.x[3]"

Stacktrace:
  [1] error(s::String)
    @ Base ./error.jl:44
  [2] check_no_parameter_equations(sys::ModelingToolkitBase.System)
    @ ModelingToolkitBase ~/.julia/packages/ModelingToolkitBase/yP1tD/src/utils.jl:363
  [3] ModelingToolkitTearing.TearingState(sys::ModelingToolkitBase.System, source_info::ModelingToolkitBase.EquationSourceInformation; check::Bool, sort_eqs::Bool)
    @ ModelingToolkitTearing ~/.julia/packages/ModelingToolkitTearing/fC8Qv/src/tearingstate.jl:115
  [4] TearingState
    @ ~/.julia/packages/ModelingToolkitTearing/fC8Qv/src/tearingstate.jl:104 [inlined]
  [5] __mtkcompile(sys::ModelingToolkitBase.System; inputs::OrderedCollections.OrderedSet{SymbolicUtils.BasicSymbolicImpl.var"typeof(BasicSymbolicImpl)"{SymbolicUtils.SymReal}}, outputs::OrderedCollections.OrderedSet{SymbolicUtils.BasicSymbolicImpl.var"typeof(BasicSymbolicImpl)"{SymbolicUtils.SymReal}}, disturbance_inputs::OrderedCollections.OrderedSet{SymbolicUtils.BasicSymbolicImpl.var"typeof(BasicSymbolicImpl)"{SymbolicUtils.SymReal}}, sort_eqs::Bool, kwargs::@Kwargs{additional_passes::Tuple{}})
    @ ModelingToolkit ~/.julia/packages/ModelingToolkit/zJBUr/src/systems/systems.jl:33
  [6] _mtkcompile(sys::ModelingToolkitBase.System; kwargs::@Kwargs{inputs::OrderedCollections.OrderedSet{SymbolicUtils.BasicSymbolicImpl.var"typeof(BasicSymbolicImpl)"{SymbolicUtils.SymReal}}, outputs::OrderedCollections.OrderedSet{SymbolicUtils.BasicSymbolicImpl.var"typeof(BasicSymbolicImpl)"{SymbolicUtils.SymReal}}, disturbance_inputs::OrderedCollections.OrderedSet{SymbolicUtils.BasicSymbolicImpl.var"typeof(BasicSymbolicImpl)"{SymbolicUtils.SymReal}}, additional_passes::Tuple{}})
    @ ModelingToolkitBase ~/.julia/packages/ModelingToolkitBase/yP1tD/src/systems/systems.jl:0
  [7] _mtkcompile
    @ ~/.julia/packages/ModelingToolkitBase/yP1tD/src/systems/systems.jl:122 [inlined]
  [8] mtkcompile(sys::ModelingToolkitBase.System; additional_passes::Tuple{}, inputs::Vector{SymbolicUtils.BasicSymbolicImpl.var"typeof(BasicSymbolicImpl)"{SymbolicUtils.SymReal}}, outputs::Vector{SymbolicUtils.BasicSymbolicImpl.var"typeof(BasicSymbolicImpl)"{SymbolicUtils.SymReal}}, disturbance_inputs::Vector{SymbolicUtils.BasicSymbolicImpl.var"typeof(BasicSymbolicImpl)"{SymbolicUtils.SymReal}}, split::Bool, kwargs::@Kwargs{})
    @ ModelingToolkitBase ~/.julia/packages/ModelingToolkitBase/yP1tD/src/systems/systems.jl:95
  [9] mtkcompile
    @ ~/.julia/packages/ModelingToolkitBase/yP1tD/src/systems/systems.jl:84 [inlined]
 [10] eval_AST(model::BaseModelica.BaseModelicaModel)
    @ BaseModelica ~/.julia/packages/BaseModelica/G7VqY/src/evaluator.jl:646
 [11] eval_AST(package::BaseModelica.BaseModelicaPackage)
    @ BaseModelica ~/.julia/packages/BaseModelica/G7VqY/src/evaluator.jl:658
 [12] baseModelica_to_ModelingToolkit
    @ ~/.julia/packages/BaseModelica/G7VqY/src/evaluator.jl:708 [inlined]
 [13] create_odeproblem(filename::String; parser::Symbol, u0::Vector{Any}, kwargs::@Kwargs{})
    @ BaseModelica ~/.julia/packages/BaseModelica/G7VqY/src/BaseModelica.jl:160
 [14] create_odeproblem
    @ ~/.julia/packages/BaseModelica/G7VqY/src/BaseModelica.jl:149 [inlined]
 [15] #run_parse##4
    @ ~/work/BaseModelicaLibraryTesting.jl/BaseModelicaLibraryTesting.jl/src/parse_bm.jl:34 [inlined]
 [16] with_logstate(f::BaseModelicaLibraryTesting.var"#run_parse##4#run_parse##5"{String}, logstate::Base.CoreLogging.LogState)
    @ Base.CoreLogging ./logging/logging.jl:542
 [17] (::Base.RedirectStdStream)(thunk::BaseModelicaLibraryTesting.var"#run_parse##2#run_parse##3"{String, Base.CoreLogging.SimpleLogger}, stream::Pipe)
    @ Base ./stream.jl:1457
 [18] #run_parse##0
    @ ~/work/BaseModelicaLibraryTesting.jl/BaseModelicaLibraryTesting.jl/src/parse_bm.jl:32 [inlined]
 [19] (::Base.RedirectStdStream)(thunk::BaseModelicaLibraryTesting.var"#run_parse##0#run_parse##1"{String, Base.CoreLogging.SimpleLogger, Pipe}, stream::Pipe)
    @ Base ./stream.jl:1464
 [20] run_parse(bm_path::String, model_dir::String, model::String)
    @ BaseModelicaLibraryTesting ~/work/BaseModelicaLibraryTesting.jl/BaseModelicaLibraryTesting.jl/src/parse_bm.jl:31
 [21] test_model(omc::OMJulia.OMCSession, model::String, results_root::String, ref_root::String; csv_max_size_mb::Int64)
    @ BaseModelicaLibraryTesting ~/work/BaseModelicaLibraryTesting.jl/BaseModelicaLibraryTesting.jl/src/pipeline.jl:75
 [22] test_model
    @ ~/work/BaseModelicaLibraryTesting.jl/BaseModelicaLibraryTesting.jl/src/pipeline.jl:60 [inlined]
 [23] main(; library::String, version::String, filter::Nothing, omc_exe::String, results_root::String, ref_root::String, bm_options::String, csv_max_size_mb::Int64)
    @ BaseModelicaLibraryTesting ~/work/BaseModelicaLibraryTesting.jl/BaseModelicaLibraryTesting.jl/src/pipeline.jl:189
 [24] top-level scope
    @ none:3
 [25] eval(m::Module, e::Any)
    @ Core ./boot.jl:489
 [26] exec_options(opts::Base.JLOptions)
    @ Base ./client.jl:283
 [27] _start()
    @ Base ./client.jl:550
