Model:  Modelica.Electrical.Digital.Examples.VectorDelay
Time:    0.003 s
Success: false

--- Error ---
KeyError: key Symbol("Modelica.Electrical.Digital.Interfaces.Logic") not found
Stacktrace:
  [1] getindex(h::Dict{Any, Any}, key::Symbol)
    @ Base ./dict.jl:477
  [2] eval_AST(comp_reference::BaseModelica.BaseModelicaComponentReference)
    @ BaseModelica ~/.julia/packages/BaseModelica/iBUGv/src/evaluator.jl:404
  [3] get_class_modification_value(modification::Vector{BaseModelica.BaseModelicaModification}, key_name::String)
    @ BaseModelica ~/.julia/packages/BaseModelica/iBUGv/src/evaluator.jl:105
  [4] eval_AST(model::BaseModelica.BaseModelicaModel)
    @ BaseModelica ~/.julia/packages/BaseModelica/iBUGv/src/evaluator.jl:297
  [5] eval_AST(package::BaseModelica.BaseModelicaPackage)
    @ BaseModelica ~/.julia/packages/BaseModelica/iBUGv/src/evaluator.jl:368
  [6] baseModelica_to_ModelingToolkit
    @ ~/.julia/packages/BaseModelica/iBUGv/src/evaluator.jl:409 [inlined]
  [7] (::BaseModelicaLibraryTesting.var"#run_parse##10#run_parse##11")()
    @ BaseModelicaLibraryTesting ~/work/BaseModelicaLibraryTesting.jl/BaseModelicaLibraryTesting.jl/src/parse_bm.jl:78
  [8] with_logstate(f::BaseModelicaLibraryTesting.var"#run_parse##10#run_parse##11", logstate::Base.CoreLogging.LogState)
    @ Base.CoreLogging ./logging/logging.jl:542
  [9] (::BaseModelicaLibraryTesting.var"#run_parse##8#run_parse##9")()
    @ BaseModelicaLibraryTesting ~/work/BaseModelicaLibraryTesting.jl/BaseModelicaLibraryTesting.jl/src/parse_bm.jl:77
 [10] (::Base.RedirectStdStream)(thunk::BaseModelicaLibraryTesting.var"#run_parse##8#run_parse##9", stream::Pipe)
    @ Base ./stream.jl:1464
 [11] (::Base.RedirectStdStream)(thunk::BaseModelicaLibraryTesting.var"#run_parse##6#run_parse##7"{Pipe}, stream::Pipe)
    @ Base ./stream.jl:1457
 [12] run_parse(bm_path::String, model_dir::String, model::String)
    @ BaseModelicaLibraryTesting ~/work/BaseModelicaLibraryTesting.jl/BaseModelicaLibraryTesting.jl/src/parse_bm.jl:28
 [13] test_model(omc::OMJulia.OMCSession, model::String, results_root::String, ref_root::String; sim_settings::SimulateSettings, csv_max_size_mb::Int64)
    @ BaseModelicaLibraryTesting ~/work/BaseModelicaLibraryTesting.jl/BaseModelicaLibraryTesting.jl/src/pipeline.jl:82
 [14] test_model
    @ ~/work/BaseModelicaLibraryTesting.jl/BaseModelicaLibraryTesting.jl/src/pipeline.jl:60 [inlined]
 [15] main(; library::String, version::String, filter::String, omc_exe::String, results_root::String, ref_root::String, bm_options::String, sim_settings::SimulateSettings, csv_max_size_mb::Int64)
    @ BaseModelicaLibraryTesting ~/work/BaseModelicaLibraryTesting.jl/BaseModelicaLibraryTesting.jl/src/pipeline.jl:220
 [16] top-level scope
    @ none:7
 [17] eval(m::Module, e::Any)
    @ Core ./boot.jl:489
 [18] exec_options(opts::Base.JLOptions)
    @ Base ./client.jl:283
 [19] _start()
    @ Base ./client.jl:550
