Model:  Modelica.Electrical.Spice3.Examples.InvertersApartRecord
Time:    3.704 s
Success: true

--- Parser output ---
line 1645:1459 missing ';' at '.'
line 1646:1456 missing ';' at '.'
line 1647:1456 missing ';' at '.'
line 1648:1456 missing ';' at '.'
line 1649:1456 missing ';' at '.'
line 1650:1456 missing ';' at '.'
line 1651:1456 missing ';' at '.'
line 1652:1456 missing ';' at '.'
line 1653:1460 missing ';' at '.'
line 1671:1460 missing ';' at '.'
line 1672:1457 missing ';' at '.'
line 1673:1457 missing ';' at '.'
line 1674:1457 missing ';' at '.'
line 1675:1457 missing ';' at '.'
line 1676:1457 missing ';' at '.'
line 1677:1457 missing ';' at '.'
line 1678:1457 missing ';' at '.'
line 1679:1461 missing ';' at '.'
line 1697:1459 missing ';' at '.'
line 1698:1456 missing ';' at '.'
line 1699:1456 missing ';' at '.'
line 1700:1456 missing ';' at '.'
line 1701:1456 missing ';' at '.'
line 1702:1456 missing ';' at '.'
line 1703:1456 missing ';' at '.'
line 1704:1456 missing ';' at '.'
line 1705:1460 missing ';' at '.'
line 1723:1460 missing ';' at '.'
line 1724:1457 missing ';' at '.'
line 1725:1457 missing ';' at '.'
line 1726:1457 missing ';' at '.'
line 1727:1457 missing ';' at '.'
line 1728:1457 missing ';' at '.'
line 1729:1457 missing ';' at '.'
line 1730:1457 missing ';' at '.'
line 1731:1461 missing ';' at '.'
