Model:   Modelica.Electrical.Machines.Examples.SynchronousMachines.SMEE_Rectifier
Time:    0.863 s
Success: false

--- Error ---
Python: AttributeError: 'NoneType' object has no attribute 'elementModification'
Python stacktrace: none
Stacktrace:
  [1] pythrow()
    @ PythonCall.Core ~/.julia/packages/PythonCall/83z4q/src/Core/err.jl:77
  [2] errcheck
    @ ~/.julia/packages/PythonCall/83z4q/src/Core/err.jl:10 [inlined]
  [3] pygetattr(x::PythonCall.Py, k::String)
    @ PythonCall.Core ~/.julia/packages/PythonCall/83z4q/src/Core/builtins.jl:58
  [4] getproperty
    @ ~/.julia/packages/PythonCall/83z4q/src/Core/Py.jl:275 [inlined]
  [5] visit_argument(visitor::BaseModelica.ASTBuilderVisitor, ctx::PythonCall.Py)
    @ BaseModelica ~/.julia/packages/BaseModelica/iBUGv/src/antlr_parser.jl:495
  [6] visit_argumentList(visitor::BaseModelica.ASTBuilderVisitor, ctx::PythonCall.Py)
    @ BaseModelica ~/.julia/packages/BaseModelica/iBUGv/src/antlr_parser.jl:482
  [7] visit_modification(visitor::BaseModelica.ASTBuilderVisitor, ctx::PythonCall.Py)
    @ BaseModelica ~/.julia/packages/BaseModelica/iBUGv/src/antlr_parser.jl:450
  [8] visit_declaration(visitor::BaseModelica.ASTBuilderVisitor, ctx::PythonCall.Py)
    @ BaseModelica ~/.julia/packages/BaseModelica/iBUGv/src/antlr_parser.jl:431
  [9] visit_componentDeclaration(visitor::BaseModelica.ASTBuilderVisitor, ctx::PythonCall.Py)
    @ BaseModelica ~/.julia/packages/BaseModelica/iBUGv/src/antlr_parser.jl:412
 [10] visit_componentList(visitor::BaseModelica.ASTBuilderVisitor, ctx::PythonCall.Py)
    @ BaseModelica ~/.julia/packages/BaseModelica/iBUGv/src/antlr_parser.jl:404
 [11] visit_componentClause(visitor::BaseModelica.ASTBuilderVisitor, ctx::PythonCall.Py)
    @ BaseModelica ~/.julia/packages/BaseModelica/iBUGv/src/antlr_parser.jl:357
 [12] visit_normalElement(visitor::BaseModelica.ASTBuilderVisitor, ctx::PythonCall.Py)
    @ BaseModelica ~/.julia/packages/BaseModelica/iBUGv/src/antlr_parser.jl:350
 [13] visit_genericElement(visitor::BaseModelica.ASTBuilderVisitor, ctx::PythonCall.Py)
    @ BaseModelica ~/.julia/packages/BaseModelica/iBUGv/src/antlr_parser.jl:342
 [14] visit_composition(visitor::BaseModelica.ASTBuilderVisitor, ctx::PythonCall.Py)
    @ BaseModelica ~/.julia/packages/BaseModelica/iBUGv/src/antlr_parser.jl:295
 [15] visit_longClassSpecifier(visitor::BaseModelica.ASTBuilderVisitor, ctx::PythonCall.Py)
    @ BaseModelica ~/.julia/packages/BaseModelica/iBUGv/src/antlr_parser.jl:243
 [16] visit_classSpecifier(visitor::BaseModelica.ASTBuilderVisitor, ctx::PythonCall.Py)
    @ BaseModelica ~/.julia/packages/BaseModelica/iBUGv/src/antlr_parser.jl:231
 [17] visit_classDefinition(visitor::BaseModelica.ASTBuilderVisitor, ctx::PythonCall.Py)
    @ BaseModelica ~/.julia/packages/BaseModelica/iBUGv/src/antlr_parser.jl:225
 [18] visit_baseModelica(visitor::BaseModelica.ASTBuilderVisitor, ctx::PythonCall.Py)
    @ BaseModelica ~/.julia/packages/BaseModelica/iBUGv/src/antlr_parser.jl:202
 [19] antlr_tree_to_ast
    @ ~/.julia/packages/BaseModelica/iBUGv/src/antlr_parser.jl:159 [inlined]
 [20] parse_file_antlr(file_path::String)
    @ BaseModelica ~/.julia/packages/BaseModelica/iBUGv/src/antlr_parser.jl:1230
 [21] create_odeproblem(filename::String; parser::Symbol, u0::Vector{Any}, kwargs::@Kwargs{})
    @ BaseModelica ~/.julia/packages/BaseModelica/iBUGv/src/BaseModelica.jl:152
 [22] create_odeproblem
    @ ~/.julia/packages/BaseModelica/iBUGv/src/BaseModelica.jl:149 [inlined]
 [23] run_parse(bm_path::String, model_dir::String, model::String)
    @ BaseModelicaLibraryTesting ~/work/BaseModelicaLibraryTesting.jl/BaseModelicaLibraryTesting.jl/src/parse_bm.jl:24
 [24] test_model(omc::OMJulia.OMCSession, model::String, results_root::String, ref_root::String)
    @ BaseModelicaLibraryTesting ~/work/BaseModelicaLibraryTesting.jl/BaseModelicaLibraryTesting.jl/src/pipeline.jl:23
 [25] main(; library::String, version::String, filter::Nothing, omc_exe::String, results_root::String, ref_root::String)
    @ BaseModelicaLibraryTesting ~/work/BaseModelicaLibraryTesting.jl/BaseModelicaLibraryTesting.jl/src/pipeline.jl:125
 [26] top-level scope
    @ none:3
 [27] eval(m::Module, e::Any)
    @ Core ./boot.jl:489
 [28] exec_options(opts::Base.JLOptions)
    @ Base ./client.jl:283
 [29] _start()
    @ Base ./client.jl:550
