Model:   Modelica.StateGraph.Examples.ShowExceptions
Time:    0.369 s
Success: false

--- Error ---
TypeError: non-boolean (Float64) used in boolean context
Stacktrace:
  [1] eval_AST(expr::BaseModelica.BaseModelicaOr)
    @ BaseModelica ~/.julia/packages/BaseModelica/bGd9z/src/evaluator.jl:35
  [2] eval_AST(model::BaseModelica.BaseModelicaModel)
    @ BaseModelica ~/.julia/packages/BaseModelica/bGd9z/src/evaluator.jl:373
  [3] eval_AST(package::BaseModelica.BaseModelicaPackage)
    @ BaseModelica ~/.julia/packages/BaseModelica/bGd9z/src/evaluator.jl:500
  [4] baseModelica_to_ModelingToolkit
    @ ~/.julia/packages/BaseModelica/bGd9z/src/evaluator.jl:541 [inlined]
  [5] create_odeproblem(filename::String; parser::Symbol, u0::Vector{Any}, kwargs::@Kwargs{})
    @ BaseModelica ~/.julia/packages/BaseModelica/bGd9z/src/BaseModelica.jl:160
  [6] create_odeproblem
    @ ~/.julia/packages/BaseModelica/bGd9z/src/BaseModelica.jl:149 [inlined]
  [7] run_parse(bm_path::String, model_dir::String, model::String)
    @ BaseModelicaLibraryTesting ~/work/BaseModelicaLibraryTesting.jl/BaseModelicaLibraryTesting.jl/src/parse_bm.jl:24
  [8] test_model(omc::OMJulia.OMCSession, model::String, results_root::String, ref_root::String)
    @ BaseModelicaLibraryTesting ~/work/BaseModelicaLibraryTesting.jl/BaseModelicaLibraryTesting.jl/src/pipeline.jl:23
  [9] main(; library::String, version::String, filter::Nothing, omc_exe::String, results_root::String, ref_root::String)
    @ BaseModelicaLibraryTesting ~/work/BaseModelicaLibraryTesting.jl/BaseModelicaLibraryTesting.jl/src/pipeline.jl:125
 [10] top-level scope
    @ none:3
 [11] eval(m::Module, e::Any)
    @ Core ./boot.jl:489
 [12] exec_options(opts::Base.JLOptions)
    @ Base ./client.jl:283
 [13] _start()
    @ Base ./client.jl:550
