Model:  Modelica.Fluid.Examples.AST_BatchPlant.BatchPlant_StandardWater
Time:    5.983 s
Success: true

--- Parser output ---
line 1178:214 missing ';' at '.'
line 1178:217 missing IDENT at '"Start value of specific enthalpy"'
line 2757:224 missing ';' at '.'
line 2757:227 missing IDENT at '"Start value of specific enthalpy"'
line 2863:209 missing ';' at '.'
line 2863:212 missing IDENT at '"Start value of specific enthalpy"'
line 2971:209 missing ';' at '.'
line 2971:212 missing IDENT at '"Start value of specific enthalpy"'
line 3064:214 missing ';' at '.'
line 3064:217 missing IDENT at '"Start value of specific enthalpy"'
line 3187:214 missing ';' at '.'
line 3187:217 missing IDENT at '"Start value of specific enthalpy"'
line 3275:214 missing ';' at '.'
line 3275:217 missing IDENT at '"Start value of specific enthalpy"'
line 3385:214 missing ';' at '.'
line 3385:217 missing IDENT at '"Start value of specific enthalpy"'
line 3580:226 missing ';' at '.'
line 3580:229 missing IDENT at '"Start value of specific enthalpy"'
line 4231:232 missing ';' at '.'
line 4231:235 missing IDENT at '"Start value of specific enthalpy"'
line 4472:232 missing ';' at '.'
line 4472:235 missing IDENT at '"Start value of specific enthalpy"'
line 4804:224 missing ';' at '.'
line 4804:227 missing IDENT at '"Start value of specific enthalpy"'
line 4998:97 missing ';' at '.'
line 4999:101 missing ';' at '.'
line 5000:99 missing ';' at '.'
line 5001:103 missing ';' at '.'
line 5003:227 mismatched input '.' expecting {'elseif', 'else'}
line 5003:249 mismatched input 'then' expecting ';'
line 5004:4 mismatched input ''V12.port_b_T'' expecting {'end', 'annotation'}
