Model:  Modelica.Electrical.Spice3.Examples.Inverter
Time:    2.96 s
Success: true

--- Parser output ---
line 967:1436 missing ';' at '.'
line 968:1433 missing ';' at '.'
line 969:1433 missing ';' at '.'
line 970:1433 missing ';' at '.'
line 971:1433 missing ';' at '.'
line 972:1433 missing ';' at '.'
line 973:1433 missing ';' at '.'
line 974:1433 missing ';' at '.'
line 975:1437 missing ';' at '.'
line 993:1435 missing ';' at '.'
line 994:1432 missing ';' at '.'
line 995:1432 missing ';' at '.'
line 996:1432 missing ';' at '.'
line 997:1432 missing ';' at '.'
line 998:1432 missing ';' at '.'
line 999:1432 missing ';' at '.'
line 1000:1432 missing ';' at '.'
line 1001:1436 missing ';' at '.'
