Model:   Modelica.Electrical.Machines.Examples.ControlledDCDrives.PositionControlledDCPM
Time:    0.582 s
Success: false

--- Error ---
Variable var"kinematicPTP.s"(t) not assigned in branch 2
Stacktrace:
  [1] error(s::String)
    @ Base ./error.jl:44
  [2] (::BaseModelica.var"#build_ifelse_for_var#eval_AST##1"{BaseModelica.BaseModelicaIfEquation, BaseModelica.var"#get_rhs_for_var#eval_AST##0", Bool})(var_lhs::SymbolicUtils.BasicSymbolicImpl.var"typeof(BasicSymbolicImpl)"{SymbolicUtils.SymReal}, idx::Int64)
    @ BaseModelica ~/.julia/packages/BaseModelica/G7VqY/src/evaluator.jl:179
  [3] (::BaseModelica.var"#build_ifelse_for_var#eval_AST##1"{BaseModelica.BaseModelicaIfEquation, BaseModelica.var"#get_rhs_for_var#eval_AST##0", Bool})(var_lhs::SymbolicUtils.BasicSymbolicImpl.var"typeof(BasicSymbolicImpl)"{SymbolicUtils.SymReal}, idx::Int64)
    @ BaseModelica ~/.julia/packages/BaseModelica/G7VqY/src/evaluator.jl:187
  [4] (::BaseModelica.var"#build_ifelse_for_var#eval_AST##1"{BaseModelica.BaseModelicaIfEquation, BaseModelica.var"#get_rhs_for_var#eval_AST##0", Bool})(var_lhs::SymbolicUtils.BasicSymbolicImpl.var"typeof(BasicSymbolicImpl)"{SymbolicUtils.SymReal})
    @ BaseModelica ~/.julia/packages/BaseModelica/G7VqY/src/evaluator.jl:162
  [5] eval_AST(if_eq::BaseModelica.BaseModelicaIfEquation)
    @ BaseModelica ~/.julia/packages/BaseModelica/G7VqY/src/evaluator.jl:194
  [6] eval_AST(if_eq::BaseModelica.BaseModelicaIfEquation)
    @ BaseModelica ~/.julia/packages/BaseModelica/G7VqY/src/evaluator.jl:153
  [7] (::BaseModelica.var"#eval_AST##6#eval_AST##7")(eq::BaseModelica.BaseModelicaIfEquation)
    @ BaseModelica ./none:-1
  [8] iterate
    @ ./generator.jl:48 [inlined]
  [9] collect_to!(dest::Vector{Symbolics.Equation}, itr::Base.Generator{Vector{Any}, BaseModelica.var"#eval_AST##6#eval_AST##7"}, offs::Int64, st::Int64)
    @ Base ./array.jl:848
 [10] collect_to_with_first!(dest::Vector{Symbolics.Equation}, v1::Symbolics.Equation, itr::Base.Generator{Vector{Any}, BaseModelica.var"#eval_AST##6#eval_AST##7"}, st::Int64)
    @ Base ./array.jl:826
 [11] collect(itr::Base.Generator{Vector{Any}, BaseModelica.var"#eval_AST##6#eval_AST##7"})
    @ Base ./array.jl:800
 [12] eval_AST(model::BaseModelica.BaseModelicaModel)
    @ BaseModelica ~/.julia/packages/BaseModelica/G7VqY/src/evaluator.jl:391
 [13] eval_AST(package::BaseModelica.BaseModelicaPackage)
    @ BaseModelica ~/.julia/packages/BaseModelica/G7VqY/src/evaluator.jl:658
 [14] baseModelica_to_ModelingToolkit
    @ ~/.julia/packages/BaseModelica/G7VqY/src/evaluator.jl:708 [inlined]
 [15] create_odeproblem(filename::String; parser::Symbol, u0::Vector{Any}, kwargs::@Kwargs{})
    @ BaseModelica ~/.julia/packages/BaseModelica/G7VqY/src/BaseModelica.jl:160
 [16] create_odeproblem
    @ ~/.julia/packages/BaseModelica/G7VqY/src/BaseModelica.jl:149 [inlined]
 [17] #run_parse##4
    @ ~/work/BaseModelicaLibraryTesting.jl/BaseModelicaLibraryTesting.jl/src/parse_bm.jl:34 [inlined]
 [18] with_logstate(f::BaseModelicaLibraryTesting.var"#run_parse##4#run_parse##5"{String}, logstate::Base.CoreLogging.LogState)
    @ Base.CoreLogging ./logging/logging.jl:542
 [19] (::Base.RedirectStdStream)(thunk::BaseModelicaLibraryTesting.var"#run_parse##2#run_parse##3"{String, Base.CoreLogging.SimpleLogger}, stream::Pipe)
    @ Base ./stream.jl:1457
 [20] #run_parse##0
    @ ~/work/BaseModelicaLibraryTesting.jl/BaseModelicaLibraryTesting.jl/src/parse_bm.jl:32 [inlined]
 [21] (::Base.RedirectStdStream)(thunk::BaseModelicaLibraryTesting.var"#run_parse##0#run_parse##1"{String, Base.CoreLogging.SimpleLogger, Pipe}, stream::Pipe)
    @ Base ./stream.jl:1464
 [22] run_parse(bm_path::String, model_dir::String, model::String)
    @ BaseModelicaLibraryTesting ~/work/BaseModelicaLibraryTesting.jl/BaseModelicaLibraryTesting.jl/src/parse_bm.jl:31
 [23] test_model(omc::OMJulia.OMCSession, model::String, results_root::String, ref_root::String; csv_max_size_mb::Int64)
    @ BaseModelicaLibraryTesting ~/work/BaseModelicaLibraryTesting.jl/BaseModelicaLibraryTesting.jl/src/pipeline.jl:75
 [24] test_model
    @ ~/work/BaseModelicaLibraryTesting.jl/BaseModelicaLibraryTesting.jl/src/pipeline.jl:60 [inlined]
 [25] main(; library::String, version::String, filter::String, omc_exe::String, results_root::String, ref_root::String, bm_options::String, csv_max_size_mb::Int64)
    @ BaseModelicaLibraryTesting ~/work/BaseModelicaLibraryTesting.jl/BaseModelicaLibraryTesting.jl/src/pipeline.jl:203
 [26] top-level scope
    @ none:4
 [27] eval(m::Module, e::Any)
    @ Core ./boot.jl:489
 [28] exec_options(opts::Base.JLOptions)
    @ Base ./client.jl:283
 [29] _start()
    @ Base ./client.jl:550
