Model:   Modelica.Thermal.FluidHeatFlow.Examples.OneMass
┌ Warning: Initialization system is underdetermined. 5 equations for 6 unknowns. Initialization will default to using least squares. `SCCNonlinearProblem` can only be used for initialization of fully determined systems and hence will not be used here.
│ 
│ 
│ To suppress this warning, pass `warn_initialize_determined = false`. To turn this warning into an error, pass `fully_determined = true`.
└ @ ModelingToolkit /home/runner/.julia/packages/ModelingToolkit/zJBUr/src/initialization.jl:25
┌ Warning: Did not converge after `maxiters = 100` substitutions. Either there \
│ is a cycle in the rules or `maxiters` needs to be higher.
└ @ Symbolics /home/runner/.julia/packages/Symbolics/29fkz/src/variable.jl:443
┌ Warning: Did not converge after `maxiters = 100` substitutions. Either there \
│ is a cycle in the rules or `maxiters` needs to be higher.
└ @ Symbolics /home/runner/.julia/packages/Symbolics/29fkz/src/variable.jl:443
┌ Warning: Did not converge after `maxiters = 100` substitutions. Either there \
│ is a cycle in the rules or `maxiters` needs to be higher.
└ @ Symbolics /home/runner/.julia/packages/Symbolics/29fkz/src/variable.jl:443
┌ Warning: Did not converge after `maxiters = 100` substitutions. Either there \
│ is a cycle in the rules or `maxiters` needs to be higher.
└ @ Symbolics /home/runner/.julia/packages/Symbolics/29fkz/src/variable.jl:443
Time:    1.563 s
Success: true
