Model:   Modelica.Clocked.Examples.Elementary.RealSignals.Sample3
Time:    0.008 s
Success: false

--- Error ---
MethodError: no method matching ModelingToolkitBase.System(::Vector{Any}, ::Symbolics.Num; name::Symbol)
The type `ModelingToolkitBase.System` exists, but no method is defined for this combination of argument types when trying to construct it.

Closest candidates are:
  ModelingToolkitBase.System(::Any, ::Any, !Matched::Any, !Matched::Any, !Matched::Any, !Matched::Any, !Matched::Any, !Matched::Any, !Matched::Any, !Matched::Any, !Matched::Any, !Matched::Any, !Matched::Any, !Matched::Any, !Matched::Any, !Matched::Any, !Matched::Any, !Matched::Any, !Matched::Any, !Matched::Any, !Matched::Any, !Matched::Any, !Matched::Any, !Matched::Any; ...)
   @ ModelingToolkitBase ~/.julia/packages/ModelingToolkitBase/SaEZ4/src/systems/system.jl:298
  ModelingToolkitBase.System(::Any, ::Any, !Matched::Any, !Matched::Any, !Matched::Any, !Matched::Any, !Matched::Any, !Matched::Any, !Matched::Any, !Matched::Any, !Matched::Any, !Matched::Any, !Matched::Any, !Matched::Any, !Matched::Any, !Matched::Any, !Matched::Any, !Matched::Any, !Matched::Any, !Matched::Any, !Matched::Any, !Matched::Any, !Matched::Any, !Matched::Any, !Matched::Any; ...)
   @ ModelingToolkitBase ~/.julia/packages/ModelingToolkitBase/SaEZ4/src/systems/system.jl:298
  ModelingToolkitBase.System(::Any, ::Any, !Matched::Any, !Matched::Any, !Matched::Any, !Matched::Any, !Matched::Any, !Matched::Any, !Matched::Any, !Matched::Any, !Matched::Any, !Matched::Any, !Matched::Any, !Matched::Any, !Matched::Any, !Matched::Any, !Matched::Any, !Matched::Any, !Matched::Any, !Matched::Any, !Matched::Any, !Matched::Any, !Matched::Any, !Matched::Any, !Matched::Any, !Matched::Any; ...)
   @ ModelingToolkitBase ~/.julia/packages/ModelingToolkitBase/SaEZ4/src/systems/system.jl:298
  ...

Stacktrace:
  [1] macro expansion
    @ ~/.julia/packages/ModelingToolkitBase/SaEZ4/src/systems/abstractsystem.jl:2637 [inlined]
  [2] eval_AST(model::BaseModelica.BaseModelicaModel)
    @ BaseModelica ~/.julia/packages/BaseModelica/jc9Ua/src/evaluator.jl:395
  [3] eval_AST(package::BaseModelica.BaseModelicaPackage)
    @ BaseModelica ~/.julia/packages/BaseModelica/jc9Ua/src/evaluator.jl:401
  [4] baseModelica_to_ModelingToolkit
    @ ~/.julia/packages/BaseModelica/jc9Ua/src/evaluator.jl:442 [inlined]
  [5] create_odeproblem(filename::String; parser::Symbol, u0::Vector{Any}, kwargs::@Kwargs{})
    @ BaseModelica ~/.julia/packages/BaseModelica/jc9Ua/src/BaseModelica.jl:160
  [6] create_odeproblem
    @ ~/.julia/packages/BaseModelica/jc9Ua/src/BaseModelica.jl:149 [inlined]
  [7] run_parse(bm_path::String, model_dir::String, model::String)
    @ BaseModelicaLibraryTesting ~/work/BaseModelicaLibraryTesting.jl/BaseModelicaLibraryTesting.jl/src/parse_bm.jl:24
  [8] test_model(omc::OMJulia.OMCSession, model::String, results_root::String, ref_root::String)
    @ BaseModelicaLibraryTesting ~/work/BaseModelicaLibraryTesting.jl/BaseModelicaLibraryTesting.jl/src/pipeline.jl:23
  [9] main(; library::String, version::String, filter::Nothing, omc_exe::String, results_root::String, ref_root::String)
    @ BaseModelicaLibraryTesting ~/work/BaseModelicaLibraryTesting.jl/BaseModelicaLibraryTesting.jl/src/pipeline.jl:125
 [10] top-level scope
    @ none:3
 [11] eval(m::Module, e::Any)
    @ Core ./boot.jl:489
 [12] exec_options(opts::Base.JLOptions)
    @ Base ./client.jl:283
 [13] _start()
    @ Base ./client.jl:550
