Model:   Modelica.Blocks.Examples.Noise.Distributions
Time:    0.165 s
Success: false

--- Error ---
MethodError: no method matching eval_AST(::BaseModelica.BaseModelicaWhenEquation)
The function `eval_AST` exists, but no method is defined for this combination of argument types.

Closest candidates are:
  eval_AST(!Matched::BaseModelica.BaseModelicaPackage)
   @ BaseModelica ~/.julia/packages/BaseModelica/BAR37/src/evaluator.jl:393
  eval_AST(!Matched::BaseModelica.BaseModelicaFunctionCall)
   @ BaseModelica ~/.julia/packages/BaseModelica/BAR37/src/evaluator.jl:403
  eval_AST(!Matched::BaseModelica.BaseModelicaIfExpression)
   @ BaseModelica ~/.julia/packages/BaseModelica/BAR37/src/evaluator.jl:47
  ...

Stacktrace:
  [1] (::BaseModelica.var"#eval_AST##6#eval_AST##7")(eq::BaseModelica.BaseModelicaWhenEquation)
    @ BaseModelica ./none:-1
  [2] iterate
    @ ./generator.jl:48 [inlined]
  [3] collect(itr::Base.Generator{Vector{Any}, BaseModelica.var"#eval_AST##6#eval_AST##7"})
    @ Base ./array.jl:790
  [4] eval_AST(model::BaseModelica.BaseModelicaModel)
    @ BaseModelica ~/.julia/packages/BaseModelica/BAR37/src/evaluator.jl:353
  [5] eval_AST(package::BaseModelica.BaseModelicaPackage)
    @ BaseModelica ~/.julia/packages/BaseModelica/BAR37/src/evaluator.jl:395
  [6] baseModelica_to_ModelingToolkit
    @ ~/.julia/packages/BaseModelica/BAR37/src/evaluator.jl:436 [inlined]
  [7] create_odeproblem(filename::String; parser::Symbol, u0::Vector{Any}, kwargs::@Kwargs{})
    @ BaseModelica ~/.julia/packages/BaseModelica/BAR37/src/BaseModelica.jl:160
  [8] create_odeproblem
    @ ~/.julia/packages/BaseModelica/BAR37/src/BaseModelica.jl:149 [inlined]
  [9] run_parse(bm_path::String, model_dir::String, model::String)
    @ BaseModelicaLibraryTesting ~/work/BaseModelicaLibraryTesting.jl/BaseModelicaLibraryTesting.jl/src/parse_bm.jl:24
 [10] test_model(omc::OMJulia.OMCSession, model::String, results_root::String, ref_root::String)
    @ BaseModelicaLibraryTesting ~/work/BaseModelicaLibraryTesting.jl/BaseModelicaLibraryTesting.jl/src/pipeline.jl:23
 [11] main(; library::String, version::String, filter::Nothing, omc_exe::String, results_root::String, ref_root::String)
    @ BaseModelicaLibraryTesting ~/work/BaseModelicaLibraryTesting.jl/BaseModelicaLibraryTesting.jl/src/pipeline.jl:125
 [12] top-level scope
    @ none:3
 [13] eval(m::Module, e::Any)
    @ Core ./boot.jl:489
 [14] exec_options(opts::Base.JLOptions)
    @ Base ./client.jl:283
 [15] _start()
    @ Base ./client.jl:550
