Model:   Modelica.Mechanics.MultiBody.Examples.Loops.PlanarLoops_analytic
Time:    6.934 s
Success: false

--- Parser output ---
line 4:14 missing IDENT at '['
line 4:18 extraneous input ''v'' expecting ';'
line 5:15 extraneous input '[' expecting IDENT
line 5:26 mismatched input '1' expecting {'@', IDENT}
line 5:28 mismatched input ']' expecting ';'
line 6:2 extraneous input 'algorithm' expecting {'model', 'type', 'operator', 'record', 'pure', 'constant', 'impure', 'function', '@'}
line 14:14 missing IDENT at '['
line 14:18 missing ';' at ''e''
line 14:21 extraneous input '(' expecting IDENT
line 14:27 missing ';' at 'unit'
line 14:32 missing IDENT at '='
line 14:37 extraneous input ')' expecting ';'
line 16:14 missing IDENT at '['
line 16:18 missing ';' at ''r_a''
line 16:23 extraneous input '(' expecting IDENT
line 16:89 extraneous input ')' expecting ';'
line 17:14 missing IDENT at '['
line 17:18 missing ';' at ''r_b''
line 17:23 extraneous input '(' expecting IDENT
line 17:89 extraneous input ')' expecting ';'
line 60:14 missing IDENT at '['
line 60:18 missing ';' at ''e''
line 60:21 extraneous input '(' expecting IDENT
line 60:27 missing ';' at 'unit'
line 60:32 missing IDENT at '='
line 60:37 extraneous input ')' expecting ';'
line 71:14 missing IDENT at '['
line 71:18 missing ';' at ''e''
line 71:21 extraneous input '(' expecting IDENT
line 71:27 missing ';' at 'unit'
line 71:32 missing IDENT at '='
line 71:37 extraneous input ')' expecting ';'
line 73:14 missing IDENT at '['
line 73:18 missing ';' at ''r_a''
line 73:23 extraneous input '(' expecting IDENT
line 73:89 extraneous input ')' expecting ';'
line 74:14 missing IDENT at '['
line 74:18 missing ';' at ''r_b''
line 74:23 extraneous input '(' expecting IDENT
line 74:89 extraneous input ')' expecting ';'
line 117:14 missing IDENT at '['
line 117:18 extraneous input ''n_x'' expecting ';'
line 118:14 missing IDENT at '['
line 118:18 extraneous input ''n_y'' expecting ';'
line 119:15 missing IDENT at '['
line 119:22 extraneous input ''T'' expecting ';'
line 120:8 missing IDENT at '['
line 120:12 missing ';' at ''e_x''
line 120:17 extraneous input '(' expecting IDENT
line 120:23 missing ';' at 'unit'
line 120:28 missing IDENT at '='
line 120:33 mismatched input ')' expecting ';'
line 121:4 extraneous input 'Real' expecting {'model', 'type', 'operator', 'record', 'pure', 'constant', 'impure', 'function', '@'}
line 132:14 missing IDENT at '['
line 132:18 missing ';' at ''e''
line 132:21 extraneous input '(' expecting IDENT
line 132:27 missing ';' at 'unit'
line 132:32 missing IDENT at '='
line 132:37 extraneous input ')' expecting ';'
line 134:14 missing IDENT at '['
line 134:18 missing ';' at ''r_a''
line 134:23 extraneous input '(' expecting IDENT
line 134:89 extraneous input ')' expecting ';'
line 135:14 missing IDENT at '['
line 135:18 missing ';' at ''r_b''
line 135:23 extraneous input '(' expecting IDENT
line 135:89 extraneous input ')' expecting ';'
line 182:8 missing IDENT at '['
line 182:15 extraneous input ''T'' expecting ';'
line 183:8 missing IDENT at '['
line 183:12 missing ';' at ''w''
line 183:15 extraneous input '(' expecting IDENT
line 183:78 extraneous input ')' expecting ';'
line 7278:216 mismatched input '.' expecting ')'
line 7279:216 mismatched input '.' expecting ')'
line 7280:216 mismatched input '.' expecting ')'
line 7281:216 mismatched input '.' expecting ')'
line 7282:216 mismatched input '.' expecting ')'
line 7283:216 mismatched input '.' expecting ')'
line 7284:216 mismatched input '.' expecting ')'
line 7285:216 mismatched input '.' expecting ')'
line 7286:216 mismatched input '.' expecting ')'
line 7287:214 mismatched input '.' expecting ')'
line 7288:214 mismatched input '.' expecting ')'
line 7289:214 mismatched input '.' expecting ')'
line 7674:117 mismatched input '.' expecting ')'
line 7675:117 mismatched input '.' expecting ')'
line 7676:117 mismatched input '.' expecting ')'
line 7677:117 mismatched input '.' expecting ')'
line 7678:117 mismatched input '.' expecting ')'
line 7679:117 mismatched input '.' expecting ')'
line 7680:117 mismatched input '.' expecting ')'
line 7681:117 mismatched input '.' expecting ')'
line 7682:117 mismatched input '.' expecting ')'
line 7683:115 mismatched input '.' expecting ')'
line 7684:115 mismatched input '.' expecting ')'
line 7685:115 mismatched input '.' expecting ')'
line 7947:216 mismatched input '.' expecting ')'
line 7948:216 mismatched input '.' expecting ')'
line 7949:216 mismatched input '.' expecting ')'
line 7950:216 mismatched input '.' expecting ')'
line 7951:216 mismatched input '.' expecting ')'
line 7952:216 mismatched input '.' expecting ')'
line 7953:216 mismatched input '.' expecting ')'
line 7954:216 mismatched input '.' expecting ')'
line 7955:216 mismatched input '.' expecting ')'
line 7956:214 mismatched input '.' expecting ')'
line 7957:214 mismatched input '.' expecting ')'
line 7958:214 mismatched input '.' expecting ')'
line 8489:216 mismatched input '.' expecting ')'
line 8490:216 mismatched input '.' expecting ')'
line 8491:216 mismatched input '.' expecting ')'
line 8492:216 mismatched input '.' expecting ')'
line 8493:216 mismatched input '.' expecting ')'
line 8494:216 mismatched input '.' expecting ')'
line 8495:216 mismatched input '.' expecting ')'
line 8496:216 mismatched input '.' expecting ')'
line 8497:216 mismatched input '.' expecting ')'
line 8498:214 mismatched input '.' expecting ')'
line 8499:214 mismatched input '.' expecting ')'
line 8500:214 mismatched input '.' expecting ')'

--- Error ---
Python: AttributeError: 'NoneType' object has no attribute 'elementModification'
Python stacktrace: none
Stacktrace:
  [1] pythrow()
    @ PythonCall.Core ~/.julia/packages/PythonCall/83z4q/src/Core/err.jl:77
  [2] errcheck
    @ ~/.julia/packages/PythonCall/83z4q/src/Core/err.jl:10 [inlined]
  [3] pygetattr(x::PythonCall.Py, k::String)
    @ PythonCall.Core ~/.julia/packages/PythonCall/83z4q/src/Core/builtins.jl:58
  [4] getproperty
    @ ~/.julia/packages/PythonCall/83z4q/src/Core/Py.jl:275 [inlined]
  [5] visit_argument(visitor::BaseModelica.ASTBuilderVisitor, ctx::PythonCall.Py)
    @ BaseModelica ~/.julia/packages/BaseModelica/G7VqY/src/antlr_parser.jl:511
  [6] visit_argumentList(visitor::BaseModelica.ASTBuilderVisitor, ctx::PythonCall.Py)
    @ BaseModelica ~/.julia/packages/BaseModelica/G7VqY/src/antlr_parser.jl:498
  [7] visit_modification(visitor::BaseModelica.ASTBuilderVisitor, ctx::PythonCall.Py)
    @ BaseModelica ~/.julia/packages/BaseModelica/G7VqY/src/antlr_parser.jl:466
  [8] visit_declaration(visitor::BaseModelica.ASTBuilderVisitor, ctx::PythonCall.Py)
    @ BaseModelica ~/.julia/packages/BaseModelica/G7VqY/src/antlr_parser.jl:447
  [9] visit_componentDeclaration(visitor::BaseModelica.ASTBuilderVisitor, ctx::PythonCall.Py)
    @ BaseModelica ~/.julia/packages/BaseModelica/G7VqY/src/antlr_parser.jl:428
 [10] visit_componentList(visitor::BaseModelica.ASTBuilderVisitor, ctx::PythonCall.Py)
    @ BaseModelica ~/.julia/packages/BaseModelica/G7VqY/src/antlr_parser.jl:420
 [11] visit_componentClause(visitor::BaseModelica.ASTBuilderVisitor, ctx::PythonCall.Py)
    @ BaseModelica ~/.julia/packages/BaseModelica/G7VqY/src/antlr_parser.jl:373
 [12] visit_normalElement(visitor::BaseModelica.ASTBuilderVisitor, ctx::PythonCall.Py)
    @ BaseModelica ~/.julia/packages/BaseModelica/G7VqY/src/antlr_parser.jl:366
 [13] visit_genericElement(visitor::BaseModelica.ASTBuilderVisitor, ctx::PythonCall.Py)
    @ BaseModelica ~/.julia/packages/BaseModelica/G7VqY/src/antlr_parser.jl:358
 [14] visit_composition(visitor::BaseModelica.ASTBuilderVisitor, ctx::PythonCall.Py)
    @ BaseModelica ~/.julia/packages/BaseModelica/G7VqY/src/antlr_parser.jl:306
 [15] visit_longClassSpecifier(visitor::BaseModelica.ASTBuilderVisitor, ctx::PythonCall.Py)
    @ BaseModelica ~/.julia/packages/BaseModelica/G7VqY/src/antlr_parser.jl:245
 [16] visit_classSpecifier(visitor::BaseModelica.ASTBuilderVisitor, ctx::PythonCall.Py)
    @ BaseModelica ~/.julia/packages/BaseModelica/G7VqY/src/antlr_parser.jl:233
 [17] visit_classDefinition(visitor::BaseModelica.ASTBuilderVisitor, ctx::PythonCall.Py)
    @ BaseModelica ~/.julia/packages/BaseModelica/G7VqY/src/antlr_parser.jl:227
 [18] visit_baseModelica(visitor::BaseModelica.ASTBuilderVisitor, ctx::PythonCall.Py)
    @ BaseModelica ~/.julia/packages/BaseModelica/G7VqY/src/antlr_parser.jl:204
 [19] antlr_tree_to_ast
    @ ~/.julia/packages/BaseModelica/G7VqY/src/antlr_parser.jl:161 [inlined]
 [20] parse_file_antlr(file_path::String)
    @ BaseModelica ~/.julia/packages/BaseModelica/G7VqY/src/antlr_parser.jl:1250
 [21] create_odeproblem(filename::String; parser::Symbol, u0::Vector{Any}, kwargs::@Kwargs{})
    @ BaseModelica ~/.julia/packages/BaseModelica/G7VqY/src/BaseModelica.jl:152
 [22] create_odeproblem
    @ ~/.julia/packages/BaseModelica/G7VqY/src/BaseModelica.jl:149 [inlined]
 [23] #run_parse##4
    @ ~/work/BaseModelicaLibraryTesting.jl/BaseModelicaLibraryTesting.jl/src/parse_bm.jl:34 [inlined]
 [24] with_logstate(f::BaseModelicaLibraryTesting.var"#run_parse##4#run_parse##5"{String}, logstate::Base.CoreLogging.LogState)
    @ Base.CoreLogging ./logging/logging.jl:542
 [25] (::Base.RedirectStdStream)(thunk::BaseModelicaLibraryTesting.var"#run_parse##2#run_parse##3"{String, Base.CoreLogging.SimpleLogger}, stream::Pipe)
    @ Base ./stream.jl:1457
 [26] #run_parse##0
    @ ~/work/BaseModelicaLibraryTesting.jl/BaseModelicaLibraryTesting.jl/src/parse_bm.jl:32 [inlined]
 [27] (::Base.RedirectStdStream)(thunk::BaseModelicaLibraryTesting.var"#run_parse##0#run_parse##1"{String, Base.CoreLogging.SimpleLogger, Pipe}, stream::Pipe)
    @ Base ./stream.jl:1464
 [28] run_parse(bm_path::String, model_dir::String, model::String)
    @ BaseModelicaLibraryTesting ~/work/BaseModelicaLibraryTesting.jl/BaseModelicaLibraryTesting.jl/src/parse_bm.jl:31
 [29] test_model(omc::OMJulia.OMCSession, model::String, results_root::String, ref_root::String; csv_max_size_mb::Int64)
    @ BaseModelicaLibraryTesting ~/work/BaseModelicaLibraryTesting.jl/BaseModelicaLibraryTesting.jl/src/pipeline.jl:75
 [30] test_model
    @ ~/work/BaseModelicaLibraryTesting.jl/BaseModelicaLibraryTesting.jl/src/pipeline.jl:60 [inlined]
 [31] main(; library::String, version::String, filter::Nothing, omc_exe::String, results_root::String, ref_root::String, bm_options::String, csv_max_size_mb::Int64)
    @ BaseModelicaLibraryTesting ~/work/BaseModelicaLibraryTesting.jl/BaseModelicaLibraryTesting.jl/src/pipeline.jl:189
 [32] top-level scope
    @ none:3
 [33] eval(m::Module, e::Any)
    @ Core ./boot.jl:489
 [34] exec_options(opts::Base.JLOptions)
    @ Base ./client.jl:283
 [35] _start()
    @ Base ./client.jl:550
