Model:   Modelica.Blocks.Examples.Noise.DrydenContinuousTurbulence
Time:    0.056 s
Success: false

--- Parser output ---
line 23:17 missing IDENT at '['
line 23:21 extraneous input ''stateIn'' expecting ';'
line 25:18 missing IDENT at '['
line 25:22 extraneous input ''stateOut'' expecting ';'
line 33:18 extraneous input '[' expecting IDENT
line 33:27 mismatched input ']' expecting ';'
line 34:4 extraneous input 'Real' expecting {'model', 'type', 'operator', 'record', 'pure', 'constant', 'impure', 'function', '@'}
line 63:11 missing IDENT at '['
line 63:16 extraneous input ''rngState'' expecting ';'

--- Error ---
TypeError: in typeassert, expected DataType, got Type{Union{Nothing, Float64}}
Stacktrace:
  [1] promote_type_fast_path
    @ ~/.julia/packages/SymbolicUtils/Gc8kG/src/methods.jl:48 [inlined]
  [2] promote_symtype(::typeof(ifelse), C::DataType, T::DataType, S::DataType)
    @ SymbolicUtils ~/.julia/packages/SymbolicUtils/Gc8kG/src/methods.jl:636
  [3] ifelse(_if::SymbolicUtils.BasicSymbolicImpl.var"typeof(BasicSymbolicImpl)"{SymbolicUtils.SymReal}, _then::Float64, _else::Nothing)
    @ SymbolicUtils ~/.julia/packages/SymbolicUtils/Gc8kG/src/methods.jl:631
  [4] ifelse(x::Symbolics.Num, y::Float64, z::Nothing)
    @ Symbolics ~/.julia/packages/Symbolics/eUt8E/src/num.jl:116
  [5] build_nested_ifelse(if_expr::BaseModelica.BaseModelicaIfExpression, idx::Int64)
    @ BaseModelica ~/.julia/packages/BaseModelica/eOS7J/src/evaluator.jl:55
  [6] build_nested_ifelse
    @ ~/.julia/packages/BaseModelica/eOS7J/src/evaluator.jl:49 [inlined]
  [7] eval_AST(if_expr::BaseModelica.BaseModelicaIfExpression)
    @ BaseModelica ~/.julia/packages/BaseModelica/eOS7J/src/evaluator.jl:59
  [8] eval_AST(eq::BaseModelica.BaseModelicaSimpleEquation)
    @ BaseModelica ~/.julia/packages/BaseModelica/eOS7J/src/evaluator.jl:118
  [9] eval_AST(eq::BaseModelica.BaseModelicaAnyEquation)
    @ BaseModelica ~/.julia/packages/BaseModelica/eOS7J/src/evaluator.jl:76
 [10] (::BaseModelica.var"#eval_AST##10#eval_AST##11")(eq::BaseModelica.BaseModelicaAnyEquation)
    @ BaseModelica ./none:-1
 [11] iterate
    @ ./generator.jl:48 [inlined]
 [12] collect_to!(dest::Vector{Symbolics.Equation}, itr::Base.Generator{Vector{Any}, BaseModelica.var"#eval_AST##10#eval_AST##11"}, offs::Int64, st::Int64)
    @ Base ./array.jl:848
 [13] collect_to_with_first!(dest::Vector{Symbolics.Equation}, v1::Symbolics.Equation, itr::Base.Generator{Vector{Any}, BaseModelica.var"#eval_AST##10#eval_AST##11"}, st::Int64)
    @ Base ./array.jl:826
 [14] collect(itr::Base.Generator{Vector{Any}, BaseModelica.var"#eval_AST##10#eval_AST##11"})
    @ Base ./array.jl:800
 [15] eval_AST(model::BaseModelica.BaseModelicaModel)
    @ BaseModelica ~/.julia/packages/BaseModelica/eOS7J/src/evaluator.jl:412
 [16] eval_AST(package::BaseModelica.BaseModelicaPackage)
    @ BaseModelica ~/.julia/packages/BaseModelica/eOS7J/src/evaluator.jl:781
 [17] baseModelica_to_ModelingToolkit
    @ ~/.julia/packages/BaseModelica/eOS7J/src/evaluator.jl:831 [inlined]
 [18] create_odeproblem(filename::String; parser::Symbol, u0::Vector{Any}, kwargs::@Kwargs{})
    @ BaseModelica ~/.julia/packages/BaseModelica/eOS7J/src/BaseModelica.jl:160
 [19] create_odeproblem
    @ ~/.julia/packages/BaseModelica/eOS7J/src/BaseModelica.jl:149 [inlined]
 [20] #run_parse##4
    @ ~/work/BaseModelicaLibraryTesting.jl/BaseModelicaLibraryTesting.jl/src/parse_bm.jl:34 [inlined]
 [21] with_logstate(f::BaseModelicaLibraryTesting.var"#run_parse##4#run_parse##5"{String}, logstate::Base.CoreLogging.LogState)
    @ Base.CoreLogging ./logging/logging.jl:542
 [22] (::Base.RedirectStdStream)(thunk::BaseModelicaLibraryTesting.var"#run_parse##2#run_parse##3"{String, Base.CoreLogging.SimpleLogger}, stream::Pipe)
    @ Base ./stream.jl:1457
 [23] #run_parse##0
    @ ~/work/BaseModelicaLibraryTesting.jl/BaseModelicaLibraryTesting.jl/src/parse_bm.jl:32 [inlined]
 [24] (::Base.RedirectStdStream)(thunk::BaseModelicaLibraryTesting.var"#run_parse##0#run_parse##1"{String, Base.CoreLogging.SimpleLogger, Pipe}, stream::Pipe)
    @ Base ./stream.jl:1464
 [25] run_parse(bm_path::String, model_dir::String, model::String)
    @ BaseModelicaLibraryTesting ~/work/BaseModelicaLibraryTesting.jl/BaseModelicaLibraryTesting.jl/src/parse_bm.jl:31
 [26] test_model(omc::OMJulia.OMCSession, model::String, results_root::String, ref_root::String; csv_max_size_mb::Int64)
    @ BaseModelicaLibraryTesting ~/work/BaseModelicaLibraryTesting.jl/BaseModelicaLibraryTesting.jl/src/pipeline.jl:75
 [27] test_model
    @ ~/work/BaseModelicaLibraryTesting.jl/BaseModelicaLibraryTesting.jl/src/pipeline.jl:60 [inlined]
 [28] main(; library::String, version::String, filter::String, omc_exe::String, results_root::String, ref_root::String, bm_options::String, csv_max_size_mb::Int64)
    @ BaseModelicaLibraryTesting ~/work/BaseModelicaLibraryTesting.jl/BaseModelicaLibraryTesting.jl/src/pipeline.jl:203
 [29] top-level scope
    @ none:4
 [30] eval(m::Module, e::Any)
    @ Core ./boot.jl:489
 [31] exec_options(opts::Base.JLOptions)
    @ Base ./client.jl:283
 [32] _start()
    @ Base ./client.jl:550
