Model:   Modelica.Mechanics.MultiBody.Examples.Systems.RobotR3.FullRobot
Time:    9.548 s
Success: false

--- Parser output ---
line 22:14 missing IDENT at '['
line 22:18 missing ';' at ''e''
line 22:21 extraneous input '(' expecting IDENT
line 22:27 missing ';' at 'unit'
line 22:32 missing IDENT at '='
line 22:37 extraneous input ')' expecting ';'
line 35:2 extraneous input 'class' expecting {'model', 'type', 'operator', 'record', 'pure', 'constant', 'impure', 'function', '@'}
line 41:16 missing IDENT at '['
line 41:23 extraneous input ''table'' expecting ';'
line 42:19 missing IDENT at '['
line 42:23 extraneous input ''columns'' expecting ';'
line 57:0 extraneous input 'end' expecting {'model', 'type', 'operator', 'record', 'pure', 'constant', 'impure', 'function', '@'}
line 64:8 missing IDENT at '['
line 64:15 extraneous input ''T'' expecting ';'
line 65:8 missing IDENT at '['
line 65:12 missing ';' at ''w''
line 65:15 extraneous input '(' expecting IDENT
line 65:78 extraneous input ')' expecting ';'
line 8842:144 mismatched input '.' expecting ')'
line 8843:144 mismatched input '.' expecting ')'
line 8844:144 mismatched input '.' expecting ')'
line 8845:144 mismatched input '.' expecting ')'
line 8846:144 mismatched input '.' expecting ')'
line 8847:144 mismatched input '.' expecting ')'
line 8848:144 mismatched input '.' expecting ')'
line 8849:144 mismatched input '.' expecting ')'
line 8850:144 mismatched input '.' expecting ')'
line 8851:142 mismatched input '.' expecting ')'
line 8852:142 mismatched input '.' expecting ')'
line 8853:142 mismatched input '.' expecting ')'
line 8913:144 mismatched input '.' expecting ')'
line 8914:144 mismatched input '.' expecting ')'
line 8915:144 mismatched input '.' expecting ')'
line 8916:144 mismatched input '.' expecting ')'
line 8917:144 mismatched input '.' expecting ')'
line 8918:144 mismatched input '.' expecting ')'
line 8919:144 mismatched input '.' expecting ')'
line 8920:144 mismatched input '.' expecting ')'
line 8921:144 mismatched input '.' expecting ')'
line 8922:142 mismatched input '.' expecting ')'
line 8923:142 mismatched input '.' expecting ')'
line 8924:142 mismatched input '.' expecting ')'
line 8984:144 mismatched input '.' expecting ')'
line 8985:144 mismatched input '.' expecting ')'
line 8986:144 mismatched input '.' expecting ')'
line 8987:144 mismatched input '.' expecting ')'
line 8988:144 mismatched input '.' expecting ')'
line 8989:144 mismatched input '.' expecting ')'
line 8990:144 mismatched input '.' expecting ')'
line 8991:144 mismatched input '.' expecting ')'
line 8992:144 mismatched input '.' expecting ')'
line 8993:142 mismatched input '.' expecting ')'
line 8994:142 mismatched input '.' expecting ')'
line 8995:142 mismatched input '.' expecting ')'
line 9055:144 mismatched input '.' expecting ')'
line 9056:144 mismatched input '.' expecting ')'
line 9057:144 mismatched input '.' expecting ')'
line 9058:144 mismatched input '.' expecting ')'
line 9059:144 mismatched input '.' expecting ')'
line 9060:144 mismatched input '.' expecting ')'
line 9061:144 mismatched input '.' expecting ')'
line 9062:144 mismatched input '.' expecting ')'
line 9063:144 mismatched input '.' expecting ')'
line 9064:142 mismatched input '.' expecting ')'
line 9065:142 mismatched input '.' expecting ')'
line 9066:142 mismatched input '.' expecting ')'
line 9126:144 mismatched input '.' expecting ')'
line 9127:144 mismatched input '.' expecting ')'
line 9128:144 mismatched input '.' expecting ')'
line 9129:144 mismatched input '.' expecting ')'
line 9130:144 mismatched input '.' expecting ')'
line 9131:144 mismatched input '.' expecting ')'
line 9132:144 mismatched input '.' expecting ')'
line 9133:144 mismatched input '.' expecting ')'
line 9134:144 mismatched input '.' expecting ')'
line 9135:142 mismatched input '.' expecting ')'
line 9136:142 mismatched input '.' expecting ')'
line 9137:142 mismatched input '.' expecting ')'
line 9197:144 mismatched input '.' expecting ')'
line 9198:144 mismatched input '.' expecting ')'
line 9199:144 mismatched input '.' expecting ')'
line 9200:144 mismatched input '.' expecting ')'
line 9201:144 mismatched input '.' expecting ')'
line 9202:144 mismatched input '.' expecting ')'
line 9203:144 mismatched input '.' expecting ')'
line 9204:144 mismatched input '.' expecting ')'
line 9205:144 mismatched input '.' expecting ')'
line 9206:142 mismatched input '.' expecting ')'
line 9207:142 mismatched input '.' expecting ')'
line 9208:142 mismatched input '.' expecting ')'
line 10164:70 token recognition error at: '$'
line 10164:71 mismatched input 'i2784' expecting ')'
line 10164:81 missing ';' at 'for'
line 10164:100 mismatched input ')' expecting 'loop'
line 10165:71 token recognition error at: '$'
line 10165:72 mismatched input 'i2785' expecting ')'
line 10165:82 missing ';' at 'for'
line 10165:101 mismatched input ')' expecting 'loop'
line 10185:74 token recognition error at: '$'
line 10185:75 mismatched input 'i2786' expecting ')'
line 10185:85 missing ';' at 'for'
line 10185:104 mismatched input ')' expecting 'loop'
line 10186:75 token recognition error at: '$'
line 10186:76 mismatched input 'i2787' expecting ')'
line 10186:86 missing ';' at 'for'
line 10186:105 mismatched input ')' expecting 'loop'

--- Error ---
Python: AttributeError: 'ErrorNodeImpl' object has no attribute 'ifEquation'
Python stacktrace: none
Stacktrace:
  [1] pythrow()
    @ PythonCall.Core ~/.julia/packages/PythonCall/83z4q/src/Core/err.jl:77
  [2] errcheck
    @ ~/.julia/packages/PythonCall/83z4q/src/Core/err.jl:10 [inlined]
  [3] pygetattr(x::PythonCall.Py, k::String)
    @ PythonCall.Core ~/.julia/packages/PythonCall/83z4q/src/Core/builtins.jl:58
  [4] getproperty
    @ ~/.julia/packages/PythonCall/83z4q/src/Core/Py.jl:275 [inlined]
  [5] visit_equation(visitor::BaseModelica.ASTBuilderVisitor, ctx::PythonCall.Py)
    @ BaseModelica ~/.julia/packages/BaseModelica/G7VqY/src/antlr_parser.jl:585
  [6] visit_ifEquation(visitor::BaseModelica.ASTBuilderVisitor, ctx::PythonCall.Py)
    @ BaseModelica ~/.julia/packages/BaseModelica/G7VqY/src/antlr_parser.jl:686
  [7] visit_equation(visitor::BaseModelica.ASTBuilderVisitor, ctx::PythonCall.Py)
    @ BaseModelica ~/.julia/packages/BaseModelica/G7VqY/src/antlr_parser.jl:586
  [8] visit_composition(visitor::BaseModelica.ASTBuilderVisitor, ctx::PythonCall.Py)
    @ BaseModelica ~/.julia/packages/BaseModelica/G7VqY/src/antlr_parser.jl:319
  [9] visit_longClassSpecifier(visitor::BaseModelica.ASTBuilderVisitor, ctx::PythonCall.Py)
    @ BaseModelica ~/.julia/packages/BaseModelica/G7VqY/src/antlr_parser.jl:245
 [10] visit_baseModelica(visitor::BaseModelica.ASTBuilderVisitor, ctx::PythonCall.Py)
    @ BaseModelica ~/.julia/packages/BaseModelica/G7VqY/src/antlr_parser.jl:217
 [11] antlr_tree_to_ast
    @ ~/.julia/packages/BaseModelica/G7VqY/src/antlr_parser.jl:161 [inlined]
 [12] parse_file_antlr(file_path::String)
    @ BaseModelica ~/.julia/packages/BaseModelica/G7VqY/src/antlr_parser.jl:1250
 [13] create_odeproblem(filename::String; parser::Symbol, u0::Vector{Any}, kwargs::@Kwargs{})
    @ BaseModelica ~/.julia/packages/BaseModelica/G7VqY/src/BaseModelica.jl:152
 [14] create_odeproblem
    @ ~/.julia/packages/BaseModelica/G7VqY/src/BaseModelica.jl:149 [inlined]
 [15] #run_parse##4
    @ ~/work/BaseModelicaLibraryTesting.jl/BaseModelicaLibraryTesting.jl/src/parse_bm.jl:34 [inlined]
 [16] with_logstate(f::BaseModelicaLibraryTesting.var"#run_parse##4#run_parse##5"{String}, logstate::Base.CoreLogging.LogState)
    @ Base.CoreLogging ./logging/logging.jl:542
 [17] (::Base.RedirectStdStream)(thunk::BaseModelicaLibraryTesting.var"#run_parse##2#run_parse##3"{String, Base.CoreLogging.SimpleLogger}, stream::Pipe)
    @ Base ./stream.jl:1457
 [18] #run_parse##0
    @ ~/work/BaseModelicaLibraryTesting.jl/BaseModelicaLibraryTesting.jl/src/parse_bm.jl:32 [inlined]
 [19] (::Base.RedirectStdStream)(thunk::BaseModelicaLibraryTesting.var"#run_parse##0#run_parse##1"{String, Base.CoreLogging.SimpleLogger, Pipe}, stream::Pipe)
    @ Base ./stream.jl:1464
 [20] run_parse(bm_path::String, model_dir::String, model::String)
    @ BaseModelicaLibraryTesting ~/work/BaseModelicaLibraryTesting.jl/BaseModelicaLibraryTesting.jl/src/parse_bm.jl:31
 [21] test_model(omc::OMJulia.OMCSession, model::String, results_root::String, ref_root::String; csv_max_size_mb::Int64)
    @ BaseModelicaLibraryTesting ~/work/BaseModelicaLibraryTesting.jl/BaseModelicaLibraryTesting.jl/src/pipeline.jl:75
 [22] test_model
    @ ~/work/BaseModelicaLibraryTesting.jl/BaseModelicaLibraryTesting.jl/src/pipeline.jl:60 [inlined]
 [23] main(; library::String, version::String, filter::Nothing, omc_exe::String, results_root::String, ref_root::String, bm_options::String, csv_max_size_mb::Int64)
    @ BaseModelicaLibraryTesting ~/work/BaseModelicaLibraryTesting.jl/BaseModelicaLibraryTesting.jl/src/pipeline.jl:189
 [24] top-level scope
    @ none:3
 [25] eval(m::Module, e::Any)
    @ Core ./boot.jl:489
 [26] exec_options(opts::Base.JLOptions)
    @ Base ./client.jl:283
 [27] _start()
    @ Base ./client.jl:550
