Model:   Modelica.Thermal.FluidHeatFlow.Examples.TwoMass
┌ Warning: Verbosity toggle: blas_errors 
│  BLAS/LAPACK dgetrf: Matrix is singular
│   Details: U(1,1) is exactly zero. The factorization has been completed, but U is singular and division by U will produce infinity.
│   Return code (info): 1
│   Matrix size: (13, 13)
│   Matrix type: Matrix{Float64}
│   Element type: Float64
│   Memory usage: 0.0 MB
│   RHS length: 13
│   RHS type: Vector{Float64}
└ @ LinearSolve /home/runner/.julia/packages/LinearSolve/2paV4/src/mkl.jl:344
┌ Warning: Verbosity toggle: blas_errors 
│  BLAS/LAPACK dgetrf: Matrix is singular
│   Details: U(1,1) is exactly zero. The factorization has been completed, but U is singular and division by U will produce infinity.
│   Return code (info): 1
│   Matrix size: (13, 13)
│   Matrix type: Matrix{Float64}
│   Element type: Float64
│   Memory usage: 0.0 MB
│   RHS length: 13
│   RHS type: Vector{Float64}
└ @ LinearSolve /home/runner/.julia/packages/LinearSolve/2paV4/src/mkl.jl:344
┌ Warning: Verbosity toggle: blas_errors 
│  BLAS/LAPACK dgetrf: Matrix is singular
│   Details: U(1,1) is exactly zero. The factorization has been completed, but U is singular and division by U will produce infinity.
│   Return code (info): 1
│   Matrix size: (13, 13)
│   Matrix type: Matrix{Float64}
│   Element type: Float64
│   Memory usage: 0.0 MB
│   RHS length: 13
│   RHS type: Vector{Float64}
└ @ LinearSolve /home/runner/.julia/packages/LinearSolve/2paV4/src/mkl.jl:344
┌ Warning: Verbosity toggle: blas_errors 
│  BLAS/LAPACK dgetrf: Matrix is singular
│   Details: U(1,1) is exactly zero. The factorization has been completed, but U is singular and division by U will produce infinity.
│   Return code (info): 1
│   Matrix size: (13, 13)
│   Matrix type: Matrix{Float64}
│   Element type: Float64
│   Memory usage: 0.0 MB
│   RHS length: 13
│   RHS type: Vector{Float64}
└ @ LinearSolve /home/runner/.julia/packages/LinearSolve/2paV4/src/mkl.jl:344
┌ Warning: Verbosity toggle: blas_errors 
│  BLAS/LAPACK dgetrf: Matrix is singular
│   Details: U(1,1) is exactly zero. The factorization has been completed, but U is singular and division by U will produce infinity.
│   Return code (info): 1
│   Matrix size: (13, 13)
│   Matrix type: Matrix{Float64}
│   Element type: Float64
│   Memory usage: 0.0 MB
│   RHS length: 13
│   RHS type: Vector{Float64}
└ @ LinearSolve /home/runner/.julia/packages/LinearSolve/2paV4/src/mkl.jl:344
┌ Warning: Verbosity toggle: blas_errors 
│  BLAS/LAPACK dgetrf: Matrix is singular
│   Details: U(1,1) is exactly zero. The factorization has been completed, but U is singular and division by U will produce infinity.
│   Return code (info): 1
│   Matrix size: (13, 13)
│   Matrix type: Matrix{Float64}
│   Element type: Float64
│   Memory usage: 0.0 MB
│   RHS length: 13
│   RHS type: Vector{Float64}
└ @ LinearSolve /home/runner/.julia/packages/LinearSolve/2paV4/src/mkl.jl:344
┌ Warning: Verbosity toggle: blas_errors 
│  BLAS/LAPACK dgetrf: Matrix is singular
│   Details: U(1,1) is exactly zero. The factorization has been completed, but U is singular and division by U will produce infinity.
│   Return code (info): 1
│   Matrix size: (13, 13)
│   Matrix type: Matrix{Float64}
│   Element type: Float64
│   Memory usage: 0.0 MB
│   RHS length: 13
│   RHS type: Vector{Float64}
└ @ LinearSolve /home/runner/.julia/packages/LinearSolve/2paV4/src/mkl.jl:344
┌ Warning: Verbosity toggle: blas_errors 
│  BLAS/LAPACK dgetrf: Matrix is singular
│   Details: U(1,1) is exactly zero. The factorization has been completed, but U is singular and division by U will produce infinity.
│   Return code (info): 1
│   Matrix size: (13, 13)
│   Matrix type: Matrix{Float64}
│   Element type: Float64
│   Memory usage: 0.0 MB
│   RHS length: 13
│   RHS type: Vector{Float64}
└ @ LinearSolve /home/runner/.julia/packages/LinearSolve/2paV4/src/mkl.jl:344
┌ Warning: Verbosity toggle: blas_errors 
│  BLAS/LAPACK dgetrf: Matrix is singular
│   Details: U(1,1) is exactly zero. The factorization has been completed, but U is singular and division by U will produce infinity.
│   Return code (info): 1
│   Matrix size: (13, 13)
│   Matrix type: Matrix{Float64}
│   Element type: Float64
│   Memory usage: 0.0 MB
│   RHS length: 13
│   RHS type: Vector{Float64}
└ @ LinearSolve /home/runner/.julia/packages/LinearSolve/2paV4/src/mkl.jl:344
┌ Warning: Verbosity toggle: blas_errors 
│  BLAS/LAPACK dgetrf: Matrix is singular
│   Details: U(1,1) is exactly zero. The factorization has been completed, but U is singular and division by U will produce infinity.
│   Return code (info): 1
│   Matrix size: (13, 13)
│   Matrix type: Matrix{Float64}
│   Element type: Float64
│   Memory usage: 0.0 MB
│   RHS length: 13
│   RHS type: Vector{Float64}
└ @ LinearSolve /home/runner/.julia/packages/LinearSolve/2paV4/src/mkl.jl:344
┌ Warning: Verbosity toggle: blas_errors 
│  BLAS/LAPACK dgetrf: Matrix is singular
│   Details: U(1,1) is exactly zero. The factorization has been completed, but U is singular and division by U will produce infinity.
│   Return code (info): 1
│   Matrix size: (13, 13)
│   Matrix type: Matrix{Float64}
│   Element type: Float64
│   Memory usage: 0.0 MB
│   RHS length: 13
│   RHS type: Vector{Float64}
└ @ LinearSolve /home/runner/.julia/packages/LinearSolve/2paV4/src/mkl.jl:344
┌ Warning: Verbosity toggle: blas_errors 
│  BLAS/LAPACK dgetrf: Matrix is singular
│   Details: U(1,1) is exactly zero. The factorization has been completed, but U is singular and division by U will produce infinity.
│   Return code (info): 1
│   Matrix size: (13, 13)
│   Matrix type: Matrix{Float64}
│   Element type: Float64
│   Memory usage: 0.0 MB
│   RHS length: 13
│   RHS type: Vector{Float64}
└ @ LinearSolve /home/runner/.julia/packages/LinearSolve/2paV4/src/mkl.jl:344
┌ Warning: Verbosity toggle: blas_errors 
│  BLAS/LAPACK dgetrf: Matrix is singular
│   Details: U(1,1) is exactly zero. The factorization has been completed, but U is singular and division by U will produce infinity.
│   Return code (info): 1
│   Matrix size: (13, 13)
│   Matrix type: Matrix{Float64}
│   Element type: Float64
│   Memory usage: 0.0 MB
│   RHS length: 13
│   RHS type: Vector{Float64}
└ @ LinearSolve /home/runner/.julia/packages/LinearSolve/2paV4/src/mkl.jl:344
┌ Warning: Verbosity toggle: blas_errors 
│  BLAS/LAPACK dgetrf: Matrix is singular
│   Details: U(1,1) is exactly zero. The factorization has been completed, but U is singular and division by U will produce infinity.
│   Return code (info): 1
│   Matrix size: (13, 13)
│   Matrix type: Matrix{Float64}
│   Element type: Float64
│   Memory usage: 0.0 MB
│   RHS length: 13
│   RHS type: Vector{Float64}
└ @ LinearSolve /home/runner/.julia/packages/LinearSolve/2paV4/src/mkl.jl:344
┌ Warning: Verbosity toggle: blas_errors 
│  BLAS/LAPACK dgetrf: Matrix is singular
│   Details: U(1,1) is exactly zero. The factorization has been completed, but U is singular and division by U will produce infinity.
│   Return code (info): 1
│   Matrix size: (13, 13)
│   Matrix type: Matrix{Float64}
│   Element type: Float64
│   Memory usage: 0.0 MB
│   RHS length: 13
│   RHS type: Vector{Float64}
└ @ LinearSolve /home/runner/.julia/packages/LinearSolve/2paV4/src/mkl.jl:344
┌ Warning: Verbosity toggle: blas_errors 
│  BLAS/LAPACK dgetrf: Matrix is singular
│   Details: U(1,1) is exactly zero. The factorization has been completed, but U is singular and division by U will produce infinity.
│   Return code (info): 1
│   Matrix size: (13, 13)
│   Matrix type: Matrix{Float64}
│   Element type: Float64
│   Memory usage: 0.0 MB
│   RHS length: 13
│   RHS type: Vector{Float64}
└ @ LinearSolve /home/runner/.julia/packages/LinearSolve/2paV4/src/mkl.jl:344
┌ Warning: Verbosity toggle: blas_errors 
│  BLAS/LAPACK dgetrf: Matrix is singular
│   Details: U(1,1) is exactly zero. The factorization has been completed, but U is singular and division by U will produce infinity.
│   Return code (info): 1
│   Matrix size: (13, 13)
│   Matrix type: Matrix{Float64}
│   Element type: Float64
│   Memory usage: 0.0 MB
│   RHS length: 13
│   RHS type: Vector{Float64}
└ @ LinearSolve /home/runner/.julia/packages/LinearSolve/2paV4/src/mkl.jl:344
┌ Warning: Verbosity toggle: blas_errors 
│  BLAS/LAPACK dgetrf: Matrix is singular
│   Details: U(1,1) is exactly zero. The factorization has been completed, but U is singular and division by U will produce infinity.
│   Return code (info): 1
│   Matrix size: (13, 13)
│   Matrix type: Matrix{Float64}
│   Element type: Float64
│   Memory usage: 0.0 MB
│   RHS length: 13
│   RHS type: Vector{Float64}
└ @ LinearSolve /home/runner/.julia/packages/LinearSolve/2paV4/src/mkl.jl:344
┌ Warning: Verbosity toggle: blas_errors 
│  BLAS/LAPACK dgetrf: Matrix is singular
│   Details: U(1,1) is exactly zero. The factorization has been completed, but U is singular and division by U will produce infinity.
│   Return code (info): 1
│   Matrix size: (13, 13)
│   Matrix type: Matrix{Float64}
│   Element type: Float64
│   Memory usage: 0.0 MB
│   RHS length: 13
│   RHS type: Vector{Float64}
└ @ LinearSolve /home/runner/.julia/packages/LinearSolve/2paV4/src/mkl.jl:344
┌ Warning: Verbosity toggle: blas_errors 
│  BLAS/LAPACK dgetrf: Matrix is singular
│   Details: U(1,1) is exactly zero. The factorization has been completed, but U is singular and division by U will produce infinity.
│   Return code (info): 1
│   Matrix size: (13, 13)
│   Matrix type: Matrix{Float64}
│   Element type: Float64
│   Memory usage: 0.0 MB
│   RHS length: 13
│   RHS type: Vector{Float64}
└ @ LinearSolve /home/runner/.julia/packages/LinearSolve/2paV4/src/mkl.jl:344
┌ Warning: Verbosity toggle: blas_errors 
│  BLAS/LAPACK dgetrf: Matrix is singular
│   Details: U(1,1) is exactly zero. The factorization has been completed, but U is singular and division by U will produce infinity.
│   Return code (info): 1
│   Matrix size: (13, 13)
│   Matrix type: Matrix{Float64}
│   Element type: Float64
│   Memory usage: 0.0 MB
│   RHS length: 13
│   RHS type: Vector{Float64}
└ @ LinearSolve /home/runner/.julia/packages/LinearSolve/2paV4/src/mkl.jl:344
┌ Warning: Verbosity toggle: blas_errors 
│  BLAS/LAPACK dgetrf: Matrix is singular
│   Details: U(1,1) is exactly zero. The factorization has been completed, but U is singular and division by U will produce infinity.
│   Return code (info): 1
│   Matrix size: (13, 13)
│   Matrix type: Matrix{Float64}
│   Element type: Float64
│   Memory usage: 0.0 MB
│   RHS length: 13
│   RHS type: Vector{Float64}
└ @ LinearSolve /home/runner/.julia/packages/LinearSolve/2paV4/src/mkl.jl:344
┌ Warning: Verbosity toggle: blas_errors 
│  BLAS/LAPACK dgetrf: Matrix is singular
│   Details: U(1,1) is exactly zero. The factorization has been completed, but U is singular and division by U will produce infinity.
│   Return code (info): 1
│   Matrix size: (13, 13)
│   Matrix type: Matrix{Float64}
│   Element type: Float64
│   Memory usage: 0.0 MB
│   RHS length: 13
│   RHS type: Vector{Float64}
└ @ LinearSolve /home/runner/.julia/packages/LinearSolve/2paV4/src/mkl.jl:344
┌ Warning: Verbosity toggle: blas_errors 
│  BLAS/LAPACK dgetrf: Matrix is singular
│   Details: U(1,1) is exactly zero. The factorization has been completed, but U is singular and division by U will produce infinity.
│   Return code (info): 1
│   Matrix size: (13, 13)
│   Matrix type: Matrix{Float64}
│   Element type: Float64
│   Memory usage: 0.0 MB
│   RHS length: 13
│   RHS type: Vector{Float64}
└ @ LinearSolve /home/runner/.julia/packages/LinearSolve/2paV4/src/mkl.jl:344
┌ Warning: Verbosity toggle: blas_errors 
│  BLAS/LAPACK dgetrf: Matrix is singular
│   Details: U(1,1) is exactly zero. The factorization has been completed, but U is singular and division by U will produce infinity.
│   Return code (info): 1
│   Matrix size: (13, 13)
│   Matrix type: Matrix{Float64}
│   Element type: Float64
│   Memory usage: 0.0 MB
│   RHS length: 13
│   RHS type: Vector{Float64}
└ @ LinearSolve /home/runner/.julia/packages/LinearSolve/2paV4/src/mkl.jl:344
┌ Warning: Verbosity toggle: blas_errors 
│  BLAS/LAPACK dgetrf: Matrix is singular
│   Details: U(1,1) is exactly zero. The factorization has been completed, but U is singular and division by U will produce infinity.
│   Return code (info): 1
│   Matrix size: (13, 13)
│   Matrix type: Matrix{Float64}
│   Element type: Float64
│   Memory usage: 0.0 MB
│   RHS length: 13
│   RHS type: Vector{Float64}
└ @ LinearSolve /home/runner/.julia/packages/LinearSolve/2paV4/src/mkl.jl:344
┌ Warning: Verbosity toggle: blas_errors 
│  BLAS/LAPACK dgetrf: Matrix is singular
│   Details: U(1,1) is exactly zero. The factorization has been completed, but U is singular and division by U will produce infinity.
│   Return code (info): 1
│   Matrix size: (13, 13)
│   Matrix type: Matrix{Float64}
│   Element type: Float64
│   Memory usage: 0.0 MB
│   RHS length: 13
│   RHS type: Vector{Float64}
└ @ LinearSolve /home/runner/.julia/packages/LinearSolve/2paV4/src/mkl.jl:344
┌ Warning: Verbosity toggle: blas_errors 
│  BLAS/LAPACK dgetrf: Matrix is singular
│   Details: U(1,1) is exactly zero. The factorization has been completed, but U is singular and division by U will produce infinity.
│   Return code (info): 1
│   Matrix size: (13, 13)
│   Matrix type: Matrix{Float64}
│   Element type: Float64
│   Memory usage: 0.0 MB
│   RHS length: 13
│   RHS type: Vector{Float64}
└ @ LinearSolve /home/runner/.julia/packages/LinearSolve/2paV4/src/mkl.jl:344
┌ Warning: Verbosity toggle: blas_errors 
│  BLAS/LAPACK dgetrf: Matrix is singular
│   Details: U(1,1) is exactly zero. The factorization has been completed, but U is singular and division by U will produce infinity.
│   Return code (info): 1
│   Matrix size: (13, 13)
│   Matrix type: Matrix{Float64}
│   Element type: Float64
│   Memory usage: 0.0 MB
│   RHS length: 13
│   RHS type: Vector{Float64}
└ @ LinearSolve /home/runner/.julia/packages/LinearSolve/2paV4/src/mkl.jl:344
┌ Warning: Verbosity toggle: blas_errors 
│  BLAS/LAPACK dgetrf: Matrix is singular
│   Details: U(1,1) is exactly zero. The factorization has been completed, but U is singular and division by U will produce infinity.
│   Return code (info): 1
│   Matrix size: (13, 13)
│   Matrix type: Matrix{Float64}
│   Element type: Float64
│   Memory usage: 0.0 MB
│   RHS length: 13
│   RHS type: Vector{Float64}
└ @ LinearSolve /home/runner/.julia/packages/LinearSolve/2paV4/src/mkl.jl:344
┌ Warning: Verbosity toggle: blas_errors 
│  BLAS/LAPACK dgetrf: Matrix is singular
│   Details: U(1,1) is exactly zero. The factorization has been completed, but U is singular and division by U will produce infinity.
│   Return code (info): 1
│   Matrix size: (13, 13)
│   Matrix type: Matrix{Float64}
│   Element type: Float64
│   Memory usage: 0.0 MB
│   RHS length: 13
│   RHS type: Vector{Float64}
└ @ LinearSolve /home/runner/.julia/packages/LinearSolve/2paV4/src/mkl.jl:344
┌ Warning: Verbosity toggle: blas_errors 
│  BLAS/LAPACK dgetrf: Matrix is singular
│   Details: U(1,1) is exactly zero. The factorization has been completed, but U is singular and division by U will produce infinity.
│   Return code (info): 1
│   Matrix size: (13, 13)
│   Matrix type: Matrix{Float64}
│   Element type: Float64
│   Memory usage: 0.0 MB
│   RHS length: 13
│   RHS type: Vector{Float64}
└ @ LinearSolve /home/runner/.julia/packages/LinearSolve/2paV4/src/mkl.jl:344
┌ Warning: Verbosity toggle: blas_errors 
│  BLAS/LAPACK dgetrf: Matrix is singular
│   Details: U(1,1) is exactly zero. The factorization has been completed, but U is singular and division by U will produce infinity.
│   Return code (info): 1
│   Matrix size: (13, 13)
│   Matrix type: Matrix{Float64}
│   Element type: Float64
│   Memory usage: 0.0 MB
│   RHS length: 13
│   RHS type: Vector{Float64}
└ @ LinearSolve /home/runner/.julia/packages/LinearSolve/2paV4/src/mkl.jl:344
┌ Warning: Verbosity toggle: blas_errors 
│  BLAS/LAPACK dgetrf: Matrix is singular
│   Details: U(1,1) is exactly zero. The factorization has been completed, but U is singular and division by U will produce infinity.
│   Return code (info): 1
│   Matrix size: (13, 13)
│   Matrix type: Matrix{Float64}
│   Element type: Float64
│   Memory usage: 0.0 MB
│   RHS length: 13
│   RHS type: Vector{Float64}
└ @ LinearSolve /home/runner/.julia/packages/LinearSolve/2paV4/src/mkl.jl:344
┌ Warning: Verbosity toggle: blas_errors 
│  BLAS/LAPACK dgetrf: Matrix is singular
│   Details: U(1,1) is exactly zero. The factorization has been completed, but U is singular and division by U will produce infinity.
│   Return code (info): 1
│   Matrix size: (13, 13)
│   Matrix type: Matrix{Float64}
│   Element type: Float64
│   Memory usage: 0.0 MB
│   RHS length: 13
│   RHS type: Vector{Float64}
└ @ LinearSolve /home/runner/.julia/packages/LinearSolve/2paV4/src/mkl.jl:344
┌ Warning: Verbosity toggle: blas_errors 
│  BLAS/LAPACK dgetrf: Matrix is singular
│   Details: U(1,1) is exactly zero. The factorization has been completed, but U is singular and division by U will produce infinity.
│   Return code (info): 1
│   Matrix size: (13, 13)
│   Matrix type: Matrix{Float64}
│   Element type: Float64
│   Memory usage: 0.0 MB
│   RHS length: 13
│   RHS type: Vector{Float64}
└ @ LinearSolve /home/runner/.julia/packages/LinearSolve/2paV4/src/mkl.jl:344
┌ Warning: Verbosity toggle: blas_errors 
│  BLAS/LAPACK dgetrf: Matrix is singular
│   Details: U(1,1) is exactly zero. The factorization has been completed, but U is singular and division by U will produce infinity.
│   Return code (info): 1
│   Matrix size: (13, 13)
│   Matrix type: Matrix{Float64}
│   Element type: Float64
│   Memory usage: 0.0 MB
│   RHS length: 13
│   RHS type: Vector{Float64}
└ @ LinearSolve /home/runner/.julia/packages/LinearSolve/2paV4/src/mkl.jl:344
┌ Warning: Verbosity toggle: blas_errors 
│  BLAS/LAPACK dgetrf: Matrix is singular
│   Details: U(1,1) is exactly zero. The factorization has been completed, but U is singular and division by U will produce infinity.
│   Return code (info): 1
│   Matrix size: (13, 13)
│   Matrix type: Matrix{Float64}
│   Element type: Float64
│   Memory usage: 0.0 MB
│   RHS length: 13
│   RHS type: Vector{Float64}
└ @ LinearSolve /home/runner/.julia/packages/LinearSolve/2paV4/src/mkl.jl:344
┌ Warning: Verbosity toggle: blas_errors 
│  BLAS/LAPACK dgetrf: Matrix is singular
│   Details: U(1,1) is exactly zero. The factorization has been completed, but U is singular and division by U will produce infinity.
│   Return code (info): 1
│   Matrix size: (13, 13)
│   Matrix type: Matrix{Float64}
│   Element type: Float64
│   Memory usage: 0.0 MB
│   RHS length: 13
│   RHS type: Vector{Float64}
└ @ LinearSolve /home/runner/.julia/packages/LinearSolve/2paV4/src/mkl.jl:344
┌ Warning: Verbosity toggle: blas_errors 
│  BLAS/LAPACK dgetrf: Matrix is singular
│   Details: U(1,1) is exactly zero. The factorization has been completed, but U is singular and division by U will produce infinity.
│   Return code (info): 1
│   Matrix size: (13, 13)
│   Matrix type: Matrix{Float64}
│   Element type: Float64
│   Memory usage: 0.0 MB
│   RHS length: 13
│   RHS type: Vector{Float64}
└ @ LinearSolve /home/runner/.julia/packages/LinearSolve/2paV4/src/mkl.jl:344
┌ Warning: Verbosity toggle: blas_errors 
│  BLAS/LAPACK dgetrf: Matrix is singular
│   Details: U(1,1) is exactly zero. The factorization has been completed, but U is singular and division by U will produce infinity.
│   Return code (info): 1
│   Matrix size: (13, 13)
│   Matrix type: Matrix{Float64}
│   Element type: Float64
│   Memory usage: 0.0 MB
│   RHS length: 13
│   RHS type: Vector{Float64}
└ @ LinearSolve /home/runner/.julia/packages/LinearSolve/2paV4/src/mkl.jl:344
┌ Warning: Verbosity toggle: blas_errors 
│  BLAS/LAPACK dgetrf: Matrix is singular
│   Details: U(1,1) is exactly zero. The factorization has been completed, but U is singular and division by U will produce infinity.
│   Return code (info): 1
│   Matrix size: (13, 13)
│   Matrix type: Matrix{Float64}
│   Element type: Float64
│   Memory usage: 0.0 MB
│   RHS length: 13
│   RHS type: Vector{Float64}
└ @ LinearSolve /home/runner/.julia/packages/LinearSolve/2paV4/src/mkl.jl:344
┌ Warning: Verbosity toggle: blas_errors 
│  BLAS/LAPACK dgetrf: Matrix is singular
│   Details: U(1,1) is exactly zero. The factorization has been completed, but U is singular and division by U will produce infinity.
│   Return code (info): 1
│   Matrix size: (13, 13)
│   Matrix type: Matrix{Float64}
│   Element type: Float64
│   Memory usage: 0.0 MB
│   RHS length: 13
│   RHS type: Vector{Float64}
└ @ LinearSolve /home/runner/.julia/packages/LinearSolve/2paV4/src/mkl.jl:344
┌ Warning: Verbosity toggle: blas_errors 
│  BLAS/LAPACK dgetrf: Matrix is singular
│   Details: U(1,1) is exactly zero. The factorization has been completed, but U is singular and division by U will produce infinity.
│   Return code (info): 1
│   Matrix size: (13, 13)
│   Matrix type: Matrix{Float64}
│   Element type: Float64
│   Memory usage: 0.0 MB
│   RHS length: 13
│   RHS type: Vector{Float64}
└ @ LinearSolve /home/runner/.julia/packages/LinearSolve/2paV4/src/mkl.jl:344
┌ Warning: Verbosity toggle: blas_errors 
│  BLAS/LAPACK dgetrf: Matrix is singular
│   Details: U(1,1) is exactly zero. The factorization has been completed, but U is singular and division by U will produce infinity.
│   Return code (info): 1
│   Matrix size: (13, 13)
│   Matrix type: Matrix{Float64}
│   Element type: Float64
│   Memory usage: 0.0 MB
│   RHS length: 13
│   RHS type: Vector{Float64}
└ @ LinearSolve /home/runner/.julia/packages/LinearSolve/2paV4/src/mkl.jl:344
┌ Warning: Verbosity toggle: blas_errors 
│  BLAS/LAPACK dgetrf: Matrix is singular
│   Details: U(1,1) is exactly zero. The factorization has been completed, but U is singular and division by U will produce infinity.
│   Return code (info): 1
│   Matrix size: (13, 13)
│   Matrix type: Matrix{Float64}
│   Element type: Float64
│   Memory usage: 0.0 MB
│   RHS length: 13
│   RHS type: Vector{Float64}
└ @ LinearSolve /home/runner/.julia/packages/LinearSolve/2paV4/src/mkl.jl:344
┌ Warning: Verbosity toggle: blas_errors 
│  BLAS/LAPACK dgetrf: Matrix is singular
│   Details: U(1,1) is exactly zero. The factorization has been completed, but U is singular and division by U will produce infinity.
│   Return code (info): 1
│   Matrix size: (13, 13)
│   Matrix type: Matrix{Float64}
│   Element type: Float64
│   Memory usage: 0.0 MB
│   RHS length: 13
│   RHS type: Vector{Float64}
└ @ LinearSolve /home/runner/.julia/packages/LinearSolve/2paV4/src/mkl.jl:344
┌ Warning: Verbosity toggle: blas_errors 
│  BLAS/LAPACK dgetrf: Matrix is singular
│   Details: U(1,1) is exactly zero. The factorization has been completed, but U is singular and division by U will produce infinity.
│   Return code (info): 1
│   Matrix size: (13, 13)
│   Matrix type: Matrix{Float64}
│   Element type: Float64
│   Memory usage: 0.0 MB
│   RHS length: 13
│   RHS type: Vector{Float64}
└ @ LinearSolve /home/runner/.julia/packages/LinearSolve/2paV4/src/mkl.jl:344
┌ Warning: Verbosity toggle: blas_errors 
│  BLAS/LAPACK dgetrf: Matrix is singular
│   Details: U(1,1) is exactly zero. The factorization has been completed, but U is singular and division by U will produce infinity.
│   Return code (info): 1
│   Matrix size: (13, 13)
│   Matrix type: Matrix{Float64}
│   Element type: Float64
│   Memory usage: 0.0 MB
│   RHS length: 13
│   RHS type: Vector{Float64}
└ @ LinearSolve /home/runner/.julia/packages/LinearSolve/2paV4/src/mkl.jl:344
┌ Warning: Verbosity toggle: blas_errors 
│  BLAS/LAPACK dgetrf: Matrix is singular
│   Details: U(1,1) is exactly zero. The factorization has been completed, but U is singular and division by U will produce infinity.
│   Return code (info): 1
│   Matrix size: (13, 13)
│   Matrix type: Matrix{Float64}
│   Element type: Float64
│   Memory usage: 0.0 MB
│   RHS length: 13
│   RHS type: Vector{Float64}
└ @ LinearSolve /home/runner/.julia/packages/LinearSolve/2paV4/src/mkl.jl:344
┌ Warning: Verbosity toggle: blas_errors 
│  BLAS/LAPACK dgetrf: Matrix is singular
│   Details: U(1,1) is exactly zero. The factorization has been completed, but U is singular and division by U will produce infinity.
│   Return code (info): 1
│   Matrix size: (13, 13)
│   Matrix type: Matrix{Float64}
│   Element type: Float64
│   Memory usage: 0.0 MB
│   RHS length: 13
│   RHS type: Vector{Float64}
└ @ LinearSolve /home/runner/.julia/packages/LinearSolve/2paV4/src/mkl.jl:344
┌ Warning: Verbosity toggle: blas_errors 
│  BLAS/LAPACK dgetrf: Matrix is singular
│   Details: U(1,1) is exactly zero. The factorization has been completed, but U is singular and division by U will produce infinity.
│   Return code (info): 1
│   Matrix size: (13, 13)
│   Matrix type: Matrix{Float64}
│   Element type: Float64
│   Memory usage: 0.0 MB
│   RHS length: 13
│   RHS type: Vector{Float64}
└ @ LinearSolve /home/runner/.julia/packages/LinearSolve/2paV4/src/mkl.jl:344
┌ Warning: Verbosity toggle: blas_errors 
│  BLAS/LAPACK dgetrf: Matrix is singular
│   Details: U(1,1) is exactly zero. The factorization has been completed, but U is singular and division by U will produce infinity.
│   Return code (info): 1
│   Matrix size: (13, 13)
│   Matrix type: Matrix{Float64}
│   Element type: Float64
│   Memory usage: 0.0 MB
│   RHS length: 13
│   RHS type: Vector{Float64}
└ @ LinearSolve /home/runner/.julia/packages/LinearSolve/2paV4/src/mkl.jl:344
┌ Warning: Verbosity toggle: blas_errors 
│  BLAS/LAPACK dgetrf: Matrix is singular
│   Details: U(1,1) is exactly zero. The factorization has been completed, but U is singular and division by U will produce infinity.
│   Return code (info): 1
│   Matrix size: (13, 13)
│   Matrix type: Matrix{Float64}
│   Element type: Float64
│   Memory usage: 0.0 MB
│   RHS length: 13
│   RHS type: Vector{Float64}
└ @ LinearSolve /home/runner/.julia/packages/LinearSolve/2paV4/src/mkl.jl:344
┌ Warning: Verbosity toggle: blas_errors 
│  BLAS/LAPACK dgetrf: Matrix is singular
│   Details: U(1,1) is exactly zero. The factorization has been completed, but U is singular and division by U will produce infinity.
│   Return code (info): 1
│   Matrix size: (13, 13)
│   Matrix type: Matrix{Float64}
│   Element type: Float64
│   Memory usage: 0.0 MB
│   RHS length: 13
│   RHS type: Vector{Float64}
└ @ LinearSolve /home/runner/.julia/packages/LinearSolve/2paV4/src/mkl.jl:344
┌ Warning: Verbosity toggle: blas_errors 
│  BLAS/LAPACK dgetrf: Matrix is singular
│   Details: U(1,1) is exactly zero. The factorization has been completed, but U is singular and division by U will produce infinity.
│   Return code (info): 1
│   Matrix size: (13, 13)
│   Matrix type: Matrix{Float64}
│   Element type: Float64
│   Memory usage: 0.0 MB
│   RHS length: 13
│   RHS type: Vector{Float64}
└ @ LinearSolve /home/runner/.julia/packages/LinearSolve/2paV4/src/mkl.jl:344
┌ Warning: Verbosity toggle: blas_errors 
│  BLAS/LAPACK dgetrf: Matrix is singular
│   Details: U(1,1) is exactly zero. The factorization has been completed, but U is singular and division by U will produce infinity.
│   Return code (info): 1
│   Matrix size: (13, 13)
│   Matrix type: Matrix{Float64}
│   Element type: Float64
│   Memory usage: 0.0 MB
│   RHS length: 13
│   RHS type: Vector{Float64}
└ @ LinearSolve /home/runner/.julia/packages/LinearSolve/2paV4/src/mkl.jl:344
┌ Warning: Verbosity toggle: blas_errors 
│  BLAS/LAPACK dgetrf: Matrix is singular
│   Details: U(1,1) is exactly zero. The factorization has been completed, but U is singular and division by U will produce infinity.
│   Return code (info): 1
│   Matrix size: (13, 13)
│   Matrix type: Matrix{Float64}
│   Element type: Float64
│   Memory usage: 0.0 MB
│   RHS length: 13
│   RHS type: Vector{Float64}
└ @ LinearSolve /home/runner/.julia/packages/LinearSolve/2paV4/src/mkl.jl:344
┌ Warning: Verbosity toggle: blas_errors 
│  BLAS/LAPACK dgetrf: Matrix is singular
│   Details: U(1,1) is exactly zero. The factorization has been completed, but U is singular and division by U will produce infinity.
│   Return code (info): 1
│   Matrix size: (13, 13)
│   Matrix type: Matrix{Float64}
│   Element type: Float64
│   Memory usage: 0.0 MB
│   RHS length: 13
│   RHS type: Vector{Float64}
└ @ LinearSolve /home/runner/.julia/packages/LinearSolve/2paV4/src/mkl.jl:344
┌ Warning: Verbosity toggle: blas_errors 
│  BLAS/LAPACK dgetrf: Matrix is singular
│   Details: U(1,1) is exactly zero. The factorization has been completed, but U is singular and division by U will produce infinity.
│   Return code (info): 1
│   Matrix size: (13, 13)
│   Matrix type: Matrix{Float64}
│   Element type: Float64
│   Memory usage: 0.0 MB
│   RHS length: 13
│   RHS type: Vector{Float64}
└ @ LinearSolve /home/runner/.julia/packages/LinearSolve/2paV4/src/mkl.jl:344
┌ Warning: Verbosity toggle: blas_errors 
│  BLAS/LAPACK dgetrf: Matrix is singular
│   Details: U(1,1) is exactly zero. The factorization has been completed, but U is singular and division by U will produce infinity.
│   Return code (info): 1
│   Matrix size: (13, 13)
│   Matrix type: Matrix{Float64}
│   Element type: Float64
│   Memory usage: 0.0 MB
│   RHS length: 13
│   RHS type: Vector{Float64}
└ @ LinearSolve /home/runner/.julia/packages/LinearSolve/2paV4/src/mkl.jl:344
┌ Warning: Verbosity toggle: blas_errors 
│  BLAS/LAPACK dgetrf: Matrix is singular
│   Details: U(1,1) is exactly zero. The factorization has been completed, but U is singular and division by U will produce infinity.
│   Return code (info): 1
│   Matrix size: (13, 13)
│   Matrix type: Matrix{Float64}
│   Element type: Float64
│   Memory usage: 0.0 MB
│   RHS length: 13
│   RHS type: Vector{Float64}
└ @ LinearSolve /home/runner/.julia/packages/LinearSolve/2paV4/src/mkl.jl:344
┌ Warning: Verbosity toggle: blas_errors 
│  BLAS/LAPACK dgetrf: Matrix is singular
│   Details: U(1,1) is exactly zero. The factorization has been completed, but U is singular and division by U will produce infinity.
│   Return code (info): 1
│   Matrix size: (13, 13)
│   Matrix type: Matrix{Float64}
│   Element type: Float64
│   Memory usage: 0.0 MB
│   RHS length: 13
│   RHS type: Vector{Float64}
└ @ LinearSolve /home/runner/.julia/packages/LinearSolve/2paV4/src/mkl.jl:344
┌ Warning: Verbosity toggle: blas_errors 
│  BLAS/LAPACK dgetrf: Matrix is singular
│   Details: U(1,1) is exactly zero. The factorization has been completed, but U is singular and division by U will produce infinity.
│   Return code (info): 1
│   Matrix size: (13, 13)
│   Matrix type: Matrix{Float64}
│   Element type: Float64
│   Memory usage: 0.0 MB
│   RHS length: 13
│   RHS type: Vector{Float64}
└ @ LinearSolve /home/runner/.julia/packages/LinearSolve/2paV4/src/mkl.jl:344
┌ Warning: Verbosity toggle: blas_errors 
│  BLAS/LAPACK dgetrf: Matrix is singular
│   Details: U(1,1) is exactly zero. The factorization has been completed, but U is singular and division by U will produce infinity.
│   Return code (info): 1
│   Matrix size: (13, 13)
│   Matrix type: Matrix{Float64}
│   Element type: Float64
│   Memory usage: 0.0 MB
│   RHS length: 13
│   RHS type: Vector{Float64}
└ @ LinearSolve /home/runner/.julia/packages/LinearSolve/2paV4/src/mkl.jl:344
┌ Warning: Verbosity toggle: blas_errors 
│  BLAS/LAPACK dgetrf: Matrix is singular
│   Details: U(1,1) is exactly zero. The factorization has been completed, but U is singular and division by U will produce infinity.
│   Return code (info): 1
│   Matrix size: (13, 13)
│   Matrix type: Matrix{Float64}
│   Element type: Float64
│   Memory usage: 0.0 MB
│   RHS length: 13
│   RHS type: Vector{Float64}
└ @ LinearSolve /home/runner/.julia/packages/LinearSolve/2paV4/src/mkl.jl:344
┌ Warning: Verbosity toggle: blas_errors 
│  BLAS/LAPACK dgetrf: Matrix is singular
│   Details: U(1,1) is exactly zero. The factorization has been completed, but U is singular and division by U will produce infinity.
│   Return code (info): 1
│   Matrix size: (13, 13)
│   Matrix type: Matrix{Float64}
│   Element type: Float64
│   Memory usage: 0.0 MB
│   RHS length: 13
│   RHS type: Vector{Float64}
└ @ LinearSolve /home/runner/.julia/packages/LinearSolve/2paV4/src/mkl.jl:344
┌ Warning: Verbosity toggle: blas_errors 
│  BLAS/LAPACK dgetrf: Matrix is singular
│   Details: U(1,1) is exactly zero. The factorization has been completed, but U is singular and division by U will produce infinity.
│   Return code (info): 1
│   Matrix size: (13, 13)
│   Matrix type: Matrix{Float64}
│   Element type: Float64
│   Memory usage: 0.0 MB
│   RHS length: 13
│   RHS type: Vector{Float64}
└ @ LinearSolve /home/runner/.julia/packages/LinearSolve/2paV4/src/mkl.jl:344
Time:    6.189 s
Success: false

--- Error ---
Solver returned: Unstable
