Model:   Modelica.Electrical.Analog.Examples.DemoPowerSupply
Time:    0.2 s
Success: false

--- Error ---
Variable -var"dcPowerSupply.i"(t) not assigned in branch 1
Stacktrace:
  [1] error(s::String)
    @ Base ./error.jl:44
  [2] (::BaseModelica.var"#build_ifelse_for_var#eval_AST##2"{BaseModelica.BaseModelicaIfEquation, BaseModelica.var"#get_rhs_for_var#eval_AST##1", Bool})(var_lhs::SymbolicUtils.BasicSymbolicImpl.var"typeof(BasicSymbolicImpl)"{SymbolicUtils.SymReal}, idx::Int64)
    @ BaseModelica ~/.julia/packages/BaseModelica/iBUGv/src/evaluator.jl:180
  [3] (::BaseModelica.var"#build_ifelse_for_var#eval_AST##2"{BaseModelica.BaseModelicaIfEquation, BaseModelica.var"#get_rhs_for_var#eval_AST##1", Bool})(var_lhs::SymbolicUtils.BasicSymbolicImpl.var"typeof(BasicSymbolicImpl)"{SymbolicUtils.SymReal})
    @ BaseModelica ~/.julia/packages/BaseModelica/iBUGv/src/evaluator.jl:163
  [4] eval_AST(if_eq::BaseModelica.BaseModelicaIfEquation)
    @ BaseModelica ~/.julia/packages/BaseModelica/iBUGv/src/evaluator.jl:195
  [5] eval_AST(if_eq::BaseModelica.BaseModelicaIfEquation)
    @ BaseModelica ~/.julia/packages/BaseModelica/iBUGv/src/evaluator.jl:154
  [6] (::BaseModelica.var"#eval_AST##7#eval_AST##8")(eq::BaseModelica.BaseModelicaIfEquation)
    @ BaseModelica ./none:-1
  [7] iterate
    @ ./generator.jl:48 [inlined]
  [8] collect_to!(dest::Vector{Symbolics.Equation}, itr::Base.Generator{Vector{Any}, BaseModelica.var"#eval_AST##7#eval_AST##8"}, offs::Int64, st::Int64)
    @ Base ./array.jl:848
  [9] collect_to_with_first!(dest::Vector{Symbolics.Equation}, v1::Symbolics.Equation, itr::Base.Generator{Vector{Any}, BaseModelica.var"#eval_AST##7#eval_AST##8"}, st::Int64)
    @ Base ./array.jl:826
 [10] collect(itr::Base.Generator{Vector{Any}, BaseModelica.var"#eval_AST##7#eval_AST##8"})
    @ Base ./array.jl:800
 [11] eval_AST(model::BaseModelica.BaseModelicaModel)
    @ BaseModelica ~/.julia/packages/BaseModelica/iBUGv/src/evaluator.jl:326
 [12] eval_AST(package::BaseModelica.BaseModelicaPackage)
    @ BaseModelica ~/.julia/packages/BaseModelica/iBUGv/src/evaluator.jl:368
 [13] baseModelica_to_ModelingToolkit
    @ ~/.julia/packages/BaseModelica/iBUGv/src/evaluator.jl:409 [inlined]
 [14] create_odeproblem(filename::String; parser::Symbol, u0::Vector{Any}, kwargs::@Kwargs{})
    @ BaseModelica ~/.julia/packages/BaseModelica/iBUGv/src/BaseModelica.jl:160
 [15] create_odeproblem
    @ ~/.julia/packages/BaseModelica/iBUGv/src/BaseModelica.jl:149 [inlined]
 [16] run_parse(bm_path::String, model_dir::String, model::String)
    @ BaseModelicaLibraryTesting ~/work/BaseModelicaLibraryTesting.jl/BaseModelicaLibraryTesting.jl/src/parse_bm.jl:24
 [17] test_model(omc::OMJulia.OMCSession, model::String, results_root::String, ref_root::String)
    @ BaseModelicaLibraryTesting ~/work/BaseModelicaLibraryTesting.jl/BaseModelicaLibraryTesting.jl/src/pipeline.jl:23
 [18] main(; library::String, version::String, filter::Nothing, omc_exe::String, results_root::String, ref_root::String)
    @ BaseModelicaLibraryTesting ~/work/BaseModelicaLibraryTesting.jl/BaseModelicaLibraryTesting.jl/src/pipeline.jl:125
 [19] top-level scope
    @ none:3
 [20] eval(m::Module, e::Any)
    @ Core ./boot.jl:489
 [21] exec_options(opts::Base.JLOptions)
    @ Base ./client.jl:283
 [22] _start()
    @ Base ./client.jl:550
