Model:   Modelica.Electrical.Digital.Examples.Adder4
┌ Error: Parsing failed
│   exception = PythonCall.PyException(<py BlockingIOError(11, 'write could not complete without blocking', 0)>)
└ @ BaseModelica /home/runner/.julia/packages/BaseModelica/G7VqY/src/antlr_parser.jl:135
Time:    0.283 s
Success: false

--- Parser output ---
line 385:102 token recognition error at: '\'
line 84:55 missing ';' at 'Modelica'
line 84:102 token recognition error at: '\'
line 84:103 missing ';' at ''U\'''
line 84:108 extraneous input ',' expecting IDENT
line 84:155 missing ';' at '.'
line 84:164 token recognition error at: '' = 0 "Specification of delay according to signal change";\n'
line 84:163 mismatched input ']' expecting IDENT
line 85:102 token recognition error at: '\'
line 85:155 missing ';' at '.'
line 85:164 token recognition error at: '' = 0 "Specification of delay according to signal change";\n'
line 85:163 mismatched input ']' expecting IDENT
line 86:102 token recognition error at: '\'
line 86:155 missing ';' at '.'
line 86:164 token recognition error at: '' = -1 "Specification of delay according to signal change";\n'
line 86:163 mismatched input ']' expecting IDENT
line 87:102 token recognition error at: '\'
line 87:155 missing ';' at '.'
line 87:164 token recognition error at: '' = 1 "Specification of delay according to signal change";\n'
line 87:163 mismatched input ']' expecting IDENT
line 88:102 token recognition error at: '\'
line 88:155 missing ';' at '.'
line 88:164 token recognition error at: '' = 0 "Specification of delay according to signal change";\n'
line 88:163 mismatched input ']' expecting IDENT
line 89:102 token recognition error at: '\'
line 89:155 missing ';' at '.'
line 89:164 token recognition error at: '' = 0 "Specification of delay according to signal change";\n'
line 89:163 mismatched input ']' expecting IDENT
line 90:102 token recognition error at: '\'
line 90:155 missing ';' at '.'
line 90:164 token recognition error at: '' = -1 "Specification of delay according to signal change";\n'
line 90:163 mismatched input ']' expecting IDENT
line 91:102 token recognition error at: '\'
line 91:155 missing ';' at '.'
line 91:164 token recognition error at: '' = 1 "Specification of delay according to signal change";\n'
line 91:163 mismatched input ']' expecting IDENT
line 92:102 token recognition error at: '\'
line 92:155 missing ';' at '.'
line 92:164 token recognition error at: '' = 0 "Specification of delay according to signal change";\n'
line 92:163 mismatched input ']' expecting IDENT
line 93:102 token recognition error at: '\'
line 93:155 missing ';' at '.'
line 93:164 token recognition error at: '' = 0 "Specification of delay according to signal change";\n'
line 93:163 mismatched input ']' expecting IDENT
line 94:102 token recognition error at: '\'
line 94:155 missing ';' at '.'
line 94:164 token recognition error at: '' = 0 "Specification of delay according to signal change";\n'
line 94:163 mismatched input ']' expecting IDENT
line 95:102 token recognition error at: '\'
line 95:155 missing ';' at '.'
line 95:164 token recognition error at: '' = -1 "Specification of delay according to signal change";\n'
line 95:163 mismatched input ']' expecting IDENT
line 96:102 token recognition error at: '\'
line 96:155 missing ';' at '.'
line 96:164 token recognition error at: '' = 1 "Specification of delay according to signal change";\n'
line 96:163 mismatched input ']' expecting IDENT
line 97:102 token recognition error at: '\'
line 97:155 missing ';' at '.'
line 97:164 token recognition error at: '' = 0 "Specification of delay according to signal change";\n'
line 97:163 mismatched input ']' expecting IDENT
line 98:102 token recognition error at: '\'
line 98:155 missing ';' at '.'
line 98:164 token recognition error at: '' = 0 "Specification of delay according to signal change";\n'
line 98:163 mismatched input ']' expecting IDENT
line 99:102 token recognition error at: '\'
line 99:155 missing ';' at '.'
line 99:164 token recognition error at: '' = -1 "Specification of delay according to signal change";\n'
line 99:163 mismatched input ']' expecting IDENT
line 100:102 token recognition error at: '\'
line 100:155 missing ';' at '.'
line 100:164 token recognition error at: '' = 1 "Specification of delay according to signal change";\n'
line 100:163 mismatched input ']' expecting IDENT
line 101:102 token recognition error at: '\'
line 101:155 missing ';' at '.'
line 101:164 token recognition error at: '' = 0 "Specification of delay according to signal change";\n'
line 101:163 mismatched input ']' expecting IDENT
line 102:102 token recognition error at: '\'
line 102:155 missing ';' at '.'
line 102:164 token recognition error at: '' = 1 "Specification of delay according to signal change";\n'
line 102:163 mismatched input ']' expecting IDENT
line 103:102 token recognition error at: '\'
line 103:155 missing ';' at '.'
line 103:164 token recognition error at: '' = 1 "Specification of delay according to signal change";\n'
line 103:163 mismatched input ']' expecting IDENT
line 104:102 token recognition error at: '\'
line 104:155 missing ';' at '.'
line 104:164 token recognition error at: '' = 0 "Specification of delay according to signal change";\n'
line 104:163 mismatched input ']' expecting IDENT
line 105:102 token recognition error at: '\'
line 105:155 missing ';' at '.'
line 105:164 token recognition error at: '' = 1 "Specification of delay according to signal change";\n'
line 105:163 mismatched input ']' expecting IDENT
line 106:102 token recognition error at: '\'
line 106:155 missing ';' at '.'
line 106:164 token recognition error at: '' = 1 "Specification of delay according to signal change";\n'
line 106:163 mismatched input ']' expecting IDENT
line 107:102 token recognition error at: '\'
line 107:155 missing ';' at '.'
line 107:164 token recognition error at: '' = 1 "Specification of delay according to signal change";\n'
line 107:163 mismatched input ']' expecting IDENT
line 108:102 token recognition error at: '\'
line 108:155 missing ';' at '.'
line 108:164 token recognition error at: '' = 0 "Specification of delay according to signal change";\n'
line 108:163 mismatched input ']' expecting IDENT
line 109:102 token recognition error at: '\'
line 109:155 missing ';' at '.'
line 109:164 token recognition error at: '' = 1 "Specification of delay according to signal change";\n'
line 109:163 mismatched input ']' expecting IDENT
line 110:102 token recognition error at: '\'
line 110:155 missing ';' at '.'
line 110:164 token recognition error at: '' = 1 "Specification of delay according to signal change";\n'
line 110:163 mismatched input ']' expecting IDENT
line 111:102 token recognition error at: '\'
line 111:155 missing ';' at '.'
line 111:164 token recognition error at: '' = -1 "Specification of delay according to signal change";\n'
line 111:163 mismatched input ']' expecting IDENT
line 112:102 token recognition error at: '\'
line 112:155 missing ';' at '.'
line 112:164 token recognition error at: '' = -1 "Specification of delay according to signal change";\n'
line 112:163 mismatched input ']' expecting IDENT
line 113:102 token recognition error at: '\'
line 113:155 missing ';' at '.'
line 113:164 token recognition error at: '' = -1 "Specification of delay according to signal change";\n'
line 113:163 mismatched input ']' expecting IDENT
line 114:102 token recognition error at: '\'
line 114:155 missing ';' at '.'
line 114:164 token recognition error at: '' = 0 "Specification of delay according to signal change";\n'
line 114:163 mismatched input ']' expecting IDENT
line 115:102 token recognition error at: '\'
line 115:155 missing ';' at '.'
line 115:164 token recognition error at: '' = -1 "Specification of delay according to signal change";\n'
line 115:163 mismatched input ']' expecting IDENT
line 116:102 token recognition error at: '\'
line 116:155 missing ';' at '.'
line 116:164 token recognition error at: '' = -1 "Specification of delay according to signal change";\n'
line 116:163 mismatched input ']' expecting IDENT
line 117:102 token recognition error at: '\'
line 117:155 missing ';' at '.'
line 117:164 token recognition error at: '' = -1 "Specification of delay according to signal change";\n'
line 117:163 mismatched input ']' expecting IDENT
line 118:102 token recognition error at: '\'
line 118:155 missing ';' at '.'
line 118:164 token recognition error at: '' = 0 "Specification of delay according to signal change";\n'
line 118:163 mismatched input ']' expecting IDENT
line 119:102 token recognition error at: '\'
line 119:155 missing ';' at '.'
line 119:164 token recognition error at: '' = -1 "Specification of delay according to signal change";\n'
line 119:163 mismatched input ']' expecting IDENT
line 120:102 token recognition error at: '\'
line 120:155 missing ';' at '.'
line 120:164 token recognition error at: '' = 0 "Specification of delay according to signal change";\n'
line 120:163 mismatched input ']' expecting IDENT
line 121:102 token recognition error at: '\'
line 121:155 missing ';' at '.'
line 121:164 token recognition error at: '' = 0 "Specification of delay according to signal change";\n'
line 121:163 mismatched input ']' expecting IDENT
line 122:102 token recognition error at: '\'
line 122:155 missing ';' at '.'
line 122:164 token recognition error at: '' = -1 "Specification of delay according to signal change";\n'
line 122:163 mismatched input ']' expecting IDENT
line 123:102 token recognition error at: '\'
line 123:155 missing ';' at '.'
line 123:164 token recognition error at: '' = 1 "Specification of delay according to signal change";\n'
line 123:163 mismatched input ']' expecting IDENT
line 124:102 token recognition error at: '\'
line 124:155 missing ';' at '.'
line 124:164 token recognition error at: '' = 0 "Specification of delay according to signal change";\n'
line 124:163 mismatched input ']' expecting IDENT
line 125:102 token recognition error at: '\'
line 125:155 missing ';' at '.'
line 125:164 token recognition error at: '' = 0 "Specification of delay according to signal change";\n'
line 125:163 mismatched input ']' expecting IDENT
line 126:102 token recognition error at: '\'
line 126:155 missing ';' at '.'
line 126:164 token recognition error at: '' = -1 "Specification of delay according to signal change";\n'
line 126:163 mismatched input ']' expecting IDENT
line 127:102 token recognition error at: '\'
line 127:155 missing ';' at '.'
line 127:164 token recognition error at: '' = 1 "Specification of delay according to signal change";\n'
line 127:163 mismatched input ']' expecting IDENT
line 128:102 token recognition error at: '\'
line 128:155 missing ';' at '.'
line 128:164 token recognition error at: '' = 0 "Specification of delay according to signal change";\n'
line 128:163 mismatched input ']' expecting IDENT
line 129:102 token recognition error at: '\'
line 129:155 missing ';' at '.'
line 129:164 token recognition error at: '' = 0 "Specification of delay according to signal change";\n'
line 129:163 mismatched input ']' expecting IDENT
line 130:102 token recognition error at: '\'
line 130:155 missing ';' at '.'
line 130:164 token recognition error at: '' = 0 "Specification of delay according to signal change";\n'
line 130:163 mismatched input ']' expecting IDENT
line 131:102 token recognition error at: '\'
line 131:155 missing ';' at '.'
line 131:164 token recognition error at: '' = -1 "Specification of delay according to signal change";\n'
line 131:163 mismatched input ']' expecting IDENT
line 132:102 token recognition error at: '\'
line 132:155 missing ';' at '.'
line 132:164 token recognition error at: '' = 1 "Specification of delay according to signal change";\n'
line 132:163 mismatched input ']' expecting IDENT
line 133:102 token recognition error at: '\'
line 133:155 missing ';' at '.'
line 133:164 token recognition error at: '' = 0 "Specification of delay according to signal change";\n'
line 133:163 mismatched input ']' expecting IDENT
line 134:102 token recognition error at: '\'
line 134:155 missing ';' at '.'
line 134:164 token recognition error at: '' = 0 "Specification of delay according to signal change";\n'
line 134:163 mismatched input ']' expecting IDENT
line 135:102 token recognition error at: '\'
line 135:155 missing ';' at '.'
line 135:164 token recognition error at: '' = -1 "Specification of delay according to signal change";\n'
line 135:163 mismatched input ']' expecting IDENT
line 136:102 token recognition error at: '\'
line 136:155 missing ';' at '.'
line 136:164 token recognition error at: '' = 1 "Specification of delay according to signal change";\n'
line 136:163 mismatched input ']' expecting IDENT
line 137:102 token recognition error at: '\'
line 137:155 missing ';' at '.'
line 137:164 token recognition error at: '' = 0 "Specification of delay according to signal change";\n'
line 137:163 mismatched input ']' expecting IDENT
line 138:102 token recognition error at: '\'
line 138:155 missing ';' at '.'
line 138:164 token recognition error at: '' = 1 "Specification of delay according to signal change";\n'
line 138:163 mismatched input ']' expecting IDENT
line 139:102 token recognition error at: '\'
line 139:155 missing ';' at '.'
line 139:164 token recognition error at: '' = 1 "Specification of delay according to signal change";\n'
line 139:163 mismatched input ']' expecting IDENT
line 140:102 token recognition error at: '\'
line 140:155 missing ';' at '.'
line 140:164 token recognition error at: '' = 0 "Specification of delay according to signal change";\n'
line 140:163 mismatched input ']' expecting IDENT
line 141:102 token recognition error at: '\'
line 141:155 missing ';' at '.'
line 141:164 token recognition error at: '' = 1 "Specification of delay according to signal change";\n'
line 141:163 mismatched input ']' expecting IDENT
line 142:102 token recognition error at: '\'
line 142:155 missing ';' at '.'
line 142:164 token recognition error at: '' = 1 "Specification of delay according to signal change";\n'
line 142:163 mismatched input ']' expecting IDENT
line 143:102 token recognition error at: '\'
line 143:155 missing ';' at '.'
line 143:164 token recognition error at: '' = 1 "Specification of delay according to signal change";\n'
line 143:163 mismatched input ']' expecting IDENT
line 144:102 token recognition error at: '\'
line 144:155 missing ';' at '.'
line 144:164 token recognition error at: '' = 0 "Specification of delay according to signal change";\n'
line 144:163 mismatched input ']' expecting IDENT
line 145:102 token recognition error at: '\'
line 145:155 missing ';' at '.'
line 145:164 token recognition error at: '' = 1 "Specification of delay according to signal change";\n'
line 145:163 mismatched input ']' expecting IDENT
line 146:102 token recognition error at: '\'
line 146:155 missing ';' at '.'
line 146:164 token recognition error at: '' = 1 "Specification of delay according to signal change";\n'
line 146:163 mismatched input ']' expecting IDENT
line 147:102 token recognition error at: '\'
line 147:155 missing ';' at '.'
line 147:164 token recognition error at: '' = -1 "Specification of delay according to signal change";\n'
line 147:163 mismatched input ']' expecting IDENT
line 148:102 token recognition error at: '\'
line 148:155 missing ';' at '.'
line 148:164 token recognition error at: '' = -1 "Specification of delay according to signal change";\n'
line 148:163 mismatched input ']' expecting IDENT
line 149:102 token recognition error at: '\'
line 149:155 missing ';' at '.'
line 149:164 token recognition error at: '' = -1 "Specification of delay according to signal change";\n'
line 149:163 mismatched input ']' expecting IDENT
line 150:102 token recognition error at: '\'
line 150:155 missing ';' at '.'
line 150:164 token recognition error at: '' = 0 "Specification of delay according to signal change";\n'
line 150:163 mismatched input ']' expecting IDENT
line 151:102 token recognition error at: '\'
line 151:155 missing ';' at '.'
line 151:164 token recognition error at: '' = -1 "Specification of delay according to signal change";\n'
line 151:163 mismatched input ']' expecting IDENT
line 152:102 token recognition error at: '\'
line 152:155 missing ';' at '.'
line 152:164 token recognition error at: '' = -1 "Specification of delay according to signal change";\n'
line 152:163 mismatched input ']' expecting IDENT
line 153:102 token recognition error at: '\'
line 153:155 missing ';' at '.'
line 153:164 token recognition error at: '' = -1 "Specification of delay according to signal change";\n'
line 153:163 mismatched input ']' expecting IDENT
line 154:102 token recognition error at: '\'
line 154:155 missing ';' at '.'
line 154:164 token recognition error at: '' = 0 "Specification of delay according to signal change";\n'
line 154:163 mismatched input ']' expecting IDENT
line 155:102 token recognition error at: '\'
line 155:155 missing ';' at '.'
line 155:164 token recognition error at: '' = -1 "Specification of delay according to signal change";\n'
line 155:163 mismatched input ']' expecting IDENT
line 156:102 token recognition error at: '\'
line 156:155 missing ';' at '.'
line 156:164 token recognition error at: '' = 0 "Specification of delay according to signal change";\n'
line 156:163 mismatched input ']' expecting IDENT
line 157:102 token recognition error at: '\'
line 157:155 missing ';' at '.'
line 157:164 token recognition error at: '' = 0 "Specification of delay according to signal change";\n'
line 157:163 mismatched input ']' expecting IDENT
line 158:102 token recognition error at: '\'
line 158:155 missing ';' at '.'
line 158:164 token recognition error at: '' = -1 "Specification of delay according to signal change";\n'
line 158:163 mismatched input ']' expecting IDENT
line 159:102 token recognition error at: '\'
line 159:155 missing ';' at '.'
line 159:164 token recognition error at: '' = 1 "Specification of delay according to signal change";\n'
line 159:163 mismatched input ']' expecting IDENT
line 160:102 token recognition error at: '\'
line 160:155 missing ';' at '.'
line 160:164 token recognition error at: '' = 0 "Specification of delay according to signal change";\n'
line 160:163 mismatched input ']' expecting IDENT
line 161:102 token recognition error at: '\'
line 161:155 missing ';' at '.'
line 161:164 token recognition error at: '' = 0 "Specification of delay according to signal change";\n'
line 161:163 mismatched input ']' expecting IDENT
line 162:102 token recognition error at: '\'
line 162:155 missing ';' at '.'
line 162:164 token recognition error at: '' = -1 "Specification of delay according to signal change";\n'
line 162:163 mismatched input ']' expecting IDENT
line 163:102 token recognition error at: '\'
line 163:155 missing ';' at '.'
line 163:164 token recognition error at: '' = 1 "Specification of delay according to signal change";\n'
line 163:163 mismatched input ']' expecting IDENT
line 164:102 token recognition error at: '\'
line 164:155 missing ';' at '.'
line 164:164 token recognition error at: '' = 0 "Specification of delay according to signal change";\n'
line 164:163 extraneous input ']' expecting IDENT
line 165:9 missing ';' at ''Adder1.Adder2.AND.G2.delayTime''
line 165:41 extraneous input '(' expecting IDENT
line 165:71 extraneous input ')' expecting ';'
line 189:55 missing ';' at 'Modelica'
line 189:102 token recognition error at: '\'
line 189:103 missing ';' at ''U\'''
line 189:108 extraneous input ',' expecting IDENT
line 189:155 missing ';' at '.'
line 189:164 token recognition error at: '' = 0 "Specification of delay according to signal change";\n'
line 189:163 mismatched input ']' expecting IDENT
line 190:102 token recognition error at: '\'
line 190:155 missing ';' at '.'
line 190:164 token recognition error at: '' = 0 "Specification of delay according to signal change";\n'
line 190:163 mismatched input ']' expecting IDENT
line 191:102 token recognition error at: '\'
line 191:155 missing ';' at '.'
line 191:164 token recognition error at: '' = -1 "Specification of delay according to signal change";\n'
line 191:163 mismatched input ']' expecting IDENT
line 192:102 token recognition error at: '\'
line 192:155 missing ';' at '.'
line 192:164 token recognition error at: '' = 1 "Specification of delay according to signal change";\n'
line 192:163 mismatched input ']' expecting IDENT
line 193:102 token recognition error at: '\'
line 193:155 missing ';' at '.'
line 193:164 token recognition error at: '' = 0 "Specification of delay according to signal change";\n'
line 193:163 mismatched input ']' expecting IDENT
line 194:102 token recognition error at: '\'
line 194:155 missing ';' at '.'
line 194:164 token recognition error at: '' = 0 "Specification of delay according to signal change";\n'
line 194:163 mismatched input ']' expecting IDENT
line 195:102 token recognition error at: '\'
line 195:155 missing ';' at '.'
line 195:164 token recognition error at: '' = -1 "Specification of delay according to signal change";\n'
line 195:163 mismatched input ']' expecting IDENT
line 196:102 token recognition error at: '\'
line 196:155 missing ';' at '.'
line 196:164 token recognition error at: '' = 1 "Specification of delay according to signal change";\n'
line 196:163 mismatched input ']' expecting IDENT
line 197:102 token recognition error at: '\'
line 197:155 missing ';' at '.'
line 197:164 token recognition error at: '' = 0 "Specification of delay according to signal change";\n'
line 197:163 mismatched input ']' expecting IDENT
line 198:102 token recognition error at: '\'
line 198:155 missing ';' at '.'
line 198:164 token recognition error at: '' = 0 "Specification of delay according to signal change";\n'
line 198:163 mismatched input ']' expecting IDENT
line 199:102 token recognition error at: '\'
line 199:155 missing ';' at '.'
line 199:164 token recognition error at: '' = 0 "Specification of delay according to signal change";\n'
line 199:163 mismatched input ']' expecting IDENT
line 200:102 token recognition error at: '\'
line 200:155 missing ';' at '.'
line 200:164 token recognition error at: '' = -1 "Specification of delay according to signal change";\n'
line 200:163 mismatched input ']' expecting IDENT
line 201:102 token recognition error at: '\'
line 201:155 missing ';' at '.'
line 201:164 token recognition error at: '' = 1 "Specification of delay according to signal change";\n'
line 201:163 mismatched input ']' expecting IDENT
line 202:102 token recognition error at: '\'
line 202:155 missing ';' at '.'
line 202:164 token recognition error at: '' = 0 "Specification of delay according to signal change";\n'
line 202:163 mismatched input ']' expecting IDENT
line 203:102 token recognition error at: '\'
line 203:155 missing ';' at '.'
line 203:164 token recognition error at: '' = 0 "Specification of delay according to signal change";\n'
line 203:163 mismatched input ']' expecting IDENT
line 204:102 token recognition error at: '\'
line 204:155 missing ';' at '.'
line 204:164 token recognition error at: '' = -1 "Specification of delay according to signal change";\n'
line 204:163 mismatched input ']' expecting IDENT
line 205:102 token recognition error at: '\'
line 205:155 missing ';' at '.'
line 205:164 token recognition error at: '' = 1 "Specification of delay according to signal change";\n'
line 205:163 mismatched input ']' expecting IDENT
line 206:102 token recognition error at: '\'
line 206:155 missing ';' at '.'
line 206:164 token recognition error at: '' = 0 "Specification of delay according to signal change";\n'
line 206:163 mismatched input ']' expecting IDENT
line 207:102 token recognition error at: '\'
line 207:155 missing ';' at '.'
line 207:164 token recognition error at: '' = 1 "Specification of delay according to signal change";\n'
line 207:163 mismatched input ']' expecting IDENT
line 208:102 token recognition error at: '\'
line 208:155 missing ';' at '.'
line 208:164 token recognition error at: '' = 1 "Specification of delay according to signal change";\n'
line 208:163 mismatched input ']' expecting IDENT
line 209:102 token recognition error at: '\'
line 209:155 missing ';' at '.'
line 209:164 token recognition error at: '' = 0 "Specification of delay according to signal change";\n'
line 209:163 mismatched input ']' expecting IDENT
line 210:102 token recognition error at: '\'
line 210:155 missing ';' at '.'
line 210:164 token recognition error at: '' = 1 "Specification of delay according to signal change";\n'
line 210:163 mismatched input ']' expecting IDENT
line 211:102 token recognition error at: '\'
line 211:155 missing ';' at '.'
line 211:164 token recognition error at: '' = 1 "Specification of delay according to signal change";\n'
line 211:163 mismatched input ']' expecting IDENT
line 212:102 token recognition error at: '\'
line 212:155 missing ';' at '.'
line 212:164 token recognition error at: '' = 1 "Specification of delay according to signal change";\n'
line 212:163 mismatched input ']' expecting IDENT
line 213:102 token recognition error at: '\'
line 213:155 missing ';' at '.'
line 213:164 token recognition error at: '' = 0 "Specification of delay according to signal change";\n'
line 213:163 mismatched input ']' expecting IDENT
line 214:102 token recognition error at: '\'
line 214:155 missing ';' at '.'
line 214:164 token recognition error at: '' = 1 "Specification of delay according to signal change";\n'
line 214:163 mismatched input ']' expecting IDENT
line 215:102 token recognition error at: '\'
line 215:155 missing ';' at '.'
line 215:164 token recognition error at: '' = 1 "Specification of delay according to signal change";\n'
line 215:163 mismatched input ']' expecting IDENT
line 216:102 token recognition error at: '\'
line 216:155 missing ';' at '.'
line 216:164 token recognition error at: '' = -1 "Specification of delay according to signal change";\n'
line 216:163 mismatched input ']' expecting IDENT
line 217:102 token recognition error at: '\'
line 217:155 missing ';' at '.'
line 217:164 token recognition error at: '' = -1 "Specification of delay according to signal change";\n'
line 217:163 mismatched input ']' expecting IDENT
line 218:102 token recognition error at: '\'
line 218:155 missing ';' at '.'
line 218:164 token recognition error at: '' = -1 "Specification of delay according to signal change";\n'
line 218:163 mismatched input ']' expecting IDENT
line 219:102 token recognition error at: '\'
line 219:155 missing ';' at '.'
line 219:164 token recognition error at: '' = 0 "Specification of delay according to signal change";\n'
line 219:163 mismatched input ']' expecting IDENT
line 220:102 token recognition error at: '\'
line 220:155 missing ';' at '.'
line 220:164 token recognition error at: '' = -1 "Specification of delay according to signal change";\n'
line 220:163 mismatched input ']' expecting IDENT
line 221:102 token recognition error at: '\'
line 221:155 missing ';' at '.'
line 221:164 token recognition error at: '' = -1 "Specification of delay according to signal change";\n'
line 221:163 mismatched input ']' expecting IDENT
line 222:102 token recognition error at: '\'
line 222:155 missing ';' at '.'
line 222:164 token recognition error at: '' = -1 "Specification of delay according to signal change";\n'
line 222:163 mismatched input ']' expecting IDENT
line 223:102 token recognition error at: '\'
line 223:155 missing ';' at '.'
line 223:164 token recognition error at: '' = 0 "Specification of delay according to signal change";\n'
line 223:163 mismatched input ']' expecting IDENT
line 224:102 token recognition error at: '\'
line 224:155 missing ';' at '.'
line 224:164 token recognition error at: '' = -1 "Specification of delay according to signal change";\n'
line 224:163 mismatched input ']' expecting IDENT
line 225:102 token recognition error at: '\'
line 225:155 missing ';' at '.'
line 225:164 token recognition error at: '' = 0 "Specification of delay according to signal change";\n'
line 225:163 mismatched input ']' expecting IDENT
line 226:102 token recognition error at: '\'
line 226:155 missing ';' at '.'
line 226:164 token recognition error at: '' = 0 "Specification of delay according to signal change";\n'
line 226:163 mismatched input ']' expecting IDENT
line 227:102 token recognition error at: '\'
line 227:155 missing ';' at '.'
line 227:164 token recognition error at: '' = -1 "Specification of delay according to signal change";\n'
line 227:163 mismatched input ']' expecting IDENT
line 228:102 token recognition error at: '\'
line 228:155 missing ';' at '.'
line 228:164 token recognition error at: '' = 1 "Specification of delay according to signal change";\n'
line 228:163 mismatched input ']' expecting IDENT
line 229:102 token recognition error at: '\'
line 229:155 missing ';' at '.'
line 229:164 token recognition error at: '' = 0 "Specification of delay according to signal change";\n'
line 229:163 mismatched input ']' expecting IDENT
line 230:102 token recognition error at: '\'
line 230:155 missing ';' at '.'
line 230:164 token recognition error at: '' = 0 "Specification of delay according to signal change";\n'
line 230:163 mismatched input ']' expecting IDENT
line 231:102 token recognition error at: '\'
line 231:155 missing ';' at '.'
line 231:164 token recognition error at: '' = -1 "Specification of delay according to signal change";\n'
line 231:163 mismatched input ']' expecting IDENT
line 232:102 token recognition error at: '\'
line 232:155 missing ';' at '.'
line 232:164 token recognition error at: '' = 1 "Specification of delay according to signal change";\n'
line 232:163 mismatched input ']' expecting IDENT
line 233:102 token recognition error at: '\'
line 233:155 missing ';' at '.'
line 233:164 token recognition error at: '' = 0 "Specification of delay according to signal change";\n'
line 233:163 mismatched input ']' expecting IDENT
line 234:102 token recognition error at: '\'
line 234:155 missing ';' at '.'
line 234:164 token recognition error at: '' = 0 "Specification of delay according to signal change";\n'
line 234:163 mismatched input ']' expecting IDENT
line 235:102 token recognition error at: '\'
line 235:155 missing ';' at '.'
line 235:164 token recognition error at: '' = 0 "Specification of delay according to signal change";\n'
line 235:163 mismatched input ']' expecting IDENT
line 236:102 token recognition error at: '\'
line 236:155 missing ';' at '.'
line 236:164 token recognition error at: '' = -1 "Specification of delay according to signal change";\n'
line 236:163 mismatched input ']' expecting IDENT
line 237:102 token recognition error at: '\'
line 237:155 missing ';' at '.'
line 237:164 token recognition error at: '' = 1 "Specification of delay according to signal change";\n'
line 237:163 mismatched input ']' expecting IDENT
line 238:102 token recognition error at: '\'
line 238:155 missing ';' at '.'
line 238:164 token recognition error at: '' = 0 "Specification of delay according to signal change";\n'
line 238:163 mismatched input ']' expecting IDENT
line 239:102 token recognition error at: '\'
line 239:155 missing ';' at '.'
line 239:164 token recognition error at: '' = 0 "Specification of delay according to signal change";\n'
line 239:163 mismatched input ']' expecting IDENT
line 240:102 token recognition error at: '\'
line 240:155 missing ';' at '.'
line 240:164 token recognition error at: '' = -1 "Specification of delay according to signal change";\n'
line 240:163 mismatched input ']' expecting IDENT
line 241:102 token recognition error at: '\'
line 241:155 missing ';' at '.'
line 241:164 token recognition error at: '' = 1 "Specification of delay according to signal change";\n'
line 241:163 mismatched input ']' expecting IDENT
line 242:102 token recognition error at: '\'
line 242:155 missing ';' at '.'
line 242:164 token recognition error at: '' = 0 "Specification of delay according to signal change";\n'
line 242:163 mismatched input ']' expecting IDENT
line 243:102 token recognition error at: '\'
line 243:155 missing ';' at '.'
line 243:164 token recognition error at: '' = 1 "Specification of delay according to signal change";\n'
line 243:163 mismatched input ']' expecting IDENT
line 244:102 token recognition error at: '\'
line 244:155 missing ';' at '.'
line 244:164 token recognition error at: '' = 1 "Specification of delay according to signal change";\n'
line 244:163 mismatched input ']' expecting IDENT
line 245:102 token recognition error at: '\'
line 245:155 missing ';' at '.'
line 245:164 token recognition error at: '' = 0 "Specification of delay according to signal change";\n'
line 245:163 mismatched input ']' expecting IDENT
line 246:102 token recognition error at: '\'
line 246:155 missing ';' at '.'
line 246:164 token recognition error at: '' = 1 "Specification of delay according to signal change";\n'
line 246:163 mismatched input ']' expecting IDENT
line 247:102 token recognition error at: '\'
line 247:155 missing ';' at '.'
line 247:164 token recognition error at: '' = 1 "Specification of delay according to signal change";\n'
line 247:163 mismatched input ']' expecting IDENT
line 248:102 token recognition error at: '\'
line 248:155 missing ';' at '.'
line 248:164 token recognition error at: '' = 1 "Specification of delay according to signal change";\n'
line 248:163 mismatched input ']' expecting IDENT
line 249:102 token recognition error at: '\'
line 249:155 missing ';' at '.'
line 249:164 token recognition error at: '' = 0 "Specification of delay according to signal change";\n'
line 249:163 mismatched input ']' expecting IDENT
line 250:102 token recognition error at: '\'
line 250:155 missing ';' at '.'
line 250:164 token recognition error at: '' = 1 "Specification of delay according to signal change";\n'
line 250:163 mismatched input ']' expecting IDENT
line 251:102 token recognition error at: '\'
line 251:155 missing ';' at '.'
line 251:164 token recognition error at: '' = 1 "Specification of delay according to signal change";\n'
line 251:163 mismatched input ']' expecting IDENT
line 252:102 token recognition error at: '\'
line 252:155 missing ';' at '.'
line 252:164 token recognition error at: '' = -1 "Specification of delay according to signal change";\n'
line 252:163 mismatched input ']' expecting IDENT
line 253:102 token recognition error at: '\'
line 253:155 missing ';' at '.'
line 253:164 token recognition error at: '' = -1 "Specification of delay according to signal change";\n'
line 253:163 mismatched input ']' expecting IDENT
line 254:102 token recognition error at: '\'
line 254:155 missing ';' at '.'
line 254:164 token recognition error at: '' = -1 "Specification of delay according to signal change";\n'
line 254:163 mismatched input ']' expecting IDENT
line 255:102 token recognition error at: '\'
line 255:155 missing ';' at '.'
line 255:164 token recognition error at: '' = 0 "Specification of delay according to signal change";\n'
line 255:163 mismatched input ']' expecting IDENT
line 256:102 token recognition error at: '\'
line 256:155 missing ';' at '.'
line 256:164 token recognition error at: '' = -1 "Specification of delay according to signal change";\n'
line 256:163 mismatched input ']' expecting IDENT
line 257:102 token recognition error at: '\'
line 257:155 missing ';' at '.'
line 257:164 token recognition error at: '' = -1 "Specification of delay according to signal change";\n'
line 257:163 mismatched input ']' expecting IDENT
line 258:102 token recognition error at: '\'
line 258:155 missing ';' at '.'
line 258:164 token recognition error at: '' = -1 "Specification of delay according to signal change";\n'
line 258:163 mismatched input ']' expecting IDENT
line 259:102 token recognition error at: '\'
line 259:155 missing ';' at '.'
line 259:164 token recognition error at: '' = 0 "Specification of delay according to signal change";\n'
line 259:163 mismatched input ']' expecting IDENT
line 260:102 token recognition error at: '\'
line 260:155 missing ';' at '.'
line 260:164 token recognition error at: '' = -1 "Specification of delay according to signal change";\n'
line 260:163 mismatched input ']' expecting IDENT
line 261:102 token recognition error at: '\'
line 261:155 missing ';' at '.'
line 261:164 token recognition error at: '' = 0 "Specification of delay according to signal change";\n'
line 261:163 mismatched input ']' expecting IDENT
line 262:102 token recognition error at: '\'
line 262:155 missing ';' at '.'
line 262:164 token recognition error at: '' = 0 "Specification of delay according to signal change";\n'
line 262:163 mismatched input ']' expecting IDENT
line 263:102 token recognition error at: '\'
line 263:155 missing ';' at '.'
line 263:164 token recognition error at: '' = -1 "Specification of delay according to signal change";\n'
line 263:163 mismatched input ']' expecting IDENT
line 264:102 token recognition error at: '\'
line 264:155 missing ';' at '.'
line 264:164 token recognition error at: '' = 1 "Specification of delay according to signal change";\n'
line 264:163 mismatched input ']' expecting IDENT
line 265:102 token recognition error at: '\'
line 265:155 missing ';' at '.'
line 265:164 token recognition error at: '' = 0 "Specification of delay according to signal change";\n'
line 265:163 mismatched input ']' expecting IDENT
line 266:102 token recognition error at: '\'
line 266:155 missing ';' at '.'
line 266:164 token recognition error at: '' = 0 "Specification of delay according to signal change";\n'
line 266:163 mismatched input ']' expecting IDENT
line 267:102 token recognition error at: '\'
line 267:155 missing ';' at '.'
line 267:164 token recognition error at: '' = -1 "Specification of delay according to signal change";\n'
line 267:163 mismatched input ']' expecting IDENT
line 268:102 token recognition error at: '\'
line 268:155 missing ';' at '.'
line 268:164 token recognition error at: '' = 1 "Specification of delay according to signal change";\n'
line 268:163 mismatched input ']' expecting IDENT
line 269:102 token recognition error at: '\'
line 269:155 missing ';' at '.'
line 269:164 token recognition error at: '' = 0 "Specification of delay according to signal change";\n'
line 269:163 extraneous input ']' expecting IDENT
line 270:9 missing ';' at ''Adder1.Adder2.XOR.G2.delayTime''
line 270:41 extraneous input '(' expecting IDENT
line 270:71 extraneous input ')' expecting ';'
line 299:55 missing ';' at 'Modelica'
line 299:102 token recognition error at: '\'
line 299:103 missing ';' at ''U\'''
line 299:108 extraneous input ',' expecting IDENT
line 299:155 missing ';' at '.'
line 299:164 token recognition error at: '' = 0 "Specification of delay according to signal change";\n'
line 299:163 mismatched input ']' expecting IDENT
line 300:102 token recognition error at: '\'
line 300:155 missing ';' at '.'
line 300:164 token recognition error at: '' = 0 "Specification of delay according to signal change";\n'
line 300:163 mismatched input ']' expecting IDENT
line 301:102 token recognition error at: '\'
line 301:155 missing ';' at '.'
line 301:164 token recognition error at: '' = -1 "Specification of delay according to signal change";\n'
line 301:163 mismatched input ']' expecting IDENT
line 302:102 token recognition error at: '\'
line 302:155 missing ';' at '.'
line 302:164 token recognition error at: '' = 1 "Specification of delay according to signal change";\n'
line 302:163 mismatched input ']' expecting IDENT
line 303:102 token recognition error at: '\'
line 303:155 missing ';' at '.'
line 303:164 token recognition error at: '' = 0 "Specification of delay according to signal change";\n'
line 303:163 mismatched input ']' expecting IDENT
line 304:102 token recognition error at: '\'
line 304:155 missing ';' at '.'
line 304:164 token recognition error at: '' = 0 "Specification of delay according to signal change";\n'
line 304:163 mismatched input ']' expecting IDENT
line 305:102 token recognition error at: '\'
line 305:155 missing ';' at '.'
line 305:164 token recognition error at: '' = -1 "Specification of delay according to signal change";\n'
line 305:163 mismatched input ']' expecting IDENT
line 306:102 token recognition error at: '\'
line 306:155 missing ';' at '.'
line 306:164 token recognition error at: '' = 1 "Specification of delay according to signal change";\n'
line 306:163 mismatched input ']' expecting IDENT
line 307:102 token recognition error at: '\'
line 307:155 missing ';' at '.'
line 307:164 token recognition error at: '' = 0 "Specification of delay according to signal change";\n'
line 307:163 mismatched input ']' expecting IDENT
line 308:102 token recognition error at: '\'
line 308:155 missing ';' at '.'
line 308:164 token recognition error at: '' = 0 "Specification of delay according to signal change";\n'
line 308:163 mismatched input ']' expecting IDENT
line 309:102 token recognition error at: '\'
line 309:155 missing ';' at '.'
line 309:164 token recognition error at: '' = 0 "Specification of delay according to signal change";\n'
line 309:163 mismatched input ']' expecting IDENT
line 310:102 token recognition error at: '\'
line 310:155 missing ';' at '.'
line 310:164 token recognition error at: '' = -1 "Specification of delay according to signal change";\n'
line 310:163 mismatched input ']' expecting IDENT
line 311:102 token recognition error at: '\'
line 311:155 missing ';' at '.'
line 311:164 token recognition error at: '' = 1 "Specification of delay according to signal change";\n'
line 311:163 mismatched input ']' expecting IDENT
line 312:102 token recognition error at: '\'
line 312:155 missing ';' at '.'
line 312:164 token recognition error at: '' = 0 "Specification of delay according to signal change";\n'
line 312:163 mismatched input ']' expecting IDENT
line 313:102 token recognition error at: '\'
line 313:155 missing ';' at '.'
line 313:164 token recognition error at: '' = 0 "Specification of delay according to signal change";\n'
line 313:163 mismatched input ']' expecting IDENT
line 314:102 token recognition error at: '\'
line 314:155 missing ';' at '.'
line 314:164 token recognition error at: '' = -1 "Specification of delay according to signal change";\n'
line 314:163 mismatched input ']' expecting IDENT
line 315:102 token recognition error at: '\'
line 315:155 missing ';' at '.'
line 315:164 token recognition error at: '' = 1 "Specification of delay according to signal change";\n'
line 315:163 mismatched input ']' expecting IDENT
line 316:102 token recognition error at: '\'
line 316:155 missing ';' at '.'
line 316:164 token recognition error at: '' = 0 "Specification of delay according to signal change";\n'
line 316:163 mismatched input ']' expecting IDENT
line 317:102 token recognition error at: '\'
line 317:155 missing ';' at '.'
line 317:164 token recognition error at: '' = 1 "Specification of delay according to signal change";\n'
line 317:163 mismatched input ']' expecting IDENT
line 318:102 token recognition error at: '\'
line 318:155 missing ';' at '.'
line 318:164 token recognition error at: '' = 1 "Specification of delay according to signal change";\n'
line 318:163 mismatched input ']' expecting IDENT
line 319:102 token recognition error at: '\'
line 319:155 missing ';' at '.'
line 319:164 token recognition error at: '' = 0 "Specification of delay according to signal change";\n'
line 319:163 mismatched input ']' expecting IDENT
line 320:102 token recognition error at: '\'
line 320:155 missing ';' at '.'
line 320:164 token recognition error at: '' = 1 "Specification of delay according to signal change";\n'
line 320:163 mismatched input ']' expecting IDENT
line 321:102 token recognition error at: '\'
line 321:155 missing ';' at '.'
line 321:164 token recognition error at: '' = 1 "Specification of delay according to signal change";\n'
line 321:163 mismatched input ']' expecting IDENT
line 322:102 token recognition error at: '\'
line 322:155 missing ';' at '.'
line 322:164 token recognition error at: '' = 1 "Specification of delay according to signal change";\n'
line 322:163 mismatched input ']' expecting IDENT
line 323:102 token recognition error at: '\'
line 323:155 missing ';' at '.'
line 323:164 token recognition error at: '' = 0 "Specification of delay according to signal change";\n'
line 323:163 mismatched input ']' expecting IDENT
line 324:102 token recognition error at: '\'
line 324:155 missing ';' at '.'
line 324:164 token recognition error at: '' = 1 "Specification of delay according to signal change";\n'
line 324:163 mismatched input ']' expecting IDENT
line 325:102 token recognition error at: '\'
line 325:155 missing ';' at '.'
line 325:164 token recognition error at: '' = 1 "Specification of delay according to signal change";\n'
line 325:163 mismatched input ']' expecting IDENT
line 326:102 token recognition error at: '\'
line 326:155 missing ';' at '.'
line 326:164 token recognition error at: '' = -1 "Specification of delay according to signal change";\n'
line 326:163 mismatched input ']' expecting IDENT
line 327:102 token recognition error at: '\'
line 327:155 missing ';' at '.'
line 327:164 token recognition error at: '' = -1 "Specification of delay according to signal change";\n'
line 327:163 mismatched input ']' expecting IDENT
line 328:102 token recognition error at: '\'
line 328:155 missing ';' at '.'
line 328:164 token recognition error at: '' = -1 "Specification of delay according to signal change";\n'
line 328:163 mismatched input ']' expecting IDENT
line 329:102 token recognition error at: '\'
line 329:155 missing ';' at '.'
line 329:164 token recognition error at: '' = 0 "Specification of delay according to signal change";\n'
line 329:163 mismatched input ']' expecting IDENT
line 330:102 token recognition error at: '\'
line 330:155 missing ';' at '.'
line 330:164 token recognition error at: '' = -1 "Specification of delay according to signal change";\n'
line 330:163 mismatched input ']' expecting IDENT
line 331:102 token recognition error at: '\'
line 331:155 missing ';' at '.'
line 331:164 token recognition error at: '' = -1 "Specification of delay according to signal change";\n'
line 331:163 mismatched input ']' expecting IDENT
line 332:102 token recognition error at: '\'
line 332:155 missing ';' at '.'
line 332:164 token recognition error at: '' = -1 "Specification of delay according to signal change";\n'
line 332:163 mismatched input ']' expecting IDENT
line 333:102 token recognition error at: '\'
line 333:155 missing ';' at '.'
line 333:164 token recognition error at: '' = 0 "Specification of delay according to signal change";\n'
line 333:163 mismatched input ']' expecting IDENT
line 334:102 token recognition error at: '\'
line 334:155 missing ';' at '.'
line 334:164 token recognition error at: '' = -1 "Specification of delay according to signal change";\n'
line 334:163 mismatched input ']' expecting IDENT
line 335:102 token recognition error at: '\'
line 335:155 missing ';' at '.'
line 335:164 token recognition error at: '' = 0 "Specification of delay according to signal change";\n'
line 335:163 mismatched input ']' expecting IDENT
line 336:102 token recognition error at: '\'
line 336:155 missing ';' at '.'
line 336:164 token recognition error at: '' = 0 "Specification of delay according to signal change";\n'
line 336:163 mismatched input ']' expecting IDENT
line 337:102 token recognition error at: '\'
line 337:155 missing ';' at '.'
line 337:164 token recognition error at: '' = -1 "Specification of delay according to signal change";\n'
line 337:163 mismatched input ']' expecting IDENT
line 338:102 token recognition error at: '\'
line 338:155 missing ';' at '.'
line 338:164 token recognition error at: '' = 1 "Specification of delay according to signal change";\n'
line 338:163 mismatched input ']' expecting IDENT
line 339:102 token recognition error at: '\'
line 339:155 missing ';' at '.'
line 339:164 token recognition error at: '' = 0 "Specification of delay according to signal change";\n'
line 339:163 mismatched input ']' expecting IDENT
line 340:102 token recognition error at: '\'
line 340:155 missing ';' at '.'
line 340:164 token recognition error at: '' = 0 "Specification of delay according to signal change";\n'
line 340:163 mismatched input ']' expecting IDENT
line 341:102 token recognition error at: '\'
line 341:155 missing ';' at '.'
line 341:164 token recognition error at: '' = -1 "Specification of delay according to signal change";\n'
line 341:163 mismatched input ']' expecting IDENT
line 342:102 token recognition error at: '\'
line 342:155 missing ';' at '.'
line 342:164 token recognition error at: '' = 1 "Specification of delay according to signal change";\n'
line 342:163 mismatched input ']' expecting IDENT
line 343:102 token recognition error at: '\'
line 343:155 missing ';' at '.'
line 343:164 token recognition error at: '' = 0 "Specification of delay according to signal change";\n'
line 343:163 mismatched input ']' expecting IDENT
line 344:102 token recognition error at: '\'
line 344:155 missing ';' at '.'
line 344:164 token recognition error at: '' = 0 "Specification of delay according to signal change";\n'
line 344:163 mismatched input ']' expecting IDENT
line 345:102 token recognition error at: '\'
line 345:155 missing ';' at '.'
line 345:164 token recognition error at: '' = 0 "Specification of delay according to signal change";\n'
line 345:163 mismatched input ']' expecting IDENT
line 346:102 token recognition error at: '\'
line 346:155 missing ';' at '.'
line 346:164 token recognition error at: '' = -1 "Specification of delay according to signal change";\n'
line 346:163 mismatched input ']' expecting IDENT
line 347:102 token recognition error at: '\'
line 347:155 missing ';' at '.'
line 347:164 token recognition error at: '' = 1 "Specification of delay according to signal change";\n'
line 347:163 mismatched input ']' expecting IDENT
line 348:102 token recognition error at: '\'
line 348:155 missing ';' at '.'
line 348:164 token recognition error at: '' = 0 "Specification of delay according to signal change";\n'
line 348:163 mismatched input ']' expecting IDENT
line 349:102 token recognition error at: '\'
line 349:155 missing ';' at '.'
line 349:164 token recognition error at: '' = 0 "Specification of delay according to signal change";\n'
line 349:163 mismatched input ']' expecting IDENT
line 350:102 token recognition error at: '\'
line 350:155 missing ';' at '.'
line 350:164 token recognition error at: '' = -1 "Specification of delay according to signal change";\n'
line 350:163 mismatched input ']' expecting IDENT
line 351:102 token recognition error at: '\'
line 351:155 missing ';' at '.'
line 351:164 token recognition error at: '' = 1 "Specification of delay according to signal change";\n'
line 351:163 mismatched input ']' expecting IDENT
line 352:102 token recognition error at: '\'
line 352:155 missing ';' at '.'
line 352:164 token recognition error at: '' = 0 "Specification of delay according to signal change";\n'
line 352:163 mismatched input ']' expecting IDENT
line 353:102 token recognition error at: '\'
line 353:155 missing ';' at '.'
line 353:164 token recognition error at: '' = 1 "Specification of delay according to signal change";\n'
line 353:163 mismatched input ']' expecting IDENT
line 354:102 token recognition error at: '\'
line 354:155 missing ';' at '.'
line 354:164 token recognition error at: '' = 1 "Specification of delay according to signal change";\n'
line 354:163 mismatched input ']' expecting IDENT
line 355:102 token recognition error at: '\'
line 355:155 missing ';' at '.'
line 355:164 token recognition error at: '' = 0 "Specification of delay according to signal change";\n'
line 355:163 mismatched input ']' expecting IDENT
line 356:102 token recognition error at: '\'
line 356:155 missing ';' at '.'
line 356:164 token recognition error at: '' = 1 "Specification of delay according to signal change";\n'
line 356:163 mismatched input ']' expecting IDENT
line 357:102 token recognition error at: '\'
line 357:155 missing ';' at '.'
line 357:164 token recognition error at: '' = 1 "Specification of delay according to signal change";\n'
line 357:163 mismatched input ']' expecting IDENT
line 358:102 token recognition error at: '\'
line 358:155 missing ';' at '.'
line 358:164 token recognition error at: '' = 1 "Specification of delay according to signal change";\n'
line 358:163 mismatched input ']' expecting IDENT
line 359:102 token recognition error at: '\'
line 359:155 missing ';' at '.'
line 359:164 token recognition error at: '' = 0 "Specification of delay according to signal change";\n'
line 359:163 mismatched input ']' expecting IDENT
line 360:102 token recognition error at: '\'
line 360:155 missing ';' at '.'
line 360:164 token recognition error at: '' = 1 "Specification of delay according to signal change";\n'
line 360:163 mismatched input ']' expecting IDENT
line 361:102 token recognition error at: '\'
line 361:155 missing ';' at '.'
line 361:164 token recognition error at: '' = 1 "Specification of delay according to signal change";\n'
line 361:163 mismatched input ']' expecting IDENT
line 362:102 token recognition error at: '\'
line 362:155 missing ';' at '.'
line 362:164 token recognition error at: '' = -1 "Specification of delay according to signal change";\n'
line 362:163 mismatched input ']' expecting IDENT
line 363:102 token recognition error at: '\'
line 363:155 missing ';' at '.'
line 363:164 token recognition error at: '' = -1 "Specification of delay according to signal change";\n'
line 363:163 mismatched input ']' expecting IDENT
line 364:102 token recognition error at: '\'
line 364:155 missing ';' at '.'
line 364:164 token recognition error at: '' = -1 "Specification of delay according to signal change";\n'
line 364:163 mismatched input ']' expecting IDENT
line 365:102 token recognition error at: '\'
line 365:155 missing ';' at '.'
line 365:164 token recognition error at: '' = 0 "Specification of delay according to signal change";\n'
line 365:163 mismatched input ']' expecting IDENT
line 366:102 token recognition error at: '\'
line 366:155 missing ';' at '.'
line 366:164 token recognition error at: '' = -1 "Specification of delay according to signal change";\n'
line 366:163 mismatched input ']' expecting IDENT
line 367:102 token recognition error at: '\'
line 367:155 missing ';' at '.'
line 367:164 token recognition error at: '' = -1 "Specification of delay according to signal change";\n'
line 367:163 mismatched input ']' expecting IDENT
line 368:102 token recognition error at: '\'
line 368:155 missing ';' at '.'
line 368:164 token recognition error at: '' = -1 "Specification of delay according to signal change";\n'
line 368:163 mismatched input ']' expecting IDENT
line 369:102 token recognition error at: '\'
line 369:155 missing ';' at '.'
line 369:164 token recognition error at: '' = 0 "Specification of delay according to signal change";\n'
line 369:163 mismatched input ']' expecting IDENT
line 370:102 token recognition error at: '\'
line 370:155 missing ';' at '.'
line 370:164 token recognition error at: '' = -1 "Specification of delay according to signal change";\n'
line 370:163 mismatched input ']' expecting IDENT
line 371:102 token recognition error at: '\'
line 371:155 missing ';' at '.'
line 371:164 token recognition error at: '' = 0 "Specification of delay according to signal change";\n'
line 371:163 mismatched input ']' expecting IDENT
line 372:102 token recognition error at: '\'
line 372:155 missing ';' at '.'
line 372:164 token recognition error at: '' = 0 "Specification of delay according to signal change";\n'
line 372:163 mismatched input ']' expecting IDENT
line 373:102 token recognition error at: '\'
line 373:155 missing ';' at '.'
line 373:164 token recognition error at: '' = -1 "Specification of delay according to signal change";\n'
line 373:163 mismatched input ']' expecting IDENT
line 374:102 token recognition error at: '\'
line 374:155 missing ';' at '.'
line 374:164 token recognition error at: '' = 1 "Specification of delay according to signal change";\n'
line 374:163 mismatched input ']' expecting IDENT
line 375:102 token recognition error at: '\'
line 375:155 missing ';' at '.'
line 375:164 token recognition error at: '' = 0 "Specification of delay according to signal change";\n'
line 375:163 mismatched input ']' expecting IDENT
line 376:102 token recognition error at: '\'
line 376:155 missing ';' at '.'
line 376:164 token recognition error at: '' = 0 "Specification of delay according to signal change";\n'
line 376:163 mismatched input ']' expecting IDENT
line 377:102 token recognition error at: '\'
line 377:155 missing ';' at '.'
line 377:164 token recognition error at: '' = -1 "Specification of delay according to signal change";\n'
line 377:163 mismatched input ']' expecting IDENT
line 378:102 token recognition error at: '\'
line 378:155 missing ';' at '.'
line 378:164 token recognition error at: '' = 1 "Specification of delay according to signal change";\n'
line 378:163 mismatched input ']' expecting IDENT
line 379:102 token recognition error at: '\'
line 379:155 missing ';' at '.'
line 379:164 token recognition error at: '' = 0 "Specification of delay according to signal change";\n'
line 379:163 extraneous input ']' expecting IDENT
line 380:9 missing ';' at ''Adder1.Adder1.AND.G2.delayTime''
line 380:41 extraneous input '(' expecting IDENT
line 380:71 extraneous input ')' expecting ';'
line 404:55 missing ';' at 'Modelica'
line 404:102 token recognition error at: '\'
line 404:103 missing ';' at ''U\'''
line 404:108 extraneous input ',' expecting IDENT
line 404:155 missing ';' at '.'
line 404:164 token recognition error at: '' = 0 "Specification of delay according to signal change";\n'
line 404:163 mismatched input ']' expecting IDENT
line 405:102 token recognition error at: '\'
line 405:155 missing ';' at '.'
line 405:164 token recognition error at: '' = 0 "Specification of delay according to signal change";\n'
line 405:163 mismatched input ']' expecting IDENT
line 406:102 token recognition error at: '\'
line 406:155 missing ';' at '.'
line 406:164 token recognition error at: '' = -1 "Specification of delay according to signal change";\n'
line 406:163 mismatched input ']' expecting IDENT
line 407:102 token recognition error at: '\'
line 407:155 missing ';' at '.'
line 407:164 token recognition error at: '' = 1 "Specification of delay according to signal change";\n'
line 407:163 mismatched input ']' expecting IDENT
line 408:102 token recognition error at: '\'
line 408:155 missing ';' at '.'
line 408:164 token recognition error at: '' = 0 "Specification of delay according to signal change";\n'
line 408:163 mismatched input ']' expecting IDENT
line 409:102 token recognition error at: '\'
line 409:155 missing ';' at '.'
line 409:164 token recognition error at: '' = 0 "Specification of delay according to signal change";\n'
line 409:163 mismatched input ']' expecting IDENT
line 410:102 token recognition error at: '\'
line 410:155 missing ';' at '.'
line 410:164 token recognition error at: '' = -1 "Specification of delay according to signal change";\n'
line 410:163 mismatched input ']' expecting IDENT
line 411:102 token recognition error at: '\'
line 411:155 missing ';' at '.'
line 411:164 token recognition error at: '' = 1 "Specification of delay according to signal change";\n'
line 411:163 mismatched input ']' expecting IDENT
line 412:102 token recognition error at: '\'
line 412:155 missing ';' at '.'
line 412:164 token recognition error at: '' = 0 "Specification of delay according to signal change";\n'
line 412:163 mismatched input ']' expecting IDENT
line 413:102 token recognition error at: '\'
line 413:155 missing ';' at '.'
line 413:164 token recognition error at: '' = 0 "Specification of delay according to signal change";\n'
line 413:163 mismatched input ']' expecting IDENT
line 414:102 token recognition error at: '\'
line 414:155 missing ';' at '.'
line 414:164 token recognition error at: '' = 0 "Specification of delay according to signal change";\n'
line 414:163 mismatched input ']' expecting IDENT
line 415:102 token recognition error at: '\'
line 415:155 missing ';' at '.'
line 415:164 token recognition error at: '' = -1 "Specification of delay according to signal change";\n'
line 415:163 mismatched input ']' expecting IDENT
line 416:102 token recognition error at: '\'
line 416:155 missing ';' at '.'
line 416:164 token recognition error at: '' = 1 "Specification of delay according to signal change";\n'
line 416:163 mismatched input ']' expecting IDENT
line 417:102 token recognition error at: '\'
line 417:155 missing ';' at '.'
line 417:164 token recognition error at: '' = 0 "Specification of delay according to signal change";\n'
line 417:163 mismatched input ']' expecting IDENT
line 418:102 token recognition error at: '\'
line 418:155 missing ';' at '.'
line 418:164 token recognition error at: '' = 0 "Specification of delay according to signal change";\n'
line 418:163 mismatched input ']' expecting IDENT
line 419:102 token recognition error at: '\'
line 419:155 missing ';' at '.'
line 419:164 token recognition error at: '' = -1 "Specification of delay according to signal change";\n'
line 419:163 mismatched input ']' expecting IDENT
line 420:102 token recognition error at: '\'
line 420:155 missing ';' at '.'
line 420:164 token recognition error at: '' = 1 "Specification of delay according to signal change";\n'
line 420:163 mismatched input ']' expecting IDENT
line 421:102 token recognition error at: '\'
line 421:155 missing ';' at '.'
line 421:164 token recognition error at: '' = 0 "Specification of delay according to signal change";\n'
line 421:163 mismatched input ']' expecting IDENT
line 422:102 token recognition error at: '\'
line 422:155 missing ';' at '.'
line 422:164 token recognition error at: '' = 1 "Specification of delay according to signal change";\n'
line 422:163 mismatched input ']' expecting IDENT
line 423:102 token recognition error at: '\'
line 423:155 missing ';' at '.'
line 423:164 token recognition error at: '' = 1 "Specification of delay according to signal change";\n'
line 423:163 mismatched input ']' expecting IDENT
line 424:102 token recognition error at: '\'
line 424:155 missing ';' at '.'
line 424:164 token recognition error at: '' = 0 "Specification of delay according to signal change";\n'
line 424:163 mismatched input ']' expecting IDENT
line 425:102 token recognition error at: '\'
line 425:155 missing ';' at '.'
line 425:164 token recognition error at: '' = 1 "Specification of delay according to signal change";\n'
line 425:163 mismatched input ']' expecting IDENT
line 426:102 token recognition error at: '\'
line 426:155 missing ';' at '.'
line 426:164 token recognition error at: '' = 1 "Specification of delay according to signal change";\n'
line 426:163 mismatched input ']' expecting IDENT
line 427:102 token recognition error at: '\'
line 427:155 missing ';' at '.'
line 427:164 token recognition error at: '' = 1 "Specification of delay according to signal change";\n'
line 427:163 mismatched input ']' expecting IDENT
line 428:102 token recognition error at: '\'
line 428:155 missing ';' at '.'
line 428:164 token recognition error at: '' = 0 "Specification of delay according to signal change";\n'
line 428:163 mismatched input ']' expecting IDENT
line 429:102 token recognition error at: '\'
line 429:155 missing ';' at '.'
line 429:164 token recognition error at: '' = 1 "Specification of delay according to signal change";\n'
line 429:163 mismatched input ']' expecting IDENT
line 430:102 token recognition error at: '\'
line 430:155 missing ';' at '.'
line 430:164 token recognition error at: '' = 1 "Specification of delay according to signal change";\n'
line 430:163 mismatched input ']' expecting IDENT
line 431:102 token recognition error at: '\'
line 431:155 missing ';' at '.'
line 431:164 token recognition error at: '' = -1 "Specification of delay according to signal change";\n'
line 431:163 mismatched input ']' expecting IDENT
line 432:102 token recognition error at: '\'
line 432:155 missing ';' at '.'
line 432:164 token recognition error at: '' = -1 "Specification of delay according to signal change";\n'
line 432:163 mismatched input ']' expecting IDENT
line 433:102 token recognition error at: '\'
line 433:155 missing ';' at '.'
line 433:164 token recognition error at: '' = -1 "Specification of delay according to signal change";\n'
line 433:163 mismatched input ']' expecting IDENT
line 434:102 token recognition error at: '\'
line 434:155 missing ';' at '.'
line 434:164 token recognition error at: '' = 0 "Specification of delay according to signal change";\n'
line 434:163 mismatched input ']' expecting IDENT
line 435:102 token recognition error at: '\'
line 435:155 missing ';' at '.'
line 435:164 token recognition error at: '' = -1 "Specification of delay according to signal change";\n'
line 435:163 mismatched input ']' expecting IDENT
line 436:102 token recognition error at: '\'
line 436:155 missing ';' at '.'
line 436:164 token recognition error at: '' = -1 "Specification of delay according to signal change";\n'
line 436:163 mismatched input ']' expecting IDENT
line 437:102 token recognition error at: '\'
line 437:155 missing ';' at '.'
line 437:164 token recognition error at: '' = -1 "Specification of delay according to signal change";\n'
line 437:163 mismatched input ']' expecting IDENT

--- Error ---
Python: BlockingIOError: [Errno 11] write could not complete without blocking
Python stacktrace:
 [1] syntaxError
   @ antlr4.error.ErrorListener ~/work/BaseModelicaLibraryTesting.jl/BaseModelicaLibraryTesting.jl/.CondaPkg/.pixi/envs/default/lib/python3.13/site-packages/antlr4/error/ErrorListener.py:46
 [2] syntaxError
   @ antlr4.error.ErrorListener ~/work/BaseModelicaLibraryTesting.jl/BaseModelicaLibraryTesting.jl/.CondaPkg/.pixi/envs/default/lib/python3.13/site-packages/antlr4/error/ErrorListener.py:60
 [3] notifyListeners
   @ antlr4.Lexer ~/work/BaseModelicaLibraryTesting.jl/BaseModelicaLibraryTesting.jl/.CondaPkg/.pixi/envs/default/lib/python3.13/site-packages/antlr4/Lexer.py:294
 [4] nextToken
   @ antlr4.Lexer ~/work/BaseModelicaLibraryTesting.jl/BaseModelicaLibraryTesting.jl/.CondaPkg/.pixi/envs/default/lib/python3.13/site-packages/antlr4/Lexer.py:139
 [5] fetch
   @ antlr4.BufferedTokenStream ~/work/BaseModelicaLibraryTesting.jl/BaseModelicaLibraryTesting.jl/.CondaPkg/.pixi/envs/default/lib/python3.13/site-packages/antlr4/BufferedTokenStream.py:124
 [6] sync
   @ antlr4.BufferedTokenStream ~/work/BaseModelicaLibraryTesting.jl/BaseModelicaLibraryTesting.jl/.CondaPkg/.pixi/envs/default/lib/python3.13/site-packages/antlr4/BufferedTokenStream.py:112
 [7] consume
   @ antlr4.BufferedTokenStream ~/work/BaseModelicaLibraryTesting.jl/BaseModelicaLibraryTesting.jl/.CondaPkg/.pixi/envs/default/lib/python3.13/site-packages/antlr4/BufferedTokenStream.py:100
 [8] consume
   @ antlr4.Parser ~/work/BaseModelicaLibraryTesting.jl/BaseModelicaLibraryTesting.jl/.CondaPkg/.pixi/envs/default/lib/python3.13/site-packages/antlr4/Parser.py:348
 [9] consumeUntil
   @ antlr4.error.ErrorStrategy ~/work/BaseModelicaLibraryTesting.jl/BaseModelicaLibraryTesting.jl/.CondaPkg/.pixi/envs/default/lib/python3.13/site-packages/antlr4/error/ErrorStrategy.py:654
 [10] recover
   @ antlr4.error.ErrorStrategy ~/work/BaseModelicaLibraryTesting.jl/BaseModelicaLibraryTesting.jl/.CondaPkg/.pixi/envs/default/lib/python3.13/site-packages/antlr4/error/ErrorStrategy.py:157
 [11] declaration
   @ BaseModelicaParser ~/.julia/packages/BaseModelica/G7VqY/src/antlr_generated/BaseModelicaParser.py:2876
 [12] componentDeclaration
   @ BaseModelicaParser ~/.julia/packages/BaseModelica/G7VqY/src/antlr_generated/BaseModelicaParser.py:2798
 [13] componentList
   @ BaseModelicaParser ~/.julia/packages/BaseModelica/G7VqY/src/antlr_generated/BaseModelicaParser.py:2734
 [14] componentClause
   @ BaseModelicaParser ~/.julia/packages/BaseModelica/G7VqY/src/antlr_generated/BaseModelicaParser.py:2537
 [15] normalElement
   @ BaseModelicaParser ~/.julia/packages/BaseModelica/G7VqY/src/antlr_generated/BaseModelicaParser.py:2028
 [16] genericElement
   @ BaseModelicaParser ~/.julia/packages/BaseModelica/G7VqY/src/antlr_generated/BaseModelicaParser.py:1971
 [17] composition
   @ BaseModelicaParser ~/.julia/packages/BaseModelica/G7VqY/src/antlr_generated/BaseModelicaParser.py:1646
 [18] longClassSpecifier
   @ BaseModelicaParser ~/.julia/packages/BaseModelica/G7VqY/src/antlr_generated/BaseModelicaParser.py:1146
 [19] baseModelica
   @ BaseModelicaParser ~/.julia/packages/BaseModelica/G7VqY/src/antlr_generated/BaseModelicaParser.py:786
Stacktrace:
  [1] pythrow()
    @ PythonCall.Core ~/.julia/packages/PythonCall/83z4q/src/Core/err.jl:77
  [2] errcheck
    @ ~/.julia/packages/PythonCall/83z4q/src/Core/err.jl:10 [inlined]
  [3] pycallargs(f::PythonCall.Py)
    @ PythonCall.Core ~/.julia/packages/PythonCall/83z4q/src/Core/builtins.jl:193
  [4] #pycall#26
    @ ~/.julia/packages/PythonCall/83z4q/src/Core/builtins.jl:217 [inlined]
  [5] pycall
    @ ~/.julia/packages/PythonCall/83z4q/src/Core/builtins.jl:203 [inlined]
  [6] Py
    @ ~/.julia/packages/PythonCall/83z4q/src/Core/Py.jl:363 [inlined]
  [7] parse_with_antlr(input::String)
    @ BaseModelica ~/.julia/packages/BaseModelica/G7VqY/src/antlr_parser.jl:130
  [8] parse_file_antlr(file_path::String)
    @ BaseModelica ~/.julia/packages/BaseModelica/G7VqY/src/antlr_parser.jl:1249
  [9] create_odeproblem(filename::String; parser::Symbol, u0::Vector{Any}, kwargs::@Kwargs{})
    @ BaseModelica ~/.julia/packages/BaseModelica/G7VqY/src/BaseModelica.jl:152
 [10] create_odeproblem
    @ ~/.julia/packages/BaseModelica/G7VqY/src/BaseModelica.jl:149 [inlined]
 [11] #run_parse##4
    @ ~/work/BaseModelicaLibraryTesting.jl/BaseModelicaLibraryTesting.jl/src/parse_bm.jl:34 [inlined]
 [12] with_logstate(f::BaseModelicaLibraryTesting.var"#run_parse##4#run_parse##5"{String}, logstate::Base.CoreLogging.LogState)
    @ Base.CoreLogging ./logging/logging.jl:542
 [13] (::Base.RedirectStdStream)(thunk::BaseModelicaLibraryTesting.var"#run_parse##2#run_parse##3"{String, Base.CoreLogging.SimpleLogger}, stream::Pipe)
    @ Base ./stream.jl:1457
 [14] #run_parse##0
    @ ~/work/BaseModelicaLibraryTesting.jl/BaseModelicaLibraryTesting.jl/src/parse_bm.jl:32 [inlined]
 [15] (::Base.RedirectStdStream)(thunk::BaseModelicaLibraryTesting.var"#run_parse##0#run_parse##1"{String, Base.CoreLogging.SimpleLogger, Pipe}, stream::Pipe)
    @ Base ./stream.jl:1464
 [16] run_parse(bm_path::String, model_dir::String, model::String)
    @ BaseModelicaLibraryTesting ~/work/BaseModelicaLibraryTesting.jl/BaseModelicaLibraryTesting.jl/src/parse_bm.jl:31
 [17] test_model(omc::OMJulia.OMCSession, model::String, results_root::String, ref_root::String; csv_max_size_mb::Int64)
    @ BaseModelicaLibraryTesting ~/work/BaseModelicaLibraryTesting.jl/BaseModelicaLibraryTesting.jl/src/pipeline.jl:75
 [18] test_model
    @ ~/work/BaseModelicaLibraryTesting.jl/BaseModelicaLibraryTesting.jl/src/pipeline.jl:60 [inlined]
 [19] main(; library::String, version::String, filter::Nothing, omc_exe::String, results_root::String, ref_root::String, bm_options::String, csv_max_size_mb::Int64)
    @ BaseModelicaLibraryTesting ~/work/BaseModelicaLibraryTesting.jl/BaseModelicaLibraryTesting.jl/src/pipeline.jl:189
 [20] top-level scope
    @ none:3
 [21] eval(m::Module, e::Any)
    @ Core ./boot.jl:489
 [22] exec_options(opts::Base.JLOptions)
    @ Base ./client.jl:283
 [23] _start()
    @ Base ./client.jl:550
