Model:   Modelica.Electrical.Analog.Examples.SwitchWithArc
Time:    0.106 s
Success: false

--- Error ---
KeyError: key Symbol("booleanPulse.pulseStart") not found
Stacktrace:
  [1] getindex(h::Dict{Any, Any}, key::Symbol)
    @ Base ./dict.jl:477
  [2] eval_AST(comp_reference::BaseModelica.BaseModelicaComponentReference)
    @ BaseModelica ~/.julia/packages/BaseModelica/waq8E/src/evaluator.jl:643
  [3] eval_AST(expr::BaseModelica.BaseModelicaGEQ)
    @ BaseModelica ~/.julia/packages/BaseModelica/waq8E/src/evaluator.jl:37
  [4] eval_AST(expr::BaseModelica.BaseModelicaAnd)
    @ BaseModelica ~/.julia/packages/BaseModelica/waq8E/src/evaluator.jl:34
  [5] eval_AST(eq::BaseModelica.BaseModelicaSimpleEquation)
    @ BaseModelica ~/.julia/packages/BaseModelica/waq8E/src/evaluator.jl:111
  [6] eval_AST(eq::BaseModelica.BaseModelicaAnyEquation)
    @ BaseModelica ~/.julia/packages/BaseModelica/waq8E/src/evaluator.jl:69
  [7] (::BaseModelica.var"#eval_AST##6#eval_AST##7")(eq::BaseModelica.BaseModelicaAnyEquation)
    @ BaseModelica ./none:-1
  [8] iterate
    @ ./generator.jl:48 [inlined]
  [9] collect_to!(dest::Vector{Symbolics.Equation}, itr::Base.Generator{Vector{Any}, BaseModelica.var"#eval_AST##6#eval_AST##7"}, offs::Int64, st::Int64)
    @ Base ./array.jl:848
 [10] collect_to_with_first!(dest::Vector{Symbolics.Equation}, v1::Symbolics.Equation, itr::Base.Generator{Vector{Any}, BaseModelica.var"#eval_AST##6#eval_AST##7"}, st::Int64)
    @ Base ./array.jl:826
 [11] collect(itr::Base.Generator{Vector{Any}, BaseModelica.var"#eval_AST##6#eval_AST##7"})
    @ Base ./array.jl:800
 [12] eval_AST(model::BaseModelica.BaseModelicaModel)
    @ BaseModelica ~/.julia/packages/BaseModelica/waq8E/src/evaluator.jl:385
 [13] eval_AST(package::BaseModelica.BaseModelicaPackage)
    @ BaseModelica ~/.julia/packages/BaseModelica/waq8E/src/evaluator.jl:607
 [14] baseModelica_to_ModelingToolkit
    @ ~/.julia/packages/BaseModelica/waq8E/src/evaluator.jl:648 [inlined]
 [15] create_odeproblem(filename::String; parser::Symbol, u0::Vector{Any}, kwargs::@Kwargs{})
    @ BaseModelica ~/.julia/packages/BaseModelica/waq8E/src/BaseModelica.jl:160
 [16] create_odeproblem
    @ ~/.julia/packages/BaseModelica/waq8E/src/BaseModelica.jl:149 [inlined]
 [17] run_parse(bm_path::String, model_dir::String, model::String)
    @ BaseModelicaLibraryTesting ~/work/BaseModelicaLibraryTesting.jl/BaseModelicaLibraryTesting.jl/src/parse_bm.jl:24
 [18] test_model(omc::OMJulia.OMCSession, model::String, results_root::String, ref_root::String)
    @ BaseModelicaLibraryTesting ~/work/BaseModelicaLibraryTesting.jl/BaseModelicaLibraryTesting.jl/src/pipeline.jl:76
 [19] main(; library::String, version::String, filter::Nothing, omc_exe::String, results_root::String, ref_root::String, bm_options::String)
    @ BaseModelicaLibraryTesting ~/work/BaseModelicaLibraryTesting.jl/BaseModelicaLibraryTesting.jl/src/pipeline.jl:189
 [20] top-level scope
    @ none:3
 [21] eval(m::Module, e::Any)
    @ Core ./boot.jl:489
 [22] exec_options(opts::Base.JLOptions)
    @ Base ./client.jl:283
 [23] _start()
    @ Base ./client.jl:550
