Model:  Modelica.Math.Random.Examples.GenerateRandomNumbers
Time:    0.029 s
Success: false

--- Error ---
MethodError: no method matching ModelingToolkitBase.System(::Vector{Any}, ::Symbolics.Num; name::Symbol, __legacy_defaults__::Dict{Any, Any})
The type `ModelingToolkitBase.System` exists, but no method is defined for this combination of argument types when trying to construct it.

Closest candidates are:
  ModelingToolkitBase.System(::Any, ::Any, !Matched::Any, !Matched::Any, !Matched::Any, !Matched::Any, !Matched::Any, !Matched::Any, !Matched::Any, !Matched::Any, !Matched::Any, !Matched::Any, !Matched::Any, !Matched::Any, !Matched::Any, !Matched::Any, !Matched::Any, !Matched::Any, !Matched::Any, !Matched::Any, !Matched::Any, !Matched::Any, !Matched::Any, !Matched::Any; ...)
   @ ModelingToolkitBase ~/.julia/packages/ModelingToolkitBase/uIKoY/src/systems/system.jl:300
  ModelingToolkitBase.System(::Any, ::Any, !Matched::Any, !Matched::Any, !Matched::Any, !Matched::Any, !Matched::Any, !Matched::Any, !Matched::Any, !Matched::Any, !Matched::Any, !Matched::Any, !Matched::Any, !Matched::Any, !Matched::Any, !Matched::Any, !Matched::Any, !Matched::Any, !Matched::Any, !Matched::Any, !Matched::Any, !Matched::Any, !Matched::Any, !Matched::Any, !Matched::Any; ...)
   @ ModelingToolkitBase ~/.julia/packages/ModelingToolkitBase/uIKoY/src/systems/system.jl:300
  ModelingToolkitBase.System(::Any, ::Any, !Matched::Any, !Matched::Any, !Matched::Any, !Matched::Any, !Matched::Any, !Matched::Any, !Matched::Any, !Matched::Any, !Matched::Any, !Matched::Any, !Matched::Any, !Matched::Any, !Matched::Any, !Matched::Any, !Matched::Any, !Matched::Any, !Matched::Any, !Matched::Any, !Matched::Any, !Matched::Any, !Matched::Any, !Matched::Any, !Matched::Any, !Matched::Any; ...)
   @ ModelingToolkitBase ~/.julia/packages/ModelingToolkitBase/uIKoY/src/systems/system.jl:300
  ...

Stacktrace:
  [1] macro expansion
    @ ~/.julia/packages/ModelingToolkitBase/uIKoY/src/systems/abstractsystem.jl:2643 [inlined]
  [2] eval_AST(model::BaseModelica.BaseModelicaModel)
    @ BaseModelica ~/.julia/packages/BaseModelica/BAR37/src/evaluator.jl:389
  [3] eval_AST(package::BaseModelica.BaseModelicaPackage)
    @ BaseModelica ~/.julia/packages/BaseModelica/BAR37/src/evaluator.jl:395
  [4] baseModelica_to_ModelingToolkit
    @ ~/.julia/packages/BaseModelica/BAR37/src/evaluator.jl:436 [inlined]
  [5] (::BaseModelicaLibraryTesting.var"#run_parse##10#run_parse##11")()
    @ BaseModelicaLibraryTesting ~/work/BaseModelicaLibraryTesting.jl/BaseModelicaLibraryTesting.jl/src/parse_bm.jl:78
  [6] with_logstate(f::BaseModelicaLibraryTesting.var"#run_parse##10#run_parse##11", logstate::Base.CoreLogging.LogState)
    @ Base.CoreLogging ./logging/logging.jl:542
  [7] (::BaseModelicaLibraryTesting.var"#run_parse##8#run_parse##9")()
    @ BaseModelicaLibraryTesting ~/work/BaseModelicaLibraryTesting.jl/BaseModelicaLibraryTesting.jl/src/parse_bm.jl:77
  [8] (::Base.RedirectStdStream)(thunk::BaseModelicaLibraryTesting.var"#run_parse##8#run_parse##9", stream::Pipe)
    @ Base ./stream.jl:1464
  [9] (::Base.RedirectStdStream)(thunk::BaseModelicaLibraryTesting.var"#run_parse##6#run_parse##7"{Pipe}, stream::Pipe)
    @ Base ./stream.jl:1457
 [10] run_parse(bm_path::String, model_dir::String, model::String)
    @ BaseModelicaLibraryTesting ~/work/BaseModelicaLibraryTesting.jl/BaseModelicaLibraryTesting.jl/src/parse_bm.jl:28
 [11] test_model(omc::OMJulia.OMCSession, model::String, results_root::String, ref_root::String; sim_settings::SimulateSettings, csv_max_size_mb::Int64)
    @ BaseModelicaLibraryTesting ~/work/BaseModelicaLibraryTesting.jl/BaseModelicaLibraryTesting.jl/src/pipeline.jl:82
 [12] test_model
    @ ~/work/BaseModelicaLibraryTesting.jl/BaseModelicaLibraryTesting.jl/src/pipeline.jl:60 [inlined]
 [13] main(; library::String, version::String, filter::String, omc_exe::String, results_root::String, ref_root::String, bm_options::String, sim_settings::SimulateSettings, csv_max_size_mb::Int64)
    @ BaseModelicaLibraryTesting ~/work/BaseModelicaLibraryTesting.jl/BaseModelicaLibraryTesting.jl/src/pipeline.jl:220
 [14] top-level scope
    @ none:7
 [15] eval(m::Module, e::Any)
    @ Core ./boot.jl:489
 [16] exec_options(opts::Base.JLOptions)
    @ Base ./client.jl:283
 [17] _start()
    @ Base ./client.jl:550
