Model:  Modelica.Fluid.Examples.Explanatory.MeasuringTemperature
Time:    1.373 s
Success: true

--- Parser output ---
line 1321:468 missing ';' at '.'
line 1324:143 missing ';' at '.'
line 1325:143 missing ';' at '.'
line 1332:170 mismatched input '.' expecting ')'
line 1332:303 missing 'then' at '.'
line 1332:305 mismatched input ')' expecting {'elseif', 'else'}
line 1333:172 missing ';' at '.'
line 1334:172 missing ';' at '.'
line 1365:380 missing ';' at '.'
line 1366:540 mismatched input '.' expecting ')'
line 1391:170 mismatched input '.' expecting ')'
line 1391:303 missing 'then' at '.'
line 1391:305 mismatched input ')' expecting {'elseif', 'else'}
line 1392:172 missing ';' at '.'
line 1393:172 missing ';' at '.'
line 1424:377 missing ';' at '.'
line 1425:537 mismatched input '.' expecting ')'
line 1450:167 mismatched input '.' expecting ')'
line 1450:298 missing 'then' at '.'
line 1450:300 mismatched input ')' expecting {'elseif', 'else'}
line 1451:168 missing ';' at '.'
line 1452:168 missing ';' at '.'
line 1483:378 missing ';' at '.'
line 1484:534 mismatched input '.' expecting ')'
line 1509:167 mismatched input '.' expecting ')'
line 1509:298 missing 'then' at '.'
line 1509:300 mismatched input ')' expecting {'elseif', 'else'}
line 1510:168 missing ';' at '.'
line 1511:168 missing ';' at '.'
line 1542:381 missing ';' at '.'
line 1543:537 mismatched input '.' expecting ')'
line 1568:149 mismatched input '.' expecting ')'
line 1568:268 missing 'then' at '.'
line 1568:270 mismatched input ')' expecting {'elseif', 'else'}
line 1569:144 missing ';' at '.'
line 1570:144 missing ';' at '.'
line 1586:126 missing ';' at '.'
line 1591:149 mismatched input '.' expecting ')'
line 1591:268 missing 'then' at '.'
line 1591:270 mismatched input ')' expecting {'elseif', 'else'}
line 1592:144 missing ';' at '.'
line 1593:144 missing ';' at '.'
line 1609:126 missing ';' at '.'
line 1614:338 missing ';' at '.'
line 1618:170 mismatched input '.' expecting ')'
line 1618:303 missing 'then' at '.'
line 1618:305 mismatched input ')' expecting {'elseif', 'else'}
line 1619:172 missing ';' at '.'
line 1620:172 missing ';' at '.'
line 1651:174 missing ';' at '.'
line 1652:334 mismatched input '.' expecting ')'
line 1677:167 mismatched input '.' expecting ')'
line 1677:298 missing 'then' at '.'
line 1677:300 mismatched input ')' expecting {'elseif', 'else'}
line 1678:168 missing ';' at '.'
line 1679:168 missing ';' at '.'
line 1710:172 missing ';' at '.'
line 1711:328 mismatched input '.' expecting ')'
line 1736:149 mismatched input '.' expecting ')'
line 1736:268 missing 'then' at '.'
line 1736:270 mismatched input ')' expecting {'elseif', 'else'}
line 1737:144 missing ';' at '.'
line 1738:144 missing ';' at '.'
line 1754:126 missing ';' at '.'
