Model:   Modelica.Blocks.Examples.RealNetwork1
Time:    0.067 s
Success: false

--- Parser output ---
line 4:17 missing IDENT at '['
line 4:21 extraneous input ''b'' expecting ';'

--- Error ---
MethodError: no method matching isless(::Nothing, ::Symbolics.Num)
The function `isless` exists, but no method is defined for this combination of argument types.

Closest candidates are:
  isless(!Matched::Missing, ::Any)
   @ Base missing.jl:87
  isless(!Matched::PythonCall.Py, ::Number)
   @ PythonCall ~/.julia/packages/PythonCall/83z4q/src/Core/Py.jl:382
  isless(!Matched::Symbolics.Num, ::Symbolics.Num)
   @ Symbolics ~/.julia/packages/Symbolics/eUt8E/src/num.jl:253
  ...

Stacktrace:
  [1] <(x::Nothing, y::Symbolics.Num)
    @ Base ./operators.jl:399
  [2] <=(x::Nothing, y::Symbolics.Num)
    @ Base ./operators.jl:448
  [3] >=(x::Symbolics.Num, y::Nothing)
    @ Base ./operators.jl:472
  [4] eval_AST(expr::BaseModelica.BaseModelicaGEQ)
    @ BaseModelica ~/.julia/packages/BaseModelica/G7VqY/src/evaluator.jl:37
  [5] eval_AST(expr::BaseModelica.BaseModelicaAnd)
    @ BaseModelica ~/.julia/packages/BaseModelica/G7VqY/src/evaluator.jl:34
  [6] eval_AST(eq::BaseModelica.BaseModelicaSimpleEquation)
    @ BaseModelica ~/.julia/packages/BaseModelica/G7VqY/src/evaluator.jl:117
  [7] eval_AST(eq::BaseModelica.BaseModelicaAnyEquation)
    @ BaseModelica ~/.julia/packages/BaseModelica/G7VqY/src/evaluator.jl:75
  [8] (::BaseModelica.var"#eval_AST##6#eval_AST##7")(eq::BaseModelica.BaseModelicaAnyEquation)
    @ BaseModelica ./none:-1
  [9] iterate
    @ ./generator.jl:48 [inlined]
 [10] collect_to!(dest::Vector{Symbolics.Equation}, itr::Base.Generator{Vector{Any}, BaseModelica.var"#eval_AST##6#eval_AST##7"}, offs::Int64, st::Int64)
    @ Base ./array.jl:848
 [11] collect_to_with_first!(dest::Vector{Symbolics.Equation}, v1::Symbolics.Equation, itr::Base.Generator{Vector{Any}, BaseModelica.var"#eval_AST##6#eval_AST##7"}, st::Int64)
    @ Base ./array.jl:826
 [12] collect(itr::Base.Generator{Vector{Any}, BaseModelica.var"#eval_AST##6#eval_AST##7"})
    @ Base ./array.jl:800
 [13] eval_AST(model::BaseModelica.BaseModelicaModel)
    @ BaseModelica ~/.julia/packages/BaseModelica/G7VqY/src/evaluator.jl:391
 [14] eval_AST(package::BaseModelica.BaseModelicaPackage)
    @ BaseModelica ~/.julia/packages/BaseModelica/G7VqY/src/evaluator.jl:658
 [15] baseModelica_to_ModelingToolkit
    @ ~/.julia/packages/BaseModelica/G7VqY/src/evaluator.jl:708 [inlined]
 [16] create_odeproblem(filename::String; parser::Symbol, u0::Vector{Any}, kwargs::@Kwargs{})
    @ BaseModelica ~/.julia/packages/BaseModelica/G7VqY/src/BaseModelica.jl:160
 [17] create_odeproblem
    @ ~/.julia/packages/BaseModelica/G7VqY/src/BaseModelica.jl:149 [inlined]
 [18] #run_parse##4
    @ ~/work/BaseModelicaLibraryTesting.jl/BaseModelicaLibraryTesting.jl/src/parse_bm.jl:34 [inlined]
 [19] with_logstate(f::BaseModelicaLibraryTesting.var"#run_parse##4#run_parse##5"{String}, logstate::Base.CoreLogging.LogState)
    @ Base.CoreLogging ./logging/logging.jl:542
 [20] (::Base.RedirectStdStream)(thunk::BaseModelicaLibraryTesting.var"#run_parse##2#run_parse##3"{String, Base.CoreLogging.SimpleLogger}, stream::Pipe)
    @ Base ./stream.jl:1457
 [21] #run_parse##0
    @ ~/work/BaseModelicaLibraryTesting.jl/BaseModelicaLibraryTesting.jl/src/parse_bm.jl:32 [inlined]
 [22] (::Base.RedirectStdStream)(thunk::BaseModelicaLibraryTesting.var"#run_parse##0#run_parse##1"{String, Base.CoreLogging.SimpleLogger, Pipe}, stream::Pipe)
    @ Base ./stream.jl:1464
 [23] run_parse(bm_path::String, model_dir::String, model::String)
    @ BaseModelicaLibraryTesting ~/work/BaseModelicaLibraryTesting.jl/BaseModelicaLibraryTesting.jl/src/parse_bm.jl:31
 [24] test_model(omc::OMJulia.OMCSession, model::String, results_root::String, ref_root::String; csv_max_size_mb::Int64)
    @ BaseModelicaLibraryTesting ~/work/BaseModelicaLibraryTesting.jl/BaseModelicaLibraryTesting.jl/src/pipeline.jl:75
 [25] test_model
    @ ~/work/BaseModelicaLibraryTesting.jl/BaseModelicaLibraryTesting.jl/src/pipeline.jl:60 [inlined]
 [26] main(; library::String, version::String, filter::String, omc_exe::String, results_root::String, ref_root::String, bm_options::String, csv_max_size_mb::Int64)
    @ BaseModelicaLibraryTesting ~/work/BaseModelicaLibraryTesting.jl/BaseModelicaLibraryTesting.jl/src/pipeline.jl:203
 [27] top-level scope
    @ none:4
 [28] eval(m::Module, e::Any)
    @ Core ./boot.jl:489
 [29] exec_options(opts::Base.JLOptions)
    @ Base ./client.jl:283
 [30] _start()
    @ Base ./client.jl:550
