Model:   Modelica.Fluid.Examples.BranchingDynamicPipes
Time:    6.665 s
Success: false

--- Parser output ---
line 43:14 missing IDENT at '['
line 43:18 missing ';' at ''X''
line 43:21 extraneous input '(' expecting IDENT
line 43:161 extraneous input ')' expecting ';'
line 63:14 missing IDENT at '['
line 63:18 missing ';' at ''X''
line 63:21 extraneous input '(' expecting IDENT
line 63:200 mismatched input ')' expecting ';'
line 64:4 extraneous input 'output' expecting {'model', 'type', 'operator', 'record', 'pure', 'constant', 'impure', 'function', '@'}
line 84:8 missing IDENT at '['
line 84:12 missing ';' at ''a''
line 84:16 missing IDENT at '='
line 85:8 missing IDENT at '['
line 85:12 missing ';' at ''n''
line 85:16 missing IDENT at '='
line 126:8 missing IDENT at '['
line 126:12 missing ';' at ''a''
line 126:16 missing IDENT at '='
line 127:8 missing IDENT at '['
line 127:12 missing ';' at ''n''
line 127:16 missing IDENT at '='
line 139:14 missing IDENT at '['
line 139:18 missing ';' at ''X''
line 139:21 extraneous input '(' expecting IDENT
line 139:161 extraneous input ')' expecting ';'
line 161:8 missing IDENT at '['
line 161:12 missing ';' at ''a''
line 161:16 missing IDENT at '='
line 162:8 missing IDENT at '['
line 162:12 missing ';' at ''n''
line 162:16 missing IDENT at '='
line 223:14 missing IDENT at '['
line 223:18 missing ';' at ''X''
line 223:21 extraneous input '(' expecting IDENT
line 223:200 mismatched input ')' expecting ';'
line 224:4 extraneous input 'output' expecting {'model', 'type', 'operator', 'record', 'pure', 'constant', 'impure', 'function', '@'}
line 315:8 missing IDENT at '['
line 315:12 missing ';' at ''a''
line 315:16 missing IDENT at '='
line 316:8 missing IDENT at '['
line 316:12 missing ';' at ''n''
line 316:16 missing IDENT at '='
line 326:14 missing IDENT at '['
line 326:18 missing ';' at ''X''
line 326:21 extraneous input '(' expecting IDENT
line 326:161 extraneous input ')' expecting ';'
line 348:8 missing IDENT at '['
line 348:12 missing ';' at ''a''
line 348:16 missing IDENT at '='
line 349:8 missing IDENT at '['
line 349:12 missing ';' at ''n''
line 349:16 missing IDENT at '='
line 362:8 missing IDENT at '['
line 362:12 missing ';' at ''a''
line 362:16 missing IDENT at '='
line 363:8 missing IDENT at '['
line 363:12 missing ';' at ''n''
line 363:16 missing IDENT at '='
line 374:14 missing IDENT at '['
line 374:18 missing ';' at ''X''
line 374:21 extraneous input '(' expecting IDENT
line 374:200 mismatched input ')' expecting ';'
line 375:4 extraneous input 'output' expecting {'model', 'type', 'operator', 'record', 'pure', 'constant', 'impure', 'function', '@'}
line 382:14 missing IDENT at '['
line 382:18 extraneous input ''p'' expecting ';'
line 404:8 missing IDENT at '['
line 404:12 missing ';' at ''a''
line 404:16 missing IDENT at '='
line 405:8 missing IDENT at '['
line 405:12 missing ';' at ''n''
line 405:16 missing IDENT at '='
line 419:8 missing IDENT at '['
line 419:12 missing ';' at ''a''
line 419:16 missing IDENT at '='
line 420:8 missing IDENT at '['
line 420:12 missing ';' at ''n''
line 420:16 missing IDENT at '='
line 518:14 missing IDENT at '['
line 518:18 missing ';' at ''X''
line 518:21 extraneous input '(' expecting IDENT
line 518:200 mismatched input ')' expecting ';'
line 519:4 extraneous input 'output' expecting {'model', 'type', 'operator', 'record', 'pure', 'constant', 'impure', 'function', '@'}
line 531:8 missing IDENT at '['
line 531:12 missing ';' at ''a''
line 531:16 missing IDENT at '='
line 532:8 missing IDENT at '['
line 532:12 missing ';' at ''n''
line 532:16 missing IDENT at '='
line 546:8 missing IDENT at '['
line 546:12 missing ';' at ''a''
line 546:16 missing IDENT at '='
line 547:8 missing IDENT at '['
line 547:12 missing ';' at ''n''
line 547:16 missing IDENT at '='
line 562:8 missing IDENT at '['
line 562:12 missing ';' at ''a''
line 562:16 missing IDENT at '='
line 563:8 missing IDENT at '['
line 563:12 missing ';' at ''n''
line 563:16 missing IDENT at '='
line 574:14 missing IDENT at '['
line 574:18 missing ';' at ''X''
line 574:21 extraneous input '(' expecting IDENT
line 574:200 mismatched input ')' expecting ';'
line 575:4 extraneous input 'output' expecting {'model', 'type', 'operator', 'record', 'pure', 'constant', 'impure', 'function', '@'}
line 584:14 missing IDENT at '['
line 584:18 missing ';' at ''X''
line 584:21 extraneous input '(' expecting IDENT
line 584:161 extraneous input ')' expecting ';'
line 606:8 missing IDENT at '['
line 606:12 missing ';' at ''a''
line 606:16 missing IDENT at '='
line 607:8 missing IDENT at '['
line 607:12 missing ';' at ''n''
line 607:16 missing IDENT at '='
line 617:14 missing IDENT at '['
line 617:18 missing ';' at ''X''
line 617:21 extraneous input '(' expecting IDENT
line 617:200 mismatched input ')' expecting ';'
line 618:4 extraneous input 'output' expecting {'model', 'type', 'operator', 'record', 'pure', 'constant', 'impure', 'function', '@'}
line 627:14 missing IDENT at '['
line 627:18 missing ';' at ''X''
line 627:21 extraneous input '(' expecting IDENT
line 627:200 mismatched input ')' expecting ';'
line 628:4 extraneous input 'output' expecting {'model', 'type', 'operator', 'record', 'pure', 'constant', 'impure', 'function', '@'}
line 674:14 missing IDENT at '['
line 674:18 missing ';' at ''X''
line 674:21 extraneous input '(' expecting IDENT
line 674:161 extraneous input ')' expecting ';'
line 677:14 missing IDENT at '['
line 677:18 missing ';' at ''dX''
line 677:22 extraneous input '(' expecting IDENT
line 677:28 missing ';' at 'unit'
line 677:33 missing IDENT at '='
line 677:40 extraneous input ')' expecting ';'
line 711:8 missing IDENT at '['
line 711:12 missing ';' at ''a''
line 711:16 missing IDENT at '='
line 712:8 missing IDENT at '['
line 712:12 missing ';' at ''n''
line 712:16 missing IDENT at '='
line 752:8 missing IDENT at '['
line 752:12 missing ';' at ''a''
line 752:16 missing IDENT at '='
line 753:8 missing IDENT at '['
line 753:12 missing ';' at ''n''
line 753:16 missing IDENT at '='
line 766:8 missing IDENT at '['
line 766:12 missing ';' at ''a''
line 766:16 missing IDENT at '='
line 767:8 missing IDENT at '['
line 767:12 missing ';' at ''n''
line 767:16 missing IDENT at '='
line 779:14 missing IDENT at '['
line 779:18 missing ';' at ''X''
line 779:21 extraneous input '(' expecting IDENT
line 779:200 mismatched input ')' expecting ';'
line 780:4 extraneous input 'output' expecting {'model', 'type', 'operator', 'record', 'pure', 'constant', 'impure', 'function', '@'}
line 840:14 missing IDENT at '['
line 840:18 missing ';' at ''X''
line 840:21 extraneous input '(' expecting IDENT
line 840:200 mismatched input ')' expecting ';'
line 841:4 extraneous input 'output' expecting {'model', 'type', 'operator', 'record', 'pure', 'constant', 'impure', 'function', '@'}
line 850:14 missing IDENT at '['
line 850:18 missing ';' at ''X''
line 850:21 extraneous input '(' expecting IDENT
line 850:161 extraneous input ')' expecting ';'
line 853:14 missing IDENT at '['
line 853:18 missing ';' at ''dX''
line 853:22 extraneous input '(' expecting IDENT
line 853:28 missing ';' at 'unit'
line 853:33 missing IDENT at '='
line 853:40 extraneous input ')' expecting ';'
line 885:14 missing IDENT at '['
line 885:18 missing ';' at ''X''
line 885:21 extraneous input '(' expecting IDENT
line 885:200 mismatched input ')' expecting ';'
line 886:4 extraneous input 'output' expecting {'model', 'type', 'operator', 'record', 'pure', 'constant', 'impure', 'function', '@'}
line 895:14 missing IDENT at '['
line 895:18 missing ';' at ''X''
line 895:21 extraneous input '(' expecting IDENT
line 895:161 extraneous input ')' expecting ';'
line 983:8 missing IDENT at '['
line 983:12 missing ';' at ''a''
line 983:16 missing IDENT at '='
line 984:8 missing IDENT at '['
line 984:12 missing ';' at ''n''
line 984:16 missing IDENT at '='
line 1060:14 missing IDENT at '['
line 1060:18 missing ';' at ''X''
line 1060:21 extraneous input '(' expecting IDENT
line 1060:161 extraneous input ')' expecting ';'
line 1082:8 missing IDENT at '['
line 1082:12 missing ';' at ''a''
line 1082:16 missing IDENT at '='
line 1083:8 missing IDENT at '['
line 1083:12 missing ';' at ''n''
line 1083:16 missing IDENT at '='
line 1093:14 missing IDENT at '['
line 1093:18 missing ';' at ''X''
line 1093:21 extraneous input '(' expecting IDENT
line 1093:161 extraneous input ')' expecting ';'
line 1096:14 missing IDENT at '['
line 1096:18 missing ';' at ''dX''
line 1096:22 extraneous input '(' expecting IDENT
line 1096:28 missing ';' at 'unit'
line 1096:33 missing IDENT at '='
line 1096:40 extraneous input ')' expecting ';'
line 1192:14 missing IDENT at '['
line 1192:18 extraneous input ''p'' expecting ';'
line 1214:8 missing IDENT at '['
line 1214:12 missing ';' at ''a''
line 1214:16 missing IDENT at '='
line 1215:8 missing IDENT at '['
line 1215:12 missing ';' at ''n''
line 1215:16 missing IDENT at '='
line 1229:8 missing IDENT at '['
line 1229:12 missing ';' at ''a''
line 1229:16 missing IDENT at '='
line 1230:8 missing IDENT at '['
line 1230:12 missing ';' at ''n''
line 1230:16 missing IDENT at '='
line 1244:8 missing IDENT at '['
line 1244:12 missing ';' at ''a''
line 1244:16 missing IDENT at '='
line 1245:8 missing IDENT at '['
line 1245:12 missing ';' at ''n''
line 1245:16 missing IDENT at '='
line 1286:8 missing IDENT at '['
line 1286:12 missing ';' at ''a''
line 1286:16 missing IDENT at '='
line 1287:8 missing IDENT at '['
line 1287:12 missing ';' at ''n''
line 1287:16 missing IDENT at '='
line 1327:14 missing IDENT at '['
line 1327:18 missing ';' at ''X''
line 1327:21 extraneous input '(' expecting IDENT
line 1327:161 extraneous input ')' expecting ';'
line 1330:14 missing IDENT at '['
line 1330:18 missing ';' at ''dX''
line 1330:22 extraneous input '(' expecting IDENT
line 1330:28 missing ';' at 'unit'
line 1330:33 missing IDENT at '='
line 1330:40 extraneous input ')' expecting ';'
line 1390:14 missing IDENT at '['
line 1390:18 missing ';' at ''X''
line 1390:21 extraneous input '(' expecting IDENT
line 1390:161 extraneous input ')' expecting ';'
line 1393:14 missing IDENT at '['
line 1393:18 missing ';' at ''dX''
line 1393:22 extraneous input '(' expecting IDENT
line 1393:28 missing ';' at 'unit'
line 1393:33 missing IDENT at '='
line 1393:40 extraneous input ')' expecting ';'
line 1456:8 missing IDENT at '['
line 1456:12 missing ';' at ''a''
line 1456:16 missing IDENT at '='
line 1457:8 missing IDENT at '['
line 1457:12 missing ';' at ''n''
line 1457:16 missing IDENT at '='
line 1494:16 missing IDENT at '['
line 1494:20 extraneous input ''substanceNames'' expecting ';'
line 1497:14 missing IDENT at '['
line 1497:18 extraneous input ''X_boundary'' expecting ';'
line 1522:14 missing IDENT at '['
line 1522:18 missing ';' at ''X''
line 1522:21 extraneous input '(' expecting IDENT
line 1522:161 extraneous input ')' expecting ';'
line 1525:14 missing IDENT at '['
line 1525:18 missing ';' at ''dX''
line 1525:22 extraneous input '(' expecting IDENT
line 1525:28 missing ';' at 'unit'
line 1525:33 missing IDENT at '='
line 1525:40 extraneous input ')' expecting ';'
line 1560:8 missing IDENT at '['
line 1560:12 missing ';' at ''a''
line 1560:16 missing IDENT at '='
line 1561:8 missing IDENT at '['
line 1561:12 missing ';' at ''n''
line 1561:16 missing IDENT at '='
line 1612:8 missing IDENT at '['
line 1612:12 missing ';' at ''a''
line 1612:16 missing IDENT at '='
line 1613:8 missing IDENT at '['
line 1613:12 missing ';' at ''n''
line 1613:16 missing IDENT at '='
line 1627:8 missing IDENT at '['
line 1627:12 missing ';' at ''X''
line 1627:15 extraneous input '(' expecting IDENT
line 1627:161 extraneous input ')' expecting ';'
line 1635:8 missing IDENT at '['
line 1635:12 missing ';' at ''X''
line 1635:15 extraneous input '(' expecting IDENT
line 1635:161 extraneous input ')' expecting ';'
line 1641:8 missing IDENT at '['
line 1641:12 missing ';' at ''X''
line 1641:15 extraneous input '(' expecting IDENT
line 1641:161 extraneous input ')' expecting ';'
line 1647:8 missing IDENT at '['
line 1647:12 missing ';' at ''X''
line 1647:15 extraneous input '(' expecting IDENT
line 1647:161 extraneous input ')' expecting ';'
line 1653:8 missing IDENT at '['
line 1653:12 missing ';' at ''X''
line 1653:15 extraneous input '(' expecting IDENT
line 1653:161 extraneous input ')' expecting ';'
line 1659:8 missing IDENT at '['
line 1659:12 missing ';' at ''X''
line 1659:15 extraneous input '(' expecting IDENT
line 1659:161 extraneous input ')' expecting ';'
line 1665:8 missing IDENT at '['
line 1665:12 missing ';' at ''X''
line 1665:15 extraneous input '(' expecting IDENT
line 1665:161 extraneous input ')' expecting ';'
line 1674:8 missing IDENT at '['
line 1674:12 extraneous input ''alow'' expecting ';'
line 1675:8 missing IDENT at '['
line 1675:12 extraneous input ''blow'' expecting ';'
line 1676:8 missing IDENT at '['
line 1676:12 extraneous input ''ahigh'' expecting ';'
line 1677:8 missing IDENT at '['
line 1677:12 extraneous input ''bhigh'' expecting ';'
line 1785:301 mismatched input '.' expecting ')'
line 1785:305 extraneous input '(' expecting IDENT
line 1785:380 mismatched input '1.4e5' expecting {')', '@', IDENT}
line 1785:404 mismatched input '{' expecting IDENT
line 1785:411 mismatched input '0.99' expecting IDENT
line 1785:422 extraneous input '(' expecting IDENT
line 1785:497 mismatched input '1.4e5' expecting {')', '@', IDENT}
line 1785:521 mismatched input '{' expecting IDENT
line 1785:528 mismatched input '0.99' expecting IDENT
line 2382:304 mismatched input '.' expecting ')'
line 2382:308 extraneous input '(' expecting IDENT
line 2382:383 mismatched input '125000.0' expecting {')', '@', IDENT}
line 2382:410 mismatched input '{' expecting IDENT
line 2382:417 mismatched input '0.99' expecting IDENT
line 2382:428 extraneous input '(' expecting IDENT
line 2382:503 mismatched input '125000.0' expecting {')', '@', IDENT}
line 2382:530 mismatched input '{' expecting IDENT
line 2382:537 mismatched input '0.99' expecting IDENT
line 2985:304 mismatched input '.' expecting ')'
line 2985:308 extraneous input '(' expecting IDENT
line 2985:383 mismatched input '125000.0' expecting {')', '@', IDENT}
line 2985:410 mismatched input '{' expecting IDENT
line 2985:417 mismatched input '0.99' expecting IDENT
line 2985:428 extraneous input '(' expecting IDENT
line 2985:503 mismatched input '125000.0' expecting {')', '@', IDENT}
line 2985:530 mismatched input '{' expecting IDENT
line 2985:537 mismatched input '0.99' expecting IDENT
line 3582:301 mismatched input '.' expecting ')'
line 3582:305 extraneous input '(' expecting IDENT
line 3582:380 mismatched input '1.1e5' expecting {')', '@', IDENT}
line 3582:404 mismatched input '{' expecting IDENT
line 3582:411 mismatched input '0.99' expecting IDENT
line 3582:422 extraneous input '(' expecting IDENT
line 3582:497 mismatched input '1.1e5' expecting {')', '@', IDENT}
line 3582:521 mismatched input '{' expecting IDENT
line 3582:528 mismatched input '0.99' expecting IDENT
line 4500:244 mismatched input '.' expecting ')'
line 4539:236 mismatched input '.' expecting ')'
line 4562:236 mismatched input '.' expecting ')'
line 4585:236 mismatched input '.' expecting ')'
line 4608:236 mismatched input '.' expecting ')'
line 4631:236 mismatched input '.' expecting ')'
line 4912:187 missing ';' at '.'
line 4913:187 missing ';' at '.'
line 4914:191 mismatched input '.' expecting ')'
line 4915:191 mismatched input '.' expecting ')'
line 4916:529 missing ';' at '.'
line 4917:529 missing ';' at '.'
line 4918:533 mismatched input '.' expecting ')'
line 4919:533 mismatched input '.' expecting ')'
line 5003:236 mismatched input '.' expecting ')'
line 5026:236 mismatched input '.' expecting ')'
line 5049:236 mismatched input '.' expecting ')'
line 5072:236 mismatched input '.' expecting ')'
line 5095:236 mismatched input '.' expecting ')'
line 5385:529 missing ';' at '.'
line 5386:529 missing ';' at '.'
line 5387:533 mismatched input '.' expecting ')'
line 5388:533 mismatched input '.' expecting ')'
line 5389:529 missing ';' at '.'
line 5390:529 missing ';' at '.'
line 5391:533 mismatched input '.' expecting ')'
line 5392:533 mismatched input '.' expecting ')'
line 5466:236 mismatched input '.' expecting ')'
line 5489:236 mismatched input '.' expecting ')'
line 5512:236 mismatched input '.' expecting ')'
line 5535:236 mismatched input '.' expecting ')'
line 5558:236 mismatched input '.' expecting ')'
line 5839:529 missing ';' at '.'
line 5840:529 missing ';' at '.'
line 5841:533 mismatched input '.' expecting ')'
line 5842:533 mismatched input '.' expecting ')'
line 5843:529 missing ';' at '.'
line 5844:529 missing ';' at '.'
line 5845:533 mismatched input '.' expecting ')'
line 5846:533 mismatched input '.' expecting ')'
line 5930:236 mismatched input '.' expecting ')'
line 5953:236 mismatched input '.' expecting ')'
line 5976:236 mismatched input '.' expecting ')'
line 5999:236 mismatched input '.' expecting ')'
line 6022:236 mismatched input '.' expecting ')'
line 6303:529 missing ';' at '.'
line 6304:529 missing ';' at '.'
line 6305:533 mismatched input '.' expecting ')'
line 6306:533 mismatched input '.' expecting ')'
line 6307:187 missing ';' at '.'
line 6308:187 missing ';' at '.'
line 6309:191 mismatched input '.' expecting ')'
line 6310:191 mismatched input '.' expecting ')'
line 6389:244 mismatched input '.' expecting ')'

--- Error ---
Python: AttributeError: 'NoneType' object has no attribute 'getText'
Python stacktrace: none
Stacktrace:
  [1] pythrow()
    @ PythonCall.Core ~/.julia/packages/PythonCall/83z4q/src/Core/err.jl:77
  [2] errcheck
    @ ~/.julia/packages/PythonCall/83z4q/src/Core/err.jl:10 [inlined]
  [3] pygetattr(x::PythonCall.Py, k::String)
    @ PythonCall.Core ~/.julia/packages/PythonCall/83z4q/src/Core/builtins.jl:58
  [4] getproperty
    @ ~/.julia/packages/PythonCall/83z4q/src/Core/Py.jl:275 [inlined]
  [5] get_text(ctx::PythonCall.Py)
    @ BaseModelica ~/.julia/packages/BaseModelica/G7VqY/src/antlr_parser.jl:174
  [6] visit_declaration(visitor::BaseModelica.ASTBuilderVisitor, ctx::PythonCall.Py)
    @ BaseModelica ~/.julia/packages/BaseModelica/G7VqY/src/antlr_parser.jl:438
  [7] visit_componentDeclaration(visitor::BaseModelica.ASTBuilderVisitor, ctx::PythonCall.Py)
    @ BaseModelica ~/.julia/packages/BaseModelica/G7VqY/src/antlr_parser.jl:428
  [8] visit_componentList(visitor::BaseModelica.ASTBuilderVisitor, ctx::PythonCall.Py)
    @ BaseModelica ~/.julia/packages/BaseModelica/G7VqY/src/antlr_parser.jl:420
  [9] visit_componentClause(visitor::BaseModelica.ASTBuilderVisitor, ctx::PythonCall.Py)
    @ BaseModelica ~/.julia/packages/BaseModelica/G7VqY/src/antlr_parser.jl:373
 [10] visit_normalElement(visitor::BaseModelica.ASTBuilderVisitor, ctx::PythonCall.Py)
    @ BaseModelica ~/.julia/packages/BaseModelica/G7VqY/src/antlr_parser.jl:366
 [11] visit_genericElement(visitor::BaseModelica.ASTBuilderVisitor, ctx::PythonCall.Py)
    @ BaseModelica ~/.julia/packages/BaseModelica/G7VqY/src/antlr_parser.jl:358
 [12] visit_composition(visitor::BaseModelica.ASTBuilderVisitor, ctx::PythonCall.Py)
    @ BaseModelica ~/.julia/packages/BaseModelica/G7VqY/src/antlr_parser.jl:306
 [13] visit_longClassSpecifier(visitor::BaseModelica.ASTBuilderVisitor, ctx::PythonCall.Py)
    @ BaseModelica ~/.julia/packages/BaseModelica/G7VqY/src/antlr_parser.jl:245
 [14] visit_baseModelica(visitor::BaseModelica.ASTBuilderVisitor, ctx::PythonCall.Py)
    @ BaseModelica ~/.julia/packages/BaseModelica/G7VqY/src/antlr_parser.jl:217
 [15] antlr_tree_to_ast
    @ ~/.julia/packages/BaseModelica/G7VqY/src/antlr_parser.jl:161 [inlined]
 [16] parse_file_antlr(file_path::String)
    @ BaseModelica ~/.julia/packages/BaseModelica/G7VqY/src/antlr_parser.jl:1250
 [17] create_odeproblem(filename::String; parser::Symbol, u0::Vector{Any}, kwargs::@Kwargs{})
    @ BaseModelica ~/.julia/packages/BaseModelica/G7VqY/src/BaseModelica.jl:152
 [18] create_odeproblem
    @ ~/.julia/packages/BaseModelica/G7VqY/src/BaseModelica.jl:149 [inlined]
 [19] #run_parse##4
    @ ~/work/BaseModelicaLibraryTesting.jl/BaseModelicaLibraryTesting.jl/src/parse_bm.jl:34 [inlined]
 [20] with_logstate(f::BaseModelicaLibraryTesting.var"#run_parse##4#run_parse##5"{String}, logstate::Base.CoreLogging.LogState)
    @ Base.CoreLogging ./logging/logging.jl:542
 [21] (::Base.RedirectStdStream)(thunk::BaseModelicaLibraryTesting.var"#run_parse##2#run_parse##3"{String, Base.CoreLogging.SimpleLogger}, stream::Pipe)
    @ Base ./stream.jl:1457
 [22] #run_parse##0
    @ ~/work/BaseModelicaLibraryTesting.jl/BaseModelicaLibraryTesting.jl/src/parse_bm.jl:32 [inlined]
 [23] (::Base.RedirectStdStream)(thunk::BaseModelicaLibraryTesting.var"#run_parse##0#run_parse##1"{String, Base.CoreLogging.SimpleLogger, Pipe}, stream::Pipe)
    @ Base ./stream.jl:1464
 [24] run_parse(bm_path::String, model_dir::String, model::String)
    @ BaseModelicaLibraryTesting ~/work/BaseModelicaLibraryTesting.jl/BaseModelicaLibraryTesting.jl/src/parse_bm.jl:31
 [25] test_model(omc::OMJulia.OMCSession, model::String, results_root::String, ref_root::String; csv_max_size_mb::Int64)
    @ BaseModelicaLibraryTesting ~/work/BaseModelicaLibraryTesting.jl/BaseModelicaLibraryTesting.jl/src/pipeline.jl:75
 [26] test_model
    @ ~/work/BaseModelicaLibraryTesting.jl/BaseModelicaLibraryTesting.jl/src/pipeline.jl:60 [inlined]
 [27] main(; library::String, version::String, filter::Nothing, omc_exe::String, results_root::String, ref_root::String, bm_options::String, csv_max_size_mb::Int64)
    @ BaseModelicaLibraryTesting ~/work/BaseModelicaLibraryTesting.jl/BaseModelicaLibraryTesting.jl/src/pipeline.jl:189
 [28] top-level scope
    @ none:3
 [29] eval(m::Module, e::Any)
    @ Core ./boot.jl:489
 [30] exec_options(opts::Base.JLOptions)
    @ Base ./client.jl:283
 [31] _start()
    @ Base ./client.jl:550
