Model:   Modelica.Electrical.Digital.Examples.DLATREGSRL
Time:    0.262 s
Success: false

--- Parser output ---
line 57:46 missing ';' at 'Modelica'
line 57:93 token recognition error at: '\'
line 57:94 missing ';' at ''U\'''
line 57:99 extraneous input ',' expecting IDENT
line 57:146 missing ';' at '.'
line 57:155 token recognition error at: '' = 1;\n'
line 57:154 mismatched input ']' expecting IDENT
line 58:93 token recognition error at: '\'
line 58:146 missing ';' at '.'
line 58:155 token recognition error at: '' = 1;\n'
line 58:154 mismatched input ']' expecting IDENT
line 59:93 token recognition error at: '\'
line 59:146 missing ';' at '.'
line 59:155 token recognition error at: '' = 1;\n'
line 59:154 mismatched input ']' expecting IDENT
line 60:93 token recognition error at: '\'
line 60:146 missing ';' at '.'
line 60:155 token recognition error at: '' = 1;\n'
line 60:154 mismatched input ']' expecting IDENT
line 61:93 token recognition error at: '\'
line 61:146 missing ';' at '.'
line 61:155 token recognition error at: '' = 1;\n'
line 61:154 mismatched input ']' expecting IDENT
line 62:93 token recognition error at: '\'
line 62:146 missing ';' at '.'
line 62:155 token recognition error at: '' = 1;\n'
line 62:154 mismatched input ']' expecting IDENT
line 63:93 token recognition error at: '\'
line 63:146 missing ';' at '.'
line 63:155 token recognition error at: '' = 1;\n'
line 63:154 mismatched input ']' expecting IDENT
line 64:93 token recognition error at: '\'
line 64:146 missing ';' at '.'
line 64:155 token recognition error at: '' = 1;\n'
line 64:154 mismatched input ']' expecting IDENT
line 65:93 token recognition error at: '\'
line 65:146 missing ';' at '.'
line 65:155 token recognition error at: '' = 1;\n'
line 65:154 mismatched input ']' expecting IDENT
line 66:93 token recognition error at: '\'
line 66:146 missing ';' at '.'
line 66:155 token recognition error at: '' = 1;\n'
line 66:154 mismatched input ']' expecting IDENT
line 67:93 token recognition error at: '\'
line 67:146 missing ';' at '.'
line 67:155 token recognition error at: '' = 4;\n'
line 67:154 mismatched input ']' expecting IDENT
line 68:93 token recognition error at: '\'
line 68:146 missing ';' at '.'
line 68:155 token recognition error at: '' = 2;\n'
line 68:154 mismatched input ']' expecting IDENT
line 69:93 token recognition error at: '\'
line 69:146 missing ';' at '.'
line 69:155 token recognition error at: '' = 7;\n'
line 69:154 mismatched input ']' expecting IDENT
line 70:93 token recognition error at: '\'
line 70:146 missing ';' at '.'
line 70:155 token recognition error at: '' = 4;\n'
line 70:154 mismatched input ']' expecting IDENT
line 71:93 token recognition error at: '\'
line 71:146 missing ';' at '.'
line 71:155 token recognition error at: '' = 4;\n'
line 71:154 mismatched input ']' expecting IDENT
line 72:93 token recognition error at: '\'
line 72:146 missing ';' at '.'
line 72:155 token recognition error at: '' = 2;\n'
line 72:154 mismatched input ']' expecting IDENT
line 73:93 token recognition error at: '\'
line 73:146 missing ';' at '.'
line 73:155 token recognition error at: '' = 7;\n'
line 73:154 mismatched input ']' expecting IDENT
line 74:93 token recognition error at: '\'
line 74:146 missing ';' at '.'
line 74:155 token recognition error at: '' = 4;\n'
line 74:154 mismatched input ']' expecting IDENT
line 75:93 token recognition error at: '\'
line 75:146 missing ';' at '.'
line 75:155 token recognition error at: '' = 1;\n'
line 75:154 mismatched input ']' expecting IDENT
line 76:93 token recognition error at: '\'
line 76:146 missing ';' at '.'
line 76:155 token recognition error at: '' = 6;\n'
line 76:154 mismatched input ']' expecting IDENT
line 77:93 token recognition error at: '\'
line 77:146 missing ';' at '.'
line 77:155 token recognition error at: '' = 2;\n'
line 77:154 mismatched input ']' expecting IDENT
line 78:93 token recognition error at: '\'
line 78:146 missing ';' at '.'
line 78:155 token recognition error at: '' = 3;\n'
line 78:154 mismatched input ']' expecting IDENT
line 79:93 token recognition error at: '\'
line 79:146 missing ';' at '.'
line 79:155 token recognition error at: '' = 5;\n'
line 79:154 mismatched input ']' expecting IDENT
line 80:93 token recognition error at: '\'
line 80:146 missing ';' at '.'
line 80:155 token recognition error at: '' = 5;\n'
line 80:154 mismatched input ']' expecting IDENT
line 81:93 token recognition error at: '\'
line 81:146 missing ';' at '.'
line 81:155 token recognition error at: '' = 2;\n'
line 81:154 mismatched input ']' expecting IDENT
line 82:93 token recognition error at: '\'
line 82:146 missing ';' at '.'
line 82:155 token recognition error at: '' = 3;\n'
line 82:154 mismatched input ']' expecting IDENT
line 83:93 token recognition error at: '\'
line 83:146 missing ';' at '.'
line 83:155 token recognition error at: '' = 6;\n'
line 83:154 mismatched input ']' expecting IDENT
line 84:93 token recognition error at: '\'
line 84:146 missing ';' at '.'
line 84:155 token recognition error at: '' = 1;\n'
line 84:154 mismatched input ']' expecting IDENT
line 85:93 token recognition error at: '\'
line 85:146 missing ';' at '.'
line 85:155 token recognition error at: '' = 5;\n'
line 85:154 mismatched input ']' expecting IDENT
line 86:93 token recognition error at: '\'
line 86:146 missing ';' at '.'
line 86:155 token recognition error at: '' = 2;\n'
line 86:154 mismatched input ']' expecting IDENT
line 87:93 token recognition error at: '\'
line 87:146 missing ';' at '.'
line 87:155 token recognition error at: '' = 8;\n'
line 87:154 mismatched input ']' expecting IDENT
line 88:93 token recognition error at: '\'
line 88:146 missing ';' at '.'
line 88:155 token recognition error at: '' = 6;\n'
line 88:154 mismatched input ']' expecting IDENT
line 89:93 token recognition error at: '\'
line 89:146 missing ';' at '.'
line 89:155 token recognition error at: '' = 6;\n'
line 89:154 mismatched input ']' expecting IDENT
line 90:93 token recognition error at: '\'
line 90:146 missing ';' at '.'
line 90:155 token recognition error at: '' = 2;\n'
line 90:154 mismatched input ']' expecting IDENT
line 91:93 token recognition error at: '\'
line 91:146 missing ';' at '.'
line 91:155 token recognition error at: '' = 8;\n'
line 91:154 mismatched input ']' expecting IDENT
line 92:93 token recognition error at: '\'
line 92:146 missing ';' at '.'
line 92:155 token recognition error at: '' = 5;\n'
line 92:154 mismatched input ']' expecting IDENT
line 93:93 token recognition error at: '\'
line 93:146 missing ';' at '.'
line 93:155 token recognition error at: '' = 1;\n'
line 93:154 mismatched input ']' expecting IDENT
line 94:93 token recognition error at: '\'
line 94:146 missing ';' at '.'
line 94:155 token recognition error at: '' = 4;\n'
line 94:154 mismatched input ']' expecting IDENT
line 95:93 token recognition error at: '\'
line 95:146 missing ';' at '.'
line 95:155 token recognition error at: '' = 2;\n'
line 95:154 mismatched input ']' expecting IDENT
line 96:93 token recognition error at: '\'
line 96:146 missing ';' at '.'
line 96:155 token recognition error at: '' = 7;\n'
line 96:154 mismatched input ']' expecting IDENT
line 97:93 token recognition error at: '\'
line 97:146 missing ';' at '.'
line 97:155 token recognition error at: '' = 4;\n'
line 97:154 mismatched input ']' expecting IDENT
line 98:93 token recognition error at: '\'
line 98:146 missing ';' at '.'
line 98:155 token recognition error at: '' = 4;\n'
line 98:154 mismatched input ']' expecting IDENT
line 99:93 token recognition error at: '\'
line 99:146 missing ';' at '.'
line 99:155 token recognition error at: '' = 2;\n'
line 99:154 mismatched input ']' expecting IDENT
line 100:93 token recognition error at: '\'
line 100:146 missing ';' at '.'
line 100:155 token recognition error at: '' = 7;\n'
line 100:154 mismatched input ']' expecting IDENT
line 101:93 token recognition error at: '\'
line 101:146 missing ';' at '.'
line 101:155 token recognition error at: '' = 4;\n'
line 101:154 mismatched input ']' expecting IDENT
line 102:93 token recognition error at: '\'
line 102:146 missing ';' at '.'
line 102:155 token recognition error at: '' = 1;\n'
line 102:154 mismatched input ']' expecting IDENT
line 103:93 token recognition error at: '\'
line 103:146 missing ';' at '.'
line 103:155 token recognition error at: '' = 4;\n'
line 103:154 mismatched input ']' expecting IDENT
line 104:93 token recognition error at: '\'
line 104:146 missing ';' at '.'
line 104:155 token recognition error at: '' = 2;\n'
line 104:154 mismatched input ']' expecting IDENT
line 105:93 token recognition error at: '\'
line 105:146 missing ';' at '.'
line 105:155 token recognition error at: '' = 7;\n'
line 105:154 mismatched input ']' expecting IDENT
line 106:93 token recognition error at: '\'
line 106:146 missing ';' at '.'
line 106:155 token recognition error at: '' = 4;\n'
line 106:154 mismatched input ']' expecting IDENT
line 107:93 token recognition error at: '\'
line 107:146 missing ';' at '.'
line 107:155 token recognition error at: '' = 4;\n'
line 107:154 mismatched input ']' expecting IDENT
line 108:93 token recognition error at: '\'
line 108:146 missing ';' at '.'
line 108:155 token recognition error at: '' = 2;\n'
line 108:154 mismatched input ']' expecting IDENT
line 109:93 token recognition error at: '\'
line 109:146 missing ';' at '.'
line 109:155 token recognition error at: '' = 7;\n'
line 109:154 mismatched input ']' expecting IDENT
line 110:93 token recognition error at: '\'
line 110:146 missing ';' at '.'
line 110:155 token recognition error at: '' = 4;\n'
line 110:154 mismatched input ']' expecting IDENT
line 111:93 token recognition error at: '\'
line 111:146 missing ';' at '.'
line 111:155 token recognition error at: '' = 1;\n'
line 111:154 mismatched input ']' expecting IDENT
line 112:93 token recognition error at: '\'
line 112:146 missing ';' at '.'
line 112:155 token recognition error at: '' = 6;\n'
line 112:154 mismatched input ']' expecting IDENT
line 113:93 token recognition error at: '\'
line 113:146 missing ';' at '.'
line 113:155 token recognition error at: '' = 2;\n'
line 113:154 mismatched input ']' expecting IDENT
line 114:93 token recognition error at: '\'
line 114:146 missing ';' at '.'
line 114:155 token recognition error at: '' = 3;\n'
line 114:154 mismatched input ']' expecting IDENT
line 115:93 token recognition error at: '\'
line 115:146 missing ';' at '.'
line 115:155 token recognition error at: '' = 5;\n'
line 115:154 mismatched input ']' expecting IDENT
line 116:93 token recognition error at: '\'
line 116:146 missing ';' at '.'
line 116:155 token recognition error at: '' = 5;\n'
line 116:154 mismatched input ']' expecting IDENT
line 117:93 token recognition error at: '\'
line 117:146 missing ';' at '.'
line 117:155 token recognition error at: '' = 2;\n'
line 117:154 mismatched input ']' expecting IDENT
line 118:93 token recognition error at: '\'
line 118:146 missing ';' at '.'
line 118:155 token recognition error at: '' = 3;\n'
line 118:154 mismatched input ']' expecting IDENT
line 119:93 token recognition error at: '\'
line 119:146 missing ';' at '.'
line 119:155 token recognition error at: '' = 6;\n'
line 119:154 mismatched input ']' expecting IDENT
line 120:93 token recognition error at: '\'
line 120:146 missing ';' at '.'
line 120:155 token recognition error at: '' = 1;\n'
line 120:154 mismatched input ']' expecting IDENT
line 121:93 token recognition error at: '\'
line 121:146 missing ';' at '.'
line 121:155 token recognition error at: '' = 5;\n'
line 121:154 mismatched input ']' expecting IDENT
line 122:93 token recognition error at: '\'
line 122:146 missing ';' at '.'
line 122:155 token recognition error at: '' = 2;\n'
line 122:154 mismatched input ']' expecting IDENT
line 123:93 token recognition error at: '\'
line 123:146 missing ';' at '.'
line 123:155 token recognition error at: '' = 8;\n'
line 123:154 mismatched input ']' expecting IDENT
line 124:93 token recognition error at: '\'
line 124:146 missing ';' at '.'
line 124:155 token recognition error at: '' = 6;\n'
line 124:154 mismatched input ']' expecting IDENT
line 125:93 token recognition error at: '\'
line 125:146 missing ';' at '.'
line 125:155 token recognition error at: '' = 6;\n'
line 125:154 mismatched input ']' expecting IDENT
line 126:93 token recognition error at: '\'
line 126:146 missing ';' at '.'
line 126:155 token recognition error at: '' = 2;\n'
line 126:154 mismatched input ']' expecting IDENT
line 127:93 token recognition error at: '\'
line 127:146 missing ';' at '.'
line 127:155 token recognition error at: '' = 8;\n'
line 127:154 mismatched input ']' expecting IDENT
line 128:93 token recognition error at: '\'
line 128:146 missing ';' at '.'
line 128:155 token recognition error at: '' = 5;\n'
line 128:154 mismatched input ']' expecting IDENT
line 129:93 token recognition error at: '\'
line 129:146 missing ';' at '.'
line 129:155 token recognition error at: '' = 1;\n'
line 129:154 mismatched input ']' expecting IDENT
line 130:93 token recognition error at: '\'
line 130:146 missing ';' at '.'
line 130:155 token recognition error at: '' = 4;\n'
line 130:154 mismatched input ']' expecting IDENT
line 131:93 token recognition error at: '\'
line 131:146 missing ';' at '.'
line 131:155 token recognition error at: '' = 2;\n'
line 131:154 mismatched input ']' expecting IDENT
line 132:93 token recognition error at: '\'
line 132:146 missing ';' at '.'
line 132:155 token recognition error at: '' = 7;\n'
line 132:154 mismatched input ']' expecting IDENT
line 133:93 token recognition error at: '\'
line 133:146 missing ';' at '.'
line 133:155 token recognition error at: '' = 4;\n'
line 133:154 mismatched input ']' expecting IDENT
line 134:93 token recognition error at: '\'
line 134:146 missing ';' at '.'
line 134:155 token recognition error at: '' = 4;\n'
line 134:154 mismatched input ']' expecting IDENT
line 135:93 token recognition error at: '\'
line 135:146 missing ';' at '.'
line 135:155 token recognition error at: '' = 2;\n'
line 135:154 mismatched input ']' expecting IDENT
line 136:93 token recognition error at: '\'
line 136:146 missing ';' at '.'
line 136:155 token recognition error at: '' = 7;\n'
line 136:154 mismatched input ']' expecting IDENT
line 137:93 token recognition error at: '\'
line 137:146 missing ';' at '.'
line 137:155 token recognition error at: '' = 4;\n'
line 137:154 mismatched input ']' expecting IDENT
line 138:71 mismatched input ')' expecting ';'
line 139:4 mismatched input 'parameter' expecting {'end', 'annotation'}
line 150:124 token recognition error at: '\'
line 150:186 token recognition error at: '' = 0 "Specification of delay according to signal change";\n'
line 151:124 token recognition error at: '\'
line 151:186 token recognition error at: '' = 0 "Specification of delay according to signal change";\n'
line 152:124 token recognition error at: '\'
line 152:186 token recognition error at: '' = -1 "Specification of delay according to signal change";\n'
line 153:124 token recognition error at: '\'
line 153:186 token recognition error at: '' = 1 "Specification of delay according to signal change";\n'
line 154:124 token recognition error at: '\'
line 154:186 token recognition error at: '' = 0 "Specification of delay according to signal change";\n'
line 155:124 token recognition error at: '\'
line 155:186 token recognition error at: '' = 0 "Specification of delay according to signal change";\n'
line 156:124 token recognition error at: '\'
line 156:186 token recognition error at: '' = -1 "Specification of delay according to signal change";\n'
line 157:124 token recognition error at: '\'
line 157:186 token recognition error at: '' = 1 "Specification of delay according to signal change";\n'
line 158:124 token recognition error at: '\'
line 158:186 token recognition error at: '' = 0 "Specification of delay according to signal change";\n'
line 159:124 token recognition error at: '\'
line 159:186 token recognition error at: '' = 0 "Specification of delay according to signal change";\n'
line 160:124 token recognition error at: '\'
line 160:186 token recognition error at: '' = 0 "Specification of delay according to signal change";\n'
line 161:124 token recognition error at: '\'
line 161:186 token recognition error at: '' = -1 "Specification of delay according to signal change";\n'
line 162:124 token recognition error at: '\'
line 162:186 token recognition error at: '' = 1 "Specification of delay according to signal change";\n'
line 163:124 token recognition error at: '\'
line 163:186 token recognition error at: '' = 0 "Specification of delay according to signal change";\n'
line 164:124 token recognition error at: '\'
line 164:186 token recognition error at: '' = 0 "Specification of delay according to signal change";\n'
line 165:124 token recognition error at: '\'
line 165:186 token recognition error at: '' = -1 "Specification of delay according to signal change";\n'
line 166:124 token recognition error at: '\'
line 166:186 token recognition error at: '' = 1 "Specification of delay according to signal change";\n'
line 167:124 token recognition error at: '\'
line 167:186 token recognition error at: '' = 0 "Specification of delay according to signal change";\n'
line 168:124 token recognition error at: '\'
line 168:186 token recognition error at: '' = 1 "Specification of delay according to signal change";\n'
line 169:124 token recognition error at: '\'
line 169:186 token recognition error at: '' = 1 "Specification of delay according to signal change";\n'
line 170:124 token recognition error at: '\'
line 170:186 token recognition error at: '' = 0 "Specification of delay according to signal change";\n'
line 171:124 token recognition error at: '\'
line 171:186 token recognition error at: '' = 1 "Specification of delay according to signal change";\n'
line 172:124 token recognition error at: '\'
line 172:186 token recognition error at: '' = 1 "Specification of delay according to signal change";\n'
line 173:124 token recognition error at: '\'
line 173:186 token recognition error at: '' = 1 "Specification of delay according to signal change";\n'
line 174:124 token recognition error at: '\'
line 174:186 token recognition error at: '' = 0 "Specification of delay according to signal change";\n'
line 175:124 token recognition error at: '\'
line 175:186 token recognition error at: '' = 1 "Specification of delay according to signal change";\n'
line 176:124 token recognition error at: '\'
line 176:186 token recognition error at: '' = 1 "Specification of delay according to signal change";\n'
line 177:124 token recognition error at: '\'
line 177:186 token recognition error at: '' = -1 "Specification of delay according to signal change";\n'
line 178:124 token recognition error at: '\'
line 178:186 token recognition error at: '' = -1 "Specification of delay according to signal change";\n'
line 179:124 token recognition error at: '\'
line 179:186 token recognition error at: '' = -1 "Specification of delay according to signal change";\n'
line 180:124 token recognition error at: '\'
line 180:186 token recognition error at: '' = 0 "Specification of delay according to signal change";\n'
line 181:124 token recognition error at: '\'
line 181:186 token recognition error at: '' = -1 "Specification of delay according to signal change";\n'
line 182:124 token recognition error at: '\'
line 182:186 token recognition error at: '' = -1 "Specification of delay according to signal change";\n'
line 183:124 token recognition error at: '\'
line 183:186 token recognition error at: '' = -1 "Specification of delay according to signal change";\n'
line 184:124 token recognition error at: '\'
line 184:186 token recognition error at: '' = 0 "Specification of delay according to signal change";\n'
line 185:124 token recognition error at: '\'
line 185:186 token recognition error at: '' = -1 "Specification of delay according to signal change";\n'
line 186:124 token recognition error at: '\'
line 186:186 token recognition error at: '' = 0 "Specification of delay according to signal change";\n'
line 187:124 token recognition error at: '\'
line 187:186 token recognition error at: '' = 0 "Specification of delay according to signal change";\n'
line 188:124 token recognition error at: '\'
line 188:186 token recognition error at: '' = -1 "Specification of delay according to signal change";\n'
line 189:124 token recognition error at: '\'
line 189:186 token recognition error at: '' = 1 "Specification of delay according to signal change";\n'
line 190:124 token recognition error at: '\'
line 190:186 token recognition error at: '' = 0 "Specification of delay according to signal change";\n'
line 191:124 token recognition error at: '\'
line 191:186 token recognition error at: '' = 0 "Specification of delay according to signal change";\n'
line 192:124 token recognition error at: '\'
line 192:186 token recognition error at: '' = -1 "Specification of delay according to signal change";\n'
line 193:124 token recognition error at: '\'
line 193:186 token recognition error at: '' = 1 "Specification of delay according to signal change";\n'
line 194:124 token recognition error at: '\'
line 194:186 token recognition error at: '' = 0 "Specification of delay according to signal change";\n'
line 195:124 token recognition error at: '\'
line 195:186 token recognition error at: '' = 0 "Specification of delay according to signal change";\n'
line 196:124 token recognition error at: '\'
line 196:186 token recognition error at: '' = 0 "Specification of delay according to signal change";\n'
line 197:124 token recognition error at: '\'
line 197:186 token recognition error at: '' = -1 "Specification of delay according to signal change";\n'
line 198:124 token recognition error at: '\'
line 198:186 token recognition error at: '' = 1 "Specification of delay according to signal change";\n'
line 199:124 token recognition error at: '\'
line 199:186 token recognition error at: '' = 0 "Specification of delay according to signal change";\n'
line 200:124 token recognition error at: '\'
line 200:186 token recognition error at: '' = 0 "Specification of delay according to signal change";\n'
line 201:124 token recognition error at: '\'
line 201:186 token recognition error at: '' = -1 "Specification of delay according to signal change";\n'
line 202:124 token recognition error at: '\'
line 202:186 token recognition error at: '' = 1 "Specification of delay according to signal change";\n'
line 203:124 token recognition error at: '\'
line 203:186 token recognition error at: '' = 0 "Specification of delay according to signal change";\n'
line 204:124 token recognition error at: '\'
line 204:186 token recognition error at: '' = 1 "Specification of delay according to signal change";\n'
line 205:124 token recognition error at: '\'
line 205:186 token recognition error at: '' = 1 "Specification of delay according to signal change";\n'
line 206:124 token recognition error at: '\'
line 206:186 token recognition error at: '' = 0 "Specification of delay according to signal change";\n'
line 207:124 token recognition error at: '\'
line 207:186 token recognition error at: '' = 1 "Specification of delay according to signal change";\n'
line 208:124 token recognition error at: '\'
line 208:186 token recognition error at: '' = 1 "Specification of delay according to signal change";\n'
line 209:124 token recognition error at: '\'
line 209:186 token recognition error at: '' = 1 "Specification of delay according to signal change";\n'
line 210:124 token recognition error at: '\'
line 210:186 token recognition error at: '' = 0 "Specification of delay according to signal change";\n'
line 211:124 token recognition error at: '\'
line 211:186 token recognition error at: '' = 1 "Specification of delay according to signal change";\n'
line 212:124 token recognition error at: '\'
line 212:186 token recognition error at: '' = 1 "Specification of delay according to signal change";\n'
line 213:124 token recognition error at: '\'
line 213:186 token recognition error at: '' = -1 "Specification of delay according to signal change";\n'
line 214:124 token recognition error at: '\'
line 214:186 token recognition error at: '' = -1 "Specification of delay according to signal change";\n'
line 215:124 token recognition error at: '\'
line 215:186 token recognition error at: '' = -1 "Specification of delay according to signal change";\n'
line 216:124 token recognition error at: '\'
line 216:186 token recognition error at: '' = 0 "Specification of delay according to signal change";\n'
line 217:124 token recognition error at: '\'
line 217:186 token recognition error at: '' = -1 "Specification of delay according to signal change";\n'
line 218:124 token recognition error at: '\'
line 218:186 token recognition error at: '' = -1 "Specification of delay according to signal change";\n'
line 219:124 token recognition error at: '\'
line 219:186 token recognition error at: '' = -1 "Specification of delay according to signal change";\n'
line 220:124 token recognition error at: '\'
line 220:186 token recognition error at: '' = 0 "Specification of delay according to signal change";\n'
line 221:124 token recognition error at: '\'
line 221:186 token recognition error at: '' = -1 "Specification of delay according to signal change";\n'
line 222:124 token recognition error at: '\'
line 222:186 token recognition error at: '' = 0 "Specification of delay according to signal change";\n'
line 223:124 token recognition error at: '\'
line 223:186 token recognition error at: '' = 0 "Specification of delay according to signal change";\n'
line 224:124 token recognition error at: '\'
line 224:186 token recognition error at: '' = -1 "Specification of delay according to signal change";\n'
line 225:124 token recognition error at: '\'
line 225:186 token recognition error at: '' = 1 "Specification of delay according to signal change";\n'
line 226:124 token recognition error at: '\'
line 226:186 token recognition error at: '' = 0 "Specification of delay according to signal change";\n'
line 227:124 token recognition error at: '\'
line 227:186 token recognition error at: '' = 0 "Specification of delay according to signal change";\n'
line 228:124 token recognition error at: '\'
line 228:186 token recognition error at: '' = -1 "Specification of delay according to signal change";\n'
line 229:124 token recognition error at: '\'
line 229:186 token recognition error at: '' = 1 "Specification of delay according to signal change";\n'
line 230:124 token recognition error at: '\'
line 230:186 token recognition error at: '' = 0 "Specification of delay according to signal change";\n'
line 241:124 token recognition error at: '\'
line 241:186 token recognition error at: '' = 0 "Specification of delay according to signal change";\n'
line 242:124 token recognition error at: '\'
line 242:186 token recognition error at: '' = 0 "Specification of delay according to signal change";\n'
line 243:124 token recognition error at: '\'
line 243:186 token recognition error at: '' = -1 "Specification of delay according to signal change";\n'
line 244:124 token recognition error at: '\'
line 244:186 token recognition error at: '' = 1 "Specification of delay according to signal change";\n'
line 245:124 token recognition error at: '\'
line 245:186 token recognition error at: '' = 0 "Specification of delay according to signal change";\n'
line 246:124 token recognition error at: '\'
line 246:186 token recognition error at: '' = 0 "Specification of delay according to signal change";\n'
line 247:124 token recognition error at: '\'
line 247:186 token recognition error at: '' = -1 "Specification of delay according to signal change";\n'
line 248:124 token recognition error at: '\'
line 248:186 token recognition error at: '' = 1 "Specification of delay according to signal change";\n'
line 249:124 token recognition error at: '\'
line 249:186 token recognition error at: '' = 0 "Specification of delay according to signal change";\n'
line 250:124 token recognition error at: '\'
line 250:186 token recognition error at: '' = 0 "Specification of delay according to signal change";\n'
line 251:124 token recognition error at: '\'
line 251:186 token recognition error at: '' = 0 "Specification of delay according to signal change";\n'
line 252:124 token recognition error at: '\'
line 252:186 token recognition error at: '' = -1 "Specification of delay according to signal change";\n'
line 253:124 token recognition error at: '\'
line 253:186 token recognition error at: '' = 1 "Specification of delay according to signal change";\n'
line 254:124 token recognition error at: '\'
line 254:186 token recognition error at: '' = 0 "Specification of delay according to signal change";\n'
line 255:124 token recognition error at: '\'
line 255:186 token recognition error at: '' = 0 "Specification of delay according to signal change";\n'
line 256:124 token recognition error at: '\'
line 256:186 token recognition error at: '' = -1 "Specification of delay according to signal change";\n'
line 257:124 token recognition error at: '\'
line 257:186 token recognition error at: '' = 1 "Specification of delay according to signal change";\n'
line 258:124 token recognition error at: '\'
line 258:186 token recognition error at: '' = 0 "Specification of delay according to signal change";\n'
line 259:124 token recognition error at: '\'
line 259:186 token recognition error at: '' = 1 "Specification of delay according to signal change";\n'
line 260:124 token recognition error at: '\'
line 260:186 token recognition error at: '' = 1 "Specification of delay according to signal change";\n'
line 261:124 token recognition error at: '\'
line 261:186 token recognition error at: '' = 0 "Specification of delay according to signal change";\n'
line 262:124 token recognition error at: '\'
line 262:186 token recognition error at: '' = 1 "Specification of delay according to signal change";\n'
line 263:124 token recognition error at: '\'
line 263:186 token recognition error at: '' = 1 "Specification of delay according to signal change";\n'
line 264:124 token recognition error at: '\'
line 264:186 token recognition error at: '' = 1 "Specification of delay according to signal change";\n'
line 265:124 token recognition error at: '\'
line 265:186 token recognition error at: '' = 0 "Specification of delay according to signal change";\n'
line 266:124 token recognition error at: '\'
line 266:186 token recognition error at: '' = 1 "Specification of delay according to signal change";\n'
line 267:124 token recognition error at: '\'
line 267:186 token recognition error at: '' = 1 "Specification of delay according to signal change";\n'
line 268:124 token recognition error at: '\'
line 268:186 token recognition error at: '' = -1 "Specification of delay according to signal change";\n'
line 269:124 token recognition error at: '\'
line 269:186 token recognition error at: '' = -1 "Specification of delay according to signal change";\n'
line 270:124 token recognition error at: '\'
line 270:186 token recognition error at: '' = -1 "Specification of delay according to signal change";\n'
line 271:124 token recognition error at: '\'
line 271:186 token recognition error at: '' = 0 "Specification of delay according to signal change";\n'
line 272:124 token recognition error at: '\'
line 272:186 token recognition error at: '' = -1 "Specification of delay according to signal change";\n'
line 273:124 token recognition error at: '\'
line 273:186 token recognition error at: '' = -1 "Specification of delay according to signal change";\n'
line 274:124 token recognition error at: '\'
line 274:186 token recognition error at: '' = -1 "Specification of delay according to signal change";\n'
line 275:124 token recognition error at: '\'
line 275:186 token recognition error at: '' = 0 "Specification of delay according to signal change";\n'
line 276:124 token recognition error at: '\'
line 276:186 token recognition error at: '' = -1 "Specification of delay according to signal change";\n'
line 277:124 token recognition error at: '\'
line 277:186 token recognition error at: '' = 0 "Specification of delay according to signal change";\n'
line 278:124 token recognition error at: '\'
line 278:186 token recognition error at: '' = 0 "Specification of delay according to signal change";\n'
line 279:124 token recognition error at: '\'
line 279:186 token recognition error at: '' = -1 "Specification of delay according to signal change";\n'
line 280:124 token recognition error at: '\'
line 280:186 token recognition error at: '' = 1 "Specification of delay according to signal change";\n'
line 281:124 token recognition error at: '\'
line 281:186 token recognition error at: '' = 0 "Specification of delay according to signal change";\n'
line 282:124 token recognition error at: '\'
line 282:186 token recognition error at: '' = 0 "Specification of delay according to signal change";\n'
line 283:124 token recognition error at: '\'
line 283:186 token recognition error at: '' = -1 "Specification of delay according to signal change";\n'
line 284:124 token recognition error at: '\'
line 284:186 token recognition error at: '' = 1 "Specification of delay according to signal change";\n'
line 285:124 token recognition error at: '\'
line 285:186 token recognition error at: '' = 0 "Specification of delay according to signal change";\n'
line 286:124 token recognition error at: '\'
line 286:186 token recognition error at: '' = 0 "Specification of delay according to signal change";\n'
line 287:124 token recognition error at: '\'
line 287:186 token recognition error at: '' = 0 "Specification of delay according to signal change";\n'
line 288:124 token recognition error at: '\'
line 288:186 token recognition error at: '' = -1 "Specification of delay according to signal change";\n'
line 289:124 token recognition error at: '\'
line 289:186 token recognition error at: '' = 1 "Specification of delay according to signal change";\n'
line 290:124 token recognition error at: '\'
line 290:186 token recognition error at: '' = 0 "Specification of delay according to signal change";\n'
line 291:124 token recognition error at: '\'
line 291:186 token recognition error at: '' = 0 "Specification of delay according to signal change";\n'
line 292:124 token recognition error at: '\'
line 292:186 token recognition error at: '' = -1 "Specification of delay according to signal change";\n'
line 293:124 token recognition error at: '\'
line 293:186 token recognition error at: '' = 1 "Specification of delay according to signal change";\n'
line 294:124 token recognition error at: '\'
line 294:186 token recognition error at: '' = 0 "Specification of delay according to signal change";\n'
line 295:124 token recognition error at: '\'
line 295:186 token recognition error at: '' = 1 "Specification of delay according to signal change";\n'
line 296:124 token recognition error at: '\'
line 296:186 token recognition error at: '' = 1 "Specification of delay according to signal change";\n'
line 297:124 token recognition error at: '\'
line 297:186 token recognition error at: '' = 0 "Specification of delay according to signal change";\n'
line 298:124 token recognition error at: '\'
line 298:186 token recognition error at: '' = 1 "Specification of delay according to signal change";\n'
line 299:124 token recognition error at: '\'
line 299:186 token recognition error at: '' = 1 "Specification of delay according to signal change";\n'
line 300:124 token recognition error at: '\'
line 300:186 token recognition error at: '' = 1 "Specification of delay according to signal change";\n'
line 301:124 token recognition error at: '\'
line 301:186 token recognition error at: '' = 0 "Specification of delay according to signal change";\n'
line 302:124 token recognition error at: '\'
line 302:186 token recognition error at: '' = 1 "Specification of delay according to signal change";\n'
line 303:124 token recognition error at: '\'
line 303:186 token recognition error at: '' = 1 "Specification of delay according to signal change";\n'
line 304:124 token recognition error at: '\'
line 304:186 token recognition error at: '' = -1 "Specification of delay according to signal change";\n'
line 305:124 token recognition error at: '\'
line 305:186 token recognition error at: '' = -1 "Specification of delay according to signal change";\n'
line 306:124 token recognition error at: '\'
line 306:186 token recognition error at: '' = -1 "Specification of delay according to signal change";\n'
line 307:124 token recognition error at: '\'
line 307:186 token recognition error at: '' = 0 "Specification of delay according to signal change";\n'
line 308:124 token recognition error at: '\'
line 308:186 token recognition error at: '' = -1 "Specification of delay according to signal change";\n'
line 309:124 token recognition error at: '\'
line 309:186 token recognition error at: '' = -1 "Specification of delay according to signal change";\n'
line 310:124 token recognition error at: '\'
line 310:186 token recognition error at: '' = -1 "Specification of delay according to signal change";\n'
line 311:124 token recognition error at: '\'
line 311:186 token recognition error at: '' = 0 "Specification of delay according to signal change";\n'
line 312:124 token recognition error at: '\'
line 312:186 token recognition error at: '' = -1 "Specification of delay according to signal change";\n'
line 313:124 token recognition error at: '\'
line 313:186 token recognition error at: '' = 0 "Specification of delay according to signal change";\n'
line 314:124 token recognition error at: '\'
line 314:186 token recognition error at: '' = 0 "Specification of delay according to signal change";\n'
line 315:124 token recognition error at: '\'
line 315:186 token recognition error at: '' = -1 "Specification of delay according to signal change";\n'
line 316:124 token recognition error at: '\'
line 316:186 token recognition error at: '' = 1 "Specification of delay according to signal change";\n'
line 317:124 token recognition error at: '\'
line 317:186 token recognition error at: '' = 0 "Specification of delay according to signal change";\n'
line 318:124 token recognition error at: '\'
line 318:186 token recognition error at: '' = 0 "Specification of delay according to signal change";\n'
line 319:124 token recognition error at: '\'
line 319:186 token recognition error at: '' = -1 "Specification of delay according to signal change";\n'
line 320:124 token recognition error at: '\'
line 320:186 token recognition error at: '' = 1 "Specification of delay according to signal change";\n'
line 321:124 token recognition error at: '\'
line 321:186 token recognition error at: '' = 0 "Specification of delay according to signal change";\n'
line 334:101 token recognition error at: '\'
line 334:163 token recognition error at: '' = 1 "Function selection by [reset, set] reading";\n'
line 335:101 token recognition error at: '\'
line 335:163 token recognition error at: '' = 1 "Function selection by [reset, set] reading";\n'
line 336:101 token recognition error at: '\'
line 336:163 token recognition error at: '' = 1 "Function selection by [reset, set] reading";\n'
line 337:101 token recognition error at: '\'
line 337:163 token recognition error at: '' = 1 "Function selection by [reset, set] reading";\n'
line 338:101 token recognition error at: '\'
line 338:163 token recognition error at: '' = 1 "Function selection by [reset, set] reading";\n'
line 339:101 token recognition error at: '\'
line 339:163 token recognition error at: '' = 1 "Function selection by [reset, set] reading";\n'
line 340:101 token recognition error at: '\'
line 340:163 token recognition error at: '' = 1 "Function selection by [reset, set] reading";\n'
line 341:101 token recognition error at: '\'
line 341:163 token recognition error at: '' = 1 "Function selection by [reset, set] reading";\n'
line 342:101 token recognition error at: '\'
line 342:163 token recognition error at: '' = 1 "Function selection by [reset, set] reading";\n'
line 343:101 token recognition error at: '\'
line 343:163 token recognition error at: '' = 1 "Function selection by [reset, set] reading";\n'
line 344:101 token recognition error at: '\'
line 344:163 token recognition error at: '' = 4 "Function selection by [reset, set] reading";\n'
line 345:101 token recognition error at: '\'
line 345:163 token recognition error at: '' = 2 "Function selection by [reset, set] reading";\n'
line 346:101 token recognition error at: '\'
line 346:163 token recognition error at: '' = 7 "Function selection by [reset, set] reading";\n'
line 347:101 token recognition error at: '\'
line 347:163 token recognition error at: '' = 4 "Function selection by [reset, set] reading";\n'
line 348:101 token recognition error at: '\'
line 348:163 token recognition error at: '' = 4 "Function selection by [reset, set] reading";\n'
line 349:101 token recognition error at: '\'
line 349:163 token recognition error at: '' = 2 "Function selection by [reset, set] reading";\n'
line 350:101 token recognition error at: '\'
line 350:163 token recognition error at: '' = 7 "Function selection by [reset, set] reading";\n'
line 351:101 token recognition error at: '\'
line 351:163 token recognition error at: '' = 4 "Function selection by [reset, set] reading";\n'
line 352:101 token recognition error at: '\'
line 352:163 token recognition error at: '' = 1 "Function selection by [reset, set] reading";\n'
line 353:101 token recognition error at: '\'
line 353:163 token recognition error at: '' = 6 "Function selection by [reset, set] reading";\n'
line 354:101 token recognition error at: '\'
line 354:163 token recognition error at: '' = 2 "Function selection by [reset, set] reading";\n'
line 355:101 token recognition error at: '\'
line 355:163 token recognition error at: '' = 3 "Function selection by [reset, set] reading";\n'
line 356:101 token recognition error at: '\'
line 356:163 token recognition error at: '' = 5 "Function selection by [reset, set] reading";\n'
line 357:101 token recognition error at: '\'
line 357:163 token recognition error at: '' = 5 "Function selection by [reset, set] reading";\n'
line 358:101 token recognition error at: '\'
line 358:163 token recognition error at: '' = 2 "Function selection by [reset, set] reading";\n'
line 359:101 token recognition error at: '\'
line 359:163 token recognition error at: '' = 3 "Function selection by [reset, set] reading";\n'
line 360:101 token recognition error at: '\'
line 360:163 token recognition error at: '' = 6 "Function selection by [reset, set] reading";\n'
line 361:101 token recognition error at: '\'
line 361:163 token recognition error at: '' = 1 "Function selection by [reset, set] reading";\n'
line 362:101 token recognition error at: '\'
line 362:163 token recognition error at: '' = 5 "Function selection by [reset, set] reading";\n'
line 363:101 token recognition error at: '\'
line 363:163 token recognition error at: '' = 2 "Function selection by [reset, set] reading";\n'
line 364:101 token recognition error at: '\'
line 364:163 token recognition error at: '' = 8 "Function selection by [reset, set] reading";\n'
line 365:101 token recognition error at: '\'
line 365:163 token recognition error at: '' = 6 "Function selection by [reset, set] reading";\n'
line 366:101 token recognition error at: '\'
line 366:163 token recognition error at: '' = 6 "Function selection by [reset, set] reading";\n'
line 367:101 token recognition error at: '\'
line 367:163 token recognition error at: '' = 2 "Function selection by [reset, set] reading";\n'
line 368:101 token recognition error at: '\'
line 368:163 token recognition error at: '' = 8 "Function selection by [reset, set] reading";\n'
line 369:101 token recognition error at: '\'
line 369:163 token recognition error at: '' = 5 "Function selection by [reset, set] reading";\n'
line 370:101 token recognition error at: '\'
line 370:163 token recognition error at: '' = 1 "Function selection by [reset, set] reading";\n'
line 371:101 token recognition error at: '\'
line 371:163 token recognition error at: '' = 4 "Function selection by [reset, set] reading";\n'
line 372:101 token recognition error at: '\'
line 372:163 token recognition error at: '' = 2 "Function selection by [reset, set] reading";\n'
line 373:101 token recognition error at: '\'
line 373:163 token recognition error at: '' = 7 "Function selection by [reset, set] reading";\n'
line 374:101 token recognition error at: '\'
line 374:163 token recognition error at: '' = 4 "Function selection by [reset, set] reading";\n'
line 375:101 token recognition error at: '\'
line 375:163 token recognition error at: '' = 4 "Function selection by [reset, set] reading";\n'
line 376:101 token recognition error at: '\'
line 376:163 token recognition error at: '' = 2 "Function selection by [reset, set] reading";\n'
line 377:101 token recognition error at: '\'
line 377:163 token recognition error at: '' = 7 "Function selection by [reset, set] reading";\n'
line 378:101 token recognition error at: '\'
line 378:163 token recognition error at: '' = 4 "Function selection by [reset, set] reading";\n'
line 379:101 token recognition error at: '\'
line 379:163 token recognition error at: '' = 1 "Function selection by [reset, set] reading";\n'
line 380:101 token recognition error at: '\'
line 380:163 token recognition error at: '' = 4 "Function selection by [reset, set] reading";\n'
line 381:101 token recognition error at: '\'
line 381:163 token recognition error at: '' = 2 "Function selection by [reset, set] reading";\n'
line 382:101 token recognition error at: '\'
line 382:163 token recognition error at: '' = 7 "Function selection by [reset, set] reading";\n'
line 383:101 token recognition error at: '\'
line 383:163 token recognition error at: '' = 4 "Function selection by [reset, set] reading";\n'
line 384:101 token recognition error at: '\'
line 384:163 token recognition error at: '' = 4 "Function selection by [reset, set] reading";\n'
line 385:101 token recognition error at: '\'
line 385:163 token recognition error at: '' = 2 "Function selection by [reset, set] reading";\n'
line 386:101 token recognition error at: '\'
line 386:163 token recognition error at: '' = 7 "Function selection by [reset, set] reading";\n'
line 387:101 token recognition error at: '\'
line 387:163 token recognition error at: '' = 4 "Function selection by [reset, set] reading";\n'
line 388:101 token recognition error at: '\'
line 388:163 token recognition error at: '' = 1 "Function selection by [reset, set] reading";\n'
line 389:101 token recognition error at: '\'
line 389:163 token recognition error at: '' = 6 "Function selection by [reset, set] reading";\n'
line 390:101 token recognition error at: '\'
line 390:163 token recognition error at: '' = 2 "Function selection by [reset, set] reading";\n'
line 391:101 token recognition error at: '\'
line 391:163 token recognition error at: '' = 3 "Function selection by [reset, set] reading";\n'
line 392:101 token recognition error at: '\'
line 392:163 token recognition error at: '' = 5 "Function selection by [reset, set] reading";\n'
line 393:101 token recognition error at: '\'
line 393:163 token recognition error at: '' = 5 "Function selection by [reset, set] reading";\n'
line 394:101 token recognition error at: '\'
line 394:163 token recognition error at: '' = 2 "Function selection by [reset, set] reading";\n'
line 395:101 token recognition error at: '\'
line 395:163 token recognition error at: '' = 3 "Function selection by [reset, set] reading";\n'
line 396:101 token recognition error at: '\'
line 396:163 token recognition error at: '' = 6 "Function selection by [reset, set] reading";\n'
line 397:101 token recognition error at: '\'
line 397:163 token recognition error at: '' = 1 "Function selection by [reset, set] reading";\n'
line 398:101 token recognition error at: '\'
line 398:163 token recognition error at: '' = 5 "Function selection by [reset, set] reading";\n'
line 399:101 token recognition error at: '\'
line 399:163 token recognition error at: '' = 2 "Function selection by [reset, set] reading";\n'
line 400:101 token recognition error at: '\'
line 400:163 token recognition error at: '' = 8 "Function selection by [reset, set] reading";\n'
line 401:101 token recognition error at: '\'
line 401:163 token recognition error at: '' = 6 "Function selection by [reset, set] reading";\n'
line 402:101 token recognition error at: '\'
line 402:163 token recognition error at: '' = 6 "Function selection by [reset, set] reading";\n'
line 403:101 token recognition error at: '\'
line 403:163 token recognition error at: '' = 2 "Function selection by [reset, set] reading";\n'
line 404:101 token recognition error at: '\'
line 404:163 token recognition error at: '' = 8 "Function selection by [reset, set] reading";\n'
line 405:101 token recognition error at: '\'
line 405:163 token recognition error at: '' = 5 "Function selection by [reset, set] reading";\n'
line 406:101 token recognition error at: '\'
line 406:163 token recognition error at: '' = 1 "Function selection by [reset, set] reading";\n'
line 407:101 token recognition error at: '\'
line 407:163 token recognition error at: '' = 4 "Function selection by [reset, set] reading";\n'
line 408:101 token recognition error at: '\'
line 408:163 token recognition error at: '' = 2 "Function selection by [reset, set] reading";\n'
line 409:101 token recognition error at: '\'
line 409:163 token recognition error at: '' = 7 "Function selection by [reset, set] reading";\n'
line 410:101 token recognition error at: '\'
line 410:163 token recognition error at: '' = 4 "Function selection by [reset, set] reading";\n'
line 411:101 token recognition error at: '\'
line 411:163 token recognition error at: '' = 4 "Function selection by [reset, set] reading";\n'
line 412:101 token recognition error at: '\'
line 412:163 token recognition error at: '' = 2 "Function selection by [reset, set] reading";\n'
line 413:101 token recognition error at: '\'
line 413:163 token recognition error at: '' = 7 "Function selection by [reset, set] reading";\n'
line 414:101 token recognition error at: '\'
line 414:163 token recognition error at: '' = 4 "Function selection by [reset, set] reading";\n'

--- Error ---
Could not evaluate value of parameter var"reset.y". Missing values for variables in expression var"reset.y".
Stacktrace:
  [1] error(s::LazyString)
    @ Base ./error.jl:44
  [2] ModelingToolkitBase.MTKParameters(sys::ModelingToolkitBase.System, op::ModelingToolkitBase.AtomicArrayDict{SymbolicUtils.BasicSymbolicImpl.var"typeof(BasicSymbolicImpl)"{SymbolicUtils.SymReal}, Dict{SymbolicUtils.BasicSymbolicImpl.var"typeof(BasicSymbolicImpl)"{SymbolicUtils.SymReal}, SymbolicUtils.BasicSymbolicImpl.var"typeof(BasicSymbolicImpl)"{SymbolicUtils.SymReal}}}; tofloat::Bool, t0::Nothing, substitution_limit::Int64, floatT::Type, p_constructor::Function, fast_path::Bool)
    @ ModelingToolkitBase ~/.julia/packages/ModelingToolkitBase/yP1tD/src/systems/parameter_buffer.jl:187
  [3] process_SciMLProblem(constructor::Type, sys::ModelingToolkitBase.System, op::ModelingToolkitBase.AtomicArrayDict{SymbolicUtils.BasicSymbolicImpl.var"typeof(BasicSymbolicImpl)"{SymbolicUtils.SymReal}, Dict{SymbolicUtils.BasicSymbolicImpl.var"typeof(BasicSymbolicImpl)"{SymbolicUtils.SymReal}, SymbolicUtils.BasicSymbolicImpl.var"typeof(BasicSymbolicImpl)"{SymbolicUtils.SymReal}}}; build_initializeprob::Bool, implicit_dae::Bool, t::Nothing, guesses::Dict{Any, Any}, warn_initialize_determined::Bool, initialization_eqs::Vector{Any}, eval_expression::Bool, eval_module::Module, fully_determined::Nothing, check_initialization_units::Bool, u0_eltype::Nothing, tofloat::Bool, u0_constructor::typeof(identity), p_constructor::typeof(identity), check_length::Bool, symbolic_u0::Bool, warn_cyclic_dependency::Bool, circular_dependency_max_cycle_length::Int64, circular_dependency_max_cycles::Int64, initsys_mtkcompile_kwargs::@NamedTuple{}, substitution_limit::Int64, use_scc::Bool, time_dependent_init::Bool, algebraic_only::Bool, missing_guess_value::ModelingToolkitBase.MissingGuessValue.var"typeof(MissingGuessValue)", allow_incomplete::Bool, is_initializeprob::Bool, is_steadystateprob::Bool, return_operating_point::Bool, kwargs::@Kwargs{check_compatibility::Bool, expression::DataType})
    @ ModelingToolkitBase ~/.julia/packages/ModelingToolkitBase/yP1tD/src/systems/problem_utils.jl:1641
  [4] (SciMLBase.NonlinearProblem{true, SciMLBase.AutoSpecialize})(sys::ModelingToolkitBase.System, op::ModelingToolkitBase.AtomicArrayDict{SymbolicUtils.BasicSymbolicImpl.var"typeof(BasicSymbolicImpl)"{SymbolicUtils.SymReal}, Dict{SymbolicUtils.BasicSymbolicImpl.var"typeof(BasicSymbolicImpl)"{SymbolicUtils.SymReal}, SymbolicUtils.BasicSymbolicImpl.var"typeof(BasicSymbolicImpl)"{SymbolicUtils.SymReal}}}; expression::Type, check_length::Bool, check_compatibility::Bool, kwargs::@Kwargs{use_scc::Bool, u0_constructor::typeof(identity), p_constructor::typeof(identity), eval_expression::Bool, eval_module::Module, missing_guess_value::ModelingToolkitBase.MissingGuessValue.var"typeof(MissingGuessValue)", warn_cyclic_dependency::Bool, circular_dependency_max_cycle_length::Int64, circular_dependency_max_cycles::Int64, build_initializeprob::Bool, is_initializeprob::Bool})
    @ ModelingToolkitBase ~/.julia/packages/ModelingToolkitBase/yP1tD/src/problems/nonlinearproblem.jl:74
  [5] NonlinearProblem
    @ ~/.julia/packages/ModelingToolkitBase/yP1tD/src/problems/nonlinearproblem.jl:64 [inlined]
  [6] #_#854
    @ ./none:-1 [inlined]
  [7] ModelingToolkitBase.InitializationProblem{true, SciMLBase.AutoSpecialize}(sys::ModelingToolkitBase.System, t::Float64, op::ModelingToolkitBase.AtomicArrayDict{SymbolicUtils.BasicSymbolicImpl.var"typeof(BasicSymbolicImpl)"{SymbolicUtils.SymReal}, Dict{SymbolicUtils.BasicSymbolicImpl.var"typeof(BasicSymbolicImpl)"{SymbolicUtils.SymReal}, SymbolicUtils.BasicSymbolicImpl.var"typeof(BasicSymbolicImpl)"{SymbolicUtils.SymReal}}}; fast_path::Bool, guesses::Dict{Any, Any}, check_length::Bool, warn_initialize_determined::Bool, initialization_eqs::Vector{Any}, fully_determined::Nothing, check_units::Bool, allow_incomplete::Bool, algebraic_only::Bool, time_dependent_init::Bool, initsys_mtkcompile_kwargs::@NamedTuple{}, is_steadystateprob::Bool, kwargs::@Kwargs{use_scc::Bool, u0_constructor::typeof(identity), p_constructor::typeof(identity), eval_expression::Bool, eval_module::Module, missing_guess_value::ModelingToolkitBase.MissingGuessValue.var"typeof(MissingGuessValue)", warn_cyclic_dependency::Bool, circular_dependency_max_cycle_length::Int64, circular_dependency_max_cycles::Int64, check_compatibility::Bool})
    @ ModelingToolkitBase ~/.julia/packages/ModelingToolkitBase/yP1tD/src/problems/initializationproblem.jl:125
  [8] InitializationProblem
    @ ~/.julia/packages/ModelingToolkitBase/yP1tD/src/problems/initializationproblem.jl:22 [inlined]
  [9] #_#925
    @ ./none:-1 [inlined]
 [10] maybe_build_initialization_problem(sys::ModelingToolkitBase.System, iip::Bool, op::ModelingToolkitBase.AtomicArrayDict{SymbolicUtils.BasicSymbolicImpl.var"typeof(BasicSymbolicImpl)"{SymbolicUtils.SymReal}, Dict{SymbolicUtils.BasicSymbolicImpl.var"typeof(BasicSymbolicImpl)"{SymbolicUtils.SymReal}, SymbolicUtils.BasicSymbolicImpl.var"typeof(BasicSymbolicImpl)"{SymbolicUtils.SymReal}}}, t::Float64, guesses::Dict{Any, Any}; time_dependent_init::Bool, u0_constructor::Function, p_constructor::Function, floatT::Type, initialization_eqs::Vector{Any}, use_scc::Bool, eval_expression::Bool, eval_module::Module, missing_guess_value::ModelingToolkitBase.MissingGuessValue.var"typeof(MissingGuessValue)", implicit_dae::Bool, is_steadystateprob::Bool, expression::Type, kwargs::@Kwargs{initsys_mtkcompile_kwargs::@NamedTuple{}, warn_initialize_determined::Bool, fully_determined::Nothing, warn_cyclic_dependency::Bool, check_units::Bool, circular_dependency_max_cycle_length::Int64, circular_dependency_max_cycles::Int64, algebraic_only::Bool, allow_incomplete::Bool, check_compatibility::Bool})
    @ ModelingToolkitBase ~/.julia/packages/ModelingToolkitBase/yP1tD/src/systems/problem_utils.jl:1186
 [11] process_SciMLProblem(constructor::Type, sys::ModelingToolkitBase.System, op::Vector{Any}; build_initializeprob::Bool, implicit_dae::Bool, t::Float64, guesses::Dict{Any, Any}, warn_initialize_determined::Bool, initialization_eqs::Vector{Any}, eval_expression::Bool, eval_module::Module, fully_determined::Nothing, check_initialization_units::Bool, u0_eltype::Nothing, tofloat::Bool, u0_constructor::typeof(identity), p_constructor::typeof(identity), check_length::Bool, symbolic_u0::Bool, warn_cyclic_dependency::Bool, circular_dependency_max_cycle_length::Int64, circular_dependency_max_cycles::Int64, initsys_mtkcompile_kwargs::@NamedTuple{}, substitution_limit::Int64, use_scc::Bool, time_dependent_init::Bool, algebraic_only::Bool, missing_guess_value::ModelingToolkitBase.MissingGuessValue.var"typeof(MissingGuessValue)", allow_incomplete::Bool, is_initializeprob::Bool, is_steadystateprob::Bool, return_operating_point::Bool, kwargs::@Kwargs{expression::DataType, check_compatibility::Bool})
    @ ModelingToolkitBase ~/.julia/packages/ModelingToolkitBase/yP1tD/src/systems/problem_utils.jl:1555
 [12] (SciMLBase.ODEProblem{true, SciMLBase.AutoSpecialize})(sys::ModelingToolkitBase.System, op::Any, tspan::Tuple{Float64, Float64}; callback::Any, check_length::Bool, eval_expression::Bool, expression::Type, eval_module::Module, check_compatibility::Bool, _skip_events::Bool, kwargs::@Kwargs{missing_guess_value::ModelingToolkitBase.MissingGuessValue.var"typeof(MissingGuessValue)"})
    @ ModelingToolkitBase ~/.julia/packages/ModelingToolkitBase/yP1tD/src/problems/odeproblem.jl:110
 [13] create_odeproblem(filename::String; parser::Symbol, u0::Vector{Any}, kwargs::@Kwargs{})
    @ BaseModelica ~/.julia/packages/BaseModelica/G7VqY/src/BaseModelica.jl:149
 [14] create_odeproblem
    @ ~/.julia/packages/BaseModelica/G7VqY/src/BaseModelica.jl:149 [inlined]
 [15] #run_parse##4
    @ ~/work/BaseModelicaLibraryTesting.jl/BaseModelicaLibraryTesting.jl/src/parse_bm.jl:34 [inlined]
 [16] with_logstate(f::BaseModelicaLibraryTesting.var"#run_parse##4#run_parse##5"{String}, logstate::Base.CoreLogging.LogState)
    @ Base.CoreLogging ./logging/logging.jl:542
 [17] (::Base.RedirectStdStream)(thunk::BaseModelicaLibraryTesting.var"#run_parse##2#run_parse##3"{String, Base.CoreLogging.SimpleLogger}, stream::Pipe)
    @ Base ./stream.jl:1457
 [18] #run_parse##0
    @ ~/work/BaseModelicaLibraryTesting.jl/BaseModelicaLibraryTesting.jl/src/parse_bm.jl:32 [inlined]
 [19] (::Base.RedirectStdStream)(thunk::BaseModelicaLibraryTesting.var"#run_parse##0#run_parse##1"{String, Base.CoreLogging.SimpleLogger, Pipe}, stream::Pipe)
    @ Base ./stream.jl:1464
 [20] run_parse(bm_path::String, model_dir::String, model::String)
    @ BaseModelicaLibraryTesting ~/work/BaseModelicaLibraryTesting.jl/BaseModelicaLibraryTesting.jl/src/parse_bm.jl:31
 [21] test_model(omc::OMJulia.OMCSession, model::String, results_root::String, ref_root::String; csv_max_size_mb::Int64)
    @ BaseModelicaLibraryTesting ~/work/BaseModelicaLibraryTesting.jl/BaseModelicaLibraryTesting.jl/src/pipeline.jl:75
 [22] test_model
    @ ~/work/BaseModelicaLibraryTesting.jl/BaseModelicaLibraryTesting.jl/src/pipeline.jl:60 [inlined]
 [23] main(; library::String, version::String, filter::Nothing, omc_exe::String, results_root::String, ref_root::String, bm_options::String, csv_max_size_mb::Int64)
    @ BaseModelicaLibraryTesting ~/work/BaseModelicaLibraryTesting.jl/BaseModelicaLibraryTesting.jl/src/pipeline.jl:189
 [24] top-level scope
    @ none:3
 [25] eval(m::Module, e::Any)
    @ Core ./boot.jl:489
 [26] exec_options(opts::Base.JLOptions)
    @ Base ./client.jl:283
 [27] _start()
    @ Base ./client.jl:550
