Model:   Modelica.Electrical.Digital.Examples.DFFREGSRH
Time:    0.222 s
Success: false

--- Parser output ---
line 49:45 missing ';' at 'Modelica'
line 49:92 token recognition error at: '\'
line 49:93 missing ';' at ''U\'''
line 49:98 extraneous input ',' expecting IDENT
line 49:145 missing ';' at '.'
line 49:154 token recognition error at: '' = 1;\n'
line 49:153 mismatched input ']' expecting IDENT
line 50:92 token recognition error at: '\'
line 50:145 missing ';' at '.'
line 50:154 token recognition error at: '' = 1;\n'
line 50:153 mismatched input ']' expecting IDENT
line 51:92 token recognition error at: '\'
line 51:145 missing ';' at '.'
line 51:154 token recognition error at: '' = 1;\n'
line 51:153 mismatched input ']' expecting IDENT
line 52:92 token recognition error at: '\'
line 52:145 missing ';' at '.'
line 52:154 token recognition error at: '' = 1;\n'
line 52:153 mismatched input ']' expecting IDENT
line 53:92 token recognition error at: '\'
line 53:145 missing ';' at '.'
line 53:154 token recognition error at: '' = 1;\n'
line 53:153 mismatched input ']' expecting IDENT
line 54:92 token recognition error at: '\'
line 54:145 missing ';' at '.'
line 54:154 token recognition error at: '' = 1;\n'
line 54:153 mismatched input ']' expecting IDENT
line 55:92 token recognition error at: '\'
line 55:145 missing ';' at '.'
line 55:154 token recognition error at: '' = 1;\n'
line 55:153 mismatched input ']' expecting IDENT
line 56:92 token recognition error at: '\'
line 56:145 missing ';' at '.'
line 56:154 token recognition error at: '' = 1;\n'
line 56:153 mismatched input ']' expecting IDENT
line 57:92 token recognition error at: '\'
line 57:145 missing ';' at '.'
line 57:154 token recognition error at: '' = 1;\n'
line 57:153 mismatched input ']' expecting IDENT
line 58:92 token recognition error at: '\'
line 58:145 missing ';' at '.'
line 58:154 token recognition error at: '' = 1;\n'
line 58:153 mismatched input ']' expecting IDENT
line 59:92 token recognition error at: '\'
line 59:145 missing ';' at '.'
line 59:154 token recognition error at: '' = 4;\n'
line 59:153 mismatched input ']' expecting IDENT
line 60:92 token recognition error at: '\'
line 60:145 missing ';' at '.'
line 60:154 token recognition error at: '' = 7;\n'
line 60:153 mismatched input ']' expecting IDENT
line 61:92 token recognition error at: '\'
line 61:145 missing ';' at '.'
line 61:154 token recognition error at: '' = 2;\n'
line 61:153 mismatched input ']' expecting IDENT
line 62:92 token recognition error at: '\'
line 62:145 missing ';' at '.'
line 62:154 token recognition error at: '' = 4;\n'
line 62:153 mismatched input ']' expecting IDENT
line 63:92 token recognition error at: '\'
line 63:145 missing ';' at '.'
line 63:154 token recognition error at: '' = 4;\n'
line 63:153 mismatched input ']' expecting IDENT
line 64:92 token recognition error at: '\'
line 64:145 missing ';' at '.'
line 64:154 token recognition error at: '' = 7;\n'
line 64:153 mismatched input ']' expecting IDENT
line 65:92 token recognition error at: '\'
line 65:145 missing ';' at '.'
line 65:154 token recognition error at: '' = 2;\n'
line 65:153 mismatched input ']' expecting IDENT
line 66:92 token recognition error at: '\'
line 66:145 missing ';' at '.'
line 66:154 token recognition error at: '' = 4;\n'
line 66:153 mismatched input ']' expecting IDENT
line 67:92 token recognition error at: '\'
line 67:145 missing ';' at '.'
line 67:154 token recognition error at: '' = 1;\n'
line 67:153 mismatched input ']' expecting IDENT
line 68:92 token recognition error at: '\'
line 68:145 missing ';' at '.'
line 68:154 token recognition error at: '' = 5;\n'
line 68:153 mismatched input ']' expecting IDENT
line 69:92 token recognition error at: '\'
line 69:145 missing ';' at '.'
line 69:154 token recognition error at: '' = 8;\n'
line 69:153 mismatched input ']' expecting IDENT
line 70:92 token recognition error at: '\'
line 70:145 missing ';' at '.'
line 70:154 token recognition error at: '' = 2;\n'
line 70:153 mismatched input ']' expecting IDENT
line 71:92 token recognition error at: '\'
line 71:145 missing ';' at '.'
line 71:154 token recognition error at: '' = 5;\n'
line 71:153 mismatched input ']' expecting IDENT
line 72:92 token recognition error at: '\'
line 72:145 missing ';' at '.'
line 72:154 token recognition error at: '' = 5;\n'
line 72:153 mismatched input ']' expecting IDENT
line 73:92 token recognition error at: '\'
line 73:145 missing ';' at '.'
line 73:154 token recognition error at: '' = 8;\n'
line 73:153 mismatched input ']' expecting IDENT
line 74:92 token recognition error at: '\'
line 74:145 missing ';' at '.'
line 74:154 token recognition error at: '' = 2;\n'
line 74:153 mismatched input ']' expecting IDENT
line 75:92 token recognition error at: '\'
line 75:145 missing ';' at '.'
line 75:154 token recognition error at: '' = 5;\n'
line 75:153 mismatched input ']' expecting IDENT
line 76:92 token recognition error at: '\'
line 76:145 missing ';' at '.'
line 76:154 token recognition error at: '' = 1;\n'
line 76:153 mismatched input ']' expecting IDENT
line 77:92 token recognition error at: '\'
line 77:145 missing ';' at '.'
line 77:154 token recognition error at: '' = 6;\n'
line 77:153 mismatched input ']' expecting IDENT
line 78:92 token recognition error at: '\'
line 78:145 missing ';' at '.'
line 78:154 token recognition error at: '' = 3;\n'
line 78:153 mismatched input ']' expecting IDENT
line 79:92 token recognition error at: '\'
line 79:145 missing ';' at '.'
line 79:154 token recognition error at: '' = 2;\n'
line 79:153 mismatched input ']' expecting IDENT
line 80:92 token recognition error at: '\'
line 80:145 missing ';' at '.'
line 80:154 token recognition error at: '' = 6;\n'
line 80:153 mismatched input ']' expecting IDENT
line 81:92 token recognition error at: '\'
line 81:145 missing ';' at '.'
line 81:154 token recognition error at: '' = 6;\n'
line 81:153 mismatched input ']' expecting IDENT
line 82:92 token recognition error at: '\'
line 82:145 missing ';' at '.'
line 82:154 token recognition error at: '' = 3;\n'
line 82:153 mismatched input ']' expecting IDENT
line 83:92 token recognition error at: '\'
line 83:145 missing ';' at '.'
line 83:154 token recognition error at: '' = 2;\n'
line 83:153 mismatched input ']' expecting IDENT
line 84:92 token recognition error at: '\'
line 84:145 missing ';' at '.'
line 84:154 token recognition error at: '' = 6;\n'
line 84:153 mismatched input ']' expecting IDENT
line 85:92 token recognition error at: '\'
line 85:145 missing ';' at '.'
line 85:154 token recognition error at: '' = 1;\n'
line 85:153 mismatched input ']' expecting IDENT
line 86:92 token recognition error at: '\'
line 86:145 missing ';' at '.'
line 86:154 token recognition error at: '' = 4;\n'
line 86:153 mismatched input ']' expecting IDENT
line 87:92 token recognition error at: '\'
line 87:145 missing ';' at '.'
line 87:154 token recognition error at: '' = 7;\n'
line 87:153 mismatched input ']' expecting IDENT
line 88:92 token recognition error at: '\'
line 88:145 missing ';' at '.'
line 88:154 token recognition error at: '' = 2;\n'
line 88:153 mismatched input ']' expecting IDENT
line 89:92 token recognition error at: '\'
line 89:145 missing ';' at '.'
line 89:154 token recognition error at: '' = 4;\n'
line 89:153 mismatched input ']' expecting IDENT
line 90:92 token recognition error at: '\'
line 90:145 missing ';' at '.'
line 90:154 token recognition error at: '' = 4;\n'
line 90:153 mismatched input ']' expecting IDENT
line 91:92 token recognition error at: '\'
line 91:145 missing ';' at '.'
line 91:154 token recognition error at: '' = 7;\n'
line 91:153 mismatched input ']' expecting IDENT
line 92:92 token recognition error at: '\'
line 92:145 missing ';' at '.'
line 92:154 token recognition error at: '' = 2;\n'
line 92:153 mismatched input ']' expecting IDENT
line 93:92 token recognition error at: '\'
line 93:145 missing ';' at '.'
line 93:154 token recognition error at: '' = 4;\n'
line 93:153 mismatched input ']' expecting IDENT
line 94:92 token recognition error at: '\'
line 94:145 missing ';' at '.'
line 94:154 token recognition error at: '' = 1;\n'
line 94:153 mismatched input ']' expecting IDENT
line 95:92 token recognition error at: '\'
line 95:145 missing ';' at '.'
line 95:154 token recognition error at: '' = 4;\n'
line 95:153 mismatched input ']' expecting IDENT
line 96:92 token recognition error at: '\'
line 96:145 missing ';' at '.'
line 96:154 token recognition error at: '' = 7;\n'
line 96:153 mismatched input ']' expecting IDENT
line 97:92 token recognition error at: '\'
line 97:145 missing ';' at '.'
line 97:154 token recognition error at: '' = 2;\n'
line 97:153 mismatched input ']' expecting IDENT
line 98:92 token recognition error at: '\'
line 98:145 missing ';' at '.'
line 98:154 token recognition error at: '' = 4;\n'
line 98:153 mismatched input ']' expecting IDENT
line 99:92 token recognition error at: '\'
line 99:145 missing ';' at '.'
line 99:154 token recognition error at: '' = 4;\n'
line 99:153 mismatched input ']' expecting IDENT
line 100:92 token recognition error at: '\'
line 100:145 missing ';' at '.'
line 100:154 token recognition error at: '' = 7;\n'
line 100:153 mismatched input ']' expecting IDENT
line 101:92 token recognition error at: '\'
line 101:145 missing ';' at '.'
line 101:154 token recognition error at: '' = 2;\n'
line 101:153 mismatched input ']' expecting IDENT
line 102:92 token recognition error at: '\'
line 102:145 missing ';' at '.'
line 102:154 token recognition error at: '' = 4;\n'
line 102:153 mismatched input ']' expecting IDENT
line 103:92 token recognition error at: '\'
line 103:145 missing ';' at '.'
line 103:154 token recognition error at: '' = 1;\n'
line 103:153 mismatched input ']' expecting IDENT
line 104:92 token recognition error at: '\'
line 104:145 missing ';' at '.'
line 104:154 token recognition error at: '' = 5;\n'
line 104:153 mismatched input ']' expecting IDENT
line 105:92 token recognition error at: '\'
line 105:145 missing ';' at '.'
line 105:154 token recognition error at: '' = 8;\n'
line 105:153 mismatched input ']' expecting IDENT
line 106:92 token recognition error at: '\'
line 106:145 missing ';' at '.'
line 106:154 token recognition error at: '' = 2;\n'
line 106:153 mismatched input ']' expecting IDENT
line 107:92 token recognition error at: '\'
line 107:145 missing ';' at '.'
line 107:154 token recognition error at: '' = 5;\n'
line 107:153 mismatched input ']' expecting IDENT
line 108:92 token recognition error at: '\'
line 108:145 missing ';' at '.'
line 108:154 token recognition error at: '' = 5;\n'
line 108:153 mismatched input ']' expecting IDENT
line 109:92 token recognition error at: '\'
line 109:145 missing ';' at '.'
line 109:154 token recognition error at: '' = 8;\n'
line 109:153 mismatched input ']' expecting IDENT
line 110:92 token recognition error at: '\'
line 110:145 missing ';' at '.'
line 110:154 token recognition error at: '' = 2;\n'
line 110:153 mismatched input ']' expecting IDENT
line 111:92 token recognition error at: '\'
line 111:145 missing ';' at '.'
line 111:154 token recognition error at: '' = 5;\n'
line 111:153 mismatched input ']' expecting IDENT
line 112:92 token recognition error at: '\'
line 112:145 missing ';' at '.'
line 112:154 token recognition error at: '' = 1;\n'
line 112:153 mismatched input ']' expecting IDENT
line 113:92 token recognition error at: '\'
line 113:145 missing ';' at '.'
line 113:154 token recognition error at: '' = 6;\n'
line 113:153 mismatched input ']' expecting IDENT
line 114:92 token recognition error at: '\'
line 114:145 missing ';' at '.'
line 114:154 token recognition error at: '' = 3;\n'
line 114:153 mismatched input ']' expecting IDENT
line 115:92 token recognition error at: '\'
line 115:145 missing ';' at '.'
line 115:154 token recognition error at: '' = 2;\n'
line 115:153 mismatched input ']' expecting IDENT
line 116:92 token recognition error at: '\'
line 116:145 missing ';' at '.'
line 116:154 token recognition error at: '' = 6;\n'
line 116:153 mismatched input ']' expecting IDENT
line 117:92 token recognition error at: '\'
line 117:145 missing ';' at '.'
line 117:154 token recognition error at: '' = 6;\n'
line 117:153 mismatched input ']' expecting IDENT
line 118:92 token recognition error at: '\'
line 118:145 missing ';' at '.'
line 118:154 token recognition error at: '' = 3;\n'
line 118:153 mismatched input ']' expecting IDENT
line 119:92 token recognition error at: '\'
line 119:145 missing ';' at '.'
line 119:154 token recognition error at: '' = 2;\n'
line 119:153 mismatched input ']' expecting IDENT
line 120:92 token recognition error at: '\'
line 120:145 missing ';' at '.'
line 120:154 token recognition error at: '' = 6;\n'
line 120:153 mismatched input ']' expecting IDENT
line 121:92 token recognition error at: '\'
line 121:145 missing ';' at '.'
line 121:154 token recognition error at: '' = 1;\n'
line 121:153 mismatched input ']' expecting IDENT
line 122:92 token recognition error at: '\'
line 122:145 missing ';' at '.'
line 122:154 token recognition error at: '' = 4;\n'
line 122:153 mismatched input ']' expecting IDENT
line 123:92 token recognition error at: '\'
line 123:145 missing ';' at '.'
line 123:154 token recognition error at: '' = 7;\n'
line 123:153 mismatched input ']' expecting IDENT
line 124:92 token recognition error at: '\'
line 124:145 missing ';' at '.'
line 124:154 token recognition error at: '' = 2;\n'
line 124:153 mismatched input ']' expecting IDENT
line 125:92 token recognition error at: '\'
line 125:145 missing ';' at '.'
line 125:154 token recognition error at: '' = 4;\n'
line 125:153 mismatched input ']' expecting IDENT
line 126:92 token recognition error at: '\'
line 126:145 missing ';' at '.'
line 126:154 token recognition error at: '' = 4;\n'
line 126:153 mismatched input ']' expecting IDENT
line 127:92 token recognition error at: '\'
line 127:145 missing ';' at '.'
line 127:154 token recognition error at: '' = 7;\n'
line 127:153 mismatched input ']' expecting IDENT
line 128:92 token recognition error at: '\'
line 128:145 missing ';' at '.'
line 128:154 token recognition error at: '' = 2;\n'
line 128:153 mismatched input ']' expecting IDENT
line 129:92 token recognition error at: '\'
line 129:145 missing ';' at '.'
line 129:154 token recognition error at: '' = 4;\n'
line 129:153 mismatched input ']' expecting IDENT
line 130:70 mismatched input ')' expecting ';'
line 131:4 mismatched input 'parameter' expecting {'end', 'annotation'}
line 142:123 token recognition error at: '\'
line 142:185 token recognition error at: '' = 0 "Specification of delay according to signal change";\n'
line 143:123 token recognition error at: '\'
line 143:185 token recognition error at: '' = 0 "Specification of delay according to signal change";\n'
line 144:123 token recognition error at: '\'
line 144:185 token recognition error at: '' = -1 "Specification of delay according to signal change";\n'
line 145:123 token recognition error at: '\'
line 145:185 token recognition error at: '' = 1 "Specification of delay according to signal change";\n'
line 146:123 token recognition error at: '\'
line 146:185 token recognition error at: '' = 0 "Specification of delay according to signal change";\n'
line 147:123 token recognition error at: '\'
line 147:185 token recognition error at: '' = 0 "Specification of delay according to signal change";\n'
line 148:123 token recognition error at: '\'
line 148:185 token recognition error at: '' = -1 "Specification of delay according to signal change";\n'
line 149:123 token recognition error at: '\'
line 149:185 token recognition error at: '' = 1 "Specification of delay according to signal change";\n'
line 150:123 token recognition error at: '\'
line 150:185 token recognition error at: '' = 0 "Specification of delay according to signal change";\n'
line 151:123 token recognition error at: '\'
line 151:185 token recognition error at: '' = 0 "Specification of delay according to signal change";\n'
line 152:123 token recognition error at: '\'
line 152:185 token recognition error at: '' = 0 "Specification of delay according to signal change";\n'
line 153:123 token recognition error at: '\'
line 153:185 token recognition error at: '' = -1 "Specification of delay according to signal change";\n'
line 154:123 token recognition error at: '\'
line 154:185 token recognition error at: '' = 1 "Specification of delay according to signal change";\n'
line 155:123 token recognition error at: '\'
line 155:185 token recognition error at: '' = 0 "Specification of delay according to signal change";\n'
line 156:123 token recognition error at: '\'
line 156:185 token recognition error at: '' = 0 "Specification of delay according to signal change";\n'
line 157:123 token recognition error at: '\'
line 157:185 token recognition error at: '' = -1 "Specification of delay according to signal change";\n'
line 158:123 token recognition error at: '\'
line 158:185 token recognition error at: '' = 1 "Specification of delay according to signal change";\n'
line 159:123 token recognition error at: '\'
line 159:185 token recognition error at: '' = 0 "Specification of delay according to signal change";\n'
line 160:123 token recognition error at: '\'
line 160:185 token recognition error at: '' = 1 "Specification of delay according to signal change";\n'
line 161:123 token recognition error at: '\'
line 161:185 token recognition error at: '' = 1 "Specification of delay according to signal change";\n'
line 162:123 token recognition error at: '\'
line 162:185 token recognition error at: '' = 0 "Specification of delay according to signal change";\n'
line 163:123 token recognition error at: '\'
line 163:185 token recognition error at: '' = 1 "Specification of delay according to signal change";\n'
line 164:123 token recognition error at: '\'
line 164:185 token recognition error at: '' = 1 "Specification of delay according to signal change";\n'
line 165:123 token recognition error at: '\'
line 165:185 token recognition error at: '' = 1 "Specification of delay according to signal change";\n'
line 166:123 token recognition error at: '\'
line 166:185 token recognition error at: '' = 0 "Specification of delay according to signal change";\n'
line 167:123 token recognition error at: '\'
line 167:185 token recognition error at: '' = 1 "Specification of delay according to signal change";\n'
line 168:123 token recognition error at: '\'
line 168:185 token recognition error at: '' = 1 "Specification of delay according to signal change";\n'
line 169:123 token recognition error at: '\'
line 169:185 token recognition error at: '' = -1 "Specification of delay according to signal change";\n'
line 170:123 token recognition error at: '\'
line 170:185 token recognition error at: '' = -1 "Specification of delay according to signal change";\n'
line 171:123 token recognition error at: '\'
line 171:185 token recognition error at: '' = -1 "Specification of delay according to signal change";\n'
line 172:123 token recognition error at: '\'
line 172:185 token recognition error at: '' = 0 "Specification of delay according to signal change";\n'
line 173:123 token recognition error at: '\'
line 173:185 token recognition error at: '' = -1 "Specification of delay according to signal change";\n'
line 174:123 token recognition error at: '\'
line 174:185 token recognition error at: '' = -1 "Specification of delay according to signal change";\n'
line 175:123 token recognition error at: '\'
line 175:185 token recognition error at: '' = -1 "Specification of delay according to signal change";\n'
line 176:123 token recognition error at: '\'
line 176:185 token recognition error at: '' = 0 "Specification of delay according to signal change";\n'
line 177:123 token recognition error at: '\'
line 177:185 token recognition error at: '' = -1 "Specification of delay according to signal change";\n'
line 178:123 token recognition error at: '\'
line 178:185 token recognition error at: '' = 0 "Specification of delay according to signal change";\n'
line 179:123 token recognition error at: '\'
line 179:185 token recognition error at: '' = 0 "Specification of delay according to signal change";\n'
line 180:123 token recognition error at: '\'
line 180:185 token recognition error at: '' = -1 "Specification of delay according to signal change";\n'
line 181:123 token recognition error at: '\'
line 181:185 token recognition error at: '' = 1 "Specification of delay according to signal change";\n'
line 182:123 token recognition error at: '\'
line 182:185 token recognition error at: '' = 0 "Specification of delay according to signal change";\n'
line 183:123 token recognition error at: '\'
line 183:185 token recognition error at: '' = 0 "Specification of delay according to signal change";\n'
line 184:123 token recognition error at: '\'
line 184:185 token recognition error at: '' = -1 "Specification of delay according to signal change";\n'
line 185:123 token recognition error at: '\'
line 185:185 token recognition error at: '' = 1 "Specification of delay according to signal change";\n'
line 186:123 token recognition error at: '\'
line 186:185 token recognition error at: '' = 0 "Specification of delay according to signal change";\n'
line 187:123 token recognition error at: '\'
line 187:185 token recognition error at: '' = 0 "Specification of delay according to signal change";\n'
line 188:123 token recognition error at: '\'
line 188:185 token recognition error at: '' = 0 "Specification of delay according to signal change";\n'
line 189:123 token recognition error at: '\'
line 189:185 token recognition error at: '' = -1 "Specification of delay according to signal change";\n'
line 190:123 token recognition error at: '\'
line 190:185 token recognition error at: '' = 1 "Specification of delay according to signal change";\n'
line 191:123 token recognition error at: '\'
line 191:185 token recognition error at: '' = 0 "Specification of delay according to signal change";\n'
line 192:123 token recognition error at: '\'
line 192:185 token recognition error at: '' = 0 "Specification of delay according to signal change";\n'
line 193:123 token recognition error at: '\'
line 193:185 token recognition error at: '' = -1 "Specification of delay according to signal change";\n'
line 194:123 token recognition error at: '\'
line 194:185 token recognition error at: '' = 1 "Specification of delay according to signal change";\n'
line 195:123 token recognition error at: '\'
line 195:185 token recognition error at: '' = 0 "Specification of delay according to signal change";\n'
line 196:123 token recognition error at: '\'
line 196:185 token recognition error at: '' = 1 "Specification of delay according to signal change";\n'
line 197:123 token recognition error at: '\'
line 197:185 token recognition error at: '' = 1 "Specification of delay according to signal change";\n'
line 198:123 token recognition error at: '\'
line 198:185 token recognition error at: '' = 0 "Specification of delay according to signal change";\n'
line 199:123 token recognition error at: '\'
line 199:185 token recognition error at: '' = 1 "Specification of delay according to signal change";\n'
line 200:123 token recognition error at: '\'
line 200:185 token recognition error at: '' = 1 "Specification of delay according to signal change";\n'
line 201:123 token recognition error at: '\'
line 201:185 token recognition error at: '' = 1 "Specification of delay according to signal change";\n'
line 202:123 token recognition error at: '\'
line 202:185 token recognition error at: '' = 0 "Specification of delay according to signal change";\n'
line 203:123 token recognition error at: '\'
line 203:185 token recognition error at: '' = 1 "Specification of delay according to signal change";\n'
line 204:123 token recognition error at: '\'
line 204:185 token recognition error at: '' = 1 "Specification of delay according to signal change";\n'
line 205:123 token recognition error at: '\'
line 205:185 token recognition error at: '' = -1 "Specification of delay according to signal change";\n'
line 206:123 token recognition error at: '\'
line 206:185 token recognition error at: '' = -1 "Specification of delay according to signal change";\n'
line 207:123 token recognition error at: '\'
line 207:185 token recognition error at: '' = -1 "Specification of delay according to signal change";\n'
line 208:123 token recognition error at: '\'
line 208:185 token recognition error at: '' = 0 "Specification of delay according to signal change";\n'
line 209:123 token recognition error at: '\'
line 209:185 token recognition error at: '' = -1 "Specification of delay according to signal change";\n'
line 210:123 token recognition error at: '\'
line 210:185 token recognition error at: '' = -1 "Specification of delay according to signal change";\n'
line 211:123 token recognition error at: '\'
line 211:185 token recognition error at: '' = -1 "Specification of delay according to signal change";\n'
line 212:123 token recognition error at: '\'
line 212:185 token recognition error at: '' = 0 "Specification of delay according to signal change";\n'
line 213:123 token recognition error at: '\'
line 213:185 token recognition error at: '' = -1 "Specification of delay according to signal change";\n'
line 214:123 token recognition error at: '\'
line 214:185 token recognition error at: '' = 0 "Specification of delay according to signal change";\n'
line 215:123 token recognition error at: '\'
line 215:185 token recognition error at: '' = 0 "Specification of delay according to signal change";\n'
line 216:123 token recognition error at: '\'
line 216:185 token recognition error at: '' = -1 "Specification of delay according to signal change";\n'
line 217:123 token recognition error at: '\'
line 217:185 token recognition error at: '' = 1 "Specification of delay according to signal change";\n'
line 218:123 token recognition error at: '\'
line 218:185 token recognition error at: '' = 0 "Specification of delay according to signal change";\n'
line 219:123 token recognition error at: '\'
line 219:185 token recognition error at: '' = 0 "Specification of delay according to signal change";\n'
line 220:123 token recognition error at: '\'
line 220:185 token recognition error at: '' = -1 "Specification of delay according to signal change";\n'
line 221:123 token recognition error at: '\'
line 221:185 token recognition error at: '' = 1 "Specification of delay according to signal change";\n'
line 222:123 token recognition error at: '\'
line 222:185 token recognition error at: '' = 0 "Specification of delay according to signal change";\n'
line 233:123 token recognition error at: '\'
line 233:185 token recognition error at: '' = 0 "Specification of delay according to signal change";\n'
line 234:123 token recognition error at: '\'
line 234:185 token recognition error at: '' = 0 "Specification of delay according to signal change";\n'
line 235:123 token recognition error at: '\'
line 235:185 token recognition error at: '' = -1 "Specification of delay according to signal change";\n'
line 236:123 token recognition error at: '\'
line 236:185 token recognition error at: '' = 1 "Specification of delay according to signal change";\n'
line 237:123 token recognition error at: '\'
line 237:185 token recognition error at: '' = 0 "Specification of delay according to signal change";\n'
line 238:123 token recognition error at: '\'
line 238:185 token recognition error at: '' = 0 "Specification of delay according to signal change";\n'
line 239:123 token recognition error at: '\'
line 239:185 token recognition error at: '' = -1 "Specification of delay according to signal change";\n'
line 240:123 token recognition error at: '\'
line 240:185 token recognition error at: '' = 1 "Specification of delay according to signal change";\n'
line 241:123 token recognition error at: '\'
line 241:185 token recognition error at: '' = 0 "Specification of delay according to signal change";\n'
line 242:123 token recognition error at: '\'
line 242:185 token recognition error at: '' = 0 "Specification of delay according to signal change";\n'
line 243:123 token recognition error at: '\'
line 243:185 token recognition error at: '' = 0 "Specification of delay according to signal change";\n'
line 244:123 token recognition error at: '\'
line 244:185 token recognition error at: '' = -1 "Specification of delay according to signal change";\n'
line 245:123 token recognition error at: '\'
line 245:185 token recognition error at: '' = 1 "Specification of delay according to signal change";\n'
line 246:123 token recognition error at: '\'
line 246:185 token recognition error at: '' = 0 "Specification of delay according to signal change";\n'
line 247:123 token recognition error at: '\'
line 247:185 token recognition error at: '' = 0 "Specification of delay according to signal change";\n'
line 248:123 token recognition error at: '\'
line 248:185 token recognition error at: '' = -1 "Specification of delay according to signal change";\n'
line 249:123 token recognition error at: '\'
line 249:185 token recognition error at: '' = 1 "Specification of delay according to signal change";\n'
line 250:123 token recognition error at: '\'
line 250:185 token recognition error at: '' = 0 "Specification of delay according to signal change";\n'
line 251:123 token recognition error at: '\'
line 251:185 token recognition error at: '' = 1 "Specification of delay according to signal change";\n'
line 252:123 token recognition error at: '\'
line 252:185 token recognition error at: '' = 1 "Specification of delay according to signal change";\n'
line 253:123 token recognition error at: '\'
line 253:185 token recognition error at: '' = 0 "Specification of delay according to signal change";\n'
line 254:123 token recognition error at: '\'
line 254:185 token recognition error at: '' = 1 "Specification of delay according to signal change";\n'
line 255:123 token recognition error at: '\'
line 255:185 token recognition error at: '' = 1 "Specification of delay according to signal change";\n'
line 256:123 token recognition error at: '\'
line 256:185 token recognition error at: '' = 1 "Specification of delay according to signal change";\n'
line 257:123 token recognition error at: '\'
line 257:185 token recognition error at: '' = 0 "Specification of delay according to signal change";\n'
line 258:123 token recognition error at: '\'
line 258:185 token recognition error at: '' = 1 "Specification of delay according to signal change";\n'
line 259:123 token recognition error at: '\'
line 259:185 token recognition error at: '' = 1 "Specification of delay according to signal change";\n'
line 260:123 token recognition error at: '\'
line 260:185 token recognition error at: '' = -1 "Specification of delay according to signal change";\n'
line 261:123 token recognition error at: '\'
line 261:185 token recognition error at: '' = -1 "Specification of delay according to signal change";\n'
line 262:123 token recognition error at: '\'
line 262:185 token recognition error at: '' = -1 "Specification of delay according to signal change";\n'
line 263:123 token recognition error at: '\'
line 263:185 token recognition error at: '' = 0 "Specification of delay according to signal change";\n'
line 264:123 token recognition error at: '\'
line 264:185 token recognition error at: '' = -1 "Specification of delay according to signal change";\n'
line 265:123 token recognition error at: '\'
line 265:185 token recognition error at: '' = -1 "Specification of delay according to signal change";\n'
line 266:123 token recognition error at: '\'
line 266:185 token recognition error at: '' = -1 "Specification of delay according to signal change";\n'
line 267:123 token recognition error at: '\'
line 267:185 token recognition error at: '' = 0 "Specification of delay according to signal change";\n'
line 268:123 token recognition error at: '\'
line 268:185 token recognition error at: '' = -1 "Specification of delay according to signal change";\n'
line 269:123 token recognition error at: '\'
line 269:185 token recognition error at: '' = 0 "Specification of delay according to signal change";\n'
line 270:123 token recognition error at: '\'
line 270:185 token recognition error at: '' = 0 "Specification of delay according to signal change";\n'
line 271:123 token recognition error at: '\'
line 271:185 token recognition error at: '' = -1 "Specification of delay according to signal change";\n'
line 272:123 token recognition error at: '\'
line 272:185 token recognition error at: '' = 1 "Specification of delay according to signal change";\n'
line 273:123 token recognition error at: '\'
line 273:185 token recognition error at: '' = 0 "Specification of delay according to signal change";\n'
line 274:123 token recognition error at: '\'
line 274:185 token recognition error at: '' = 0 "Specification of delay according to signal change";\n'
line 275:123 token recognition error at: '\'
line 275:185 token recognition error at: '' = -1 "Specification of delay according to signal change";\n'
line 276:123 token recognition error at: '\'
line 276:185 token recognition error at: '' = 1 "Specification of delay according to signal change";\n'
line 277:123 token recognition error at: '\'
line 277:185 token recognition error at: '' = 0 "Specification of delay according to signal change";\n'
line 278:123 token recognition error at: '\'
line 278:185 token recognition error at: '' = 0 "Specification of delay according to signal change";\n'
line 279:123 token recognition error at: '\'
line 279:185 token recognition error at: '' = 0 "Specification of delay according to signal change";\n'
line 280:123 token recognition error at: '\'
line 280:185 token recognition error at: '' = -1 "Specification of delay according to signal change";\n'
line 281:123 token recognition error at: '\'
line 281:185 token recognition error at: '' = 1 "Specification of delay according to signal change";\n'
line 282:123 token recognition error at: '\'
line 282:185 token recognition error at: '' = 0 "Specification of delay according to signal change";\n'
line 283:123 token recognition error at: '\'
line 283:185 token recognition error at: '' = 0 "Specification of delay according to signal change";\n'
line 284:123 token recognition error at: '\'
line 284:185 token recognition error at: '' = -1 "Specification of delay according to signal change";\n'
line 285:123 token recognition error at: '\'
line 285:185 token recognition error at: '' = 1 "Specification of delay according to signal change";\n'
line 286:123 token recognition error at: '\'
line 286:185 token recognition error at: '' = 0 "Specification of delay according to signal change";\n'
line 287:123 token recognition error at: '\'
line 287:185 token recognition error at: '' = 1 "Specification of delay according to signal change";\n'
line 288:123 token recognition error at: '\'
line 288:185 token recognition error at: '' = 1 "Specification of delay according to signal change";\n'
line 289:123 token recognition error at: '\'
line 289:185 token recognition error at: '' = 0 "Specification of delay according to signal change";\n'
line 290:123 token recognition error at: '\'
line 290:185 token recognition error at: '' = 1 "Specification of delay according to signal change";\n'
line 291:123 token recognition error at: '\'
line 291:185 token recognition error at: '' = 1 "Specification of delay according to signal change";\n'
line 292:123 token recognition error at: '\'
line 292:185 token recognition error at: '' = 1 "Specification of delay according to signal change";\n'
line 293:123 token recognition error at: '\'
line 293:185 token recognition error at: '' = 0 "Specification of delay according to signal change";\n'
line 294:123 token recognition error at: '\'
line 294:185 token recognition error at: '' = 1 "Specification of delay according to signal change";\n'
line 295:123 token recognition error at: '\'
line 295:185 token recognition error at: '' = 1 "Specification of delay according to signal change";\n'
line 296:123 token recognition error at: '\'
line 296:185 token recognition error at: '' = -1 "Specification of delay according to signal change";\n'
line 297:123 token recognition error at: '\'
line 297:185 token recognition error at: '' = -1 "Specification of delay according to signal change";\n'
line 298:123 token recognition error at: '\'
line 298:185 token recognition error at: '' = -1 "Specification of delay according to signal change";\n'
line 299:123 token recognition error at: '\'
line 299:185 token recognition error at: '' = 0 "Specification of delay according to signal change";\n'
line 300:123 token recognition error at: '\'
line 300:185 token recognition error at: '' = -1 "Specification of delay according to signal change";\n'
line 301:123 token recognition error at: '\'
line 301:185 token recognition error at: '' = -1 "Specification of delay according to signal change";\n'
line 302:123 token recognition error at: '\'
line 302:185 token recognition error at: '' = -1 "Specification of delay according to signal change";\n'
line 303:123 token recognition error at: '\'
line 303:185 token recognition error at: '' = 0 "Specification of delay according to signal change";\n'
line 304:123 token recognition error at: '\'
line 304:185 token recognition error at: '' = -1 "Specification of delay according to signal change";\n'
line 305:123 token recognition error at: '\'
line 305:185 token recognition error at: '' = 0 "Specification of delay according to signal change";\n'
line 306:123 token recognition error at: '\'
line 306:185 token recognition error at: '' = 0 "Specification of delay according to signal change";\n'
line 307:123 token recognition error at: '\'
line 307:185 token recognition error at: '' = -1 "Specification of delay according to signal change";\n'
line 308:123 token recognition error at: '\'
line 308:185 token recognition error at: '' = 1 "Specification of delay according to signal change";\n'
line 309:123 token recognition error at: '\'
line 309:185 token recognition error at: '' = 0 "Specification of delay according to signal change";\n'
line 310:123 token recognition error at: '\'
line 310:185 token recognition error at: '' = 0 "Specification of delay according to signal change";\n'
line 311:123 token recognition error at: '\'
line 311:185 token recognition error at: '' = -1 "Specification of delay according to signal change";\n'
line 312:123 token recognition error at: '\'
line 312:185 token recognition error at: '' = 1 "Specification of delay according to signal change";\n'
line 313:123 token recognition error at: '\'
line 313:185 token recognition error at: '' = 0 "Specification of delay according to signal change";\n'
line 319:99 token recognition error at: '\'
line 319:161 token recognition error at: '' = 1 "Function selection by [reset, set] reading";\n'
line 320:99 token recognition error at: '\'
line 320:161 token recognition error at: '' = 1 "Function selection by [reset, set] reading";\n'
line 321:99 token recognition error at: '\'
line 321:161 token recognition error at: '' = 1 "Function selection by [reset, set] reading";\n'
line 322:99 token recognition error at: '\'
line 322:161 token recognition error at: '' = 1 "Function selection by [reset, set] reading";\n'
line 323:99 token recognition error at: '\'
line 323:161 token recognition error at: '' = 1 "Function selection by [reset, set] reading";\n'
line 324:99 token recognition error at: '\'
line 324:161 token recognition error at: '' = 1 "Function selection by [reset, set] reading";\n'
line 325:99 token recognition error at: '\'
line 325:161 token recognition error at: '' = 1 "Function selection by [reset, set] reading";\n'
line 326:99 token recognition error at: '\'
line 326:161 token recognition error at: '' = 1 "Function selection by [reset, set] reading";\n'
line 327:99 token recognition error at: '\'
line 327:161 token recognition error at: '' = 1 "Function selection by [reset, set] reading";\n'
line 328:99 token recognition error at: '\'
line 328:161 token recognition error at: '' = 1 "Function selection by [reset, set] reading";\n'
line 329:99 token recognition error at: '\'
line 329:161 token recognition error at: '' = 4 "Function selection by [reset, set] reading";\n'
line 330:99 token recognition error at: '\'
line 330:161 token recognition error at: '' = 7 "Function selection by [reset, set] reading";\n'
line 331:99 token recognition error at: '\'
line 331:161 token recognition error at: '' = 2 "Function selection by [reset, set] reading";\n'
line 332:99 token recognition error at: '\'
line 332:161 token recognition error at: '' = 4 "Function selection by [reset, set] reading";\n'
line 333:99 token recognition error at: '\'
line 333:161 token recognition error at: '' = 4 "Function selection by [reset, set] reading";\n'
line 334:99 token recognition error at: '\'
line 334:161 token recognition error at: '' = 7 "Function selection by [reset, set] reading";\n'
line 335:99 token recognition error at: '\'
line 335:161 token recognition error at: '' = 2 "Function selection by [reset, set] reading";\n'
line 336:99 token recognition error at: '\'
line 336:161 token recognition error at: '' = 4 "Function selection by [reset, set] reading";\n'
line 337:99 token recognition error at: '\'
line 337:161 token recognition error at: '' = 1 "Function selection by [reset, set] reading";\n'
line 338:99 token recognition error at: '\'
line 338:161 token recognition error at: '' = 5 "Function selection by [reset, set] reading";\n'
line 339:99 token recognition error at: '\'
line 339:161 token recognition error at: '' = 8 "Function selection by [reset, set] reading";\n'
line 340:99 token recognition error at: '\'
line 340:161 token recognition error at: '' = 2 "Function selection by [reset, set] reading";\n'
line 341:99 token recognition error at: '\'
line 341:161 token recognition error at: '' = 5 "Function selection by [reset, set] reading";\n'
line 342:99 token recognition error at: '\'
line 342:161 token recognition error at: '' = 5 "Function selection by [reset, set] reading";\n'
line 343:99 token recognition error at: '\'
line 343:161 token recognition error at: '' = 8 "Function selection by [reset, set] reading";\n'
line 344:99 token recognition error at: '\'
line 344:161 token recognition error at: '' = 2 "Function selection by [reset, set] reading";\n'
line 345:99 token recognition error at: '\'
line 345:161 token recognition error at: '' = 5 "Function selection by [reset, set] reading";\n'
line 346:99 token recognition error at: '\'
line 346:161 token recognition error at: '' = 1 "Function selection by [reset, set] reading";\n'
line 347:99 token recognition error at: '\'
line 347:161 token recognition error at: '' = 6 "Function selection by [reset, set] reading";\n'
line 348:99 token recognition error at: '\'
line 348:161 token recognition error at: '' = 3 "Function selection by [reset, set] reading";\n'
line 349:99 token recognition error at: '\'
line 349:161 token recognition error at: '' = 2 "Function selection by [reset, set] reading";\n'
line 350:99 token recognition error at: '\'
line 350:161 token recognition error at: '' = 6 "Function selection by [reset, set] reading";\n'
line 351:99 token recognition error at: '\'
line 351:161 token recognition error at: '' = 6 "Function selection by [reset, set] reading";\n'
line 352:99 token recognition error at: '\'
line 352:161 token recognition error at: '' = 3 "Function selection by [reset, set] reading";\n'
line 353:99 token recognition error at: '\'
line 353:161 token recognition error at: '' = 2 "Function selection by [reset, set] reading";\n'
line 354:99 token recognition error at: '\'
line 354:161 token recognition error at: '' = 6 "Function selection by [reset, set] reading";\n'
line 355:99 token recognition error at: '\'
line 355:161 token recognition error at: '' = 1 "Function selection by [reset, set] reading";\n'
line 356:99 token recognition error at: '\'
line 356:161 token recognition error at: '' = 4 "Function selection by [reset, set] reading";\n'
line 357:99 token recognition error at: '\'
line 357:161 token recognition error at: '' = 7 "Function selection by [reset, set] reading";\n'
line 358:99 token recognition error at: '\'
line 358:161 token recognition error at: '' = 2 "Function selection by [reset, set] reading";\n'
line 359:99 token recognition error at: '\'
line 359:161 token recognition error at: '' = 4 "Function selection by [reset, set] reading";\n'
line 360:99 token recognition error at: '\'
line 360:161 token recognition error at: '' = 4 "Function selection by [reset, set] reading";\n'
line 361:99 token recognition error at: '\'
line 361:161 token recognition error at: '' = 7 "Function selection by [reset, set] reading";\n'
line 362:99 token recognition error at: '\'
line 362:161 token recognition error at: '' = 2 "Function selection by [reset, set] reading";\n'
line 363:99 token recognition error at: '\'
line 363:161 token recognition error at: '' = 4 "Function selection by [reset, set] reading";\n'
line 364:99 token recognition error at: '\'
line 364:161 token recognition error at: '' = 1 "Function selection by [reset, set] reading";\n'
line 365:99 token recognition error at: '\'
line 365:161 token recognition error at: '' = 4 "Function selection by [reset, set] reading";\n'
line 366:99 token recognition error at: '\'
line 366:161 token recognition error at: '' = 7 "Function selection by [reset, set] reading";\n'
line 367:99 token recognition error at: '\'
line 367:161 token recognition error at: '' = 2 "Function selection by [reset, set] reading";\n'
line 368:99 token recognition error at: '\'
line 368:161 token recognition error at: '' = 4 "Function selection by [reset, set] reading";\n'
line 369:99 token recognition error at: '\'
line 369:161 token recognition error at: '' = 4 "Function selection by [reset, set] reading";\n'
line 370:99 token recognition error at: '\'
line 370:161 token recognition error at: '' = 7 "Function selection by [reset, set] reading";\n'
line 371:99 token recognition error at: '\'
line 371:161 token recognition error at: '' = 2 "Function selection by [reset, set] reading";\n'
line 372:99 token recognition error at: '\'
line 372:161 token recognition error at: '' = 4 "Function selection by [reset, set] reading";\n'
line 373:99 token recognition error at: '\'
line 373:161 token recognition error at: '' = 1 "Function selection by [reset, set] reading";\n'
line 374:99 token recognition error at: '\'
line 374:161 token recognition error at: '' = 5 "Function selection by [reset, set] reading";\n'
line 375:99 token recognition error at: '\'
line 375:161 token recognition error at: '' = 8 "Function selection by [reset, set] reading";\n'
line 376:99 token recognition error at: '\'
line 376:161 token recognition error at: '' = 2 "Function selection by [reset, set] reading";\n'
line 377:99 token recognition error at: '\'
line 377:161 token recognition error at: '' = 5 "Function selection by [reset, set] reading";\n'
line 378:99 token recognition error at: '\'
line 378:161 token recognition error at: '' = 5 "Function selection by [reset, set] reading";\n'
line 379:99 token recognition error at: '\'
line 379:161 token recognition error at: '' = 8 "Function selection by [reset, set] reading";\n'
line 380:99 token recognition error at: '\'
line 380:161 token recognition error at: '' = 2 "Function selection by [reset, set] reading";\n'
line 381:99 token recognition error at: '\'
line 381:161 token recognition error at: '' = 5 "Function selection by [reset, set] reading";\n'
line 382:99 token recognition error at: '\'
line 382:161 token recognition error at: '' = 1 "Function selection by [reset, set] reading";\n'
line 383:99 token recognition error at: '\'
line 383:161 token recognition error at: '' = 6 "Function selection by [reset, set] reading";\n'
line 384:99 token recognition error at: '\'
line 384:161 token recognition error at: '' = 3 "Function selection by [reset, set] reading";\n'
line 385:99 token recognition error at: '\'
line 385:161 token recognition error at: '' = 2 "Function selection by [reset, set] reading";\n'
line 386:99 token recognition error at: '\'
line 386:161 token recognition error at: '' = 6 "Function selection by [reset, set] reading";\n'
line 387:99 token recognition error at: '\'
line 387:161 token recognition error at: '' = 6 "Function selection by [reset, set] reading";\n'
line 388:99 token recognition error at: '\'
line 388:161 token recognition error at: '' = 3 "Function selection by [reset, set] reading";\n'
line 389:99 token recognition error at: '\'
line 389:161 token recognition error at: '' = 2 "Function selection by [reset, set] reading";\n'
line 390:99 token recognition error at: '\'
line 390:161 token recognition error at: '' = 6 "Function selection by [reset, set] reading";\n'
line 391:99 token recognition error at: '\'
line 391:161 token recognition error at: '' = 1 "Function selection by [reset, set] reading";\n'
line 392:99 token recognition error at: '\'
line 392:161 token recognition error at: '' = 4 "Function selection by [reset, set] reading";\n'
line 393:99 token recognition error at: '\'
line 393:161 token recognition error at: '' = 7 "Function selection by [reset, set] reading";\n'
line 394:99 token recognition error at: '\'
line 394:161 token recognition error at: '' = 2 "Function selection by [reset, set] reading";\n'
line 395:99 token recognition error at: '\'
line 395:161 token recognition error at: '' = 4 "Function selection by [reset, set] reading";\n'
line 396:99 token recognition error at: '\'
line 396:161 token recognition error at: '' = 4 "Function selection by [reset, set] reading";\n'
line 397:99 token recognition error at: '\'
line 397:161 token recognition error at: '' = 7 "Function selection by [reset, set] reading";\n'
line 398:99 token recognition error at: '\'
line 398:161 token recognition error at: '' = 2 "Function selection by [reset, set] reading";\n'
line 399:99 token recognition error at: '\'
line 399:161 token recognition error at: '' = 4 "Function selection by [reset, set] reading";\n'

--- Error ---
Could not evaluate value of parameter var"clock.y". Missing values for variables in expression var"clock.y".
Stacktrace:
  [1] error(s::LazyString)
    @ Base ./error.jl:44
  [2] ModelingToolkitBase.MTKParameters(sys::ModelingToolkitBase.System, op::ModelingToolkitBase.AtomicArrayDict{SymbolicUtils.BasicSymbolicImpl.var"typeof(BasicSymbolicImpl)"{SymbolicUtils.SymReal}, Dict{SymbolicUtils.BasicSymbolicImpl.var"typeof(BasicSymbolicImpl)"{SymbolicUtils.SymReal}, SymbolicUtils.BasicSymbolicImpl.var"typeof(BasicSymbolicImpl)"{SymbolicUtils.SymReal}}}; tofloat::Bool, t0::Nothing, substitution_limit::Int64, floatT::Type, p_constructor::Function, fast_path::Bool)
    @ ModelingToolkitBase ~/.julia/packages/ModelingToolkitBase/yP1tD/src/systems/parameter_buffer.jl:187
  [3] process_SciMLProblem(constructor::Type, sys::ModelingToolkitBase.System, op::ModelingToolkitBase.AtomicArrayDict{SymbolicUtils.BasicSymbolicImpl.var"typeof(BasicSymbolicImpl)"{SymbolicUtils.SymReal}, Dict{SymbolicUtils.BasicSymbolicImpl.var"typeof(BasicSymbolicImpl)"{SymbolicUtils.SymReal}, SymbolicUtils.BasicSymbolicImpl.var"typeof(BasicSymbolicImpl)"{SymbolicUtils.SymReal}}}; build_initializeprob::Bool, implicit_dae::Bool, t::Nothing, guesses::Dict{Any, Any}, warn_initialize_determined::Bool, initialization_eqs::Vector{Any}, eval_expression::Bool, eval_module::Module, fully_determined::Nothing, check_initialization_units::Bool, u0_eltype::Nothing, tofloat::Bool, u0_constructor::typeof(identity), p_constructor::typeof(identity), check_length::Bool, symbolic_u0::Bool, warn_cyclic_dependency::Bool, circular_dependency_max_cycle_length::Int64, circular_dependency_max_cycles::Int64, initsys_mtkcompile_kwargs::@NamedTuple{}, substitution_limit::Int64, use_scc::Bool, time_dependent_init::Bool, algebraic_only::Bool, missing_guess_value::ModelingToolkitBase.MissingGuessValue.var"typeof(MissingGuessValue)", allow_incomplete::Bool, is_initializeprob::Bool, is_steadystateprob::Bool, return_operating_point::Bool, kwargs::@Kwargs{check_compatibility::Bool, expression::DataType})
    @ ModelingToolkitBase ~/.julia/packages/ModelingToolkitBase/yP1tD/src/systems/problem_utils.jl:1641
  [4] (SciMLBase.NonlinearProblem{true, SciMLBase.AutoSpecialize})(sys::ModelingToolkitBase.System, op::ModelingToolkitBase.AtomicArrayDict{SymbolicUtils.BasicSymbolicImpl.var"typeof(BasicSymbolicImpl)"{SymbolicUtils.SymReal}, Dict{SymbolicUtils.BasicSymbolicImpl.var"typeof(BasicSymbolicImpl)"{SymbolicUtils.SymReal}, SymbolicUtils.BasicSymbolicImpl.var"typeof(BasicSymbolicImpl)"{SymbolicUtils.SymReal}}}; expression::Type, check_length::Bool, check_compatibility::Bool, kwargs::@Kwargs{use_scc::Bool, u0_constructor::typeof(identity), p_constructor::typeof(identity), eval_expression::Bool, eval_module::Module, missing_guess_value::ModelingToolkitBase.MissingGuessValue.var"typeof(MissingGuessValue)", warn_cyclic_dependency::Bool, circular_dependency_max_cycle_length::Int64, circular_dependency_max_cycles::Int64, build_initializeprob::Bool, is_initializeprob::Bool})
    @ ModelingToolkitBase ~/.julia/packages/ModelingToolkitBase/yP1tD/src/problems/nonlinearproblem.jl:74
  [5] NonlinearProblem
    @ ~/.julia/packages/ModelingToolkitBase/yP1tD/src/problems/nonlinearproblem.jl:64 [inlined]
  [6] #_#854
    @ ./none:-1 [inlined]
  [7] ModelingToolkitBase.InitializationProblem{true, SciMLBase.AutoSpecialize}(sys::ModelingToolkitBase.System, t::Float64, op::ModelingToolkitBase.AtomicArrayDict{SymbolicUtils.BasicSymbolicImpl.var"typeof(BasicSymbolicImpl)"{SymbolicUtils.SymReal}, Dict{SymbolicUtils.BasicSymbolicImpl.var"typeof(BasicSymbolicImpl)"{SymbolicUtils.SymReal}, SymbolicUtils.BasicSymbolicImpl.var"typeof(BasicSymbolicImpl)"{SymbolicUtils.SymReal}}}; fast_path::Bool, guesses::Dict{Any, Any}, check_length::Bool, warn_initialize_determined::Bool, initialization_eqs::Vector{Any}, fully_determined::Nothing, check_units::Bool, allow_incomplete::Bool, algebraic_only::Bool, time_dependent_init::Bool, initsys_mtkcompile_kwargs::@NamedTuple{}, is_steadystateprob::Bool, kwargs::@Kwargs{use_scc::Bool, u0_constructor::typeof(identity), p_constructor::typeof(identity), eval_expression::Bool, eval_module::Module, missing_guess_value::ModelingToolkitBase.MissingGuessValue.var"typeof(MissingGuessValue)", warn_cyclic_dependency::Bool, circular_dependency_max_cycle_length::Int64, circular_dependency_max_cycles::Int64, check_compatibility::Bool})
    @ ModelingToolkitBase ~/.julia/packages/ModelingToolkitBase/yP1tD/src/problems/initializationproblem.jl:125
  [8] InitializationProblem
    @ ~/.julia/packages/ModelingToolkitBase/yP1tD/src/problems/initializationproblem.jl:22 [inlined]
  [9] #_#925
    @ ./none:-1 [inlined]
 [10] maybe_build_initialization_problem(sys::ModelingToolkitBase.System, iip::Bool, op::ModelingToolkitBase.AtomicArrayDict{SymbolicUtils.BasicSymbolicImpl.var"typeof(BasicSymbolicImpl)"{SymbolicUtils.SymReal}, Dict{SymbolicUtils.BasicSymbolicImpl.var"typeof(BasicSymbolicImpl)"{SymbolicUtils.SymReal}, SymbolicUtils.BasicSymbolicImpl.var"typeof(BasicSymbolicImpl)"{SymbolicUtils.SymReal}}}, t::Float64, guesses::Dict{Any, Any}; time_dependent_init::Bool, u0_constructor::Function, p_constructor::Function, floatT::Type, initialization_eqs::Vector{Any}, use_scc::Bool, eval_expression::Bool, eval_module::Module, missing_guess_value::ModelingToolkitBase.MissingGuessValue.var"typeof(MissingGuessValue)", implicit_dae::Bool, is_steadystateprob::Bool, expression::Type, kwargs::@Kwargs{initsys_mtkcompile_kwargs::@NamedTuple{}, warn_initialize_determined::Bool, fully_determined::Nothing, warn_cyclic_dependency::Bool, check_units::Bool, circular_dependency_max_cycle_length::Int64, circular_dependency_max_cycles::Int64, algebraic_only::Bool, allow_incomplete::Bool, check_compatibility::Bool})
    @ ModelingToolkitBase ~/.julia/packages/ModelingToolkitBase/yP1tD/src/systems/problem_utils.jl:1186
 [11] process_SciMLProblem(constructor::Type, sys::ModelingToolkitBase.System, op::Vector{Any}; build_initializeprob::Bool, implicit_dae::Bool, t::Float64, guesses::Dict{Any, Any}, warn_initialize_determined::Bool, initialization_eqs::Vector{Any}, eval_expression::Bool, eval_module::Module, fully_determined::Nothing, check_initialization_units::Bool, u0_eltype::Nothing, tofloat::Bool, u0_constructor::typeof(identity), p_constructor::typeof(identity), check_length::Bool, symbolic_u0::Bool, warn_cyclic_dependency::Bool, circular_dependency_max_cycle_length::Int64, circular_dependency_max_cycles::Int64, initsys_mtkcompile_kwargs::@NamedTuple{}, substitution_limit::Int64, use_scc::Bool, time_dependent_init::Bool, algebraic_only::Bool, missing_guess_value::ModelingToolkitBase.MissingGuessValue.var"typeof(MissingGuessValue)", allow_incomplete::Bool, is_initializeprob::Bool, is_steadystateprob::Bool, return_operating_point::Bool, kwargs::@Kwargs{expression::DataType, check_compatibility::Bool})
    @ ModelingToolkitBase ~/.julia/packages/ModelingToolkitBase/yP1tD/src/systems/problem_utils.jl:1555
 [12] (SciMLBase.ODEProblem{true, SciMLBase.AutoSpecialize})(sys::ModelingToolkitBase.System, op::Any, tspan::Tuple{Float64, Float64}; callback::Any, check_length::Bool, eval_expression::Bool, expression::Type, eval_module::Module, check_compatibility::Bool, _skip_events::Bool, kwargs::@Kwargs{missing_guess_value::ModelingToolkitBase.MissingGuessValue.var"typeof(MissingGuessValue)"})
    @ ModelingToolkitBase ~/.julia/packages/ModelingToolkitBase/yP1tD/src/problems/odeproblem.jl:110
 [13] create_odeproblem(filename::String; parser::Symbol, u0::Vector{Any}, kwargs::@Kwargs{})
    @ BaseModelica ~/.julia/packages/BaseModelica/G7VqY/src/BaseModelica.jl:149
 [14] create_odeproblem
    @ ~/.julia/packages/BaseModelica/G7VqY/src/BaseModelica.jl:149 [inlined]
 [15] #run_parse##4
    @ ~/work/BaseModelicaLibraryTesting.jl/BaseModelicaLibraryTesting.jl/src/parse_bm.jl:34 [inlined]
 [16] with_logstate(f::BaseModelicaLibraryTesting.var"#run_parse##4#run_parse##5"{String}, logstate::Base.CoreLogging.LogState)
    @ Base.CoreLogging ./logging/logging.jl:542
 [17] (::Base.RedirectStdStream)(thunk::BaseModelicaLibraryTesting.var"#run_parse##2#run_parse##3"{String, Base.CoreLogging.SimpleLogger}, stream::Pipe)
    @ Base ./stream.jl:1457
 [18] #run_parse##0
    @ ~/work/BaseModelicaLibraryTesting.jl/BaseModelicaLibraryTesting.jl/src/parse_bm.jl:32 [inlined]
 [19] (::Base.RedirectStdStream)(thunk::BaseModelicaLibraryTesting.var"#run_parse##0#run_parse##1"{String, Base.CoreLogging.SimpleLogger, Pipe}, stream::Pipe)
    @ Base ./stream.jl:1464
 [20] run_parse(bm_path::String, model_dir::String, model::String)
    @ BaseModelicaLibraryTesting ~/work/BaseModelicaLibraryTesting.jl/BaseModelicaLibraryTesting.jl/src/parse_bm.jl:31
 [21] test_model(omc::OMJulia.OMCSession, model::String, results_root::String, ref_root::String; csv_max_size_mb::Int64)
    @ BaseModelicaLibraryTesting ~/work/BaseModelicaLibraryTesting.jl/BaseModelicaLibraryTesting.jl/src/pipeline.jl:75
 [22] test_model
    @ ~/work/BaseModelicaLibraryTesting.jl/BaseModelicaLibraryTesting.jl/src/pipeline.jl:60 [inlined]
 [23] main(; library::String, version::String, filter::Nothing, omc_exe::String, results_root::String, ref_root::String, bm_options::String, csv_max_size_mb::Int64)
    @ BaseModelicaLibraryTesting ~/work/BaseModelicaLibraryTesting.jl/BaseModelicaLibraryTesting.jl/src/pipeline.jl:189
 [24] top-level scope
    @ none:3
 [25] eval(m::Module, e::Any)
    @ Core ./boot.jl:489
 [26] exec_options(opts::Base.JLOptions)
    @ Base ./client.jl:283
 [27] _start()
    @ Base ./client.jl:550
