Model:   Modelica.Electrical.Digital.Examples.RAM
Time:    2.283 s
Success: false

--- Parser output ---
line 5:56 extraneous input '[' expecting IDENT
line 5:65 mismatched input ']' expecting ';'
line 6:4 extraneous input 'output' expecting {'model', 'type', 'operator', 'record', 'pure', 'constant', 'impure', 'function', '@'}
line 51:68 missing ';' at 'Modelica'
line 51:115 token recognition error at: '\'
line 51:116 missing ';' at ''U\'''
line 51:121 extraneous input ',' expecting IDENT
line 51:168 missing ';' at '.'
line 51:177 token recognition error at: '' = 0 "Specification of delay according to signal change";\n'
line 51:176 mismatched input ']' expecting IDENT
line 52:115 token recognition error at: '\'
line 52:168 missing ';' at '.'
line 52:177 token recognition error at: '' = 0 "Specification of delay according to signal change";\n'
line 52:176 mismatched input ']' expecting IDENT
line 53:115 token recognition error at: '\'
line 53:168 missing ';' at '.'
line 53:177 token recognition error at: '' = -1 "Specification of delay according to signal change";\n'
line 53:176 mismatched input ']' expecting IDENT
line 54:115 token recognition error at: '\'
line 54:168 missing ';' at '.'
line 54:177 token recognition error at: '' = 1 "Specification of delay according to signal change";\n'
line 54:176 mismatched input ']' expecting IDENT
line 55:115 token recognition error at: '\'
line 55:168 missing ';' at '.'
line 55:177 token recognition error at: '' = 0 "Specification of delay according to signal change";\n'
line 55:176 mismatched input ']' expecting IDENT
line 56:115 token recognition error at: '\'
line 56:168 missing ';' at '.'
line 56:177 token recognition error at: '' = 0 "Specification of delay according to signal change";\n'
line 56:176 mismatched input ']' expecting IDENT
line 57:115 token recognition error at: '\'
line 57:168 missing ';' at '.'
line 57:177 token recognition error at: '' = -1 "Specification of delay according to signal change";\n'
line 57:176 mismatched input ']' expecting IDENT
line 58:115 token recognition error at: '\'
line 58:168 missing ';' at '.'
line 58:177 token recognition error at: '' = 1 "Specification of delay according to signal change";\n'
line 58:176 mismatched input ']' expecting IDENT
line 59:115 token recognition error at: '\'
line 59:168 missing ';' at '.'
line 59:177 token recognition error at: '' = 0 "Specification of delay according to signal change";\n'
line 59:176 mismatched input ']' expecting IDENT
line 60:115 token recognition error at: '\'
line 60:168 missing ';' at '.'
line 60:177 token recognition error at: '' = 0 "Specification of delay according to signal change";\n'
line 60:176 mismatched input ']' expecting IDENT
line 61:115 token recognition error at: '\'
line 61:168 missing ';' at '.'
line 61:177 token recognition error at: '' = 0 "Specification of delay according to signal change";\n'
line 61:176 mismatched input ']' expecting IDENT
line 62:115 token recognition error at: '\'
line 62:168 missing ';' at '.'
line 62:177 token recognition error at: '' = -1 "Specification of delay according to signal change";\n'
line 62:176 mismatched input ']' expecting IDENT
line 63:115 token recognition error at: '\'
line 63:168 missing ';' at '.'
line 63:177 token recognition error at: '' = 1 "Specification of delay according to signal change";\n'
line 63:176 mismatched input ']' expecting IDENT
line 64:115 token recognition error at: '\'
line 64:168 missing ';' at '.'
line 64:177 token recognition error at: '' = 0 "Specification of delay according to signal change";\n'
line 64:176 mismatched input ']' expecting IDENT
line 65:115 token recognition error at: '\'
line 65:168 missing ';' at '.'
line 65:177 token recognition error at: '' = 0 "Specification of delay according to signal change";\n'
line 65:176 mismatched input ']' expecting IDENT
line 66:115 token recognition error at: '\'
line 66:168 missing ';' at '.'
line 66:177 token recognition error at: '' = -1 "Specification of delay according to signal change";\n'
line 66:176 mismatched input ']' expecting IDENT
line 67:115 token recognition error at: '\'
line 67:168 missing ';' at '.'
line 67:177 token recognition error at: '' = 1 "Specification of delay according to signal change";\n'
line 67:176 mismatched input ']' expecting IDENT
line 68:115 token recognition error at: '\'
line 68:168 missing ';' at '.'
line 68:177 token recognition error at: '' = 0 "Specification of delay according to signal change";\n'
line 68:176 mismatched input ']' expecting IDENT
line 69:115 token recognition error at: '\'
line 69:168 missing ';' at '.'
line 69:177 token recognition error at: '' = 1 "Specification of delay according to signal change";\n'
line 69:176 mismatched input ']' expecting IDENT
line 70:115 token recognition error at: '\'
line 70:168 missing ';' at '.'
line 70:177 token recognition error at: '' = 1 "Specification of delay according to signal change";\n'
line 70:176 mismatched input ']' expecting IDENT
line 71:115 token recognition error at: '\'
line 71:168 missing ';' at '.'
line 71:177 token recognition error at: '' = 0 "Specification of delay according to signal change";\n'
line 71:176 mismatched input ']' expecting IDENT
line 72:115 token recognition error at: '\'
line 72:168 missing ';' at '.'
line 72:177 token recognition error at: '' = 1 "Specification of delay according to signal change";\n'
line 72:176 mismatched input ']' expecting IDENT
line 73:115 token recognition error at: '\'
line 73:168 missing ';' at '.'
line 73:177 token recognition error at: '' = 1 "Specification of delay according to signal change";\n'
line 73:176 mismatched input ']' expecting IDENT
line 74:115 token recognition error at: '\'
line 74:168 missing ';' at '.'
line 74:177 token recognition error at: '' = 1 "Specification of delay according to signal change";\n'
line 74:176 mismatched input ']' expecting IDENT
line 75:115 token recognition error at: '\'
line 75:168 missing ';' at '.'
line 75:177 token recognition error at: '' = 0 "Specification of delay according to signal change";\n'
line 75:176 mismatched input ']' expecting IDENT
line 76:115 token recognition error at: '\'
line 76:168 missing ';' at '.'
line 76:177 token recognition error at: '' = 1 "Specification of delay according to signal change";\n'
line 76:176 mismatched input ']' expecting IDENT
line 77:115 token recognition error at: '\'
line 77:168 missing ';' at '.'
line 77:177 token recognition error at: '' = 1 "Specification of delay according to signal change";\n'
line 77:176 mismatched input ']' expecting IDENT
line 78:115 token recognition error at: '\'
line 78:168 missing ';' at '.'
line 78:177 token recognition error at: '' = -1 "Specification of delay according to signal change";\n'
line 78:176 mismatched input ']' expecting IDENT
line 79:115 token recognition error at: '\'
line 79:168 missing ';' at '.'
line 79:177 token recognition error at: '' = -1 "Specification of delay according to signal change";\n'
line 79:176 mismatched input ']' expecting IDENT
line 80:115 token recognition error at: '\'
line 80:168 missing ';' at '.'
line 80:177 token recognition error at: '' = -1 "Specification of delay according to signal change";\n'
line 80:176 mismatched input ']' expecting IDENT
line 81:115 token recognition error at: '\'
line 81:168 missing ';' at '.'
line 81:177 token recognition error at: '' = 0 "Specification of delay according to signal change";\n'
line 81:176 mismatched input ']' expecting IDENT
line 82:115 token recognition error at: '\'
line 82:168 missing ';' at '.'
line 82:177 token recognition error at: '' = -1 "Specification of delay according to signal change";\n'
line 82:176 mismatched input ']' expecting IDENT
line 83:115 token recognition error at: '\'
line 83:168 missing ';' at '.'
line 83:177 token recognition error at: '' = -1 "Specification of delay according to signal change";\n'
line 83:176 mismatched input ']' expecting IDENT
line 84:115 token recognition error at: '\'
line 84:168 missing ';' at '.'
line 84:177 token recognition error at: '' = -1 "Specification of delay according to signal change";\n'
line 84:176 mismatched input ']' expecting IDENT
line 85:115 token recognition error at: '\'
line 85:168 missing ';' at '.'
line 85:177 token recognition error at: '' = 0 "Specification of delay according to signal change";\n'
line 85:176 mismatched input ']' expecting IDENT
line 86:115 token recognition error at: '\'
line 86:168 missing ';' at '.'
line 86:177 token recognition error at: '' = -1 "Specification of delay according to signal change";\n'
line 86:176 mismatched input ']' expecting IDENT
line 87:115 token recognition error at: '\'
line 87:168 missing ';' at '.'
line 87:177 token recognition error at: '' = 0 "Specification of delay according to signal change";\n'
line 87:176 mismatched input ']' expecting IDENT
line 88:115 token recognition error at: '\'
line 88:168 missing ';' at '.'
line 88:177 token recognition error at: '' = 0 "Specification of delay according to signal change";\n'
line 88:176 mismatched input ']' expecting IDENT
line 89:115 token recognition error at: '\'
line 89:168 missing ';' at '.'
line 89:177 token recognition error at: '' = -1 "Specification of delay according to signal change";\n'
line 89:176 mismatched input ']' expecting IDENT
line 90:115 token recognition error at: '\'
line 90:168 missing ';' at '.'
line 90:177 token recognition error at: '' = 1 "Specification of delay according to signal change";\n'
line 90:176 mismatched input ']' expecting IDENT
line 91:115 token recognition error at: '\'
line 91:168 missing ';' at '.'
line 91:177 token recognition error at: '' = 0 "Specification of delay according to signal change";\n'
line 91:176 mismatched input ']' expecting IDENT
line 92:115 token recognition error at: '\'
line 92:168 missing ';' at '.'
line 92:177 token recognition error at: '' = 0 "Specification of delay according to signal change";\n'
line 92:176 mismatched input ']' expecting IDENT
line 93:115 token recognition error at: '\'
line 93:168 missing ';' at '.'
line 93:177 token recognition error at: '' = -1 "Specification of delay according to signal change";\n'
line 93:176 mismatched input ']' expecting IDENT
line 94:115 token recognition error at: '\'
line 94:168 missing ';' at '.'
line 94:177 token recognition error at: '' = 1 "Specification of delay according to signal change";\n'
line 94:176 mismatched input ']' expecting IDENT
line 95:115 token recognition error at: '\'
line 95:168 missing ';' at '.'
line 95:177 token recognition error at: '' = 0 "Specification of delay according to signal change";\n'
line 95:176 mismatched input ']' expecting IDENT
line 96:115 token recognition error at: '\'
line 96:168 missing ';' at '.'
line 96:177 token recognition error at: '' = 0 "Specification of delay according to signal change";\n'
line 96:176 mismatched input ']' expecting IDENT
line 97:115 token recognition error at: '\'
line 97:168 missing ';' at '.'
line 97:177 token recognition error at: '' = 0 "Specification of delay according to signal change";\n'
line 97:176 mismatched input ']' expecting IDENT
line 98:115 token recognition error at: '\'
line 98:168 missing ';' at '.'
line 98:177 token recognition error at: '' = -1 "Specification of delay according to signal change";\n'
line 98:176 mismatched input ']' expecting IDENT
line 99:115 token recognition error at: '\'
line 99:168 missing ';' at '.'
line 99:177 token recognition error at: '' = 1 "Specification of delay according to signal change";\n'
line 99:176 mismatched input ']' expecting IDENT
line 100:115 token recognition error at: '\'
line 100:168 missing ';' at '.'
line 100:177 token recognition error at: '' = 0 "Specification of delay according to signal change";\n'
line 100:176 mismatched input ']' expecting IDENT
line 101:115 token recognition error at: '\'
line 101:168 missing ';' at '.'
line 101:177 token recognition error at: '' = 0 "Specification of delay according to signal change";\n'
line 101:176 mismatched input ']' expecting IDENT
line 102:115 token recognition error at: '\'
line 102:168 missing ';' at '.'
line 102:177 token recognition error at: '' = -1 "Specification of delay according to signal change";\n'
line 102:176 mismatched input ']' expecting IDENT
line 103:115 token recognition error at: '\'
line 103:168 missing ';' at '.'
line 103:177 token recognition error at: '' = 1 "Specification of delay according to signal change";\n'
line 103:176 mismatched input ']' expecting IDENT
line 104:115 token recognition error at: '\'
line 104:168 missing ';' at '.'
line 104:177 token recognition error at: '' = 0 "Specification of delay according to signal change";\n'
line 104:176 mismatched input ']' expecting IDENT
line 105:115 token recognition error at: '\'
line 105:168 missing ';' at '.'
line 105:177 token recognition error at: '' = 1 "Specification of delay according to signal change";\n'
line 105:176 mismatched input ']' expecting IDENT
line 106:115 token recognition error at: '\'
line 106:168 missing ';' at '.'
line 106:177 token recognition error at: '' = 1 "Specification of delay according to signal change";\n'
line 106:176 mismatched input ']' expecting IDENT
line 107:115 token recognition error at: '\'
line 107:168 missing ';' at '.'
line 107:177 token recognition error at: '' = 0 "Specification of delay according to signal change";\n'
line 107:176 mismatched input ']' expecting IDENT
line 108:115 token recognition error at: '\'
line 108:168 missing ';' at '.'
line 108:177 token recognition error at: '' = 1 "Specification of delay according to signal change";\n'
line 108:176 mismatched input ']' expecting IDENT
line 109:115 token recognition error at: '\'
line 109:168 missing ';' at '.'
line 109:177 token recognition error at: '' = 1 "Specification of delay according to signal change";\n'
line 109:176 mismatched input ']' expecting IDENT
line 110:115 token recognition error at: '\'
line 110:168 missing ';' at '.'
line 110:177 token recognition error at: '' = 1 "Specification of delay according to signal change";\n'
line 110:176 mismatched input ']' expecting IDENT
line 111:115 token recognition error at: '\'
line 111:168 missing ';' at '.'
line 111:177 token recognition error at: '' = 0 "Specification of delay according to signal change";\n'
line 111:176 mismatched input ']' expecting IDENT
line 112:115 token recognition error at: '\'
line 112:168 missing ';' at '.'
line 112:177 token recognition error at: '' = 1 "Specification of delay according to signal change";\n'
line 112:176 mismatched input ']' expecting IDENT
line 113:115 token recognition error at: '\'
line 113:168 missing ';' at '.'
line 113:177 token recognition error at: '' = 1 "Specification of delay according to signal change";\n'
line 113:176 mismatched input ']' expecting IDENT
line 114:115 token recognition error at: '\'
line 114:168 missing ';' at '.'
line 114:177 token recognition error at: '' = -1 "Specification of delay according to signal change";\n'
line 114:176 mismatched input ']' expecting IDENT
line 115:115 token recognition error at: '\'
line 115:168 missing ';' at '.'
line 115:177 token recognition error at: '' = -1 "Specification of delay according to signal change";\n'
line 115:176 mismatched input ']' expecting IDENT
line 116:115 token recognition error at: '\'
line 116:168 missing ';' at '.'
line 116:177 token recognition error at: '' = -1 "Specification of delay according to signal change";\n'
line 116:176 mismatched input ']' expecting IDENT
line 117:115 token recognition error at: '\'
line 117:168 missing ';' at '.'
line 117:177 token recognition error at: '' = 0 "Specification of delay according to signal change";\n'
line 117:176 mismatched input ']' expecting IDENT
line 118:115 token recognition error at: '\'
line 118:168 missing ';' at '.'
line 118:177 token recognition error at: '' = -1 "Specification of delay according to signal change";\n'
line 118:176 mismatched input ']' expecting IDENT
line 119:115 token recognition error at: '\'
line 119:168 missing ';' at '.'
line 119:177 token recognition error at: '' = -1 "Specification of delay according to signal change";\n'
line 119:176 mismatched input ']' expecting IDENT
line 120:115 token recognition error at: '\'
line 120:168 missing ';' at '.'
line 120:177 token recognition error at: '' = -1 "Specification of delay according to signal change";\n'
line 120:176 mismatched input ']' expecting IDENT
line 121:115 token recognition error at: '\'
line 121:168 missing ';' at '.'
line 121:177 token recognition error at: '' = 0 "Specification of delay according to signal change";\n'
line 121:176 mismatched input ']' expecting IDENT
line 122:115 token recognition error at: '\'
line 122:168 missing ';' at '.'
line 122:177 token recognition error at: '' = -1 "Specification of delay according to signal change";\n'
line 122:176 mismatched input ']' expecting IDENT
line 123:115 token recognition error at: '\'
line 123:168 missing ';' at '.'
line 123:177 token recognition error at: '' = 0 "Specification of delay according to signal change";\n'
line 123:176 mismatched input ']' expecting IDENT
line 124:115 token recognition error at: '\'
line 124:168 missing ';' at '.'
line 124:177 token recognition error at: '' = 0 "Specification of delay according to signal change";\n'
line 124:176 mismatched input ']' expecting IDENT
line 125:115 token recognition error at: '\'
line 125:168 missing ';' at '.'
line 125:177 token recognition error at: '' = -1 "Specification of delay according to signal change";\n'
line 125:176 mismatched input ']' expecting IDENT
line 126:115 token recognition error at: '\'
line 126:168 missing ';' at '.'
line 126:177 token recognition error at: '' = 1 "Specification of delay according to signal change";\n'
line 126:176 mismatched input ']' expecting IDENT
line 127:115 token recognition error at: '\'
line 127:168 missing ';' at '.'
line 127:177 token recognition error at: '' = 0 "Specification of delay according to signal change";\n'
line 127:176 mismatched input ']' expecting IDENT
line 128:115 token recognition error at: '\'
line 128:168 missing ';' at '.'
line 128:177 token recognition error at: '' = 0 "Specification of delay according to signal change";\n'
line 128:176 mismatched input ']' expecting IDENT
line 129:115 token recognition error at: '\'
line 129:168 missing ';' at '.'
line 129:177 token recognition error at: '' = -1 "Specification of delay according to signal change";\n'
line 129:176 mismatched input ']' expecting IDENT
line 130:115 token recognition error at: '\'
line 130:168 missing ';' at '.'
line 130:177 token recognition error at: '' = 1 "Specification of delay according to signal change";\n'
line 130:176 mismatched input ']' expecting IDENT
line 131:115 token recognition error at: '\'
line 131:168 missing ';' at '.'
line 131:177 token recognition error at: '' = 0 "Specification of delay according to signal change";\n'
line 131:176 extraneous input ']' expecting IDENT
line 132:9 missing ';' at ''dLATRAM.inertialDelaySensitive[1].delayTime''
line 132:54 extraneous input '(' expecting IDENT
line 132:84 extraneous input ')' expecting ';'
line 142:68 missing ';' at 'Modelica'
line 142:115 token recognition error at: '\'
line 142:116 missing ';' at ''U\'''
line 142:121 extraneous input ',' expecting IDENT
line 142:168 missing ';' at '.'
line 142:177 token recognition error at: '' = 0 "Specification of delay according to signal change";\n'
line 142:176 mismatched input ']' expecting IDENT
line 143:115 token recognition error at: '\'
line 143:168 missing ';' at '.'
line 143:177 token recognition error at: '' = 0 "Specification of delay according to signal change";\n'
line 143:176 mismatched input ']' expecting IDENT
line 144:115 token recognition error at: '\'
line 144:168 missing ';' at '.'
line 144:177 token recognition error at: '' = -1 "Specification of delay according to signal change";\n'
line 144:176 mismatched input ']' expecting IDENT
line 145:115 token recognition error at: '\'
line 145:168 missing ';' at '.'
line 145:177 token recognition error at: '' = 1 "Specification of delay according to signal change";\n'
line 145:176 mismatched input ']' expecting IDENT
line 146:115 token recognition error at: '\'
line 146:168 missing ';' at '.'
line 146:177 token recognition error at: '' = 0 "Specification of delay according to signal change";\n'
line 146:176 mismatched input ']' expecting IDENT
line 147:115 token recognition error at: '\'
line 147:168 missing ';' at '.'
line 147:177 token recognition error at: '' = 0 "Specification of delay according to signal change";\n'
line 147:176 mismatched input ']' expecting IDENT
line 148:115 token recognition error at: '\'
line 148:168 missing ';' at '.'
line 148:177 token recognition error at: '' = -1 "Specification of delay according to signal change";\n'
line 148:176 mismatched input ']' expecting IDENT
line 149:115 token recognition error at: '\'
line 149:168 missing ';' at '.'
line 149:177 token recognition error at: '' = 1 "Specification of delay according to signal change";\n'
line 149:176 mismatched input ']' expecting IDENT
line 150:115 token recognition error at: '\'
line 150:168 missing ';' at '.'
line 150:177 token recognition error at: '' = 0 "Specification of delay according to signal change";\n'
line 150:176 mismatched input ']' expecting IDENT
line 151:115 token recognition error at: '\'
line 151:168 missing ';' at '.'
line 151:177 token recognition error at: '' = 0 "Specification of delay according to signal change";\n'
line 151:176 mismatched input ']' expecting IDENT
line 152:115 token recognition error at: '\'
line 152:168 missing ';' at '.'
line 152:177 token recognition error at: '' = 0 "Specification of delay according to signal change";\n'
line 152:176 mismatched input ']' expecting IDENT
line 153:115 token recognition error at: '\'
line 153:168 missing ';' at '.'
line 153:177 token recognition error at: '' = -1 "Specification of delay according to signal change";\n'
line 153:176 mismatched input ']' expecting IDENT
line 154:115 token recognition error at: '\'
line 154:168 missing ';' at '.'
line 154:177 token recognition error at: '' = 1 "Specification of delay according to signal change";\n'
line 154:176 mismatched input ']' expecting IDENT
line 155:115 token recognition error at: '\'
line 155:168 missing ';' at '.'
line 155:177 token recognition error at: '' = 0 "Specification of delay according to signal change";\n'
line 155:176 mismatched input ']' expecting IDENT
line 156:115 token recognition error at: '\'
line 156:168 missing ';' at '.'
line 156:177 token recognition error at: '' = 0 "Specification of delay according to signal change";\n'
line 156:176 mismatched input ']' expecting IDENT
line 157:115 token recognition error at: '\'
line 157:168 missing ';' at '.'
line 157:177 token recognition error at: '' = -1 "Specification of delay according to signal change";\n'
line 157:176 mismatched input ']' expecting IDENT
line 158:115 token recognition error at: '\'
line 158:168 missing ';' at '.'
line 158:177 token recognition error at: '' = 1 "Specification of delay according to signal change";\n'
line 158:176 mismatched input ']' expecting IDENT
line 159:115 token recognition error at: '\'
line 159:168 missing ';' at '.'
line 159:177 token recognition error at: '' = 0 "Specification of delay according to signal change";\n'
line 159:176 mismatched input ']' expecting IDENT
line 160:115 token recognition error at: '\'
line 160:168 missing ';' at '.'
line 160:177 token recognition error at: '' = 1 "Specification of delay according to signal change";\n'
line 160:176 mismatched input ']' expecting IDENT
line 161:115 token recognition error at: '\'
line 161:168 missing ';' at '.'
line 161:177 token recognition error at: '' = 1 "Specification of delay according to signal change";\n'
line 161:176 mismatched input ']' expecting IDENT
line 162:115 token recognition error at: '\'
line 162:168 missing ';' at '.'
line 162:177 token recognition error at: '' = 0 "Specification of delay according to signal change";\n'
line 162:176 mismatched input ']' expecting IDENT
line 163:115 token recognition error at: '\'
line 163:168 missing ';' at '.'
line 163:177 token recognition error at: '' = 1 "Specification of delay according to signal change";\n'
line 163:176 mismatched input ']' expecting IDENT
line 164:115 token recognition error at: '\'
line 164:168 missing ';' at '.'
line 164:177 token recognition error at: '' = 1 "Specification of delay according to signal change";\n'
line 164:176 mismatched input ']' expecting IDENT
line 165:115 token recognition error at: '\'
line 165:168 missing ';' at '.'
line 165:177 token recognition error at: '' = 1 "Specification of delay according to signal change";\n'
line 165:176 mismatched input ']' expecting IDENT
line 166:115 token recognition error at: '\'
line 166:168 missing ';' at '.'
line 166:177 token recognition error at: '' = 0 "Specification of delay according to signal change";\n'
line 166:176 mismatched input ']' expecting IDENT
line 167:115 token recognition error at: '\'
line 167:168 missing ';' at '.'
line 167:177 token recognition error at: '' = 1 "Specification of delay according to signal change";\n'
line 167:176 mismatched input ']' expecting IDENT
line 168:115 token recognition error at: '\'
line 168:168 missing ';' at '.'
line 168:177 token recognition error at: '' = 1 "Specification of delay according to signal change";\n'
line 168:176 mismatched input ']' expecting IDENT
line 169:115 token recognition error at: '\'
line 169:168 missing ';' at '.'
line 169:177 token recognition error at: '' = -1 "Specification of delay according to signal change";\n'
line 169:176 mismatched input ']' expecting IDENT
line 170:115 token recognition error at: '\'
line 170:168 missing ';' at '.'
line 170:177 token recognition error at: '' = -1 "Specification of delay according to signal change";\n'
line 170:176 mismatched input ']' expecting IDENT
line 171:115 token recognition error at: '\'
line 171:168 missing ';' at '.'
line 171:177 token recognition error at: '' = -1 "Specification of delay according to signal change";\n'
line 171:176 mismatched input ']' expecting IDENT
line 172:115 token recognition error at: '\'
line 172:168 missing ';' at '.'
line 172:177 token recognition error at: '' = 0 "Specification of delay according to signal change";\n'
line 172:176 mismatched input ']' expecting IDENT
line 173:115 token recognition error at: '\'
line 173:168 missing ';' at '.'
line 173:177 token recognition error at: '' = -1 "Specification of delay according to signal change";\n'
line 173:176 mismatched input ']' expecting IDENT
line 174:115 token recognition error at: '\'
line 174:168 missing ';' at '.'
line 174:177 token recognition error at: '' = -1 "Specification of delay according to signal change";\n'
line 174:176 mismatched input ']' expecting IDENT
line 175:115 token recognition error at: '\'
line 175:168 missing ';' at '.'
line 175:177 token recognition error at: '' = -1 "Specification of delay according to signal change";\n'
line 175:176 mismatched input ']' expecting IDENT
line 176:115 token recognition error at: '\'
line 176:168 missing ';' at '.'
line 176:177 token recognition error at: '' = 0 "Specification of delay according to signal change";\n'
line 176:176 mismatched input ']' expecting IDENT
line 177:115 token recognition error at: '\'
line 177:168 missing ';' at '.'
line 177:177 token recognition error at: '' = -1 "Specification of delay according to signal change";\n'
line 177:176 mismatched input ']' expecting IDENT
line 178:115 token recognition error at: '\'
line 178:168 missing ';' at '.'
line 178:177 token recognition error at: '' = 0 "Specification of delay according to signal change";\n'
line 178:176 mismatched input ']' expecting IDENT
line 179:115 token recognition error at: '\'
line 179:168 missing ';' at '.'
line 179:177 token recognition error at: '' = 0 "Specification of delay according to signal change";\n'
line 179:176 mismatched input ']' expecting IDENT
line 180:115 token recognition error at: '\'
line 180:168 missing ';' at '.'
line 180:177 token recognition error at: '' = -1 "Specification of delay according to signal change";\n'
line 180:176 mismatched input ']' expecting IDENT
line 181:115 token recognition error at: '\'
line 181:168 missing ';' at '.'
line 181:177 token recognition error at: '' = 1 "Specification of delay according to signal change";\n'
line 181:176 mismatched input ']' expecting IDENT
line 182:115 token recognition error at: '\'
line 182:168 missing ';' at '.'
line 182:177 token recognition error at: '' = 0 "Specification of delay according to signal change";\n'
line 182:176 mismatched input ']' expecting IDENT
line 183:115 token recognition error at: '\'
line 183:168 missing ';' at '.'
line 183:177 token recognition error at: '' = 0 "Specification of delay according to signal change";\n'
line 183:176 mismatched input ']' expecting IDENT
line 184:115 token recognition error at: '\'
line 184:168 missing ';' at '.'
line 184:177 token recognition error at: '' = -1 "Specification of delay according to signal change";\n'
line 184:176 mismatched input ']' expecting IDENT
line 185:115 token recognition error at: '\'
line 185:168 missing ';' at '.'
line 185:177 token recognition error at: '' = 1 "Specification of delay according to signal change";\n'
line 185:176 mismatched input ']' expecting IDENT
line 186:115 token recognition error at: '\'
line 186:168 missing ';' at '.'
line 186:177 token recognition error at: '' = 0 "Specification of delay according to signal change";\n'
line 186:176 mismatched input ']' expecting IDENT
line 187:115 token recognition error at: '\'
line 187:168 missing ';' at '.'
line 187:177 token recognition error at: '' = 0 "Specification of delay according to signal change";\n'
line 187:176 mismatched input ']' expecting IDENT
line 188:115 token recognition error at: '\'
line 188:168 missing ';' at '.'
line 188:177 token recognition error at: '' = 0 "Specification of delay according to signal change";\n'
line 188:176 mismatched input ']' expecting IDENT
line 189:115 token recognition error at: '\'
line 189:168 missing ';' at '.'
line 189:177 token recognition error at: '' = -1 "Specification of delay according to signal change";\n'
line 189:176 mismatched input ']' expecting IDENT
line 190:115 token recognition error at: '\'
line 190:168 missing ';' at '.'
line 190:177 token recognition error at: '' = 1 "Specification of delay according to signal change";\n'
line 190:176 mismatched input ']' expecting IDENT
line 191:115 token recognition error at: '\'
line 191:168 missing ';' at '.'
line 191:177 token recognition error at: '' = 0 "Specification of delay according to signal change";\n'
line 191:176 mismatched input ']' expecting IDENT
line 192:115 token recognition error at: '\'
line 192:168 missing ';' at '.'
line 192:177 token recognition error at: '' = 0 "Specification of delay according to signal change";\n'
line 192:176 mismatched input ']' expecting IDENT
line 193:115 token recognition error at: '\'
line 193:168 missing ';' at '.'
line 193:177 token recognition error at: '' = -1 "Specification of delay according to signal change";\n'
line 193:176 mismatched input ']' expecting IDENT
line 194:115 token recognition error at: '\'
line 194:168 missing ';' at '.'
line 194:177 token recognition error at: '' = 1 "Specification of delay according to signal change";\n'
line 194:176 mismatched input ']' expecting IDENT
line 195:115 token recognition error at: '\'
line 195:168 missing ';' at '.'
line 195:177 token recognition error at: '' = 0 "Specification of delay according to signal change";\n'
line 195:176 mismatched input ']' expecting IDENT
line 196:115 token recognition error at: '\'
line 196:168 missing ';' at '.'
line 196:177 token recognition error at: '' = 1 "Specification of delay according to signal change";\n'
line 196:176 mismatched input ']' expecting IDENT
line 197:115 token recognition error at: '\'
line 197:168 missing ';' at '.'
line 197:177 token recognition error at: '' = 1 "Specification of delay according to signal change";\n'
line 197:176 mismatched input ']' expecting IDENT
line 198:115 token recognition error at: '\'
line 198:168 missing ';' at '.'
line 198:177 token recognition error at: '' = 0 "Specification of delay according to signal change";\n'
line 198:176 mismatched input ']' expecting IDENT
line 199:115 token recognition error at: '\'
line 199:168 missing ';' at '.'
line 199:177 token recognition error at: '' = 1 "Specification of delay according to signal change";\n'
line 199:176 mismatched input ']' expecting IDENT
line 200:115 token recognition error at: '\'
line 200:168 missing ';' at '.'
line 200:177 token recognition error at: '' = 1 "Specification of delay according to signal change";\n'
line 200:176 mismatched input ']' expecting IDENT
line 201:115 token recognition error at: '\'
line 201:168 missing ';' at '.'
line 201:177 token recognition error at: '' = 1 "Specification of delay according to signal change";\n'
line 201:176 mismatched input ']' expecting IDENT
line 202:115 token recognition error at: '\'
line 202:168 missing ';' at '.'
line 202:177 token recognition error at: '' = 0 "Specification of delay according to signal change";\n'
line 202:176 mismatched input ']' expecting IDENT
line 203:115 token recognition error at: '\'
line 203:168 missing ';' at '.'
line 203:177 token recognition error at: '' = 1 "Specification of delay according to signal change";\n'
line 203:176 mismatched input ']' expecting IDENT
line 204:115 token recognition error at: '\'
line 204:168 missing ';' at '.'
line 204:177 token recognition error at: '' = 1 "Specification of delay according to signal change";\n'
line 204:176 mismatched input ']' expecting IDENT
line 205:115 token recognition error at: '\'
line 205:168 missing ';' at '.'
line 205:177 token recognition error at: '' = -1 "Specification of delay according to signal change";\n'
line 205:176 mismatched input ']' expecting IDENT
line 206:115 token recognition error at: '\'
line 206:168 missing ';' at '.'
line 206:177 token recognition error at: '' = -1 "Specification of delay according to signal change";\n'
line 206:176 mismatched input ']' expecting IDENT
line 207:115 token recognition error at: '\'
line 207:168 missing ';' at '.'
line 207:177 token recognition error at: '' = -1 "Specification of delay according to signal change";\n'
line 207:176 mismatched input ']' expecting IDENT
line 208:115 token recognition error at: '\'
line 208:168 missing ';' at '.'
line 208:177 token recognition error at: '' = 0 "Specification of delay according to signal change";\n'
line 208:176 mismatched input ']' expecting IDENT
line 209:115 token recognition error at: '\'
line 209:168 missing ';' at '.'
line 209:177 token recognition error at: '' = -1 "Specification of delay according to signal change";\n'
line 209:176 mismatched input ']' expecting IDENT
line 210:115 token recognition error at: '\'
line 210:168 missing ';' at '.'
line 210:177 token recognition error at: '' = -1 "Specification of delay according to signal change";\n'
line 210:176 mismatched input ']' expecting IDENT
line 211:115 token recognition error at: '\'
line 211:168 missing ';' at '.'
line 211:177 token recognition error at: '' = -1 "Specification of delay according to signal change";\n'
line 211:176 mismatched input ']' expecting IDENT
line 212:115 token recognition error at: '\'
line 212:168 missing ';' at '.'
line 212:177 token recognition error at: '' = 0 "Specification of delay according to signal change";\n'
line 212:176 mismatched input ']' expecting IDENT
line 213:115 token recognition error at: '\'
line 213:168 missing ';' at '.'
line 213:177 token recognition error at: '' = -1 "Specification of delay according to signal change";\n'
line 213:176 mismatched input ']' expecting IDENT
line 214:115 token recognition error at: '\'
line 214:168 missing ';' at '.'
line 214:177 token recognition error at: '' = 0 "Specification of delay according to signal change";\n'
line 214:176 mismatched input ']' expecting IDENT
line 215:115 token recognition error at: '\'
line 215:168 missing ';' at '.'
line 215:177 token recognition error at: '' = 0 "Specification of delay according to signal change";\n'
line 215:176 mismatched input ']' expecting IDENT
line 216:115 token recognition error at: '\'
line 216:168 missing ';' at '.'
line 216:177 token recognition error at: '' = -1 "Specification of delay according to signal change";\n'
line 216:176 mismatched input ']' expecting IDENT
line 217:115 token recognition error at: '\'
line 217:168 missing ';' at '.'
line 217:177 token recognition error at: '' = 1 "Specification of delay according to signal change";\n'
line 217:176 mismatched input ']' expecting IDENT
line 218:115 token recognition error at: '\'
line 218:168 missing ';' at '.'
line 218:177 token recognition error at: '' = 0 "Specification of delay according to signal change";\n'
line 218:176 mismatched input ']' expecting IDENT
line 219:115 token recognition error at: '\'
line 219:168 missing ';' at '.'
line 219:177 token recognition error at: '' = 0 "Specification of delay according to signal change";\n'
line 219:176 mismatched input ']' expecting IDENT
line 220:115 token recognition error at: '\'
line 220:168 missing ';' at '.'
line 220:177 token recognition error at: '' = -1 "Specification of delay according to signal change";\n'
line 220:176 mismatched input ']' expecting IDENT
line 221:115 token recognition error at: '\'
line 221:168 missing ';' at '.'
line 221:177 token recognition error at: '' = 1 "Specification of delay according to signal change";\n'
line 221:176 mismatched input ']' expecting IDENT
line 222:115 token recognition error at: '\'
line 222:168 missing ';' at '.'
line 222:177 token recognition error at: '' = 0 "Specification of delay according to signal change";\n'
line 222:176 extraneous input ']' expecting IDENT
line 223:9 missing ';' at ''dLATRAM.inertialDelaySensitive[2].delayTime''
line 223:54 extraneous input '(' expecting IDENT
line 223:84 extraneous input ')' expecting ';'
line 480:29 mismatched input 'i' expecting {'(', ':='}
line 483:22 mismatched input 'dLATRAM' expecting {'(', ':='}
line 490:22 mismatched input 'dLATRAM' expecting {'(', ':='}
line 500:44 missing ';' at 'dLATRAM'
line 500:60 mismatched input '',:]'' expecting {'(', ':='}
line 503:30 mismatched input 'i' expecting {'(', ':='}

--- Error ---
The equations of a system must involve the unknowns/observables. The following equations were found to have no unknowns/observables:
var"dLATRAM.yy[1]" ~ var"dLATRAM.inertialDelaySensitive[1].x"
var"dLATRAM.inertialDelaySensitive[1].y" ~ var"dLATRAM.dataOut[1]"
var"dLATRAM.yy[2]" ~ var"dLATRAM.inertialDelaySensitive[2].x"
var"dLATRAM.inertialDelaySensitive[2].y" ~ var"dLATRAM.dataOut[2]"
var"RE.y" ~ var"dLATRAM.RE"
var"WE.y" ~ var"dLATRAM.WE"
var"addr_0.y" ~ var"dLATRAM.addr[1]"
var"addr_1.y" ~ var"dLATRAM.addr[2]"
var"data_1.y" ~ var"dLATRAM.dataIn[2]"
var"data_0.y" ~ var"dLATRAM.dataIn[1]"

Stacktrace:
  [1] error(s::String)
    @ Base ./error.jl:44
  [2] check_no_parameter_equations(sys::ModelingToolkitBase.System)
    @ ModelingToolkitBase ~/.julia/packages/ModelingToolkitBase/yP1tD/src/utils.jl:363
  [3] ModelingToolkitTearing.TearingState(sys::ModelingToolkitBase.System, source_info::ModelingToolkitBase.EquationSourceInformation; check::Bool, sort_eqs::Bool)
    @ ModelingToolkitTearing ~/.julia/packages/ModelingToolkitTearing/fC8Qv/src/tearingstate.jl:115
  [4] TearingState
    @ ~/.julia/packages/ModelingToolkitTearing/fC8Qv/src/tearingstate.jl:104 [inlined]
  [5] __mtkcompile(sys::ModelingToolkitBase.System; inputs::OrderedCollections.OrderedSet{SymbolicUtils.BasicSymbolicImpl.var"typeof(BasicSymbolicImpl)"{SymbolicUtils.SymReal}}, outputs::OrderedCollections.OrderedSet{SymbolicUtils.BasicSymbolicImpl.var"typeof(BasicSymbolicImpl)"{SymbolicUtils.SymReal}}, disturbance_inputs::OrderedCollections.OrderedSet{SymbolicUtils.BasicSymbolicImpl.var"typeof(BasicSymbolicImpl)"{SymbolicUtils.SymReal}}, sort_eqs::Bool, kwargs::@Kwargs{additional_passes::Tuple{}})
    @ ModelingToolkit ~/.julia/packages/ModelingToolkit/zJBUr/src/systems/systems.jl:33
  [6] _mtkcompile(sys::ModelingToolkitBase.System; kwargs::@Kwargs{inputs::OrderedCollections.OrderedSet{SymbolicUtils.BasicSymbolicImpl.var"typeof(BasicSymbolicImpl)"{SymbolicUtils.SymReal}}, outputs::OrderedCollections.OrderedSet{SymbolicUtils.BasicSymbolicImpl.var"typeof(BasicSymbolicImpl)"{SymbolicUtils.SymReal}}, disturbance_inputs::OrderedCollections.OrderedSet{SymbolicUtils.BasicSymbolicImpl.var"typeof(BasicSymbolicImpl)"{SymbolicUtils.SymReal}}, additional_passes::Tuple{}})
    @ ModelingToolkitBase ~/.julia/packages/ModelingToolkitBase/yP1tD/src/systems/systems.jl:0
  [7] _mtkcompile
    @ ~/.julia/packages/ModelingToolkitBase/yP1tD/src/systems/systems.jl:122 [inlined]
  [8] mtkcompile(sys::ModelingToolkitBase.System; additional_passes::Tuple{}, inputs::Vector{SymbolicUtils.BasicSymbolicImpl.var"typeof(BasicSymbolicImpl)"{SymbolicUtils.SymReal}}, outputs::Vector{SymbolicUtils.BasicSymbolicImpl.var"typeof(BasicSymbolicImpl)"{SymbolicUtils.SymReal}}, disturbance_inputs::Vector{SymbolicUtils.BasicSymbolicImpl.var"typeof(BasicSymbolicImpl)"{SymbolicUtils.SymReal}}, split::Bool, kwargs::@Kwargs{})
    @ ModelingToolkitBase ~/.julia/packages/ModelingToolkitBase/yP1tD/src/systems/systems.jl:95
  [9] mtkcompile
    @ ~/.julia/packages/ModelingToolkitBase/yP1tD/src/systems/systems.jl:84 [inlined]
 [10] eval_AST(model::BaseModelica.BaseModelicaModel)
    @ BaseModelica ~/.julia/packages/BaseModelica/G7VqY/src/evaluator.jl:646
 [11] eval_AST(package::BaseModelica.BaseModelicaPackage)
    @ BaseModelica ~/.julia/packages/BaseModelica/G7VqY/src/evaluator.jl:658
 [12] baseModelica_to_ModelingToolkit
    @ ~/.julia/packages/BaseModelica/G7VqY/src/evaluator.jl:708 [inlined]
 [13] create_odeproblem(filename::String; parser::Symbol, u0::Vector{Any}, kwargs::@Kwargs{})
    @ BaseModelica ~/.julia/packages/BaseModelica/G7VqY/src/BaseModelica.jl:160
 [14] create_odeproblem
    @ ~/.julia/packages/BaseModelica/G7VqY/src/BaseModelica.jl:149 [inlined]
 [15] #run_parse##4
    @ ~/work/BaseModelicaLibraryTesting.jl/BaseModelicaLibraryTesting.jl/src/parse_bm.jl:34 [inlined]
 [16] with_logstate(f::BaseModelicaLibraryTesting.var"#run_parse##4#run_parse##5"{String}, logstate::Base.CoreLogging.LogState)
    @ Base.CoreLogging ./logging/logging.jl:542
 [17] (::Base.RedirectStdStream)(thunk::BaseModelicaLibraryTesting.var"#run_parse##2#run_parse##3"{String, Base.CoreLogging.SimpleLogger}, stream::Pipe)
    @ Base ./stream.jl:1457
 [18] #run_parse##0
    @ ~/work/BaseModelicaLibraryTesting.jl/BaseModelicaLibraryTesting.jl/src/parse_bm.jl:32 [inlined]
 [19] (::Base.RedirectStdStream)(thunk::BaseModelicaLibraryTesting.var"#run_parse##0#run_parse##1"{String, Base.CoreLogging.SimpleLogger, Pipe}, stream::Pipe)
    @ Base ./stream.jl:1464
 [20] run_parse(bm_path::String, model_dir::String, model::String)
    @ BaseModelicaLibraryTesting ~/work/BaseModelicaLibraryTesting.jl/BaseModelicaLibraryTesting.jl/src/parse_bm.jl:31
 [21] test_model(omc::OMJulia.OMCSession, model::String, results_root::String, ref_root::String; csv_max_size_mb::Int64)
    @ BaseModelicaLibraryTesting ~/work/BaseModelicaLibraryTesting.jl/BaseModelicaLibraryTesting.jl/src/pipeline.jl:75
 [22] test_model
    @ ~/work/BaseModelicaLibraryTesting.jl/BaseModelicaLibraryTesting.jl/src/pipeline.jl:60 [inlined]
 [23] main(; library::String, version::String, filter::Nothing, omc_exe::String, results_root::String, ref_root::String, bm_options::String, csv_max_size_mb::Int64)
    @ BaseModelicaLibraryTesting ~/work/BaseModelicaLibraryTesting.jl/BaseModelicaLibraryTesting.jl/src/pipeline.jl:189
 [24] top-level scope
    @ none:3
 [25] eval(m::Module, e::Any)
    @ Core ./boot.jl:489
 [26] exec_options(opts::Base.JLOptions)
    @ Base ./client.jl:283
 [27] _start()
    @ Base ./client.jl:550
