Model:   Modelica.Fluid.Examples.TraceSubstances.RoomCO2
Time:    2.137 s
Success: false

--- Parser output ---
line 6:14 missing IDENT at '['
line 6:18 missing ';' at ''X''
line 6:21 extraneous input '(' expecting IDENT
line 6:161 extraneous input ')' expecting ';'
line 9:14 missing IDENT at '['
line 9:18 missing ';' at ''dX''
line 9:22 extraneous input '(' expecting IDENT
line 9:28 missing ';' at 'unit'
line 9:33 missing IDENT at '='
line 9:40 extraneous input ')' expecting ';'
line 44:8 missing IDENT at '['
line 44:12 missing ';' at ''a''
line 44:16 missing IDENT at '='
line 45:8 missing IDENT at '['
line 45:12 missing ';' at ''n''
line 45:16 missing IDENT at '='
line 59:8 missing IDENT at '['
line 59:12 missing ';' at ''a''
line 59:16 missing IDENT at '='
line 60:8 missing IDENT at '['
line 60:12 missing ';' at ''n''
line 60:16 missing IDENT at '='
line 75:8 missing IDENT at '['
line 75:12 missing ';' at ''a''
line 75:16 missing IDENT at '='
line 76:8 missing IDENT at '['
line 76:12 missing ';' at ''n''
line 76:16 missing IDENT at '='
line 89:8 missing IDENT at '['
line 89:12 missing ';' at ''a''
line 89:16 missing IDENT at '='
line 90:8 missing IDENT at '['
line 90:12 missing ';' at ''n''
line 90:16 missing IDENT at '='
line 140:8 missing IDENT at '['
line 140:12 missing ';' at ''a''
line 140:16 missing IDENT at '='
line 141:8 missing IDENT at '['
line 141:12 missing ';' at ''n''
line 141:16 missing IDENT at '='
line 151:14 missing IDENT at '['
line 151:18 extraneous input ''p'' expecting ';'
line 170:14 missing IDENT at '['
line 170:18 missing ';' at ''X''
line 170:21 extraneous input '(' expecting IDENT
line 170:161 extraneous input ')' expecting ';'
line 173:14 missing IDENT at '['
line 173:18 missing ';' at ''dX''
line 173:22 extraneous input '(' expecting IDENT
line 173:28 missing ';' at 'unit'
line 173:33 missing IDENT at '='
line 173:40 extraneous input ')' expecting ';'
line 205:14 missing IDENT at '['
line 205:18 missing ';' at ''X''
line 205:21 extraneous input '(' expecting IDENT
line 205:200 mismatched input ')' expecting ';'
line 206:4 extraneous input 'output' expecting {'model', 'type', 'operator', 'record', 'pure', 'constant', 'impure', 'function', '@'}
line 217:8 missing IDENT at '['
line 217:12 missing ';' at ''a''
line 217:16 missing IDENT at '='
line 218:8 missing IDENT at '['
line 218:12 missing ';' at ''n''
line 218:16 missing IDENT at '='
line 228:14 missing IDENT at '['
line 228:18 missing ';' at ''X''
line 228:21 extraneous input '(' expecting IDENT
line 228:200 mismatched input ')' expecting ';'
line 229:4 extraneous input 'output' expecting {'model', 'type', 'operator', 'record', 'pure', 'constant', 'impure', 'function', '@'}
line 238:14 missing IDENT at '['
line 238:18 missing ';' at ''X''
line 238:21 extraneous input '(' expecting IDENT
line 238:200 mismatched input ')' expecting ';'
line 239:4 extraneous input 'output' expecting {'model', 'type', 'operator', 'record', 'pure', 'constant', 'impure', 'function', '@'}
line 278:8 missing IDENT at '['
line 278:12 missing ';' at ''a''
line 278:16 missing IDENT at '='
line 279:8 missing IDENT at '['
line 279:12 missing ';' at ''n''
line 279:16 missing IDENT at '='
line 289:14 missing IDENT at '['
line 289:18 missing ';' at ''X''
line 289:21 extraneous input '(' expecting IDENT
line 289:200 mismatched input ')' expecting ';'
line 290:4 extraneous input 'output' expecting {'model', 'type', 'operator', 'record', 'pure', 'constant', 'impure', 'function', '@'}
line 302:8 missing IDENT at '['
line 302:12 missing ';' at ''a''
line 302:16 missing IDENT at '='
line 303:8 missing IDENT at '['
line 303:12 missing ';' at ''n''
line 303:16 missing IDENT at '='
line 313:14 missing IDENT at '['
line 313:18 extraneous input ''p'' expecting ';'
line 332:14 missing IDENT at '['
line 332:18 missing ';' at ''X''
line 332:21 extraneous input '(' expecting IDENT
line 332:161 extraneous input ')' expecting ';'
line 419:8 missing IDENT at '['
line 419:12 missing ';' at ''a''
line 419:16 missing IDENT at '='
line 420:8 missing IDENT at '['
line 420:12 missing ';' at ''n''
line 420:16 missing IDENT at '='
line 430:14 missing IDENT at '['
line 430:18 missing ';' at ''X''
line 430:21 extraneous input '(' expecting IDENT
line 430:200 mismatched input ')' expecting ';'
line 431:4 extraneous input 'output' expecting {'model', 'type', 'operator', 'record', 'pure', 'constant', 'impure', 'function', '@'}
line 505:14 missing IDENT at '['
line 505:18 missing ';' at ''X''
line 505:21 extraneous input '(' expecting IDENT
line 505:161 extraneous input ')' expecting ';'
line 508:14 missing IDENT at '['
line 508:18 missing ';' at ''dX''
line 508:22 extraneous input '(' expecting IDENT
line 508:28 missing ';' at 'unit'
line 508:33 missing IDENT at '='
line 508:40 extraneous input ')' expecting ';'
line 540:14 missing IDENT at '['
line 540:18 missing ';' at ''X''
line 540:21 extraneous input '(' expecting IDENT
line 540:161 extraneous input ')' expecting ';'
line 560:14 missing IDENT at '['
line 560:18 missing ';' at ''X''
line 560:21 extraneous input '(' expecting IDENT
line 560:161 extraneous input ')' expecting ';'
line 579:16 missing IDENT at '['
line 579:20 extraneous input ''substanceNames'' expecting ';'
line 582:14 missing IDENT at '['
line 582:18 extraneous input ''X_boundary'' expecting ';'
line 689:8 missing IDENT at '['
line 689:12 missing ';' at ''a''
line 689:16 missing IDENT at '='
line 690:8 missing IDENT at '['
line 690:12 missing ';' at ''n''
line 690:16 missing IDENT at '='
line 703:8 missing IDENT at '['
line 703:12 missing ';' at ''a''
line 703:16 missing IDENT at '='
line 704:8 missing IDENT at '['
line 704:12 missing ';' at ''n''
line 704:16 missing IDENT at '='
line 717:8 missing IDENT at '['
line 717:12 missing ';' at ''a''
line 717:16 missing IDENT at '='
line 718:8 missing IDENT at '['
line 718:12 missing ';' at ''n''
line 718:16 missing IDENT at '='
line 732:8 missing IDENT at '['
line 732:12 missing ';' at ''X''
line 732:15 extraneous input '(' expecting IDENT
line 732:161 extraneous input ')' expecting ';'
line 738:8 missing IDENT at '['
line 738:12 missing ';' at ''X''
line 738:15 extraneous input '(' expecting IDENT
line 738:161 extraneous input ')' expecting ';'
line 744:8 missing IDENT at '['
line 744:12 missing ';' at ''X''
line 744:15 extraneous input '(' expecting IDENT
line 744:161 extraneous input ')' expecting ';'
line 750:8 missing IDENT at '['
line 750:12 missing ';' at ''X''
line 750:15 extraneous input '(' expecting IDENT
line 750:161 extraneous input ')' expecting ';'
line 759:8 missing IDENT at '['
line 759:12 extraneous input ''alow'' expecting ';'
line 760:8 missing IDENT at '['
line 760:12 extraneous input ''blow'' expecting ';'
line 761:8 missing IDENT at '['
line 761:12 extraneous input ''ahigh'' expecting ';'
line 762:8 missing IDENT at '['
line 762:12 extraneous input ''bhigh'' expecting ';'
line 904:314 mismatched input '.' expecting ')'
line 904:318 extraneous input '(' expecting IDENT
line 904:396 mismatched input '101325.0' expecting {')', '@', IDENT}
line 904:424 mismatched input '{' expecting IDENT
line 904:432 mismatched input '0.085' expecting IDENT
line 904:444 extraneous input '(' expecting IDENT
line 904:522 mismatched input '101325.0' expecting {')', '@', IDENT}
line 904:550 mismatched input '{' expecting IDENT
line 904:558 mismatched input '0.085' expecting IDENT
line 1152:248 mismatched input '.' expecting ')'
line 1180:41 missing ';' at 'traceVolume'
line 1180:56 extraneous input '']'' expecting ';'
line 1192:248 mismatched input '.' expecting ')'
line 1218:111 token recognition error at: '$'
line 1218:112 mismatched input 'i4427' expecting ')'
line 1218:177 mismatched input ',' expecting ';'
line 1219:4 mismatched input ''boundary1.ports[1].p'' expecting {'end', 'annotation'}

--- Error ---
Python: AttributeError: 'NoneType' object has no attribute 'getText'
Python stacktrace: none
Stacktrace:
  [1] pythrow()
    @ PythonCall.Core ~/.julia/packages/PythonCall/83z4q/src/Core/err.jl:77
  [2] errcheck
    @ ~/.julia/packages/PythonCall/83z4q/src/Core/err.jl:10 [inlined]
  [3] pygetattr(x::PythonCall.Py, k::String)
    @ PythonCall.Core ~/.julia/packages/PythonCall/83z4q/src/Core/builtins.jl:58
  [4] getproperty
    @ ~/.julia/packages/PythonCall/83z4q/src/Core/Py.jl:275 [inlined]
  [5] get_text(ctx::PythonCall.Py)
    @ BaseModelica ~/.julia/packages/BaseModelica/G7VqY/src/antlr_parser.jl:174
  [6] visit_declaration(visitor::BaseModelica.ASTBuilderVisitor, ctx::PythonCall.Py)
    @ BaseModelica ~/.julia/packages/BaseModelica/G7VqY/src/antlr_parser.jl:438
  [7] visit_componentDeclaration(visitor::BaseModelica.ASTBuilderVisitor, ctx::PythonCall.Py)
    @ BaseModelica ~/.julia/packages/BaseModelica/G7VqY/src/antlr_parser.jl:428
  [8] visit_componentList(visitor::BaseModelica.ASTBuilderVisitor, ctx::PythonCall.Py)
    @ BaseModelica ~/.julia/packages/BaseModelica/G7VqY/src/antlr_parser.jl:420
  [9] visit_componentClause(visitor::BaseModelica.ASTBuilderVisitor, ctx::PythonCall.Py)
    @ BaseModelica ~/.julia/packages/BaseModelica/G7VqY/src/antlr_parser.jl:373
 [10] visit_normalElement(visitor::BaseModelica.ASTBuilderVisitor, ctx::PythonCall.Py)
    @ BaseModelica ~/.julia/packages/BaseModelica/G7VqY/src/antlr_parser.jl:366
 [11] visit_genericElement(visitor::BaseModelica.ASTBuilderVisitor, ctx::PythonCall.Py)
    @ BaseModelica ~/.julia/packages/BaseModelica/G7VqY/src/antlr_parser.jl:358
 [12] visit_composition(visitor::BaseModelica.ASTBuilderVisitor, ctx::PythonCall.Py)
    @ BaseModelica ~/.julia/packages/BaseModelica/G7VqY/src/antlr_parser.jl:306
 [13] visit_longClassSpecifier(visitor::BaseModelica.ASTBuilderVisitor, ctx::PythonCall.Py)
    @ BaseModelica ~/.julia/packages/BaseModelica/G7VqY/src/antlr_parser.jl:245
 [14] visit_baseModelica(visitor::BaseModelica.ASTBuilderVisitor, ctx::PythonCall.Py)
    @ BaseModelica ~/.julia/packages/BaseModelica/G7VqY/src/antlr_parser.jl:217
 [15] antlr_tree_to_ast
    @ ~/.julia/packages/BaseModelica/G7VqY/src/antlr_parser.jl:161 [inlined]
 [16] parse_file_antlr(file_path::String)
    @ BaseModelica ~/.julia/packages/BaseModelica/G7VqY/src/antlr_parser.jl:1250
 [17] create_odeproblem(filename::String; parser::Symbol, u0::Vector{Any}, kwargs::@Kwargs{})
    @ BaseModelica ~/.julia/packages/BaseModelica/G7VqY/src/BaseModelica.jl:152
 [18] create_odeproblem
    @ ~/.julia/packages/BaseModelica/G7VqY/src/BaseModelica.jl:149 [inlined]
 [19] #run_parse##4
    @ ~/work/BaseModelicaLibraryTesting.jl/BaseModelicaLibraryTesting.jl/src/parse_bm.jl:34 [inlined]
 [20] with_logstate(f::BaseModelicaLibraryTesting.var"#run_parse##4#run_parse##5"{String}, logstate::Base.CoreLogging.LogState)
    @ Base.CoreLogging ./logging/logging.jl:542
 [21] (::Base.RedirectStdStream)(thunk::BaseModelicaLibraryTesting.var"#run_parse##2#run_parse##3"{String, Base.CoreLogging.SimpleLogger}, stream::Pipe)
    @ Base ./stream.jl:1457
 [22] #run_parse##0
    @ ~/work/BaseModelicaLibraryTesting.jl/BaseModelicaLibraryTesting.jl/src/parse_bm.jl:32 [inlined]
 [23] (::Base.RedirectStdStream)(thunk::BaseModelicaLibraryTesting.var"#run_parse##0#run_parse##1"{String, Base.CoreLogging.SimpleLogger, Pipe}, stream::Pipe)
    @ Base ./stream.jl:1464
 [24] run_parse(bm_path::String, model_dir::String, model::String)
    @ BaseModelicaLibraryTesting ~/work/BaseModelicaLibraryTesting.jl/BaseModelicaLibraryTesting.jl/src/parse_bm.jl:31
 [25] test_model(omc::OMJulia.OMCSession, model::String, results_root::String, ref_root::String; csv_max_size_mb::Int64)
    @ BaseModelicaLibraryTesting ~/work/BaseModelicaLibraryTesting.jl/BaseModelicaLibraryTesting.jl/src/pipeline.jl:75
 [26] test_model
    @ ~/work/BaseModelicaLibraryTesting.jl/BaseModelicaLibraryTesting.jl/src/pipeline.jl:60 [inlined]
 [27] main(; library::String, version::String, filter::Nothing, omc_exe::String, results_root::String, ref_root::String, bm_options::String, csv_max_size_mb::Int64)
    @ BaseModelicaLibraryTesting ~/work/BaseModelicaLibraryTesting.jl/BaseModelicaLibraryTesting.jl/src/pipeline.jl:189
 [28] top-level scope
    @ none:3
 [29] eval(m::Module, e::Any)
    @ Core ./boot.jl:489
 [30] exec_options(opts::Base.JLOptions)
    @ Base ./client.jl:283
 [31] _start()
    @ Base ./client.jl:550
