Model:   Modelica.Mechanics.MultiBody.Examples.Elementary.RollingWheel
Time:    2.115 s
Success: false

--- Parser output ---
line 4:14 missing IDENT at '['
line 4:18 extraneous input ''n_x'' expecting ';'
line 5:14 missing IDENT at '['
line 5:18 extraneous input ''n_y'' expecting ';'
line 6:15 missing IDENT at '['
line 6:22 extraneous input ''T'' expecting ';'
line 7:8 missing IDENT at '['
line 7:12 missing ';' at ''e_x''
line 7:17 extraneous input '(' expecting IDENT
line 7:23 missing ';' at 'unit'
line 7:28 missing IDENT at '='
line 7:33 mismatched input ')' expecting ';'
line 8:4 extraneous input 'Real' expecting {'model', 'type', 'operator', 'record', 'pure', 'constant', 'impure', 'function', '@'}

--- Error ---
MethodError: no method matching +(::Nothing, ::Float64)
The function `+` exists, but no method is defined for this combination of argument types.

Closest candidates are:
  +(::Any, ::Any, !Matched::Any, !Matched::Any...)
   @ Base operators.jl:642
  +(!Matched::SymbolicUtils.BasicSymbolicImpl.var"typeof(BasicSymbolicImpl)"{SymbolicUtils.TreeReal}, ::Real)
   @ SymbolicUtils ~/.julia/packages/SymbolicUtils/Rs8cp/src/methods.jl:85
  +(!Matched::SymbolicUtils.BasicSymbolicImpl.var"typeof(BasicSymbolicImpl)"{SymbolicUtils.TreeReal}, ::Number)
   @ SymbolicUtils ~/.julia/packages/SymbolicUtils/Rs8cp/src/methods.jl:87
  ...

Stacktrace:
  [1] eval_AST(expr::BaseModelica.BaseModelicaSum)
    @ BaseModelica ~/.julia/packages/BaseModelica/G7VqY/src/evaluator.jl:28
  [2] eval_AST(expr::BaseModelica.BaseModelicaProd)
    @ BaseModelica ~/.julia/packages/BaseModelica/G7VqY/src/evaluator.jl:31
  [3] eval_AST(expr::BaseModelica.BaseModelicaSum) (repeats 2 times)
    @ BaseModelica ~/.julia/packages/BaseModelica/G7VqY/src/evaluator.jl:28
  [4] eval_AST(expr::BaseModelica.BaseModelicaDivide)
    @ BaseModelica ~/.julia/packages/BaseModelica/G7VqY/src/evaluator.jl:32
  [5] eval_AST(expr::BaseModelica.BaseModelicaProd)
    @ BaseModelica ~/.julia/packages/BaseModelica/G7VqY/src/evaluator.jl:31
  [6] eval_AST(expr::BaseModelica.BaseModelicaUnaryMinus)
    @ BaseModelica ~/.julia/packages/BaseModelica/G7VqY/src/evaluator.jl:30
  [7] build_nested_ifelse(if_expr::BaseModelica.BaseModelicaIfExpression, idx::Int64)
    @ BaseModelica ~/.julia/packages/BaseModelica/G7VqY/src/evaluator.jl:52
  [8] build_nested_ifelse
    @ ~/.julia/packages/BaseModelica/G7VqY/src/evaluator.jl:48 [inlined]
  [9] eval_AST(if_expr::BaseModelica.BaseModelicaIfExpression)
    @ BaseModelica ~/.julia/packages/BaseModelica/G7VqY/src/evaluator.jl:58
 [10] build_nested_ifelse(if_expr::BaseModelica.BaseModelicaIfExpression, idx::Int64)
    @ BaseModelica ~/.julia/packages/BaseModelica/G7VqY/src/evaluator.jl:49
 [11] build_nested_ifelse(if_expr::BaseModelica.BaseModelicaIfExpression, idx::Int64)
    @ BaseModelica ~/.julia/packages/BaseModelica/G7VqY/src/evaluator.jl:53
 [12] build_nested_ifelse
    @ ~/.julia/packages/BaseModelica/G7VqY/src/evaluator.jl:48 [inlined]
 [13] eval_AST(if_expr::BaseModelica.BaseModelicaIfExpression)
    @ BaseModelica ~/.julia/packages/BaseModelica/G7VqY/src/evaluator.jl:58
 [14] eval_AST(eq::BaseModelica.BaseModelicaSimpleEquation)
    @ BaseModelica ~/.julia/packages/BaseModelica/G7VqY/src/evaluator.jl:117
 [15] eval_AST(eq::BaseModelica.BaseModelicaAnyEquation)
    @ BaseModelica ~/.julia/packages/BaseModelica/G7VqY/src/evaluator.jl:75
 [16] (::BaseModelica.var"#eval_AST##6#eval_AST##7")(eq::BaseModelica.BaseModelicaAnyEquation)
    @ BaseModelica ./none:-1
 [17] iterate
    @ ./generator.jl:48 [inlined]
 [18] collect_to!(dest::Vector{Symbolics.Equation}, itr::Base.Generator{Vector{Any}, BaseModelica.var"#eval_AST##6#eval_AST##7"}, offs::Int64, st::Int64)
    @ Base ./array.jl:848
 [19] collect_to_with_first!(dest::Vector{Symbolics.Equation}, v1::Symbolics.Equation, itr::Base.Generator{Vector{Any}, BaseModelica.var"#eval_AST##6#eval_AST##7"}, st::Int64)
    @ Base ./array.jl:826
 [20] collect(itr::Base.Generator{Vector{Any}, BaseModelica.var"#eval_AST##6#eval_AST##7"})
    @ Base ./array.jl:800
 [21] eval_AST(model::BaseModelica.BaseModelicaModel)
    @ BaseModelica ~/.julia/packages/BaseModelica/G7VqY/src/evaluator.jl:391
 [22] eval_AST(package::BaseModelica.BaseModelicaPackage)
    @ BaseModelica ~/.julia/packages/BaseModelica/G7VqY/src/evaluator.jl:658
 [23] baseModelica_to_ModelingToolkit
    @ ~/.julia/packages/BaseModelica/G7VqY/src/evaluator.jl:708 [inlined]
 [24] create_odeproblem(filename::String; parser::Symbol, u0::Vector{Any}, kwargs::@Kwargs{})
    @ BaseModelica ~/.julia/packages/BaseModelica/G7VqY/src/BaseModelica.jl:160
 [25] create_odeproblem
    @ ~/.julia/packages/BaseModelica/G7VqY/src/BaseModelica.jl:149 [inlined]
 [26] #run_parse##4
    @ ~/work/BaseModelicaLibraryTesting.jl/BaseModelicaLibraryTesting.jl/src/parse_bm.jl:34 [inlined]
 [27] with_logstate(f::BaseModelicaLibraryTesting.var"#run_parse##4#run_parse##5"{String}, logstate::Base.CoreLogging.LogState)
    @ Base.CoreLogging ./logging/logging.jl:542
 [28] (::Base.RedirectStdStream)(thunk::BaseModelicaLibraryTesting.var"#run_parse##2#run_parse##3"{String, Base.CoreLogging.SimpleLogger}, stream::Pipe)
    @ Base ./stream.jl:1457
 [29] #run_parse##0
    @ ~/work/BaseModelicaLibraryTesting.jl/BaseModelicaLibraryTesting.jl/src/parse_bm.jl:32 [inlined]
 [30] (::Base.RedirectStdStream)(thunk::BaseModelicaLibraryTesting.var"#run_parse##0#run_parse##1"{String, Base.CoreLogging.SimpleLogger, Pipe}, stream::Pipe)
    @ Base ./stream.jl:1464
 [31] run_parse(bm_path::String, model_dir::String, model::String)
    @ BaseModelicaLibraryTesting ~/work/BaseModelicaLibraryTesting.jl/BaseModelicaLibraryTesting.jl/src/parse_bm.jl:31
 [32] test_model(omc::OMJulia.OMCSession, model::String, results_root::String, ref_root::String; csv_max_size_mb::Int64)
    @ BaseModelicaLibraryTesting ~/work/BaseModelicaLibraryTesting.jl/BaseModelicaLibraryTesting.jl/src/pipeline.jl:75
 [33] test_model
    @ ~/work/BaseModelicaLibraryTesting.jl/BaseModelicaLibraryTesting.jl/src/pipeline.jl:60 [inlined]
 [34] main(; library::String, version::String, filter::Nothing, omc_exe::String, results_root::String, ref_root::String, bm_options::String, csv_max_size_mb::Int64)
    @ BaseModelicaLibraryTesting ~/work/BaseModelicaLibraryTesting.jl/BaseModelicaLibraryTesting.jl/src/pipeline.jl:189
 [35] top-level scope
    @ none:3
 [36] eval(m::Module, e::Any)
    @ Core ./boot.jl:489
 [37] exec_options(opts::Base.JLOptions)
    @ Base ./client.jl:283
 [38] _start()
    @ Base ./client.jl:550
