Model:   Modelica.Electrical.PowerConverters.Examples.ACDC.RectifierCenterTapmPulse.ThyristorCenterTapmPulse_RLV
Time:    0.441 s
Success: false

--- Error ---
MethodError: no method matching -(::Symbolics.Num, ::Nothing)
The function `-` exists, but no method is defined for this combination of argument types.

Closest candidates are:
  -(!Matched::ChainRulesCore.ZeroTangent, ::Any)
   @ ChainRulesCore ~/.julia/packages/ChainRulesCore/Vsbj9/src/tangent_arithmetic.jl:101
  -(::Symbolics.Num)
   @ Symbolics ~/.julia/packages/Symbolics/29fkz/src/num.jl:53
  -(::Symbolics.Num, !Matched::Symbolics.Num)
   @ Symbolics ~/.julia/packages/Symbolics/29fkz/src/num.jl:57
  ...

Stacktrace:
  [1] eval_AST(expr::BaseModelica.BaseModelicaMinus)
    @ BaseModelica ~/.julia/packages/BaseModelica/G7VqY/src/evaluator.jl:29
  [2] build_nested_ifelse(if_expr::BaseModelica.BaseModelicaIfExpression, idx::Int64)
    @ BaseModelica ~/.julia/packages/BaseModelica/G7VqY/src/evaluator.jl:52
  [3] build_nested_ifelse
    @ ~/.julia/packages/BaseModelica/G7VqY/src/evaluator.jl:48 [inlined]
  [4] eval_AST(if_expr::BaseModelica.BaseModelicaIfExpression)
    @ BaseModelica ~/.julia/packages/BaseModelica/G7VqY/src/evaluator.jl:58
  [5] eval_AST(eq::BaseModelica.BaseModelicaSimpleEquation)
    @ BaseModelica ~/.julia/packages/BaseModelica/G7VqY/src/evaluator.jl:117
  [6] eval_AST(eq::BaseModelica.BaseModelicaAnyEquation)
    @ BaseModelica ~/.julia/packages/BaseModelica/G7VqY/src/evaluator.jl:75
  [7] (::BaseModelica.var"#eval_AST##6#eval_AST##7")(eq::BaseModelica.BaseModelicaAnyEquation)
    @ BaseModelica ./none:-1
  [8] iterate
    @ ./generator.jl:48 [inlined]
  [9] collect_to!(dest::Vector{Union{Nothing, Symbolics.Equation}}, itr::Base.Generator{Vector{Any}, BaseModelica.var"#eval_AST##6#eval_AST##7"}, offs::Int64, st::Int64)
    @ Base ./array.jl:848
 [10] collect_to!(dest::Vector{Symbolics.Equation}, itr::Base.Generator{Vector{Any}, BaseModelica.var"#eval_AST##6#eval_AST##7"}, offs::Int64, st::Int64)
    @ Base ./array.jl:856
 [11] collect_to_with_first!(dest::Vector{Symbolics.Equation}, v1::Symbolics.Equation, itr::Base.Generator{Vector{Any}, BaseModelica.var"#eval_AST##6#eval_AST##7"}, st::Int64)
    @ Base ./array.jl:826
 [12] collect(itr::Base.Generator{Vector{Any}, BaseModelica.var"#eval_AST##6#eval_AST##7"})
    @ Base ./array.jl:800
 [13] eval_AST(model::BaseModelica.BaseModelicaModel)
    @ BaseModelica ~/.julia/packages/BaseModelica/G7VqY/src/evaluator.jl:391
 [14] eval_AST(package::BaseModelica.BaseModelicaPackage)
    @ BaseModelica ~/.julia/packages/BaseModelica/G7VqY/src/evaluator.jl:658
 [15] baseModelica_to_ModelingToolkit
    @ ~/.julia/packages/BaseModelica/G7VqY/src/evaluator.jl:708 [inlined]
 [16] create_odeproblem(filename::String; parser::Symbol, u0::Vector{Any}, kwargs::@Kwargs{})
    @ BaseModelica ~/.julia/packages/BaseModelica/G7VqY/src/BaseModelica.jl:160
 [17] create_odeproblem
    @ ~/.julia/packages/BaseModelica/G7VqY/src/BaseModelica.jl:149 [inlined]
 [18] #run_parse##4
    @ ~/work/BaseModelicaLibraryTesting.jl/BaseModelicaLibraryTesting.jl/src/parse_bm.jl:34 [inlined]
 [19] with_logstate(f::BaseModelicaLibraryTesting.var"#run_parse##4#run_parse##5"{String}, logstate::Base.CoreLogging.LogState)
    @ Base.CoreLogging ./logging/logging.jl:542
 [20] (::Base.RedirectStdStream)(thunk::BaseModelicaLibraryTesting.var"#run_parse##2#run_parse##3"{String, Base.CoreLogging.SimpleLogger}, stream::Pipe)
    @ Base ./stream.jl:1457
 [21] #run_parse##0
    @ ~/work/BaseModelicaLibraryTesting.jl/BaseModelicaLibraryTesting.jl/src/parse_bm.jl:32 [inlined]
 [22] (::Base.RedirectStdStream)(thunk::BaseModelicaLibraryTesting.var"#run_parse##0#run_parse##1"{String, Base.CoreLogging.SimpleLogger, Pipe}, stream::Pipe)
    @ Base ./stream.jl:1464
 [23] run_parse(bm_path::String, model_dir::String, model::String)
    @ BaseModelicaLibraryTesting ~/work/BaseModelicaLibraryTesting.jl/BaseModelicaLibraryTesting.jl/src/parse_bm.jl:31
 [24] test_model(omc::OMJulia.OMCSession, model::String, results_root::String, ref_root::String; csv_max_size_mb::Int64)
    @ BaseModelicaLibraryTesting ~/work/BaseModelicaLibraryTesting.jl/BaseModelicaLibraryTesting.jl/src/pipeline.jl:75
 [25] test_model
    @ ~/work/BaseModelicaLibraryTesting.jl/BaseModelicaLibraryTesting.jl/src/pipeline.jl:60 [inlined]
 [26] main(; library::String, version::String, filter::String, omc_exe::String, results_root::String, ref_root::String, bm_options::String, csv_max_size_mb::Int64)
    @ BaseModelicaLibraryTesting ~/work/BaseModelicaLibraryTesting.jl/BaseModelicaLibraryTesting.jl/src/pipeline.jl:189
 [27] top-level scope
    @ none:4
 [28] eval(m::Module, e::Any)
    @ Core ./boot.jl:489
 [29] exec_options(opts::Base.JLOptions)
    @ Base ./client.jl:283
 [30] _start()
    @ Base ./client.jl:550
