Model:   Modelica.Clocked.Examples.Elementary.RealSignals.Sample1
Time:    0.0 s
Success: false

--- Error ---
UndefVarError: `create_odeproblem` not defined in `BaseModelica`
Suggestion: check for spelling errors or missing imports.
Stacktrace:
 [1] getproperty
   @ ./Base_compiler.jl:47 [inlined]
 [2] run_parse(bm_path::String, model_dir::String, model::String)
   @ BaseModelicaLibraryTesting ~/work/BaseModelicaLibraryTesting.jl/BaseModelicaLibraryTesting.jl/src/parse_bm.jl:24
 [3] test_model(omc::OMJulia.OMCSession, model::String, results_root::String, ref_root::String)
   @ BaseModelicaLibraryTesting ~/work/BaseModelicaLibraryTesting.jl/BaseModelicaLibraryTesting.jl/src/pipeline.jl:23
 [4] main(; library::String, version::String, filter::Nothing, omc_exe::String, results_root::String, ref_root::String)
   @ BaseModelicaLibraryTesting ~/work/BaseModelicaLibraryTesting.jl/BaseModelicaLibraryTesting.jl/src/pipeline.jl:125
 [5] top-level scope
   @ none:3
 [6] eval(m::Module, e::Any)
   @ Core ./boot.jl:489
 [7] exec_options(opts::Base.JLOptions)
   @ Base ./client.jl:283
 [8] _start()
   @ Base ./client.jl:550
