Model:   Modelica.Electrical.Analog.Examples.CharacteristicIdealDiodes
┌ Warning: Verbosity toggle: rosenbrock_no_differential_states 
│  Rosenbrock methods on equations without differential states do not bound the error on interpolations.
└ @ OrdinaryDiffEqCore /home/runner/.julia/packages/OrdinaryDiffEqCore/rnOL4/src/solve.jl:163
┌ Warning: Verbosity toggle: rosenbrock_no_differential_states 
│  Rosenbrock methods on equations without differential states do not bound the error on interpolations.
└ @ OrdinaryDiffEqCore /home/runner/.julia/packages/OrdinaryDiffEqCore/rnOL4/src/solve.jl:163
┌ Warning: Verbosity toggle: instability 
│  Instability detected. Aborting
└ @ SciMLBase /home/runner/.julia/packages/SciMLBase/hLfdZ/src/integrator_interface.jl:745
Solver OrdinaryDiffEqRosenbrock.Rodas5P
    saveat:   500 points in [0.0, 1.0]
    abstol:   1.00e-06
    reltol:   1.00e-04
    adaptive: false
    dense:    false

Time: 6.265 s
Success: false

--- Error ---
Solver returned: Unstable
