Model:  Modelica.Electrical.Analog.Examples.AmplifierWithOpAmpDetailed
Time:    0.005 s
Success: false

--- Error ---
TypeError: non-boolean (Symbolics.Num) used in boolean context
A symbolic expression appeared in a Boolean context. This error arises in situations where Julia expects a Bool, like 
if boolean_condition		 use ifelse(boolean_condition, then branch, else branch)
x && y				 use x & y
boolean_condition ? a : b	 use ifelse(boolean_condition, a, b)
but a symbolic expression appeared instead of a Bool. For help regarding control flow with symbolic variables, see https://docs.sciml.ai/ModelingToolkit/dev/basics/FAQ/#How-do-I-handle-if-statements-in-my-symbolic-forms?
Stacktrace:
  [1] eval_AST(expr::BaseModelica.BaseModelicaAnd)
    @ BaseModelica ~/.julia/packages/BaseModelica/BAR37/src/evaluator.jl:34
  [2] (::BaseModelica.var"#build_nested_ifelse#eval_AST##0"{BaseModelica.BaseModelicaIfExpression})(idx::Int64)
    @ BaseModelica ~/.julia/packages/BaseModelica/BAR37/src/evaluator.jl:59
  [3] (::BaseModelica.var"#build_nested_ifelse#eval_AST##0"{BaseModelica.BaseModelicaIfExpression})()
    @ BaseModelica ~/.julia/packages/BaseModelica/BAR37/src/evaluator.jl:54
  [4] eval_AST(if_expr::BaseModelica.BaseModelicaIfExpression)
    @ BaseModelica ~/.julia/packages/BaseModelica/BAR37/src/evaluator.jl:65
  [5] eval_AST(eq::BaseModelica.BaseModelicaSimpleEquation)
    @ BaseModelica ~/.julia/packages/BaseModelica/BAR37/src/evaluator.jl:118
  [6] eval_AST(eq::BaseModelica.BaseModelicaAnyEquation)
    @ BaseModelica ~/.julia/packages/BaseModelica/BAR37/src/evaluator.jl:76
  [7] (::BaseModelica.var"#eval_AST##6#eval_AST##7")(eq::BaseModelica.BaseModelicaAnyEquation)
    @ BaseModelica ./none:-1
  [8] iterate
    @ ./generator.jl:48 [inlined]
  [9] collect_to!(dest::Vector{Symbolics.Equation}, itr::Base.Generator{Vector{Any}, BaseModelica.var"#eval_AST##6#eval_AST##7"}, offs::Int64, st::Int64)
    @ Base ./array.jl:848
 [10] collect_to_with_first!(dest::Vector{Symbolics.Equation}, v1::Symbolics.Equation, itr::Base.Generator{Vector{Any}, BaseModelica.var"#eval_AST##6#eval_AST##7"}, st::Int64)
    @ Base ./array.jl:826
 [11] collect(itr::Base.Generator{Vector{Any}, BaseModelica.var"#eval_AST##6#eval_AST##7"})
    @ Base ./array.jl:800
 [12] eval_AST(model::BaseModelica.BaseModelicaModel)
    @ BaseModelica ~/.julia/packages/BaseModelica/BAR37/src/evaluator.jl:353
 [13] eval_AST(package::BaseModelica.BaseModelicaPackage)
    @ BaseModelica ~/.julia/packages/BaseModelica/BAR37/src/evaluator.jl:395
 [14] baseModelica_to_ModelingToolkit
    @ ~/.julia/packages/BaseModelica/BAR37/src/evaluator.jl:436 [inlined]
 [15] (::BaseModelicaLibraryTesting.var"#run_parse##10#run_parse##11")()
    @ BaseModelicaLibraryTesting ~/work/BaseModelicaLibraryTesting.jl/BaseModelicaLibraryTesting.jl/src/parse_bm.jl:78
 [16] with_logstate(f::BaseModelicaLibraryTesting.var"#run_parse##10#run_parse##11", logstate::Base.CoreLogging.LogState)
    @ Base.CoreLogging ./logging/logging.jl:542
 [17] (::BaseModelicaLibraryTesting.var"#run_parse##8#run_parse##9")()
    @ BaseModelicaLibraryTesting ~/work/BaseModelicaLibraryTesting.jl/BaseModelicaLibraryTesting.jl/src/parse_bm.jl:77
 [18] (::Base.RedirectStdStream)(thunk::BaseModelicaLibraryTesting.var"#run_parse##8#run_parse##9", stream::Pipe)
    @ Base ./stream.jl:1464
 [19] (::Base.RedirectStdStream)(thunk::BaseModelicaLibraryTesting.var"#run_parse##6#run_parse##7"{Pipe}, stream::Pipe)
    @ Base ./stream.jl:1457
 [20] run_parse(bm_path::String, model_dir::String, model::String)
    @ BaseModelicaLibraryTesting ~/work/BaseModelicaLibraryTesting.jl/BaseModelicaLibraryTesting.jl/src/parse_bm.jl:28
 [21] test_model(omc::OMJulia.OMCSession, model::String, results_root::String, ref_root::String; sim_settings::SimulateSettings, csv_max_size_mb::Int64)
    @ BaseModelicaLibraryTesting ~/work/BaseModelicaLibraryTesting.jl/BaseModelicaLibraryTesting.jl/src/pipeline.jl:82
 [22] test_model
    @ ~/work/BaseModelicaLibraryTesting.jl/BaseModelicaLibraryTesting.jl/src/pipeline.jl:60 [inlined]
 [23] main(; library::String, version::String, filter::String, omc_exe::String, results_root::String, ref_root::String, bm_options::String, sim_settings::SimulateSettings, csv_max_size_mb::Int64)
    @ BaseModelicaLibraryTesting ~/work/BaseModelicaLibraryTesting.jl/BaseModelicaLibraryTesting.jl/src/pipeline.jl:220
 [24] top-level scope
    @ none:7
 [25] eval(m::Module, e::Any)
    @ Core ./boot.jl:489
 [26] exec_options(opts::Base.JLOptions)
    @ Base ./client.jl:283
 [27] _start()
    @ Base ./client.jl:550
