Model:   Modelica.Electrical.Digital.Examples.BUF3S
Time:    0.386 s
Success: false

--- Parser output ---
line 39:63 missing ';' at 'Modelica'
line 39:110 token recognition error at: '\'
line 39:111 missing ';' at ''U\'''
line 39:116 extraneous input ',' expecting IDENT
line 39:163 missing ';' at '.'
line 39:172 token recognition error at: '' = 0 "Specification of delay according to signal change";\n'
line 39:171 mismatched input ']' expecting IDENT
line 40:110 token recognition error at: '\'
line 40:163 missing ';' at '.'
line 40:172 token recognition error at: '' = 0 "Specification of delay according to signal change";\n'
line 40:171 mismatched input ']' expecting IDENT
line 41:110 token recognition error at: '\'
line 41:163 missing ';' at '.'
line 41:172 token recognition error at: '' = -1 "Specification of delay according to signal change";\n'
line 41:171 mismatched input ']' expecting IDENT
line 42:110 token recognition error at: '\'
line 42:163 missing ';' at '.'
line 42:172 token recognition error at: '' = 1 "Specification of delay according to signal change";\n'
line 42:171 mismatched input ']' expecting IDENT
line 43:110 token recognition error at: '\'
line 43:163 missing ';' at '.'
line 43:172 token recognition error at: '' = 0 "Specification of delay according to signal change";\n'
line 43:171 mismatched input ']' expecting IDENT
line 44:110 token recognition error at: '\'
line 44:163 missing ';' at '.'
line 44:172 token recognition error at: '' = 0 "Specification of delay according to signal change";\n'
line 44:171 mismatched input ']' expecting IDENT
line 45:110 token recognition error at: '\'
line 45:163 missing ';' at '.'
line 45:172 token recognition error at: '' = -1 "Specification of delay according to signal change";\n'
line 45:171 mismatched input ']' expecting IDENT
line 46:110 token recognition error at: '\'
line 46:163 missing ';' at '.'
line 46:172 token recognition error at: '' = 1 "Specification of delay according to signal change";\n'
line 46:171 mismatched input ']' expecting IDENT
line 47:110 token recognition error at: '\'
line 47:163 missing ';' at '.'
line 47:172 token recognition error at: '' = 0 "Specification of delay according to signal change";\n'
line 47:171 mismatched input ']' expecting IDENT
line 48:110 token recognition error at: '\'
line 48:163 missing ';' at '.'
line 48:172 token recognition error at: '' = 0 "Specification of delay according to signal change";\n'
line 48:171 mismatched input ']' expecting IDENT
line 49:110 token recognition error at: '\'
line 49:163 missing ';' at '.'
line 49:172 token recognition error at: '' = 0 "Specification of delay according to signal change";\n'
line 49:171 mismatched input ']' expecting IDENT
line 50:110 token recognition error at: '\'
line 50:163 missing ';' at '.'
line 50:172 token recognition error at: '' = -1 "Specification of delay according to signal change";\n'
line 50:171 mismatched input ']' expecting IDENT
line 51:110 token recognition error at: '\'
line 51:163 missing ';' at '.'
line 51:172 token recognition error at: '' = 1 "Specification of delay according to signal change";\n'
line 51:171 mismatched input ']' expecting IDENT
line 52:110 token recognition error at: '\'
line 52:163 missing ';' at '.'
line 52:172 token recognition error at: '' = 0 "Specification of delay according to signal change";\n'
line 52:171 mismatched input ']' expecting IDENT
line 53:110 token recognition error at: '\'
line 53:163 missing ';' at '.'
line 53:172 token recognition error at: '' = 0 "Specification of delay according to signal change";\n'
line 53:171 mismatched input ']' expecting IDENT
line 54:110 token recognition error at: '\'
line 54:163 missing ';' at '.'
line 54:172 token recognition error at: '' = -1 "Specification of delay according to signal change";\n'
line 54:171 mismatched input ']' expecting IDENT
line 55:110 token recognition error at: '\'
line 55:163 missing ';' at '.'
line 55:172 token recognition error at: '' = 1 "Specification of delay according to signal change";\n'
line 55:171 mismatched input ']' expecting IDENT
line 56:110 token recognition error at: '\'
line 56:163 missing ';' at '.'
line 56:172 token recognition error at: '' = 0 "Specification of delay according to signal change";\n'
line 56:171 mismatched input ']' expecting IDENT
line 57:110 token recognition error at: '\'
line 57:163 missing ';' at '.'
line 57:172 token recognition error at: '' = 1 "Specification of delay according to signal change";\n'
line 57:171 mismatched input ']' expecting IDENT
line 58:110 token recognition error at: '\'
line 58:163 missing ';' at '.'
line 58:172 token recognition error at: '' = 1 "Specification of delay according to signal change";\n'
line 58:171 mismatched input ']' expecting IDENT
line 59:110 token recognition error at: '\'
line 59:163 missing ';' at '.'
line 59:172 token recognition error at: '' = 0 "Specification of delay according to signal change";\n'
line 59:171 mismatched input ']' expecting IDENT
line 60:110 token recognition error at: '\'
line 60:163 missing ';' at '.'
line 60:172 token recognition error at: '' = 1 "Specification of delay according to signal change";\n'
line 60:171 mismatched input ']' expecting IDENT
line 61:110 token recognition error at: '\'
line 61:163 missing ';' at '.'
line 61:172 token recognition error at: '' = 1 "Specification of delay according to signal change";\n'
line 61:171 mismatched input ']' expecting IDENT
line 62:110 token recognition error at: '\'
line 62:163 missing ';' at '.'
line 62:172 token recognition error at: '' = 1 "Specification of delay according to signal change";\n'
line 62:171 mismatched input ']' expecting IDENT
line 63:110 token recognition error at: '\'
line 63:163 missing ';' at '.'
line 63:172 token recognition error at: '' = 0 "Specification of delay according to signal change";\n'
line 63:171 mismatched input ']' expecting IDENT
line 64:110 token recognition error at: '\'
line 64:163 missing ';' at '.'
line 64:172 token recognition error at: '' = 1 "Specification of delay according to signal change";\n'
line 64:171 mismatched input ']' expecting IDENT
line 65:110 token recognition error at: '\'
line 65:163 missing ';' at '.'
line 65:172 token recognition error at: '' = 1 "Specification of delay according to signal change";\n'
line 65:171 mismatched input ']' expecting IDENT
line 66:110 token recognition error at: '\'
line 66:163 missing ';' at '.'
line 66:172 token recognition error at: '' = -1 "Specification of delay according to signal change";\n'
line 66:171 mismatched input ']' expecting IDENT
line 67:110 token recognition error at: '\'
line 67:163 missing ';' at '.'
line 67:172 token recognition error at: '' = -1 "Specification of delay according to signal change";\n'
line 67:171 mismatched input ']' expecting IDENT
line 68:110 token recognition error at: '\'
line 68:163 missing ';' at '.'
line 68:172 token recognition error at: '' = -1 "Specification of delay according to signal change";\n'
line 68:171 mismatched input ']' expecting IDENT
line 69:110 token recognition error at: '\'
line 69:163 missing ';' at '.'
line 69:172 token recognition error at: '' = 0 "Specification of delay according to signal change";\n'
line 69:171 mismatched input ']' expecting IDENT
line 70:110 token recognition error at: '\'
line 70:163 missing ';' at '.'
line 70:172 token recognition error at: '' = -1 "Specification of delay according to signal change";\n'
line 70:171 mismatched input ']' expecting IDENT
line 71:110 token recognition error at: '\'
line 71:163 missing ';' at '.'
line 71:172 token recognition error at: '' = -1 "Specification of delay according to signal change";\n'
line 71:171 mismatched input ']' expecting IDENT
line 72:110 token recognition error at: '\'
line 72:163 missing ';' at '.'
line 72:172 token recognition error at: '' = -1 "Specification of delay according to signal change";\n'
line 72:171 mismatched input ']' expecting IDENT
line 73:110 token recognition error at: '\'
line 73:163 missing ';' at '.'
line 73:172 token recognition error at: '' = 0 "Specification of delay according to signal change";\n'
line 73:171 mismatched input ']' expecting IDENT
line 74:110 token recognition error at: '\'
line 74:163 missing ';' at '.'
line 74:172 token recognition error at: '' = -1 "Specification of delay according to signal change";\n'
line 74:171 mismatched input ']' expecting IDENT
line 75:110 token recognition error at: '\'
line 75:163 missing ';' at '.'
line 75:172 token recognition error at: '' = 0 "Specification of delay according to signal change";\n'
line 75:171 mismatched input ']' expecting IDENT
line 76:110 token recognition error at: '\'
line 76:163 missing ';' at '.'
line 76:172 token recognition error at: '' = 0 "Specification of delay according to signal change";\n'
line 76:171 mismatched input ']' expecting IDENT
line 77:110 token recognition error at: '\'
line 77:163 missing ';' at '.'
line 77:172 token recognition error at: '' = -1 "Specification of delay according to signal change";\n'
line 77:171 mismatched input ']' expecting IDENT
line 78:110 token recognition error at: '\'
line 78:163 missing ';' at '.'
line 78:172 token recognition error at: '' = 1 "Specification of delay according to signal change";\n'
line 78:171 mismatched input ']' expecting IDENT
line 79:110 token recognition error at: '\'
line 79:163 missing ';' at '.'
line 79:172 token recognition error at: '' = 0 "Specification of delay according to signal change";\n'
line 79:171 mismatched input ']' expecting IDENT
line 80:110 token recognition error at: '\'
line 80:163 missing ';' at '.'
line 80:172 token recognition error at: '' = 0 "Specification of delay according to signal change";\n'
line 80:171 mismatched input ']' expecting IDENT
line 81:110 token recognition error at: '\'
line 81:163 missing ';' at '.'
line 81:172 token recognition error at: '' = -1 "Specification of delay according to signal change";\n'
line 81:171 mismatched input ']' expecting IDENT
line 82:110 token recognition error at: '\'
line 82:163 missing ';' at '.'
line 82:172 token recognition error at: '' = 1 "Specification of delay according to signal change";\n'
line 82:171 mismatched input ']' expecting IDENT
line 83:110 token recognition error at: '\'
line 83:163 missing ';' at '.'
line 83:172 token recognition error at: '' = 0 "Specification of delay according to signal change";\n'
line 83:171 mismatched input ']' expecting IDENT
line 84:110 token recognition error at: '\'
line 84:163 missing ';' at '.'
line 84:172 token recognition error at: '' = 0 "Specification of delay according to signal change";\n'
line 84:171 mismatched input ']' expecting IDENT
line 85:110 token recognition error at: '\'
line 85:163 missing ';' at '.'
line 85:172 token recognition error at: '' = 0 "Specification of delay according to signal change";\n'
line 85:171 mismatched input ']' expecting IDENT
line 86:110 token recognition error at: '\'
line 86:163 missing ';' at '.'
line 86:172 token recognition error at: '' = -1 "Specification of delay according to signal change";\n'
line 86:171 mismatched input ']' expecting IDENT
line 87:110 token recognition error at: '\'
line 87:163 missing ';' at '.'
line 87:172 token recognition error at: '' = 1 "Specification of delay according to signal change";\n'
line 87:171 mismatched input ']' expecting IDENT
line 88:110 token recognition error at: '\'
line 88:163 missing ';' at '.'
line 88:172 token recognition error at: '' = 0 "Specification of delay according to signal change";\n'
line 88:171 mismatched input ']' expecting IDENT
line 89:110 token recognition error at: '\'
line 89:163 missing ';' at '.'
line 89:172 token recognition error at: '' = 0 "Specification of delay according to signal change";\n'
line 89:171 mismatched input ']' expecting IDENT
line 90:110 token recognition error at: '\'
line 90:163 missing ';' at '.'
line 90:172 token recognition error at: '' = -1 "Specification of delay according to signal change";\n'
line 90:171 mismatched input ']' expecting IDENT
line 91:110 token recognition error at: '\'
line 91:163 missing ';' at '.'
line 91:172 token recognition error at: '' = 1 "Specification of delay according to signal change";\n'
line 91:171 mismatched input ']' expecting IDENT
line 92:110 token recognition error at: '\'
line 92:163 missing ';' at '.'
line 92:172 token recognition error at: '' = 0 "Specification of delay according to signal change";\n'
line 92:171 mismatched input ']' expecting IDENT
line 93:110 token recognition error at: '\'
line 93:163 missing ';' at '.'
line 93:172 token recognition error at: '' = 1 "Specification of delay according to signal change";\n'
line 93:171 mismatched input ']' expecting IDENT
line 94:110 token recognition error at: '\'
line 94:163 missing ';' at '.'
line 94:172 token recognition error at: '' = 1 "Specification of delay according to signal change";\n'
line 94:171 mismatched input ']' expecting IDENT
line 95:110 token recognition error at: '\'
line 95:163 missing ';' at '.'
line 95:172 token recognition error at: '' = 0 "Specification of delay according to signal change";\n'
line 95:171 mismatched input ']' expecting IDENT
line 96:110 token recognition error at: '\'
line 96:163 missing ';' at '.'
line 96:172 token recognition error at: '' = 1 "Specification of delay according to signal change";\n'
line 96:171 mismatched input ']' expecting IDENT
line 97:110 token recognition error at: '\'
line 97:163 missing ';' at '.'
line 97:172 token recognition error at: '' = 1 "Specification of delay according to signal change";\n'
line 97:171 mismatched input ']' expecting IDENT
line 98:110 token recognition error at: '\'
line 98:163 missing ';' at '.'
line 98:172 token recognition error at: '' = 1 "Specification of delay according to signal change";\n'
line 98:171 mismatched input ']' expecting IDENT
line 99:110 token recognition error at: '\'
line 99:163 missing ';' at '.'
line 99:172 token recognition error at: '' = 0 "Specification of delay according to signal change";\n'
line 99:171 mismatched input ']' expecting IDENT
line 100:110 token recognition error at: '\'
line 100:163 missing ';' at '.'
line 100:172 token recognition error at: '' = 1 "Specification of delay according to signal change";\n'
line 100:171 mismatched input ']' expecting IDENT
line 101:110 token recognition error at: '\'
line 101:163 missing ';' at '.'
line 101:172 token recognition error at: '' = 1 "Specification of delay according to signal change";\n'
line 101:171 mismatched input ']' expecting IDENT
line 102:110 token recognition error at: '\'
line 102:163 missing ';' at '.'
line 102:172 token recognition error at: '' = -1 "Specification of delay according to signal change";\n'
line 102:171 mismatched input ']' expecting IDENT
line 103:110 token recognition error at: '\'
line 103:163 missing ';' at '.'
line 103:172 token recognition error at: '' = -1 "Specification of delay according to signal change";\n'
line 103:171 mismatched input ']' expecting IDENT
line 104:110 token recognition error at: '\'
line 104:163 missing ';' at '.'
line 104:172 token recognition error at: '' = -1 "Specification of delay according to signal change";\n'
line 104:171 mismatched input ']' expecting IDENT
line 105:110 token recognition error at: '\'
line 105:163 missing ';' at '.'
line 105:172 token recognition error at: '' = 0 "Specification of delay according to signal change";\n'
line 105:171 mismatched input ']' expecting IDENT
line 106:110 token recognition error at: '\'
line 106:163 missing ';' at '.'
line 106:172 token recognition error at: '' = -1 "Specification of delay according to signal change";\n'
line 106:171 mismatched input ']' expecting IDENT
line 107:110 token recognition error at: '\'
line 107:163 missing ';' at '.'
line 107:172 token recognition error at: '' = -1 "Specification of delay according to signal change";\n'
line 107:171 mismatched input ']' expecting IDENT
line 108:110 token recognition error at: '\'
line 108:163 missing ';' at '.'
line 108:172 token recognition error at: '' = -1 "Specification of delay according to signal change";\n'
line 108:171 mismatched input ']' expecting IDENT
line 109:110 token recognition error at: '\'
line 109:163 missing ';' at '.'
line 109:172 token recognition error at: '' = 0 "Specification of delay according to signal change";\n'
line 109:171 mismatched input ']' expecting IDENT
line 110:110 token recognition error at: '\'
line 110:163 missing ';' at '.'
line 110:172 token recognition error at: '' = -1 "Specification of delay according to signal change";\n'
line 110:171 mismatched input ']' expecting IDENT
line 111:110 token recognition error at: '\'
line 111:163 missing ';' at '.'
line 111:172 token recognition error at: '' = 0 "Specification of delay according to signal change";\n'
line 111:171 mismatched input ']' expecting IDENT
line 112:110 token recognition error at: '\'
line 112:163 missing ';' at '.'
line 112:172 token recognition error at: '' = 0 "Specification of delay according to signal change";\n'
line 112:171 mismatched input ']' expecting IDENT
line 113:110 token recognition error at: '\'
line 113:163 missing ';' at '.'
line 113:172 token recognition error at: '' = -1 "Specification of delay according to signal change";\n'
line 113:171 mismatched input ']' expecting IDENT
line 114:110 token recognition error at: '\'
line 114:163 missing ';' at '.'
line 114:172 token recognition error at: '' = 1 "Specification of delay according to signal change";\n'
line 114:171 mismatched input ']' expecting IDENT
line 115:110 token recognition error at: '\'
line 115:163 missing ';' at '.'
line 115:172 token recognition error at: '' = 0 "Specification of delay according to signal change";\n'
line 115:171 mismatched input ']' expecting IDENT
line 116:110 token recognition error at: '\'
line 116:163 missing ';' at '.'
line 116:172 token recognition error at: '' = 0 "Specification of delay according to signal change";\n'
line 116:171 mismatched input ']' expecting IDENT
line 117:110 token recognition error at: '\'
line 117:163 missing ';' at '.'
line 117:172 token recognition error at: '' = -1 "Specification of delay according to signal change";\n'
line 117:171 mismatched input ']' expecting IDENT
line 118:110 token recognition error at: '\'
line 118:163 missing ';' at '.'
line 118:172 token recognition error at: '' = 1 "Specification of delay according to signal change";\n'
line 118:171 mismatched input ']' expecting IDENT
line 119:110 token recognition error at: '\'
line 119:163 missing ';' at '.'
line 119:172 token recognition error at: '' = 0 "Specification of delay according to signal change";\n'
line 119:171 extraneous input ']' expecting IDENT
line 120:9 missing ';' at ''bUF3S.inertialDelaySensitive.delayTime''
line 120:49 extraneous input '(' expecting IDENT
line 120:79 extraneous input ')' expecting ';'

--- Error ---
The equations of a system must involve the unknowns/observables. The following equations were found to have no unknowns/observables:
var"bUF3S.yy" ~ var"bUF3S.inertialDelaySensitive.x"
var"bUF3S.inertialDelaySensitive.y" ~ var"bUF3S.y"
var"x_table.y" ~ var"bUF3S.x"
var"e_table.y" ~ var"bUF3S.enable"

Stacktrace:
  [1] error(s::String)
    @ Base ./error.jl:44
  [2] check_no_parameter_equations(sys::ModelingToolkitBase.System)
    @ ModelingToolkitBase ~/.julia/packages/ModelingToolkitBase/yP1tD/src/utils.jl:363
  [3] ModelingToolkitTearing.TearingState(sys::ModelingToolkitBase.System, source_info::ModelingToolkitBase.EquationSourceInformation; check::Bool, sort_eqs::Bool)
    @ ModelingToolkitTearing ~/.julia/packages/ModelingToolkitTearing/fC8Qv/src/tearingstate.jl:115
  [4] TearingState
    @ ~/.julia/packages/ModelingToolkitTearing/fC8Qv/src/tearingstate.jl:104 [inlined]
  [5] __mtkcompile(sys::ModelingToolkitBase.System; inputs::OrderedCollections.OrderedSet{SymbolicUtils.BasicSymbolicImpl.var"typeof(BasicSymbolicImpl)"{SymbolicUtils.SymReal}}, outputs::OrderedCollections.OrderedSet{SymbolicUtils.BasicSymbolicImpl.var"typeof(BasicSymbolicImpl)"{SymbolicUtils.SymReal}}, disturbance_inputs::OrderedCollections.OrderedSet{SymbolicUtils.BasicSymbolicImpl.var"typeof(BasicSymbolicImpl)"{SymbolicUtils.SymReal}}, sort_eqs::Bool, kwargs::@Kwargs{additional_passes::Tuple{}})
    @ ModelingToolkit ~/.julia/packages/ModelingToolkit/zJBUr/src/systems/systems.jl:33
  [6] _mtkcompile(sys::ModelingToolkitBase.System; kwargs::@Kwargs{inputs::OrderedCollections.OrderedSet{SymbolicUtils.BasicSymbolicImpl.var"typeof(BasicSymbolicImpl)"{SymbolicUtils.SymReal}}, outputs::OrderedCollections.OrderedSet{SymbolicUtils.BasicSymbolicImpl.var"typeof(BasicSymbolicImpl)"{SymbolicUtils.SymReal}}, disturbance_inputs::OrderedCollections.OrderedSet{SymbolicUtils.BasicSymbolicImpl.var"typeof(BasicSymbolicImpl)"{SymbolicUtils.SymReal}}, additional_passes::Tuple{}})
    @ ModelingToolkitBase ~/.julia/packages/ModelingToolkitBase/yP1tD/src/systems/systems.jl:0
  [7] _mtkcompile
    @ ~/.julia/packages/ModelingToolkitBase/yP1tD/src/systems/systems.jl:122 [inlined]
  [8] mtkcompile(sys::ModelingToolkitBase.System; additional_passes::Tuple{}, inputs::Vector{SymbolicUtils.BasicSymbolicImpl.var"typeof(BasicSymbolicImpl)"{SymbolicUtils.SymReal}}, outputs::Vector{SymbolicUtils.BasicSymbolicImpl.var"typeof(BasicSymbolicImpl)"{SymbolicUtils.SymReal}}, disturbance_inputs::Vector{SymbolicUtils.BasicSymbolicImpl.var"typeof(BasicSymbolicImpl)"{SymbolicUtils.SymReal}}, split::Bool, kwargs::@Kwargs{})
    @ ModelingToolkitBase ~/.julia/packages/ModelingToolkitBase/yP1tD/src/systems/systems.jl:95
  [9] mtkcompile
    @ ~/.julia/packages/ModelingToolkitBase/yP1tD/src/systems/systems.jl:84 [inlined]
 [10] eval_AST(model::BaseModelica.BaseModelicaModel)
    @ BaseModelica ~/.julia/packages/BaseModelica/G7VqY/src/evaluator.jl:646
 [11] eval_AST(package::BaseModelica.BaseModelicaPackage)
    @ BaseModelica ~/.julia/packages/BaseModelica/G7VqY/src/evaluator.jl:658
 [12] baseModelica_to_ModelingToolkit
    @ ~/.julia/packages/BaseModelica/G7VqY/src/evaluator.jl:708 [inlined]
 [13] create_odeproblem(filename::String; parser::Symbol, u0::Vector{Any}, kwargs::@Kwargs{})
    @ BaseModelica ~/.julia/packages/BaseModelica/G7VqY/src/BaseModelica.jl:160
 [14] create_odeproblem
    @ ~/.julia/packages/BaseModelica/G7VqY/src/BaseModelica.jl:149 [inlined]
 [15] #run_parse##4
    @ ~/work/BaseModelicaLibraryTesting.jl/BaseModelicaLibraryTesting.jl/src/parse_bm.jl:34 [inlined]
 [16] with_logstate(f::BaseModelicaLibraryTesting.var"#run_parse##4#run_parse##5"{String}, logstate::Base.CoreLogging.LogState)
    @ Base.CoreLogging ./logging/logging.jl:542
 [17] (::Base.RedirectStdStream)(thunk::BaseModelicaLibraryTesting.var"#run_parse##2#run_parse##3"{String, Base.CoreLogging.SimpleLogger}, stream::Pipe)
    @ Base ./stream.jl:1457
 [18] #run_parse##0
    @ ~/work/BaseModelicaLibraryTesting.jl/BaseModelicaLibraryTesting.jl/src/parse_bm.jl:32 [inlined]
 [19] (::Base.RedirectStdStream)(thunk::BaseModelicaLibraryTesting.var"#run_parse##0#run_parse##1"{String, Base.CoreLogging.SimpleLogger, Pipe}, stream::Pipe)
    @ Base ./stream.jl:1464
 [20] run_parse(bm_path::String, model_dir::String, model::String)
    @ BaseModelicaLibraryTesting ~/work/BaseModelicaLibraryTesting.jl/BaseModelicaLibraryTesting.jl/src/parse_bm.jl:31
 [21] test_model(omc::OMJulia.OMCSession, model::String, results_root::String, ref_root::String; csv_max_size_mb::Int64)
    @ BaseModelicaLibraryTesting ~/work/BaseModelicaLibraryTesting.jl/BaseModelicaLibraryTesting.jl/src/pipeline.jl:75
 [22] test_model
    @ ~/work/BaseModelicaLibraryTesting.jl/BaseModelicaLibraryTesting.jl/src/pipeline.jl:60 [inlined]
 [23] main(; library::String, version::String, filter::Nothing, omc_exe::String, results_root::String, ref_root::String, bm_options::String, csv_max_size_mb::Int64)
    @ BaseModelicaLibraryTesting ~/work/BaseModelicaLibraryTesting.jl/BaseModelicaLibraryTesting.jl/src/pipeline.jl:189
 [24] top-level scope
    @ none:3
 [25] eval(m::Module, e::Any)
    @ Core ./boot.jl:489
 [26] exec_options(opts::Base.JLOptions)
    @ Base ./client.jl:283
 [27] _start()
    @ Base ./client.jl:550
