Model:  Modelica.Fluid.Examples.NonCircularPipes
Time:    1.145 s
Success: true

--- Parser output ---
line 1317:155 mismatched input '.' expecting ')'
line 1317:278 missing 'then' at '.'
line 1317:280 mismatched input ')' expecting {'elseif', 'else'}
line 1318:152 missing ';' at '.'
line 1319:152 missing ';' at '.'
line 1337:137 missing ';' at '.'
line 1343:170 mismatched input '.' expecting ')'
line 1343:303 missing 'then' at '.'
line 1343:305 mismatched input ')' expecting {'elseif', 'else'}
line 1344:172 missing ';' at '.'
line 1345:172 missing ';' at '.'
line 1362:147 missing ';' at '.'
line 1367:170 mismatched input '.' expecting ')'
line 1367:303 missing 'then' at '.'
line 1367:305 mismatched input ')' expecting {'elseif', 'else'}
line 1368:172 missing ';' at '.'
line 1369:172 missing ';' at '.'
line 1386:147 missing ';' at '.'
line 1393:182 mismatched input '.' expecting ')'
line 1393:323 missing 'then' at '.'
line 1393:325 mismatched input ')' expecting {'elseif', 'else'}
line 1394:188 missing ';' at '.'
line 1395:188 missing ';' at '.'
line 1409:182 mismatched input '.' expecting ')'
line 1409:323 missing 'then' at '.'
line 1409:325 mismatched input ')' expecting {'elseif', 'else'}
line 1410:188 missing ';' at '.'
line 1411:188 missing ';' at '.'
line 1492:151 missing ';' at '.'
line 1493:151 missing ';' at '.'
line 1497:156 missing ';' at '.'
line 1498:156 missing ';' at '.'
line 1526:179 mismatched input '.' expecting ')'
line 1526:318 missing 'then' at '.'
line 1526:320 mismatched input ')' expecting {'elseif', 'else'}
line 1527:184 missing ';' at '.'
line 1528:184 missing ';' at '.'
line 1542:179 mismatched input '.' expecting ')'
line 1542:318 missing 'then' at '.'
line 1542:320 mismatched input ')' expecting {'elseif', 'else'}
line 1543:184 missing ';' at '.'
line 1544:184 missing ';' at '.'
line 1625:149 missing ';' at '.'
line 1626:149 missing ';' at '.'
line 1630:154 missing ';' at '.'
line 1631:154 missing ';' at '.'
