Model:  Modelica.Electrical.Spice3.Examples.InvertersExtendedModel
Time:    3.528 s
Success: true

--- Parser output ---
line 1707:1459 missing ';' at '.'
line 1708:1456 missing ';' at '.'
line 1709:1456 missing ';' at '.'
line 1710:1456 missing ';' at '.'
line 1711:1456 missing ';' at '.'
line 1712:1456 missing ';' at '.'
line 1713:1456 missing ';' at '.'
line 1714:1456 missing ';' at '.'
line 1715:1460 missing ';' at '.'
line 1733:1460 missing ';' at '.'
line 1734:1457 missing ';' at '.'
line 1735:1457 missing ';' at '.'
line 1736:1457 missing ';' at '.'
line 1737:1457 missing ';' at '.'
line 1738:1457 missing ';' at '.'
line 1739:1457 missing ';' at '.'
line 1740:1457 missing ';' at '.'
line 1741:1461 missing ';' at '.'
line 1759:1459 missing ';' at '.'
line 1760:1456 missing ';' at '.'
line 1761:1456 missing ';' at '.'
line 1762:1456 missing ';' at '.'
line 1763:1456 missing ';' at '.'
line 1764:1456 missing ';' at '.'
line 1765:1456 missing ';' at '.'
line 1766:1456 missing ';' at '.'
line 1767:1460 missing ';' at '.'
line 1785:1460 missing ';' at '.'
line 1786:1457 missing ';' at '.'
line 1787:1457 missing ';' at '.'
line 1788:1457 missing ';' at '.'
line 1789:1457 missing ';' at '.'
line 1790:1457 missing ';' at '.'
line 1791:1457 missing ';' at '.'
line 1792:1457 missing ';' at '.'
line 1793:1461 missing ';' at '.'
