Model:   Modelica.Mechanics.MultiBody.Examples.Loops.EngineV6
Time:    20.518 s
Success: false

--- Parser output ---
line 24260:163 extraneous input '-' expecting {'end', 'pure', '(', 'der', 'initial', 'false', 'true', '[', '{', '.', IDENT, UNSIGNED_NUMBER, STRING}
line 24263:163 extraneous input '-' expecting {'end', 'pure', '(', 'der', 'initial', 'false', 'true', '[', '{', '.', IDENT, UNSIGNED_NUMBER, STRING}
line 24284:139 extraneous input '-' expecting {'end', 'pure', '(', 'der', 'initial', 'false', 'true', '[', '{', '.', IDENT, UNSIGNED_NUMBER, STRING}
line 24287:139 extraneous input '-' expecting {'end', 'pure', '(', 'der', 'initial', 'false', 'true', '[', '{', '.', IDENT, UNSIGNED_NUMBER, STRING}
line 24308:94 extraneous input '-' expecting {'end', 'pure', '(', 'der', 'initial', 'false', 'true', '[', '{', '.', IDENT, UNSIGNED_NUMBER, STRING}
line 24311:94 extraneous input '-' expecting {'end', 'pure', '(', 'der', 'initial', 'false', 'true', '[', '{', '.', IDENT, UNSIGNED_NUMBER, STRING}
line 25251:110 extraneous input '-' expecting {'end', 'pure', '(', 'der', 'initial', 'false', 'true', '[', '{', '.', IDENT, UNSIGNED_NUMBER, STRING}
line 25254:110 extraneous input '-' expecting {'end', 'pure', '(', 'der', 'initial', 'false', 'true', '[', '{', '.', IDENT, UNSIGNED_NUMBER, STRING}
line 25275:94 extraneous input '-' expecting {'end', 'pure', '(', 'der', 'initial', 'false', 'true', '[', '{', '.', IDENT, UNSIGNED_NUMBER, STRING}
line 25278:94 extraneous input '-' expecting {'end', 'pure', '(', 'der', 'initial', 'false', 'true', '[', '{', '.', IDENT, UNSIGNED_NUMBER, STRING}
line 25299:139 extraneous input '-' expecting {'end', 'pure', '(', 'der', 'initial', 'false', 'true', '[', '{', '.', IDENT, UNSIGNED_NUMBER, STRING}
line 25302:139 extraneous input '-' expecting {'end', 'pure', '(', 'der', 'initial', 'false', 'true', '[', '{', '.', IDENT, UNSIGNED_NUMBER, STRING}
line 26242:163 extraneous input '-' expecting {'end', 'pure', '(', 'der', 'initial', 'false', 'true', '[', '{', '.', IDENT, UNSIGNED_NUMBER, STRING}
line 26245:163 extraneous input '-' expecting {'end', 'pure', '(', 'der', 'initial', 'false', 'true', '[', '{', '.', IDENT, UNSIGNED_NUMBER, STRING}
line 27233:110 extraneous input '-' expecting {'end', 'pure', '(', 'der', 'initial', 'false', 'true', '[', '{', '.', IDENT, UNSIGNED_NUMBER, STRING}
line 27236:110 extraneous input '-' expecting {'end', 'pure', '(', 'der', 'initial', 'false', 'true', '[', '{', '.', IDENT, UNSIGNED_NUMBER, STRING}
line 28224:163 extraneous input '-' expecting {'end', 'pure', '(', 'der', 'initial', 'false', 'true', '[', '{', '.', IDENT, UNSIGNED_NUMBER, STRING}
line 28227:163 extraneous input '-' expecting {'end', 'pure', '(', 'der', 'initial', 'false', 'true', '[', '{', '.', IDENT, UNSIGNED_NUMBER, STRING}
line 28248:94 extraneous input '-' expecting {'end', 'pure', '(', 'der', 'initial', 'false', 'true', '[', '{', '.', IDENT, UNSIGNED_NUMBER, STRING}
line 28251:94 extraneous input '-' expecting {'end', 'pure', '(', 'der', 'initial', 'false', 'true', '[', '{', '.', IDENT, UNSIGNED_NUMBER, STRING}
line 28272:139 extraneous input '-' expecting {'end', 'pure', '(', 'der', 'initial', 'false', 'true', '[', '{', '.', IDENT, UNSIGNED_NUMBER, STRING}
line 28275:139 extraneous input '-' expecting {'end', 'pure', '(', 'der', 'initial', 'false', 'true', '[', '{', '.', IDENT, UNSIGNED_NUMBER, STRING}
line 29215:110 extraneous input '-' expecting {'end', 'pure', '(', 'der', 'initial', 'false', 'true', '[', '{', '.', IDENT, UNSIGNED_NUMBER, STRING}
line 29218:110 extraneous input '-' expecting {'end', 'pure', '(', 'der', 'initial', 'false', 'true', '[', '{', '.', IDENT, UNSIGNED_NUMBER, STRING}
line 29239:139 extraneous input '-' expecting {'end', 'pure', '(', 'der', 'initial', 'false', 'true', '[', '{', '.', IDENT, UNSIGNED_NUMBER, STRING}
line 29242:139 extraneous input '-' expecting {'end', 'pure', '(', 'der', 'initial', 'false', 'true', '[', '{', '.', IDENT, UNSIGNED_NUMBER, STRING}
line 29263:94 extraneous input '-' expecting {'end', 'pure', '(', 'der', 'initial', 'false', 'true', '[', '{', '.', IDENT, UNSIGNED_NUMBER, STRING}
line 29266:94 extraneous input '-' expecting {'end', 'pure', '(', 'der', 'initial', 'false', 'true', '[', '{', '.', IDENT, UNSIGNED_NUMBER, STRING}

--- Error ---
MethodError: no method matching +(::Nothing, ::Float64)
The function `+` exists, but no method is defined for this combination of argument types.

Closest candidates are:
  +(::Any, ::Any, !Matched::Any, !Matched::Any...)
   @ Base operators.jl:642
  +(!Matched::Missing, ::Number)
   @ Base missing.jl:123
  +(!Matched::Complex{Bool}, ::Real)
   @ Base complex.jl:323
  ...

Stacktrace:
  [1] eval_AST(expr::BaseModelica.BaseModelicaSum)
    @ BaseModelica ~/.julia/packages/BaseModelica/AgQoy/src/evaluator.jl:41
  [2] eval_AST(expr::BaseModelica.BaseModelicaProd)
    @ BaseModelica ~/.julia/packages/BaseModelica/AgQoy/src/evaluator.jl:44
  [3] eval_AST(expr::BaseModelica.BaseModelicaSum) (repeats 2 times)
    @ BaseModelica ~/.julia/packages/BaseModelica/AgQoy/src/evaluator.jl:41
  [4] eval_AST(expr::BaseModelica.BaseModelicaDivide)
    @ BaseModelica ~/.julia/packages/BaseModelica/AgQoy/src/evaluator.jl:45
  [5] eval_AST(expr::BaseModelica.BaseModelicaProd)
    @ BaseModelica ~/.julia/packages/BaseModelica/AgQoy/src/evaluator.jl:44
  [6] eval_AST(expr::BaseModelica.BaseModelicaUnaryMinus)
    @ BaseModelica ~/.julia/packages/BaseModelica/AgQoy/src/evaluator.jl:43
  [7] build_nested_ifelse(if_expr::BaseModelica.BaseModelicaIfExpression, idx::Int64)
    @ BaseModelica ~/.julia/packages/BaseModelica/AgQoy/src/evaluator.jl:65
  [8] build_nested_ifelse
    @ ~/.julia/packages/BaseModelica/AgQoy/src/evaluator.jl:61 [inlined]
  [9] eval_AST(if_expr::BaseModelica.BaseModelicaIfExpression)
    @ BaseModelica ~/.julia/packages/BaseModelica/AgQoy/src/evaluator.jl:71
 [10] build_nested_ifelse(if_expr::BaseModelica.BaseModelicaIfExpression, idx::Int64)
    @ BaseModelica ~/.julia/packages/BaseModelica/AgQoy/src/evaluator.jl:62
 [11] build_nested_ifelse(if_expr::BaseModelica.BaseModelicaIfExpression, idx::Int64)
    @ BaseModelica ~/.julia/packages/BaseModelica/AgQoy/src/evaluator.jl:66
 [12] build_nested_ifelse
    @ ~/.julia/packages/BaseModelica/AgQoy/src/evaluator.jl:61 [inlined]
 [13] eval_AST(if_expr::BaseModelica.BaseModelicaIfExpression)
    @ BaseModelica ~/.julia/packages/BaseModelica/AgQoy/src/evaluator.jl:71
 [14] eval_AST(eq::BaseModelica.BaseModelicaSimpleEquation)
    @ BaseModelica ~/.julia/packages/BaseModelica/AgQoy/src/evaluator.jl:130
 [15] eval_AST(eq::BaseModelica.BaseModelicaAnyEquation)
    @ BaseModelica ~/.julia/packages/BaseModelica/AgQoy/src/evaluator.jl:88
 [16] (::BaseModelica.var"#eval_AST##10#eval_AST##11")(eq::BaseModelica.BaseModelicaAnyEquation)
    @ BaseModelica ./none:-1
 [17] iterate
    @ ./generator.jl:48 [inlined]
 [18] collect_to!(dest::Vector{Symbolics.Equation}, itr::Base.Generator{Vector{Any}, BaseModelica.var"#eval_AST##10#eval_AST##11"}, offs::Int64, st::Int64)
    @ Base ./array.jl:848
 [19] collect_to_with_first!(dest::Vector{Symbolics.Equation}, v1::Symbolics.Equation, itr::Base.Generator{Vector{Any}, BaseModelica.var"#eval_AST##10#eval_AST##11"}, st::Int64)
    @ Base ./array.jl:826
 [20] collect(itr::Base.Generator{Vector{Any}, BaseModelica.var"#eval_AST##10#eval_AST##11"})
    @ Base ./array.jl:800
 [21] eval_AST(model::BaseModelica.BaseModelicaModel)
    @ BaseModelica ~/.julia/packages/BaseModelica/AgQoy/src/evaluator.jl:426
 [22] eval_AST(package::BaseModelica.BaseModelicaPackage)
    @ BaseModelica ~/.julia/packages/BaseModelica/AgQoy/src/evaluator.jl:799
 [23] baseModelica_to_ModelingToolkit
    @ ~/.julia/packages/BaseModelica/AgQoy/src/evaluator.jl:849 [inlined]
 [24] create_odeproblem(filename::String; parser::Symbol, u0::Vector{Any}, kwargs::@Kwargs{})
    @ BaseModelica ~/.julia/packages/BaseModelica/AgQoy/src/BaseModelica.jl:160
 [25] create_odeproblem
    @ ~/.julia/packages/BaseModelica/AgQoy/src/BaseModelica.jl:149 [inlined]
 [26] #run_parse##4
    @ ~/work/BaseModelicaLibraryTesting.jl/BaseModelicaLibraryTesting.jl/src/parse_bm.jl:34 [inlined]
 [27] with_logstate(f::BaseModelicaLibraryTesting.var"#run_parse##4#run_parse##5"{String}, logstate::Base.CoreLogging.LogState)
    @ Base.CoreLogging ./logging/logging.jl:542
 [28] (::Base.RedirectStdStream)(thunk::BaseModelicaLibraryTesting.var"#run_parse##2#run_parse##3"{String, Base.CoreLogging.SimpleLogger}, stream::Pipe)
    @ Base ./stream.jl:1457
 [29] #run_parse##0
    @ ~/work/BaseModelicaLibraryTesting.jl/BaseModelicaLibraryTesting.jl/src/parse_bm.jl:32 [inlined]
 [30] (::Base.RedirectStdStream)(thunk::BaseModelicaLibraryTesting.var"#run_parse##0#run_parse##1"{String, Base.CoreLogging.SimpleLogger, Pipe}, stream::Pipe)
    @ Base ./stream.jl:1464
 [31] run_parse(bm_path::String, model_dir::String, model::String)
    @ BaseModelicaLibraryTesting ~/work/BaseModelicaLibraryTesting.jl/BaseModelicaLibraryTesting.jl/src/parse_bm.jl:31
 [32] test_model(omc::OMJulia.OMCSession, model::String, results_root::String, ref_root::String; csv_max_size_mb::Int64)
    @ BaseModelicaLibraryTesting ~/work/BaseModelicaLibraryTesting.jl/BaseModelicaLibraryTesting.jl/src/pipeline.jl:75
 [33] test_model
    @ ~/work/BaseModelicaLibraryTesting.jl/BaseModelicaLibraryTesting.jl/src/pipeline.jl:60 [inlined]
 [34] main(; library::String, version::String, filter::String, omc_exe::String, results_root::String, ref_root::String, bm_options::String, csv_max_size_mb::Int64)
    @ BaseModelicaLibraryTesting ~/work/BaseModelicaLibraryTesting.jl/BaseModelicaLibraryTesting.jl/src/pipeline.jl:203
 [35] top-level scope
    @ none:4
 [36] eval(m::Module, e::Any)
    @ Core ./boot.jl:489
 [37] exec_options(opts::Base.JLOptions)
    @ Base ./client.jl:283
 [38] _start()
    @ Base ./client.jl:550
