Model:   Modelica.Electrical.Digital.Examples.FullAdder
┌ Error: Parsing failed
│   exception = PythonCall.PyException(<py BlockingIOError(11, 'write could not complete without blocking', 0)>)
└ @ BaseModelica /home/runner/.julia/packages/BaseModelica/G7VqY/src/antlr_parser.jl:135
Time:    0.319 s
Success: false

--- Parser output ---
line 30:55 missing ';' at 'Modelica'
line 30:102 token recognition error at: '\'
line 30:103 missing ';' at ''U\'''
line 30:108 extraneous input ',' expecting IDENT
line 30:155 missing ';' at '.'
line 30:164 token recognition error at: '' = 0 "Specification of delay according to signal change";\n'
line 30:163 mismatched input ']' expecting IDENT
line 31:102 token recognition error at: '\'
line 31:155 missing ';' at '.'
line 31:164 token recognition error at: '' = 0 "Specification of delay according to signal change";\n'
line 31:163 mismatched input ']' expecting IDENT
line 32:102 token recognition error at: '\'
line 32:155 missing ';' at '.'
line 32:164 token recognition error at: '' = -1 "Specification of delay according to signal change";\n'
line 32:163 mismatched input ']' expecting IDENT
line 33:102 token recognition error at: '\'
line 33:155 missing ';' at '.'
line 33:164 token recognition error at: '' = 1 "Specification of delay according to signal change";\n'
line 33:163 mismatched input ']' expecting IDENT
line 34:102 token recognition error at: '\'
line 34:155 missing ';' at '.'
line 34:164 token recognition error at: '' = 0 "Specification of delay according to signal change";\n'
line 34:163 mismatched input ']' expecting IDENT
line 35:102 token recognition error at: '\'
line 35:155 missing ';' at '.'
line 35:164 token recognition error at: '' = 0 "Specification of delay according to signal change";\n'
line 35:163 mismatched input ']' expecting IDENT
line 36:102 token recognition error at: '\'
line 36:155 missing ';' at '.'
line 36:164 token recognition error at: '' = -1 "Specification of delay according to signal change";\n'
line 36:163 mismatched input ']' expecting IDENT
line 37:102 token recognition error at: '\'
line 37:155 missing ';' at '.'
line 37:164 token recognition error at: '' = 1 "Specification of delay according to signal change";\n'
line 37:163 mismatched input ']' expecting IDENT
line 38:102 token recognition error at: '\'
line 38:155 missing ';' at '.'
line 38:164 token recognition error at: '' = 0 "Specification of delay according to signal change";\n'
line 38:163 mismatched input ']' expecting IDENT
line 39:102 token recognition error at: '\'
line 39:155 missing ';' at '.'
line 39:164 token recognition error at: '' = 0 "Specification of delay according to signal change";\n'
line 39:163 mismatched input ']' expecting IDENT
line 40:102 token recognition error at: '\'
line 40:155 missing ';' at '.'
line 40:164 token recognition error at: '' = 0 "Specification of delay according to signal change";\n'
line 40:163 mismatched input ']' expecting IDENT
line 41:102 token recognition error at: '\'
line 41:155 missing ';' at '.'
line 41:164 token recognition error at: '' = -1 "Specification of delay according to signal change";\n'
line 41:163 mismatched input ']' expecting IDENT
line 42:102 token recognition error at: '\'
line 42:155 missing ';' at '.'
line 42:164 token recognition error at: '' = 1 "Specification of delay according to signal change";\n'
line 42:163 mismatched input ']' expecting IDENT
line 43:102 token recognition error at: '\'
line 43:155 missing ';' at '.'
line 43:164 token recognition error at: '' = 0 "Specification of delay according to signal change";\n'
line 43:163 mismatched input ']' expecting IDENT
line 44:102 token recognition error at: '\'
line 44:155 missing ';' at '.'
line 44:164 token recognition error at: '' = 0 "Specification of delay according to signal change";\n'
line 44:163 mismatched input ']' expecting IDENT
line 45:102 token recognition error at: '\'
line 45:155 missing ';' at '.'
line 45:164 token recognition error at: '' = -1 "Specification of delay according to signal change";\n'
line 45:163 mismatched input ']' expecting IDENT
line 46:102 token recognition error at: '\'
line 46:155 missing ';' at '.'
line 46:164 token recognition error at: '' = 1 "Specification of delay according to signal change";\n'
line 46:163 mismatched input ']' expecting IDENT
line 47:102 token recognition error at: '\'
line 47:155 missing ';' at '.'
line 47:164 token recognition error at: '' = 0 "Specification of delay according to signal change";\n'
line 47:163 mismatched input ']' expecting IDENT
line 48:102 token recognition error at: '\'
line 48:155 missing ';' at '.'
line 48:164 token recognition error at: '' = 1 "Specification of delay according to signal change";\n'
line 48:163 mismatched input ']' expecting IDENT
line 49:102 token recognition error at: '\'
line 49:155 missing ';' at '.'
line 49:164 token recognition error at: '' = 1 "Specification of delay according to signal change";\n'
line 49:163 mismatched input ']' expecting IDENT
line 50:102 token recognition error at: '\'
line 50:155 missing ';' at '.'
line 50:164 token recognition error at: '' = 0 "Specification of delay according to signal change";\n'
line 50:163 mismatched input ']' expecting IDENT
line 51:102 token recognition error at: '\'
line 51:155 missing ';' at '.'
line 51:164 token recognition error at: '' = 1 "Specification of delay according to signal change";\n'
line 51:163 mismatched input ']' expecting IDENT
line 52:102 token recognition error at: '\'
line 52:155 missing ';' at '.'
line 52:164 token recognition error at: '' = 1 "Specification of delay according to signal change";\n'
line 52:163 mismatched input ']' expecting IDENT
line 53:102 token recognition error at: '\'
line 53:155 missing ';' at '.'
line 53:164 token recognition error at: '' = 1 "Specification of delay according to signal change";\n'
line 53:163 mismatched input ']' expecting IDENT
line 54:102 token recognition error at: '\'
line 54:155 missing ';' at '.'
line 54:164 token recognition error at: '' = 0 "Specification of delay according to signal change";\n'
line 54:163 mismatched input ']' expecting IDENT
line 55:102 token recognition error at: '\'
line 55:155 missing ';' at '.'
line 55:164 token recognition error at: '' = 1 "Specification of delay according to signal change";\n'
line 55:163 mismatched input ']' expecting IDENT
line 56:102 token recognition error at: '\'
line 56:155 missing ';' at '.'
line 56:164 token recognition error at: '' = 1 "Specification of delay according to signal change";\n'
line 56:163 mismatched input ']' expecting IDENT
line 57:102 token recognition error at: '\'
line 57:155 missing ';' at '.'
line 57:164 token recognition error at: '' = -1 "Specification of delay according to signal change";\n'
line 57:163 mismatched input ']' expecting IDENT
line 58:102 token recognition error at: '\'
line 58:155 missing ';' at '.'
line 58:164 token recognition error at: '' = -1 "Specification of delay according to signal change";\n'
line 58:163 mismatched input ']' expecting IDENT
line 59:102 token recognition error at: '\'
line 59:155 missing ';' at '.'
line 59:164 token recognition error at: '' = -1 "Specification of delay according to signal change";\n'
line 59:163 mismatched input ']' expecting IDENT
line 60:102 token recognition error at: '\'
line 60:155 missing ';' at '.'
line 60:164 token recognition error at: '' = 0 "Specification of delay according to signal change";\n'
line 60:163 mismatched input ']' expecting IDENT
line 61:102 token recognition error at: '\'
line 61:155 missing ';' at '.'
line 61:164 token recognition error at: '' = -1 "Specification of delay according to signal change";\n'
line 61:163 mismatched input ']' expecting IDENT
line 62:102 token recognition error at: '\'
line 62:155 missing ';' at '.'
line 62:164 token recognition error at: '' = -1 "Specification of delay according to signal change";\n'
line 62:163 mismatched input ']' expecting IDENT
line 63:102 token recognition error at: '\'
line 63:155 missing ';' at '.'
line 63:164 token recognition error at: '' = -1 "Specification of delay according to signal change";\n'
line 63:163 mismatched input ']' expecting IDENT
line 64:102 token recognition error at: '\'
line 64:155 missing ';' at '.'
line 64:164 token recognition error at: '' = 0 "Specification of delay according to signal change";\n'
line 64:163 mismatched input ']' expecting IDENT
line 65:102 token recognition error at: '\'
line 65:155 missing ';' at '.'
line 65:164 token recognition error at: '' = -1 "Specification of delay according to signal change";\n'
line 65:163 mismatched input ']' expecting IDENT
line 66:102 token recognition error at: '\'
line 66:155 missing ';' at '.'
line 66:164 token recognition error at: '' = 0 "Specification of delay according to signal change";\n'
line 66:163 mismatched input ']' expecting IDENT
line 67:102 token recognition error at: '\'
line 67:155 missing ';' at '.'
line 67:164 token recognition error at: '' = 0 "Specification of delay according to signal change";\n'
line 67:163 mismatched input ']' expecting IDENT
line 68:102 token recognition error at: '\'
line 68:155 missing ';' at '.'
line 68:164 token recognition error at: '' = -1 "Specification of delay according to signal change";\n'
line 68:163 mismatched input ']' expecting IDENT
line 69:102 token recognition error at: '\'
line 69:155 missing ';' at '.'
line 69:164 token recognition error at: '' = 1 "Specification of delay according to signal change";\n'
line 69:163 mismatched input ']' expecting IDENT
line 70:102 token recognition error at: '\'
line 70:155 missing ';' at '.'
line 70:164 token recognition error at: '' = 0 "Specification of delay according to signal change";\n'
line 70:163 mismatched input ']' expecting IDENT
line 71:102 token recognition error at: '\'
line 71:155 missing ';' at '.'
line 71:164 token recognition error at: '' = 0 "Specification of delay according to signal change";\n'
line 71:163 mismatched input ']' expecting IDENT
line 72:102 token recognition error at: '\'
line 72:155 missing ';' at '.'
line 72:164 token recognition error at: '' = -1 "Specification of delay according to signal change";\n'
line 72:163 mismatched input ']' expecting IDENT
line 73:102 token recognition error at: '\'
line 73:155 missing ';' at '.'
line 73:164 token recognition error at: '' = 1 "Specification of delay according to signal change";\n'
line 73:163 mismatched input ']' expecting IDENT
line 74:102 token recognition error at: '\'
line 74:155 missing ';' at '.'
line 74:164 token recognition error at: '' = 0 "Specification of delay according to signal change";\n'
line 74:163 mismatched input ']' expecting IDENT
line 75:102 token recognition error at: '\'
line 75:155 missing ';' at '.'
line 75:164 token recognition error at: '' = 0 "Specification of delay according to signal change";\n'
line 75:163 mismatched input ']' expecting IDENT
line 76:102 token recognition error at: '\'
line 76:155 missing ';' at '.'
line 76:164 token recognition error at: '' = 0 "Specification of delay according to signal change";\n'
line 76:163 mismatched input ']' expecting IDENT
line 77:102 token recognition error at: '\'
line 77:155 missing ';' at '.'
line 77:164 token recognition error at: '' = -1 "Specification of delay according to signal change";\n'
line 77:163 mismatched input ']' expecting IDENT
line 78:102 token recognition error at: '\'
line 78:155 missing ';' at '.'
line 78:164 token recognition error at: '' = 1 "Specification of delay according to signal change";\n'
line 78:163 mismatched input ']' expecting IDENT
line 79:102 token recognition error at: '\'
line 79:155 missing ';' at '.'
line 79:164 token recognition error at: '' = 0 "Specification of delay according to signal change";\n'
line 79:163 mismatched input ']' expecting IDENT
line 80:102 token recognition error at: '\'
line 80:155 missing ';' at '.'
line 80:164 token recognition error at: '' = 0 "Specification of delay according to signal change";\n'
line 80:163 mismatched input ']' expecting IDENT
line 81:102 token recognition error at: '\'
line 81:155 missing ';' at '.'
line 81:164 token recognition error at: '' = -1 "Specification of delay according to signal change";\n'
line 81:163 mismatched input ']' expecting IDENT
line 82:102 token recognition error at: '\'
line 82:155 missing ';' at '.'
line 82:164 token recognition error at: '' = 1 "Specification of delay according to signal change";\n'
line 82:163 mismatched input ']' expecting IDENT
line 83:102 token recognition error at: '\'
line 83:155 missing ';' at '.'
line 83:164 token recognition error at: '' = 0 "Specification of delay according to signal change";\n'
line 83:163 mismatched input ']' expecting IDENT
line 84:102 token recognition error at: '\'
line 84:155 missing ';' at '.'
line 84:164 token recognition error at: '' = 1 "Specification of delay according to signal change";\n'
line 84:163 mismatched input ']' expecting IDENT
line 85:102 token recognition error at: '\'
line 85:155 missing ';' at '.'
line 85:164 token recognition error at: '' = 1 "Specification of delay according to signal change";\n'
line 85:163 mismatched input ']' expecting IDENT
line 86:102 token recognition error at: '\'
line 86:155 missing ';' at '.'
line 86:164 token recognition error at: '' = 0 "Specification of delay according to signal change";\n'
line 86:163 mismatched input ']' expecting IDENT
line 87:102 token recognition error at: '\'
line 87:155 missing ';' at '.'
line 87:164 token recognition error at: '' = 1 "Specification of delay according to signal change";\n'
line 87:163 mismatched input ']' expecting IDENT
line 88:102 token recognition error at: '\'
line 88:155 missing ';' at '.'
line 88:164 token recognition error at: '' = 1 "Specification of delay according to signal change";\n'
line 88:163 mismatched input ']' expecting IDENT
line 89:102 token recognition error at: '\'
line 89:155 missing ';' at '.'
line 89:164 token recognition error at: '' = 1 "Specification of delay according to signal change";\n'
line 89:163 mismatched input ']' expecting IDENT
line 90:102 token recognition error at: '\'
line 90:155 missing ';' at '.'
line 90:164 token recognition error at: '' = 0 "Specification of delay according to signal change";\n'
line 90:163 mismatched input ']' expecting IDENT
line 91:102 token recognition error at: '\'
line 91:155 missing ';' at '.'
line 91:164 token recognition error at: '' = 1 "Specification of delay according to signal change";\n'
line 91:163 mismatched input ']' expecting IDENT
line 92:102 token recognition error at: '\'
line 92:155 missing ';' at '.'
line 92:164 token recognition error at: '' = 1 "Specification of delay according to signal change";\n'
line 92:163 mismatched input ']' expecting IDENT
line 93:102 token recognition error at: '\'
line 93:155 missing ';' at '.'
line 93:164 token recognition error at: '' = -1 "Specification of delay according to signal change";\n'
line 93:163 mismatched input ']' expecting IDENT
line 94:102 token recognition error at: '\'
line 94:155 missing ';' at '.'
line 94:164 token recognition error at: '' = -1 "Specification of delay according to signal change";\n'
line 94:163 mismatched input ']' expecting IDENT
line 95:102 token recognition error at: '\'
line 95:155 missing ';' at '.'
line 95:164 token recognition error at: '' = -1 "Specification of delay according to signal change";\n'
line 95:163 mismatched input ']' expecting IDENT
line 96:102 token recognition error at: '\'
line 96:155 missing ';' at '.'
line 96:164 token recognition error at: '' = 0 "Specification of delay according to signal change";\n'
line 96:163 mismatched input ']' expecting IDENT
line 97:102 token recognition error at: '\'
line 97:155 missing ';' at '.'
line 97:164 token recognition error at: '' = -1 "Specification of delay according to signal change";\n'
line 97:163 mismatched input ']' expecting IDENT
line 98:102 token recognition error at: '\'
line 98:155 missing ';' at '.'
line 98:164 token recognition error at: '' = -1 "Specification of delay according to signal change";\n'
line 98:163 mismatched input ']' expecting IDENT
line 99:102 token recognition error at: '\'
line 99:155 missing ';' at '.'
line 99:164 token recognition error at: '' = -1 "Specification of delay according to signal change";\n'
line 99:163 mismatched input ']' expecting IDENT
line 100:102 token recognition error at: '\'
line 100:155 missing ';' at '.'
line 100:164 token recognition error at: '' = 0 "Specification of delay according to signal change";\n'
line 100:163 mismatched input ']' expecting IDENT
line 101:102 token recognition error at: '\'
line 101:155 missing ';' at '.'
line 101:164 token recognition error at: '' = -1 "Specification of delay according to signal change";\n'
line 101:163 mismatched input ']' expecting IDENT
line 102:102 token recognition error at: '\'
line 102:155 missing ';' at '.'
line 102:164 token recognition error at: '' = 0 "Specification of delay according to signal change";\n'
line 102:163 mismatched input ']' expecting IDENT
line 103:102 token recognition error at: '\'
line 103:155 missing ';' at '.'
line 103:164 token recognition error at: '' = 0 "Specification of delay according to signal change";\n'
line 103:163 mismatched input ']' expecting IDENT
line 104:102 token recognition error at: '\'
line 104:155 missing ';' at '.'
line 104:164 token recognition error at: '' = -1 "Specification of delay according to signal change";\n'
line 104:163 mismatched input ']' expecting IDENT
line 105:102 token recognition error at: '\'
line 105:155 missing ';' at '.'
line 105:164 token recognition error at: '' = 1 "Specification of delay according to signal change";\n'
line 105:163 mismatched input ']' expecting IDENT
line 106:102 token recognition error at: '\'
line 106:155 missing ';' at '.'
line 106:164 token recognition error at: '' = 0 "Specification of delay according to signal change";\n'
line 106:163 mismatched input ']' expecting IDENT
line 107:102 token recognition error at: '\'
line 107:155 missing ';' at '.'
line 107:164 token recognition error at: '' = 0 "Specification of delay according to signal change";\n'
line 107:163 mismatched input ']' expecting IDENT
line 108:102 token recognition error at: '\'
line 108:155 missing ';' at '.'
line 108:164 token recognition error at: '' = -1 "Specification of delay according to signal change";\n'
line 108:163 mismatched input ']' expecting IDENT
line 109:102 token recognition error at: '\'
line 109:155 missing ';' at '.'
line 109:164 token recognition error at: '' = 1 "Specification of delay according to signal change";\n'
line 109:163 mismatched input ']' expecting IDENT
line 110:102 token recognition error at: '\'
line 110:155 missing ';' at '.'
line 110:164 token recognition error at: '' = 0 "Specification of delay according to signal change";\n'
line 110:163 extraneous input ']' expecting IDENT
line 111:9 missing ';' at ''Adder1.Adder2.AND.G2.delayTime''
line 111:41 extraneous input '(' expecting IDENT
line 111:71 extraneous input ')' expecting ';'
line 135:55 missing ';' at 'Modelica'
line 135:102 token recognition error at: '\'
line 135:103 missing ';' at ''U\'''
line 135:108 extraneous input ',' expecting IDENT
line 135:155 missing ';' at '.'
line 135:164 token recognition error at: '' = 0 "Specification of delay according to signal change";\n'
line 135:163 mismatched input ']' expecting IDENT
line 136:102 token recognition error at: '\'
line 136:155 missing ';' at '.'
line 136:164 token recognition error at: '' = 0 "Specification of delay according to signal change";\n'
line 136:163 mismatched input ']' expecting IDENT
line 137:102 token recognition error at: '\'
line 137:155 missing ';' at '.'
line 137:164 token recognition error at: '' = -1 "Specification of delay according to signal change";\n'
line 137:163 mismatched input ']' expecting IDENT
line 138:102 token recognition error at: '\'
line 138:155 missing ';' at '.'
line 138:164 token recognition error at: '' = 1 "Specification of delay according to signal change";\n'
line 138:163 mismatched input ']' expecting IDENT
line 139:102 token recognition error at: '\'
line 139:155 missing ';' at '.'
line 139:164 token recognition error at: '' = 0 "Specification of delay according to signal change";\n'
line 139:163 mismatched input ']' expecting IDENT
line 140:102 token recognition error at: '\'
line 140:155 missing ';' at '.'
line 140:164 token recognition error at: '' = 0 "Specification of delay according to signal change";\n'
line 140:163 mismatched input ']' expecting IDENT
line 141:102 token recognition error at: '\'
line 141:155 missing ';' at '.'
line 141:164 token recognition error at: '' = -1 "Specification of delay according to signal change";\n'
line 141:163 mismatched input ']' expecting IDENT
line 142:102 token recognition error at: '\'
line 142:155 missing ';' at '.'
line 142:164 token recognition error at: '' = 1 "Specification of delay according to signal change";\n'
line 142:163 mismatched input ']' expecting IDENT
line 143:102 token recognition error at: '\'
line 143:155 missing ';' at '.'
line 143:164 token recognition error at: '' = 0 "Specification of delay according to signal change";\n'
line 143:163 mismatched input ']' expecting IDENT
line 144:102 token recognition error at: '\'
line 144:155 missing ';' at '.'
line 144:164 token recognition error at: '' = 0 "Specification of delay according to signal change";\n'
line 144:163 mismatched input ']' expecting IDENT
line 145:102 token recognition error at: '\'
line 145:155 missing ';' at '.'
line 145:164 token recognition error at: '' = 0 "Specification of delay according to signal change";\n'
line 145:163 mismatched input ']' expecting IDENT
line 146:102 token recognition error at: '\'
line 146:155 missing ';' at '.'
line 146:164 token recognition error at: '' = -1 "Specification of delay according to signal change";\n'
line 146:163 mismatched input ']' expecting IDENT
line 147:102 token recognition error at: '\'
line 147:155 missing ';' at '.'
line 147:164 token recognition error at: '' = 1 "Specification of delay according to signal change";\n'
line 147:163 mismatched input ']' expecting IDENT
line 148:102 token recognition error at: '\'
line 148:155 missing ';' at '.'
line 148:164 token recognition error at: '' = 0 "Specification of delay according to signal change";\n'
line 148:163 mismatched input ']' expecting IDENT
line 149:102 token recognition error at: '\'
line 149:155 missing ';' at '.'
line 149:164 token recognition error at: '' = 0 "Specification of delay according to signal change";\n'
line 149:163 mismatched input ']' expecting IDENT
line 150:102 token recognition error at: '\'
line 150:155 missing ';' at '.'
line 150:164 token recognition error at: '' = -1 "Specification of delay according to signal change";\n'
line 150:163 mismatched input ']' expecting IDENT
line 151:102 token recognition error at: '\'
line 151:155 missing ';' at '.'
line 151:164 token recognition error at: '' = 1 "Specification of delay according to signal change";\n'
line 151:163 mismatched input ']' expecting IDENT
line 152:102 token recognition error at: '\'
line 152:155 missing ';' at '.'
line 152:164 token recognition error at: '' = 0 "Specification of delay according to signal change";\n'
line 152:163 mismatched input ']' expecting IDENT
line 153:102 token recognition error at: '\'
line 153:155 missing ';' at '.'
line 153:164 token recognition error at: '' = 1 "Specification of delay according to signal change";\n'
line 153:163 mismatched input ']' expecting IDENT
line 154:102 token recognition error at: '\'
line 154:155 missing ';' at '.'
line 154:164 token recognition error at: '' = 1 "Specification of delay according to signal change";\n'
line 154:163 mismatched input ']' expecting IDENT
line 155:102 token recognition error at: '\'
line 155:155 missing ';' at '.'
line 155:164 token recognition error at: '' = 0 "Specification of delay according to signal change";\n'
line 155:163 mismatched input ']' expecting IDENT
line 156:102 token recognition error at: '\'
line 156:155 missing ';' at '.'
line 156:164 token recognition error at: '' = 1 "Specification of delay according to signal change";\n'
line 156:163 mismatched input ']' expecting IDENT
line 157:102 token recognition error at: '\'
line 157:155 missing ';' at '.'
line 157:164 token recognition error at: '' = 1 "Specification of delay according to signal change";\n'
line 157:163 mismatched input ']' expecting IDENT
line 158:102 token recognition error at: '\'
line 158:155 missing ';' at '.'
line 158:164 token recognition error at: '' = 1 "Specification of delay according to signal change";\n'
line 158:163 mismatched input ']' expecting IDENT
line 159:102 token recognition error at: '\'
line 159:155 missing ';' at '.'
line 159:164 token recognition error at: '' = 0 "Specification of delay according to signal change";\n'
line 159:163 mismatched input ']' expecting IDENT
line 160:102 token recognition error at: '\'
line 160:155 missing ';' at '.'
line 160:164 token recognition error at: '' = 1 "Specification of delay according to signal change";\n'
line 160:163 mismatched input ']' expecting IDENT
line 161:102 token recognition error at: '\'
line 161:155 missing ';' at '.'
line 161:164 token recognition error at: '' = 1 "Specification of delay according to signal change";\n'
line 161:163 mismatched input ']' expecting IDENT
line 162:102 token recognition error at: '\'
line 162:155 missing ';' at '.'
line 162:164 token recognition error at: '' = -1 "Specification of delay according to signal change";\n'
line 162:163 mismatched input ']' expecting IDENT
line 163:102 token recognition error at: '\'
line 163:155 missing ';' at '.'
line 163:164 token recognition error at: '' = -1 "Specification of delay according to signal change";\n'
line 163:163 mismatched input ']' expecting IDENT
line 164:102 token recognition error at: '\'
line 164:155 missing ';' at '.'
line 164:164 token recognition error at: '' = -1 "Specification of delay according to signal change";\n'
line 164:163 mismatched input ']' expecting IDENT
line 165:102 token recognition error at: '\'
line 165:155 missing ';' at '.'
line 165:164 token recognition error at: '' = 0 "Specification of delay according to signal change";\n'
line 165:163 mismatched input ']' expecting IDENT
line 166:102 token recognition error at: '\'
line 166:155 missing ';' at '.'
line 166:164 token recognition error at: '' = -1 "Specification of delay according to signal change";\n'
line 166:163 mismatched input ']' expecting IDENT
line 167:102 token recognition error at: '\'
line 167:155 missing ';' at '.'
line 167:164 token recognition error at: '' = -1 "Specification of delay according to signal change";\n'
line 167:163 mismatched input ']' expecting IDENT
line 168:102 token recognition error at: '\'
line 168:155 missing ';' at '.'
line 168:164 token recognition error at: '' = -1 "Specification of delay according to signal change";\n'
line 168:163 mismatched input ']' expecting IDENT
line 169:102 token recognition error at: '\'
line 169:155 missing ';' at '.'
line 169:164 token recognition error at: '' = 0 "Specification of delay according to signal change";\n'
line 169:163 mismatched input ']' expecting IDENT
line 170:102 token recognition error at: '\'
line 170:155 missing ';' at '.'
line 170:164 token recognition error at: '' = -1 "Specification of delay according to signal change";\n'
line 170:163 mismatched input ']' expecting IDENT
line 171:102 token recognition error at: '\'
line 171:155 missing ';' at '.'
line 171:164 token recognition error at: '' = 0 "Specification of delay according to signal change";\n'
line 171:163 mismatched input ']' expecting IDENT
line 172:102 token recognition error at: '\'
line 172:155 missing ';' at '.'
line 172:164 token recognition error at: '' = 0 "Specification of delay according to signal change";\n'
line 172:163 mismatched input ']' expecting IDENT
line 173:102 token recognition error at: '\'
line 173:155 missing ';' at '.'
line 173:164 token recognition error at: '' = -1 "Specification of delay according to signal change";\n'
line 173:163 mismatched input ']' expecting IDENT
line 174:102 token recognition error at: '\'
line 174:155 missing ';' at '.'
line 174:164 token recognition error at: '' = 1 "Specification of delay according to signal change";\n'
line 174:163 mismatched input ']' expecting IDENT
line 175:102 token recognition error at: '\'
line 175:155 missing ';' at '.'
line 175:164 token recognition error at: '' = 0 "Specification of delay according to signal change";\n'
line 175:163 mismatched input ']' expecting IDENT
line 176:102 token recognition error at: '\'
line 176:155 missing ';' at '.'
line 176:164 token recognition error at: '' = 0 "Specification of delay according to signal change";\n'
line 176:163 mismatched input ']' expecting IDENT
line 177:102 token recognition error at: '\'
line 177:155 missing ';' at '.'
line 177:164 token recognition error at: '' = -1 "Specification of delay according to signal change";\n'
line 177:163 mismatched input ']' expecting IDENT
line 178:102 token recognition error at: '\'
line 178:155 missing ';' at '.'
line 178:164 token recognition error at: '' = 1 "Specification of delay according to signal change";\n'
line 178:163 mismatched input ']' expecting IDENT
line 179:102 token recognition error at: '\'
line 179:155 missing ';' at '.'
line 179:164 token recognition error at: '' = 0 "Specification of delay according to signal change";\n'
line 179:163 mismatched input ']' expecting IDENT
line 180:102 token recognition error at: '\'
line 180:155 missing ';' at '.'
line 180:164 token recognition error at: '' = 0 "Specification of delay according to signal change";\n'
line 180:163 mismatched input ']' expecting IDENT
line 181:102 token recognition error at: '\'
line 181:155 missing ';' at '.'
line 181:164 token recognition error at: '' = 0 "Specification of delay according to signal change";\n'
line 181:163 mismatched input ']' expecting IDENT
line 182:102 token recognition error at: '\'
line 182:155 missing ';' at '.'
line 182:164 token recognition error at: '' = -1 "Specification of delay according to signal change";\n'
line 182:163 mismatched input ']' expecting IDENT
line 183:102 token recognition error at: '\'
line 183:155 missing ';' at '.'
line 183:164 token recognition error at: '' = 1 "Specification of delay according to signal change";\n'
line 183:163 mismatched input ']' expecting IDENT
line 184:102 token recognition error at: '\'
line 184:155 missing ';' at '.'
line 184:164 token recognition error at: '' = 0 "Specification of delay according to signal change";\n'
line 184:163 mismatched input ']' expecting IDENT
line 185:102 token recognition error at: '\'
line 185:155 missing ';' at '.'
line 185:164 token recognition error at: '' = 0 "Specification of delay according to signal change";\n'
line 185:163 mismatched input ']' expecting IDENT
line 186:102 token recognition error at: '\'
line 186:155 missing ';' at '.'
line 186:164 token recognition error at: '' = -1 "Specification of delay according to signal change";\n'
line 186:163 mismatched input ']' expecting IDENT
line 187:102 token recognition error at: '\'
line 187:155 missing ';' at '.'
line 187:164 token recognition error at: '' = 1 "Specification of delay according to signal change";\n'
line 187:163 mismatched input ']' expecting IDENT
line 188:102 token recognition error at: '\'
line 188:155 missing ';' at '.'
line 188:164 token recognition error at: '' = 0 "Specification of delay according to signal change";\n'
line 188:163 mismatched input ']' expecting IDENT
line 189:102 token recognition error at: '\'
line 189:155 missing ';' at '.'
line 189:164 token recognition error at: '' = 1 "Specification of delay according to signal change";\n'
line 189:163 mismatched input ']' expecting IDENT
line 190:102 token recognition error at: '\'
line 190:155 missing ';' at '.'
line 190:164 token recognition error at: '' = 1 "Specification of delay according to signal change";\n'
line 190:163 mismatched input ']' expecting IDENT
line 191:102 token recognition error at: '\'
line 191:155 missing ';' at '.'
line 191:164 token recognition error at: '' = 0 "Specification of delay according to signal change";\n'
line 191:163 mismatched input ']' expecting IDENT
line 192:102 token recognition error at: '\'
line 192:155 missing ';' at '.'
line 192:164 token recognition error at: '' = 1 "Specification of delay according to signal change";\n'
line 192:163 mismatched input ']' expecting IDENT
line 193:102 token recognition error at: '\'
line 193:155 missing ';' at '.'
line 193:164 token recognition error at: '' = 1 "Specification of delay according to signal change";\n'
line 193:163 mismatched input ']' expecting IDENT
line 194:102 token recognition error at: '\'
line 194:155 missing ';' at '.'
line 194:164 token recognition error at: '' = 1 "Specification of delay according to signal change";\n'
line 194:163 mismatched input ']' expecting IDENT
line 195:102 token recognition error at: '\'
line 195:155 missing ';' at '.'
line 195:164 token recognition error at: '' = 0 "Specification of delay according to signal change";\n'
line 195:163 mismatched input ']' expecting IDENT
line 196:102 token recognition error at: '\'
line 196:155 missing ';' at '.'
line 196:164 token recognition error at: '' = 1 "Specification of delay according to signal change";\n'
line 196:163 mismatched input ']' expecting IDENT
line 197:102 token recognition error at: '\'
line 197:155 missing ';' at '.'
line 197:164 token recognition error at: '' = 1 "Specification of delay according to signal change";\n'
line 197:163 mismatched input ']' expecting IDENT
line 198:102 token recognition error at: '\'
line 198:155 missing ';' at '.'
line 198:164 token recognition error at: '' = -1 "Specification of delay according to signal change";\n'
line 198:163 mismatched input ']' expecting IDENT
line 199:102 token recognition error at: '\'
line 199:155 missing ';' at '.'
line 199:164 token recognition error at: '' = -1 "Specification of delay according to signal change";\n'
line 199:163 mismatched input ']' expecting IDENT
line 200:102 token recognition error at: '\'
line 200:155 missing ';' at '.'
line 200:164 token recognition error at: '' = -1 "Specification of delay according to signal change";\n'
line 200:163 mismatched input ']' expecting IDENT
line 201:102 token recognition error at: '\'
line 201:155 missing ';' at '.'
line 201:164 token recognition error at: '' = 0 "Specification of delay according to signal change";\n'
line 201:163 mismatched input ']' expecting IDENT
line 202:102 token recognition error at: '\'
line 202:155 missing ';' at '.'
line 202:164 token recognition error at: '' = -1 "Specification of delay according to signal change";\n'
line 202:163 mismatched input ']' expecting IDENT
line 203:102 token recognition error at: '\'
line 203:155 missing ';' at '.'
line 203:164 token recognition error at: '' = -1 "Specification of delay according to signal change";\n'
line 203:163 mismatched input ']' expecting IDENT
line 204:102 token recognition error at: '\'
line 204:155 missing ';' at '.'
line 204:164 token recognition error at: '' = -1 "Specification of delay according to signal change";\n'
line 204:163 mismatched input ']' expecting IDENT
line 205:102 token recognition error at: '\'
line 205:155 missing ';' at '.'
line 205:164 token recognition error at: '' = 0 "Specification of delay according to signal change";\n'
line 205:163 mismatched input ']' expecting IDENT
line 206:102 token recognition error at: '\'
line 206:155 missing ';' at '.'
line 206:164 token recognition error at: '' = -1 "Specification of delay according to signal change";\n'
line 206:163 mismatched input ']' expecting IDENT
line 207:102 token recognition error at: '\'
line 207:155 missing ';' at '.'
line 207:164 token recognition error at: '' = 0 "Specification of delay according to signal change";\n'
line 207:163 mismatched input ']' expecting IDENT
line 208:102 token recognition error at: '\'
line 208:155 missing ';' at '.'
line 208:164 token recognition error at: '' = 0 "Specification of delay according to signal change";\n'
line 208:163 mismatched input ']' expecting IDENT
line 209:102 token recognition error at: '\'
line 209:155 missing ';' at '.'
line 209:164 token recognition error at: '' = -1 "Specification of delay according to signal change";\n'
line 209:163 mismatched input ']' expecting IDENT
line 210:102 token recognition error at: '\'
line 210:155 missing ';' at '.'
line 210:164 token recognition error at: '' = 1 "Specification of delay according to signal change";\n'
line 210:163 mismatched input ']' expecting IDENT
line 211:102 token recognition error at: '\'
line 211:155 missing ';' at '.'
line 211:164 token recognition error at: '' = 0 "Specification of delay according to signal change";\n'
line 211:163 mismatched input ']' expecting IDENT
line 212:102 token recognition error at: '\'
line 212:155 missing ';' at '.'
line 212:164 token recognition error at: '' = 0 "Specification of delay according to signal change";\n'
line 212:163 mismatched input ']' expecting IDENT
line 213:102 token recognition error at: '\'
line 213:155 missing ';' at '.'
line 213:164 token recognition error at: '' = -1 "Specification of delay according to signal change";\n'
line 213:163 mismatched input ']' expecting IDENT
line 214:102 token recognition error at: '\'
line 214:155 missing ';' at '.'
line 214:164 token recognition error at: '' = 1 "Specification of delay according to signal change";\n'
line 214:163 mismatched input ']' expecting IDENT
line 215:102 token recognition error at: '\'
line 215:155 missing ';' at '.'
line 215:164 token recognition error at: '' = 0 "Specification of delay according to signal change";\n'
line 215:163 extraneous input ']' expecting IDENT
line 216:9 missing ';' at ''Adder1.Adder2.XOR.G2.delayTime''
line 216:41 extraneous input '(' expecting IDENT
line 216:71 extraneous input ')' expecting ';'
line 245:55 missing ';' at 'Modelica'
line 245:102 token recognition error at: '\'
line 245:103 missing ';' at ''U\'''
line 245:108 extraneous input ',' expecting IDENT
line 245:155 missing ';' at '.'
line 245:164 token recognition error at: '' = 0 "Specification of delay according to signal change";\n'
line 245:163 mismatched input ']' expecting IDENT
line 246:102 token recognition error at: '\'
line 246:155 missing ';' at '.'
line 246:164 token recognition error at: '' = 0 "Specification of delay according to signal change";\n'
line 246:163 mismatched input ']' expecting IDENT
line 247:102 token recognition error at: '\'
line 247:155 missing ';' at '.'
line 247:164 token recognition error at: '' = -1 "Specification of delay according to signal change";\n'
line 247:163 mismatched input ']' expecting IDENT
line 248:102 token recognition error at: '\'
line 248:155 missing ';' at '.'
line 248:164 token recognition error at: '' = 1 "Specification of delay according to signal change";\n'
line 248:163 mismatched input ']' expecting IDENT
line 249:102 token recognition error at: '\'
line 249:155 missing ';' at '.'
line 249:164 token recognition error at: '' = 0 "Specification of delay according to signal change";\n'
line 249:163 mismatched input ']' expecting IDENT
line 250:102 token recognition error at: '\'
line 250:155 missing ';' at '.'
line 250:164 token recognition error at: '' = 0 "Specification of delay according to signal change";\n'
line 250:163 mismatched input ']' expecting IDENT
line 251:102 token recognition error at: '\'
line 251:155 missing ';' at '.'
line 251:164 token recognition error at: '' = -1 "Specification of delay according to signal change";\n'
line 251:163 mismatched input ']' expecting IDENT
line 252:102 token recognition error at: '\'
line 252:155 missing ';' at '.'
line 252:164 token recognition error at: '' = 1 "Specification of delay according to signal change";\n'
line 252:163 mismatched input ']' expecting IDENT
line 253:102 token recognition error at: '\'
line 253:155 missing ';' at '.'
line 253:164 token recognition error at: '' = 0 "Specification of delay according to signal change";\n'
line 253:163 mismatched input ']' expecting IDENT
line 254:102 token recognition error at: '\'
line 254:155 missing ';' at '.'
line 254:164 token recognition error at: '' = 0 "Specification of delay according to signal change";\n'
line 254:163 mismatched input ']' expecting IDENT
line 255:102 token recognition error at: '\'
line 255:155 missing ';' at '.'
line 255:164 token recognition error at: '' = 0 "Specification of delay according to signal change";\n'
line 255:163 mismatched input ']' expecting IDENT
line 256:102 token recognition error at: '\'
line 256:155 missing ';' at '.'
line 256:164 token recognition error at: '' = -1 "Specification of delay according to signal change";\n'
line 256:163 mismatched input ']' expecting IDENT
line 257:102 token recognition error at: '\'
line 257:155 missing ';' at '.'
line 257:164 token recognition error at: '' = 1 "Specification of delay according to signal change";\n'
line 257:163 mismatched input ']' expecting IDENT
line 258:102 token recognition error at: '\'
line 258:155 missing ';' at '.'
line 258:164 token recognition error at: '' = 0 "Specification of delay according to signal change";\n'
line 258:163 mismatched input ']' expecting IDENT
line 259:102 token recognition error at: '\'
line 259:155 missing ';' at '.'
line 259:164 token recognition error at: '' = 0 "Specification of delay according to signal change";\n'
line 259:163 mismatched input ']' expecting IDENT
line 260:102 token recognition error at: '\'
line 260:155 missing ';' at '.'
line 260:164 token recognition error at: '' = -1 "Specification of delay according to signal change";\n'
line 260:163 mismatched input ']' expecting IDENT
line 261:102 token recognition error at: '\'
line 261:155 missing ';' at '.'
line 261:164 token recognition error at: '' = 1 "Specification of delay according to signal change";\n'
line 261:163 mismatched input ']' expecting IDENT
line 262:102 token recognition error at: '\'
line 262:155 missing ';' at '.'
line 262:164 token recognition error at: '' = 0 "Specification of delay according to signal change";\n'
line 262:163 mismatched input ']' expecting IDENT
line 263:102 token recognition error at: '\'
line 263:155 missing ';' at '.'
line 263:164 token recognition error at: '' = 1 "Specification of delay according to signal change";\n'
line 263:163 mismatched input ']' expecting IDENT
line 264:102 token recognition error at: '\'
line 264:155 missing ';' at '.'
line 264:164 token recognition error at: '' = 1 "Specification of delay according to signal change";\n'
line 264:163 mismatched input ']' expecting IDENT
line 265:102 token recognition error at: '\'
line 265:155 missing ';' at '.'
line 265:164 token recognition error at: '' = 0 "Specification of delay according to signal change";\n'
line 265:163 mismatched input ']' expecting IDENT
line 266:102 token recognition error at: '\'
line 266:155 missing ';' at '.'
line 266:164 token recognition error at: '' = 1 "Specification of delay according to signal change";\n'
line 266:163 mismatched input ']' expecting IDENT
line 267:102 token recognition error at: '\'
line 267:155 missing ';' at '.'
line 267:164 token recognition error at: '' = 1 "Specification of delay according to signal change";\n'
line 267:163 mismatched input ']' expecting IDENT
line 268:102 token recognition error at: '\'
line 268:155 missing ';' at '.'
line 268:164 token recognition error at: '' = 1 "Specification of delay according to signal change";\n'
line 268:163 mismatched input ']' expecting IDENT
line 269:102 token recognition error at: '\'
line 269:155 missing ';' at '.'
line 269:164 token recognition error at: '' = 0 "Specification of delay according to signal change";\n'
line 269:163 mismatched input ']' expecting IDENT
line 270:102 token recognition error at: '\'
line 270:155 missing ';' at '.'
line 270:164 token recognition error at: '' = 1 "Specification of delay according to signal change";\n'
line 270:163 mismatched input ']' expecting IDENT
line 271:102 token recognition error at: '\'
line 271:155 missing ';' at '.'
line 271:164 token recognition error at: '' = 1 "Specification of delay according to signal change";\n'
line 271:163 mismatched input ']' expecting IDENT
line 272:102 token recognition error at: '\'
line 272:155 missing ';' at '.'
line 272:164 token recognition error at: '' = -1 "Specification of delay according to signal change";\n'
line 272:163 mismatched input ']' expecting IDENT
line 273:102 token recognition error at: '\'
line 273:155 missing ';' at '.'
line 273:164 token recognition error at: '' = -1 "Specification of delay according to signal change";\n'
line 273:163 mismatched input ']' expecting IDENT
line 274:102 token recognition error at: '\'
line 274:155 missing ';' at '.'
line 274:164 token recognition error at: '' = -1 "Specification of delay according to signal change";\n'
line 274:163 mismatched input ']' expecting IDENT
line 275:102 token recognition error at: '\'
line 275:155 missing ';' at '.'
line 275:164 token recognition error at: '' = 0 "Specification of delay according to signal change";\n'
line 275:163 mismatched input ']' expecting IDENT
line 276:102 token recognition error at: '\'
line 276:155 missing ';' at '.'
line 276:164 token recognition error at: '' = -1 "Specification of delay according to signal change";\n'
line 276:163 mismatched input ']' expecting IDENT
line 277:102 token recognition error at: '\'
line 277:155 missing ';' at '.'
line 277:164 token recognition error at: '' = -1 "Specification of delay according to signal change";\n'
line 277:163 mismatched input ']' expecting IDENT
line 278:102 token recognition error at: '\'
line 278:155 missing ';' at '.'
line 278:164 token recognition error at: '' = -1 "Specification of delay according to signal change";\n'
line 278:163 mismatched input ']' expecting IDENT
line 279:102 token recognition error at: '\'
line 279:155 missing ';' at '.'
line 279:164 token recognition error at: '' = 0 "Specification of delay according to signal change";\n'
line 279:163 mismatched input ']' expecting IDENT
line 280:102 token recognition error at: '\'
line 280:155 missing ';' at '.'
line 280:164 token recognition error at: '' = -1 "Specification of delay according to signal change";\n'
line 280:163 mismatched input ']' expecting IDENT
line 281:102 token recognition error at: '\'
line 281:155 missing ';' at '.'
line 281:164 token recognition error at: '' = 0 "Specification of delay according to signal change";\n'
line 281:163 mismatched input ']' expecting IDENT
line 282:102 token recognition error at: '\'
line 282:155 missing ';' at '.'
line 282:164 token recognition error at: '' = 0 "Specification of delay according to signal change";\n'
line 282:163 mismatched input ']' expecting IDENT
line 283:102 token recognition error at: '\'
line 283:155 missing ';' at '.'
line 283:164 token recognition error at: '' = -1 "Specification of delay according to signal change";\n'
line 283:163 mismatched input ']' expecting IDENT
line 284:102 token recognition error at: '\'
line 284:155 missing ';' at '.'
line 284:164 token recognition error at: '' = 1 "Specification of delay according to signal change";\n'
line 284:163 mismatched input ']' expecting IDENT
line 285:102 token recognition error at: '\'
line 285:155 missing ';' at '.'
line 285:164 token recognition error at: '' = 0 "Specification of delay according to signal change";\n'
line 285:163 mismatched input ']' expecting IDENT
line 286:102 token recognition error at: '\'
line 286:155 missing ';' at '.'
line 286:164 token recognition error at: '' = 0 "Specification of delay according to signal change";\n'
line 286:163 mismatched input ']' expecting IDENT
line 287:102 token recognition error at: '\'
line 287:155 missing ';' at '.'
line 287:164 token recognition error at: '' = -1 "Specification of delay according to signal change";\n'
line 287:163 mismatched input ']' expecting IDENT
line 288:102 token recognition error at: '\'
line 288:155 missing ';' at '.'
line 288:164 token recognition error at: '' = 1 "Specification of delay according to signal change";\n'
line 288:163 mismatched input ']' expecting IDENT
line 289:102 token recognition error at: '\'
line 289:155 missing ';' at '.'
line 289:164 token recognition error at: '' = 0 "Specification of delay according to signal change";\n'
line 289:163 mismatched input ']' expecting IDENT
line 290:102 token recognition error at: '\'
line 290:155 missing ';' at '.'
line 290:164 token recognition error at: '' = 0 "Specification of delay according to signal change";\n'
line 290:163 mismatched input ']' expecting IDENT
line 291:102 token recognition error at: '\'
line 291:155 missing ';' at '.'
line 291:164 token recognition error at: '' = 0 "Specification of delay according to signal change";\n'
line 291:163 mismatched input ']' expecting IDENT
line 292:102 token recognition error at: '\'
line 292:155 missing ';' at '.'
line 292:164 token recognition error at: '' = -1 "Specification of delay according to signal change";\n'
line 292:163 mismatched input ']' expecting IDENT
line 293:102 token recognition error at: '\'
line 293:155 missing ';' at '.'
line 293:164 token recognition error at: '' = 1 "Specification of delay according to signal change";\n'
line 293:163 mismatched input ']' expecting IDENT
line 294:102 token recognition error at: '\'
line 294:155 missing ';' at '.'
line 294:164 token recognition error at: '' = 0 "Specification of delay according to signal change";\n'
line 294:163 mismatched input ']' expecting IDENT
line 295:102 token recognition error at: '\'
line 295:155 missing ';' at '.'
line 295:164 token recognition error at: '' = 0 "Specification of delay according to signal change";\n'
line 295:163 mismatched input ']' expecting IDENT
line 296:102 token recognition error at: '\'
line 296:155 missing ';' at '.'
line 296:164 token recognition error at: '' = -1 "Specification of delay according to signal change";\n'
line 296:163 mismatched input ']' expecting IDENT
line 297:102 token recognition error at: '\'
line 297:155 missing ';' at '.'
line 297:164 token recognition error at: '' = 1 "Specification of delay according to signal change";\n'
line 297:163 mismatched input ']' expecting IDENT
line 298:102 token recognition error at: '\'
line 298:155 missing ';' at '.'
line 298:164 token recognition error at: '' = 0 "Specification of delay according to signal change";\n'
line 298:163 mismatched input ']' expecting IDENT
line 299:102 token recognition error at: '\'
line 299:155 missing ';' at '.'
line 299:164 token recognition error at: '' = 1 "Specification of delay according to signal change";\n'
line 299:163 mismatched input ']' expecting IDENT
line 300:102 token recognition error at: '\'
line 300:155 missing ';' at '.'
line 300:164 token recognition error at: '' = 1 "Specification of delay according to signal change";\n'
line 300:163 mismatched input ']' expecting IDENT
line 301:102 token recognition error at: '\'
line 301:155 missing ';' at '.'
line 301:164 token recognition error at: '' = 0 "Specification of delay according to signal change";\n'
line 301:163 mismatched input ']' expecting IDENT
line 302:102 token recognition error at: '\'
line 302:155 missing ';' at '.'
line 302:164 token recognition error at: '' = 1 "Specification of delay according to signal change";\n'
line 302:163 mismatched input ']' expecting IDENT
line 303:102 token recognition error at: '\'
line 303:155 missing ';' at '.'
line 303:164 token recognition error at: '' = 1 "Specification of delay according to signal change";\n'
line 303:163 mismatched input ']' expecting IDENT
line 304:102 token recognition error at: '\'
line 304:155 missing ';' at '.'
line 304:164 token recognition error at: '' = 1 "Specification of delay according to signal change";\n'
line 304:163 mismatched input ']' expecting IDENT
line 305:102 token recognition error at: '\'
line 305:155 missing ';' at '.'
line 305:164 token recognition error at: '' = 0 "Specification of delay according to signal change";\n'
line 305:163 mismatched input ']' expecting IDENT
line 306:102 token recognition error at: '\'
line 306:155 missing ';' at '.'
line 306:164 token recognition error at: '' = 1 "Specification of delay according to signal change";\n'
line 306:163 mismatched input ']' expecting IDENT
line 307:102 token recognition error at: '\'
line 307:155 missing ';' at '.'
line 307:164 token recognition error at: '' = 1 "Specification of delay according to signal change";\n'
line 307:163 mismatched input ']' expecting IDENT
line 308:102 token recognition error at: '\'
line 308:155 missing ';' at '.'
line 308:164 token recognition error at: '' = -1 "Specification of delay according to signal change";\n'
line 308:163 mismatched input ']' expecting IDENT
line 309:102 token recognition error at: '\'
line 309:155 missing ';' at '.'
line 309:164 token recognition error at: '' = -1 "Specification of delay according to signal change";\n'
line 309:163 mismatched input ']' expecting IDENT
line 310:102 token recognition error at: '\'
line 310:155 missing ';' at '.'
line 310:164 token recognition error at: '' = -1 "Specification of delay according to signal change";\n'
line 310:163 mismatched input ']' expecting IDENT
line 311:102 token recognition error at: '\'
line 311:155 missing ';' at '.'
line 311:164 token recognition error at: '' = 0 "Specification of delay according to signal change";\n'
line 311:163 mismatched input ']' expecting IDENT
line 312:102 token recognition error at: '\'
line 312:155 missing ';' at '.'
line 312:164 token recognition error at: '' = -1 "Specification of delay according to signal change";\n'
line 312:163 mismatched input ']' expecting IDENT
line 313:102 token recognition error at: '\'
line 313:155 missing ';' at '.'
line 313:164 token recognition error at: '' = -1 "Specification of delay according to signal change";\n'
line 313:163 mismatched input ']' expecting IDENT
line 314:102 token recognition error at: '\'
line 314:155 missing ';' at '.'
line 314:164 token recognition error at: '' = -1 "Specification of delay according to signal change";\n'
line 314:163 mismatched input ']' expecting IDENT
line 315:102 token recognition error at: '\'
line 315:155 missing ';' at '.'
line 315:164 token recognition error at: '' = 0 "Specification of delay according to signal change";\n'
line 315:163 mismatched input ']' expecting IDENT
line 316:102 token recognition error at: '\'
line 316:155 missing ';' at '.'
line 316:164 token recognition error at: '' = -1 "Specification of delay according to signal change";\n'
line 316:163 mismatched input ']' expecting IDENT
line 317:102 token recognition error at: '\'
line 317:155 missing ';' at '.'
line 317:164 token recognition error at: '' = 0 "Specification of delay according to signal change";\n'
line 317:163 mismatched input ']' expecting IDENT
line 318:102 token recognition error at: '\'
line 318:155 missing ';' at '.'
line 318:164 token recognition error at: '' = 0 "Specification of delay according to signal change";\n'
line 318:163 mismatched input ']' expecting IDENT
line 319:102 token recognition error at: '\'
line 319:155 missing ';' at '.'
line 319:164 token recognition error at: '' = -1 "Specification of delay according to signal change";\n'
line 319:163 mismatched input ']' expecting IDENT
line 320:102 token recognition error at: '\'
line 320:155 missing ';' at '.'
line 320:164 token recognition error at: '' = 1 "Specification of delay according to signal change";\n'
line 320:163 mismatched input ']' expecting IDENT
line 321:102 token recognition error at: '\'
line 321:155 missing ';' at '.'
line 321:164 token recognition error at: '' = 0 "Specification of delay according to signal change";\n'
line 321:163 mismatched input ']' expecting IDENT
line 322:102 token recognition error at: '\'
line 322:155 missing ';' at '.'
line 322:164 token recognition error at: '' = 0 "Specification of delay according to signal change";\n'
line 322:163 mismatched input ']' expecting IDENT
line 323:102 token recognition error at: '\'
line 323:155 missing ';' at '.'
line 323:164 token recognition error at: '' = -1 "Specification of delay according to signal change";\n'
line 323:163 mismatched input ']' expecting IDENT
line 324:102 token recognition error at: '\'
line 324:155 missing ';' at '.'
line 324:164 token recognition error at: '' = 1 "Specification of delay according to signal change";\n'
line 324:163 mismatched input ']' expecting IDENT
line 325:102 token recognition error at: '\'
line 325:155 missing ';' at '.'
line 325:164 token recognition error at: '' = 0 "Specification of delay according to signal change";\n'
line 325:163 extraneous input ']' expecting IDENT
line 326:9 missing ';' at ''Adder1.Adder1.AND.G2.delayTime''
line 326:41 extraneous input '(' expecting IDENT
line 326:71 extraneous input ')' expecting ';'
line 350:55 missing ';' at 'Modelica'
line 350:102 token recognition error at: '\'
line 350:103 missing ';' at ''U\'''
line 350:108 extraneous input ',' expecting IDENT
line 350:155 missing ';' at '.'
line 350:164 token recognition error at: '' = 0 "Specification of delay according to signal change";\n'
line 350:163 mismatched input ']' expecting IDENT
line 351:102 token recognition error at: '\'
line 351:155 missing ';' at '.'
line 351:164 token recognition error at: '' = 0 "Specification of delay according to signal change";\n'
line 351:163 mismatched input ']' expecting IDENT
line 352:102 token recognition error at: '\'
line 352:155 missing ';' at '.'
line 352:164 token recognition error at: '' = -1 "Specification of delay according to signal change";\n'
line 352:163 mismatched input ']' expecting IDENT
line 353:102 token recognition error at: '\'
line 353:155 missing ';' at '.'
line 353:164 token recognition error at: '' = 1 "Specification of delay according to signal change";\n'
line 353:163 mismatched input ']' expecting IDENT
line 354:102 token recognition error at: '\'
line 354:155 missing ';' at '.'
line 354:164 token recognition error at: '' = 0 "Specification of delay according to signal change";\n'
line 354:163 mismatched input ']' expecting IDENT
line 355:102 token recognition error at: '\'
line 355:155 missing ';' at '.'
line 355:164 token recognition error at: '' = 0 "Specification of delay according to signal change";\n'
line 355:163 mismatched input ']' expecting IDENT
line 356:102 token recognition error at: '\'
line 356:155 missing ';' at '.'
line 356:164 token recognition error at: '' = -1 "Specification of delay according to signal change";\n'
line 356:163 mismatched input ']' expecting IDENT
line 357:102 token recognition error at: '\'
line 357:155 missing ';' at '.'
line 357:164 token recognition error at: '' = 1 "Specification of delay according to signal change";\n'
line 357:163 mismatched input ']' expecting IDENT
line 358:102 token recognition error at: '\'
line 358:155 missing ';' at '.'
line 358:164 token recognition error at: '' = 0 "Specification of delay according to signal change";\n'
line 358:163 mismatched input ']' expecting IDENT
line 359:102 token recognition error at: '\'
line 359:155 missing ';' at '.'
line 359:164 token recognition error at: '' = 0 "Specification of delay according to signal change";\n'
line 359:163 mismatched input ']' expecting IDENT
line 360:102 token recognition error at: '\'
line 360:155 missing ';' at '.'
line 360:164 token recognition error at: '' = 0 "Specification of delay according to signal change";\n'
line 360:163 mismatched input ']' expecting IDENT
line 361:102 token recognition error at: '\'
line 361:155 missing ';' at '.'
line 361:164 token recognition error at: '' = -1 "Specification of delay according to signal change";\n'
line 361:163 mismatched input ']' expecting IDENT
line 362:102 token recognition error at: '\'
line 362:155 missing ';' at '.'
line 362:164 token recognition error at: '' = 1 "Specification of delay according to signal change";\n'
line 362:163 mismatched input ']' expecting IDENT
line 363:102 token recognition error at: '\'
line 363:155 missing ';' at '.'
line 363:164 token recognition error at: '' = 0 "Specification of delay according to signal change";\n'
line 363:163 mismatched input ']' expecting IDENT
line 364:102 token recognition error at: '\'
line 364:155 missing ';' at '.'
line 364:164 token recognition error at: '' = 0 "Specification of delay according to signal change";\n'
line 364:163 mismatched input ']' expecting IDENT
line 365:102 token recognition error at: '\'
line 365:155 missing ';' at '.'
line 365:164 token recognition error at: '' = -1 "Specification of delay according to signal change";\n'
line 365:163 mismatched input ']' expecting IDENT
line 366:102 token recognition error at: '\'
line 366:155 missing ';' at '.'
line 366:164 token recognition error at: '' = 1 "Specification of delay according to signal change";\n'
line 366:163 mismatched input ']' expecting IDENT
line 367:102 token recognition error at: '\'
line 367:155 missing ';' at '.'
line 367:164 token recognition error at: '' = 0 "Specification of delay according to signal change";\n'
line 367:163 mismatched input ']' expecting IDENT
line 368:102 token recognition error at: '\'
line 368:155 missing ';' at '.'
line 368:164 token recognition error at: '' = 1 "Specification of delay according to signal change";\n'
line 368:163 mismatched input ']' expecting IDENT
line 369:102 token recognition error at: '\'
line 369:155 missing ';' at '.'
line 369:164 token recognition error at: '' = 1 "Specification of delay according to signal change";\n'
line 369:163 mismatched input ']' expecting IDENT
line 370:102 token recognition error at: '\'
line 370:155 missing ';' at '.'
line 370:164 token recognition error at: '' = 0 "Specification of delay according to signal change";\n'
line 370:163 mismatched input ']' expecting IDENT
line 371:102 token recognition error at: '\'
line 371:155 missing ';' at '.'
line 371:164 token recognition error at: '' = 1 "Specification of delay according to signal change";\n'
line 371:163 mismatched input ']' expecting IDENT
line 372:102 token recognition error at: '\'
line 372:155 missing ';' at '.'
line 372:164 token recognition error at: '' = 1 "Specification of delay according to signal change";\n'
line 372:163 mismatched input ']' expecting IDENT
line 373:102 token recognition error at: '\'
line 373:155 missing ';' at '.'
line 373:164 token recognition error at: '' = 1 "Specification of delay according to signal change";\n'
line 373:163 mismatched input ']' expecting IDENT
line 374:102 token recognition error at: '\'
line 374:155 missing ';' at '.'
line 374:164 token recognition error at: '' = 0 "Specification of delay according to signal change";\n'
line 374:163 mismatched input ']' expecting IDENT
line 375:102 token recognition error at: '\'
line 375:155 missing ';' at '.'
line 375:164 token recognition error at: '' = 1 "Specification of delay according to signal change";\n'
line 375:163 mismatched input ']' expecting IDENT
line 376:102 token recognition error at: '\'
line 376:155 missing ';' at '.'
line 376:164 token recognition error at: '' = 1 "Specification of delay according to signal change";\n'
line 376:163 mismatched input ']' expecting IDENT
line 377:102 token recognition error at: '\'
line 377:155 missing ';' at '.'
line 377:164 token recognition error at: '' = -1 "Specification of delay according to signal change";\n'
line 377:163 mismatched input ']' expecting IDENT
line 378:102 token recognition error at: '\'
line 378:155 missing ';' at '.'
line 378:164 token recognition error at: '' = -1 "Specification of delay according to signal change";\n'
line 378:163 mismatched input ']' expecting IDENT
line 379:102 token recognition error at: '\'
line 379:155 missing ';' at '.'
line 379:164 token recognition error at: '' = -1 "Specification of delay according to signal change";\n'
line 379:163 mismatched input ']' expecting IDENT
line 380:102 token recognition error at: '\'
line 380:155 missing ';' at '.'
line 380:164 token recognition error at: '' = 0 "Specification of delay according to signal change";\n'
line 380:163 mismatched input ']' expecting IDENT
line 381:102 token recognition error at: '\'
line 381:155 missing ';' at '.'
line 381:164 token recognition error at: '' = -1 "Specification of delay according to signal change";\n'
line 381:163 mismatched input ']' expecting IDENT
line 382:102 token recognition error at: '\'
line 382:155 missing ';' at '.'
line 382:164 token recognition error at: '' = -1 "Specification of delay according to signal change";\n'
line 382:163 mismatched input ']' expecting IDENT
line 383:102 token recognition error at: '\'
line 383:155 missing ';' at '.'
line 383:164 token recognition error at: '' = -1 "Specification of delay according to signal change";\n'
line 383:163 mismatched input ']' expecting IDENT
line 384:102 token recognition error at: '\'
line 384:155 missing ';' at '.'
line 384:164 token recognition error at: '' = 0 "Specification of delay according to signal change";\n'
line 384:163 mismatched input ']' expecting IDENT

--- Error ---
Python: BlockingIOError: [Errno 11] write could not complete without blocking
Python stacktrace:
 [1] syntaxError
   @ antlr4.error.ErrorListener ~/work/BaseModelicaLibraryTesting.jl/BaseModelicaLibraryTesting.jl/.CondaPkg/.pixi/envs/default/lib/python3.13/site-packages/antlr4/error/ErrorListener.py:46
 [2] syntaxError
   @ antlr4.error.ErrorListener ~/work/BaseModelicaLibraryTesting.jl/BaseModelicaLibraryTesting.jl/.CondaPkg/.pixi/envs/default/lib/python3.13/site-packages/antlr4/error/ErrorListener.py:60
 [3] notifyListeners
   @ antlr4.Lexer ~/work/BaseModelicaLibraryTesting.jl/BaseModelicaLibraryTesting.jl/.CondaPkg/.pixi/envs/default/lib/python3.13/site-packages/antlr4/Lexer.py:294
 [4] nextToken
   @ antlr4.Lexer ~/work/BaseModelicaLibraryTesting.jl/BaseModelicaLibraryTesting.jl/.CondaPkg/.pixi/envs/default/lib/python3.13/site-packages/antlr4/Lexer.py:139
 [5] fetch
   @ antlr4.BufferedTokenStream ~/work/BaseModelicaLibraryTesting.jl/BaseModelicaLibraryTesting.jl/.CondaPkg/.pixi/envs/default/lib/python3.13/site-packages/antlr4/BufferedTokenStream.py:124
 [6] sync
   @ antlr4.BufferedTokenStream ~/work/BaseModelicaLibraryTesting.jl/BaseModelicaLibraryTesting.jl/.CondaPkg/.pixi/envs/default/lib/python3.13/site-packages/antlr4/BufferedTokenStream.py:112
 [7] consume
   @ antlr4.BufferedTokenStream ~/work/BaseModelicaLibraryTesting.jl/BaseModelicaLibraryTesting.jl/.CondaPkg/.pixi/envs/default/lib/python3.13/site-packages/antlr4/BufferedTokenStream.py:100
 [8] consume
   @ antlr4.Parser ~/work/BaseModelicaLibraryTesting.jl/BaseModelicaLibraryTesting.jl/.CondaPkg/.pixi/envs/default/lib/python3.13/site-packages/antlr4/Parser.py:348
 [9] consumeUntil
   @ antlr4.error.ErrorStrategy ~/work/BaseModelicaLibraryTesting.jl/BaseModelicaLibraryTesting.jl/.CondaPkg/.pixi/envs/default/lib/python3.13/site-packages/antlr4/error/ErrorStrategy.py:654
 [10] recover
   @ antlr4.error.ErrorStrategy ~/work/BaseModelicaLibraryTesting.jl/BaseModelicaLibraryTesting.jl/.CondaPkg/.pixi/envs/default/lib/python3.13/site-packages/antlr4/error/ErrorStrategy.py:157
 [11] declaration
   @ BaseModelicaParser ~/.julia/packages/BaseModelica/G7VqY/src/antlr_generated/BaseModelicaParser.py:2876
 [12] componentDeclaration
   @ BaseModelicaParser ~/.julia/packages/BaseModelica/G7VqY/src/antlr_generated/BaseModelicaParser.py:2798
 [13] componentList
   @ BaseModelicaParser ~/.julia/packages/BaseModelica/G7VqY/src/antlr_generated/BaseModelicaParser.py:2734
 [14] componentClause
   @ BaseModelicaParser ~/.julia/packages/BaseModelica/G7VqY/src/antlr_generated/BaseModelicaParser.py:2537
 [15] normalElement
   @ BaseModelicaParser ~/.julia/packages/BaseModelica/G7VqY/src/antlr_generated/BaseModelicaParser.py:2028
 [16] genericElement
   @ BaseModelicaParser ~/.julia/packages/BaseModelica/G7VqY/src/antlr_generated/BaseModelicaParser.py:1971
 [17] composition
   @ BaseModelicaParser ~/.julia/packages/BaseModelica/G7VqY/src/antlr_generated/BaseModelicaParser.py:1646
 [18] longClassSpecifier
   @ BaseModelicaParser ~/.julia/packages/BaseModelica/G7VqY/src/antlr_generated/BaseModelicaParser.py:1146
 [19] baseModelica
   @ BaseModelicaParser ~/.julia/packages/BaseModelica/G7VqY/src/antlr_generated/BaseModelicaParser.py:786
Stacktrace:
  [1] pythrow()
    @ PythonCall.Core ~/.julia/packages/PythonCall/83z4q/src/Core/err.jl:77
  [2] errcheck
    @ ~/.julia/packages/PythonCall/83z4q/src/Core/err.jl:10 [inlined]
  [3] pycallargs(f::PythonCall.Py)
    @ PythonCall.Core ~/.julia/packages/PythonCall/83z4q/src/Core/builtins.jl:193
  [4] #pycall#26
    @ ~/.julia/packages/PythonCall/83z4q/src/Core/builtins.jl:217 [inlined]
  [5] pycall
    @ ~/.julia/packages/PythonCall/83z4q/src/Core/builtins.jl:203 [inlined]
  [6] Py
    @ ~/.julia/packages/PythonCall/83z4q/src/Core/Py.jl:363 [inlined]
  [7] parse_with_antlr(input::String)
    @ BaseModelica ~/.julia/packages/BaseModelica/G7VqY/src/antlr_parser.jl:130
  [8] parse_file_antlr(file_path::String)
    @ BaseModelica ~/.julia/packages/BaseModelica/G7VqY/src/antlr_parser.jl:1249
  [9] create_odeproblem(filename::String; parser::Symbol, u0::Vector{Any}, kwargs::@Kwargs{})
    @ BaseModelica ~/.julia/packages/BaseModelica/G7VqY/src/BaseModelica.jl:152
 [10] create_odeproblem
    @ ~/.julia/packages/BaseModelica/G7VqY/src/BaseModelica.jl:149 [inlined]
 [11] #run_parse##4
    @ ~/work/BaseModelicaLibraryTesting.jl/BaseModelicaLibraryTesting.jl/src/parse_bm.jl:34 [inlined]
 [12] with_logstate(f::BaseModelicaLibraryTesting.var"#run_parse##4#run_parse##5"{String}, logstate::Base.CoreLogging.LogState)
    @ Base.CoreLogging ./logging/logging.jl:542
 [13] (::Base.RedirectStdStream)(thunk::BaseModelicaLibraryTesting.var"#run_parse##2#run_parse##3"{String, Base.CoreLogging.SimpleLogger}, stream::Pipe)
    @ Base ./stream.jl:1457
 [14] #run_parse##0
    @ ~/work/BaseModelicaLibraryTesting.jl/BaseModelicaLibraryTesting.jl/src/parse_bm.jl:32 [inlined]
 [15] (::Base.RedirectStdStream)(thunk::BaseModelicaLibraryTesting.var"#run_parse##0#run_parse##1"{String, Base.CoreLogging.SimpleLogger, Pipe}, stream::Pipe)
    @ Base ./stream.jl:1464
 [16] run_parse(bm_path::String, model_dir::String, model::String)
    @ BaseModelicaLibraryTesting ~/work/BaseModelicaLibraryTesting.jl/BaseModelicaLibraryTesting.jl/src/parse_bm.jl:31
 [17] test_model(omc::OMJulia.OMCSession, model::String, results_root::String, ref_root::String; csv_max_size_mb::Int64)
    @ BaseModelicaLibraryTesting ~/work/BaseModelicaLibraryTesting.jl/BaseModelicaLibraryTesting.jl/src/pipeline.jl:75
 [18] test_model
    @ ~/work/BaseModelicaLibraryTesting.jl/BaseModelicaLibraryTesting.jl/src/pipeline.jl:60 [inlined]
 [19] main(; library::String, version::String, filter::Nothing, omc_exe::String, results_root::String, ref_root::String, bm_options::String, csv_max_size_mb::Int64)
    @ BaseModelicaLibraryTesting ~/work/BaseModelicaLibraryTesting.jl/BaseModelicaLibraryTesting.jl/src/pipeline.jl:189
 [20] top-level scope
    @ none:3
 [21] eval(m::Module, e::Any)
    @ Core ./boot.jl:489
 [22] exec_options(opts::Base.JLOptions)
    @ Base ./client.jl:283
 [23] _start()
    @ Base ./client.jl:550
